<?xml version="1.0" encoding="UTF-8"?>
<!-- Generated by org.testng.reporters.JUnitXMLReporter -->
<testsuite hostname="DS-38607723D16D" name="DigitalLibraryFunctionalTest" tests="31" failures="19" timestamp="4 Aug 2015 11:38:25 GMT" time="158.288" errors="0">
  <testcase name="testverifyUIOfLoginPage" time="7.736" classname="test.java.LoginPageTest"/>
  <testcase name="testForgetUserNamePasswordLink" time="0.862" classname="test.java.LoginPageTest"/>
  <testcase name="testLogin" time="30.517" classname="test.java.LoginPageTest"/>
  <testcase name="testVerifyUIOfCompleteLibraryPage" time="4.367" classname="test.java.CompleteLibraryTest"/>
  <testcase name="testSearchByContents" time="14.652" classname="test.java.CompleteLibraryTest"/>
  <testcase name="testSearchByContents" time="0.491" classname="test.java.CompleteLibraryTest">
    <failure type="org.openqa.selenium.WebDriverException" message="unknown error: Element is not clickable at point (1264, 77). Other element would receive the click: &amp;lt;div id=&amp;quot;loading-overlay&amp;quot; style=&amp;quot;opacity: 0.5;&amp;quot;&amp;gt;&amp;lt;/div&amp;gt;
  (Session info: chrome=44.0.2403.125)
  (Driver info: chromedriver=2.16.333243 (0bfa1d3575fc1044244f21ddb82bf870944ef961),platform=Windows NT 6.1 SP1 x86_64) (WARNING: The server did not provide any stacktrace information)
Command duration or timeout: 66 milliseconds
Build info: version: &amp;apos;2.46.0&amp;apos;, revision: &amp;apos;61506a4624b13675f24581e453592342b7485d71&amp;apos;, time: &amp;apos;2015-06-04 10:22:50&amp;apos;
System info: host: &amp;apos;DS-38607723D16D&amp;apos;, ip: &amp;apos;10.102.161.11&amp;apos;, os.name: &amp;apos;Windows 7&amp;apos;, os.arch: &amp;apos;amd64&amp;apos;, os.version: &amp;apos;6.1&amp;apos;, java.version: &amp;apos;1.8.0_40&amp;apos;
Driver info: org.openqa.selenium.chrome.ChromeDriver
Capabilities [{applicationCacheEnabled=false, rotatable=false, mobileEmulationEnabled=false, chrome={userDataDir=C:\Users\SACHIN~1.MAT\AppData\Local\Temp\scoped_dir4972_17861}, takesHeapSnapshot=true, databaseEnabled=false, handlesAlerts=true, hasTouchScreen=false, version=44.0.2403.125, platform=XP, browserConnectionEnabled=false, nativeEvents=true, acceptSslCerts=true, locationContextEnabled=true, webStorageEnabled=true, browserName=chrome, takesScreenshot=true, javascriptEnabled=true, cssSelectorsEnabled=true}]
Session ID: 04e5c6bdce252752ef72d3e3fad62885">
      <![CDATA[org.openqa.selenium.WebDriverException: unknown error: Element is not clickable at point (1264, 77). Other element would receive the click: <div id="loading-overlay" style="opacity: 0.5;"></div>
  (Session info: chrome=44.0.2403.125)
  (Driver info: chromedriver=2.16.333243 (0bfa1d3575fc1044244f21ddb82bf870944ef961),platform=Windows NT 6.1 SP1 x86_64) (WARNING: The server did not provide any stacktrace information)
Command duration or timeout: 66 milliseconds
Build info: version: '2.46.0', revision: '61506a4624b13675f24581e453592342b7485d71', time: '2015-06-04 10:22:50'
System info: host: 'DS-38607723D16D', ip: '10.102.161.11', os.name: 'Windows 7', os.arch: 'amd64', os.version: '6.1', java.version: '1.8.0_40'
Driver info: org.openqa.selenium.chrome.ChromeDriver
Capabilities [{applicationCacheEnabled=false, rotatable=false, mobileEmulationEnabled=false, chrome={userDataDir=C:\Users\SACHIN~1.MAT\AppData\Local\Temp\scoped_dir4972_17861}, takesHeapSnapshot=true, databaseEnabled=false, handlesAlerts=true, hasTouchScreen=false, version=44.0.2403.125, platform=XP, browserConnectionEnabled=false, nativeEvents=true, acceptSslCerts=true, locationContextEnabled=true, webStorageEnabled=true, browserName=chrome, takesScreenshot=true, javascriptEnabled=true, cssSelectorsEnabled=true}]
Session ID: 04e5c6bdce252752ef72d3e3fad62885
	at org.openqa.selenium.remote.ErrorHandler.createThrowable(ErrorHandler.java:204)
	at org.openqa.selenium.remote.ErrorHandler.throwIfResponseFailed(ErrorHandler.java:156)
	at org.openqa.selenium.remote.RemoteWebDriver.execute(RemoteWebDriver.java:605)
	at org.openqa.selenium.remote.RemoteWebElement.execute(RemoteWebElement.java:269)
	at org.openqa.selenium.remote.RemoteWebElement.click(RemoteWebElement.java:80)
	at sac.dl.pageObject.CompleteLibraryPage.performSearch(CompleteLibraryPage.java:61)
	at test.java.CompleteLibraryTest.testSearchByContents(CompleteLibraryTest.java:65)
... Removed 31 stack frames]]>
    </failure>
  </testcase> <!-- testSearchByContents -->
  <testcase name="testSearchByContents" time="0.045" classname="test.java.CompleteLibraryTest">
    <failure type="org.openqa.selenium.WebDriverException" message="unknown error: Element is not clickable at point (563, 77). Other element would receive the click: &amp;lt;div id=&amp;quot;loading-overlay&amp;quot; style=&amp;quot;opacity: 0.5;&amp;quot;&amp;gt;&amp;lt;/div&amp;gt;
  (Session info: chrome=44.0.2403.125)
  (Driver info: chromedriver=2.16.333243 (0bfa1d3575fc1044244f21ddb82bf870944ef961),platform=Windows NT 6.1 SP1 x86_64) (WARNING: The server did not provide any stacktrace information)
Command duration or timeout: 29 milliseconds
Build info: version: &amp;apos;2.46.0&amp;apos;, revision: &amp;apos;61506a4624b13675f24581e453592342b7485d71&amp;apos;, time: &amp;apos;2015-06-04 10:22:50&amp;apos;
System info: host: &amp;apos;DS-38607723D16D&amp;apos;, ip: &amp;apos;10.102.161.11&amp;apos;, os.name: &amp;apos;Windows 7&amp;apos;, os.arch: &amp;apos;amd64&amp;apos;, os.version: &amp;apos;6.1&amp;apos;, java.version: &amp;apos;1.8.0_40&amp;apos;
Driver info: org.openqa.selenium.chrome.ChromeDriver
Capabilities [{applicationCacheEnabled=false, rotatable=false, mobileEmulationEnabled=false, chrome={userDataDir=C:\Users\SACHIN~1.MAT\AppData\Local\Temp\scoped_dir4972_17861}, takesHeapSnapshot=true, databaseEnabled=false, handlesAlerts=true, hasTouchScreen=false, version=44.0.2403.125, platform=XP, browserConnectionEnabled=false, nativeEvents=true, acceptSslCerts=true, locationContextEnabled=true, webStorageEnabled=true, browserName=chrome, takesScreenshot=true, javascriptEnabled=true, cssSelectorsEnabled=true}]
Session ID: 04e5c6bdce252752ef72d3e3fad62885">
      <![CDATA[org.openqa.selenium.WebDriverException: unknown error: Element is not clickable at point (563, 77). Other element would receive the click: <div id="loading-overlay" style="opacity: 0.5;"></div>
  (Session info: chrome=44.0.2403.125)
  (Driver info: chromedriver=2.16.333243 (0bfa1d3575fc1044244f21ddb82bf870944ef961),platform=Windows NT 6.1 SP1 x86_64) (WARNING: The server did not provide any stacktrace information)
Command duration or timeout: 29 milliseconds
Build info: version: '2.46.0', revision: '61506a4624b13675f24581e453592342b7485d71', time: '2015-06-04 10:22:50'
System info: host: 'DS-38607723D16D', ip: '10.102.161.11', os.name: 'Windows 7', os.arch: 'amd64', os.version: '6.1', java.version: '1.8.0_40'
Driver info: org.openqa.selenium.chrome.ChromeDriver
Capabilities [{applicationCacheEnabled=false, rotatable=false, mobileEmulationEnabled=false, chrome={userDataDir=C:\Users\SACHIN~1.MAT\AppData\Local\Temp\scoped_dir4972_17861}, takesHeapSnapshot=true, databaseEnabled=false, handlesAlerts=true, hasTouchScreen=false, version=44.0.2403.125, platform=XP, browserConnectionEnabled=false, nativeEvents=true, acceptSslCerts=true, locationContextEnabled=true, webStorageEnabled=true, browserName=chrome, takesScreenshot=true, javascriptEnabled=true, cssSelectorsEnabled=true}]
Session ID: 04e5c6bdce252752ef72d3e3fad62885
	at org.openqa.selenium.remote.ErrorHandler.createThrowable(ErrorHandler.java:204)
	at org.openqa.selenium.remote.ErrorHandler.throwIfResponseFailed(ErrorHandler.java:156)
	at org.openqa.selenium.remote.RemoteWebDriver.execute(RemoteWebDriver.java:605)
	at org.openqa.selenium.remote.RemoteWebElement.execute(RemoteWebElement.java:269)
	at org.openqa.selenium.remote.RemoteWebElement.click(RemoteWebElement.java:80)
	at sac.dl.pageObject.CompleteLibraryPage.performSearch(CompleteLibraryPage.java:35)
	at test.java.CompleteLibraryTest.testSearchByContents(CompleteLibraryTest.java:65)
... Removed 31 stack frames]]>
    </failure>
  </testcase> <!-- testSearchByContents -->
  <testcase name="testverifyAlleTextPagesStack" time="2.136" classname="test.java.SearchResultsTest"/>
  <testcase name="testSearchByeText" time="2.562" classname="test.java.CompleteLibraryTest"/>
  <testcase name="testSearchByeText" time="2.244" classname="test.java.CompleteLibraryTest"/>
  <testcase name="testSearchByeText" time="2.386" classname="test.java.CompleteLibraryTest"/>
  <testcase name="testverifyAlleTextStack" time="0.1" classname="test.java.SearchResultsTest"/>
  <testcase name="testSearchMyNotes" time="1.189" classname="test.java.CompleteLibraryTest">
    <failure type="org.openqa.selenium.WebDriverException" message="unknown error: Element is not clickable at point (1264, 77). Other element would receive the click: &amp;lt;div id=&amp;quot;loading-overlay&amp;quot; style=&amp;quot;opacity: 0.5;&amp;quot;&amp;gt;&amp;lt;/div&amp;gt;
  (Session info: chrome=44.0.2403.125)
  (Driver info: chromedriver=2.16.333243 (0bfa1d3575fc1044244f21ddb82bf870944ef961),platform=Windows NT 6.1 SP1 x86_64) (WARNING: The server did not provide any stacktrace information)
Command duration or timeout: 24 milliseconds
Build info: version: &amp;apos;2.46.0&amp;apos;, revision: &amp;apos;61506a4624b13675f24581e453592342b7485d71&amp;apos;, time: &amp;apos;2015-06-04 10:22:50&amp;apos;
System info: host: &amp;apos;DS-38607723D16D&amp;apos;, ip: &amp;apos;10.102.161.11&amp;apos;, os.name: &amp;apos;Windows 7&amp;apos;, os.arch: &amp;apos;amd64&amp;apos;, os.version: &amp;apos;6.1&amp;apos;, java.version: &amp;apos;1.8.0_40&amp;apos;
Driver info: org.openqa.selenium.chrome.ChromeDriver
Capabilities [{applicationCacheEnabled=false, rotatable=false, mobileEmulationEnabled=false, chrome={userDataDir=C:\Users\SACHIN~1.MAT\AppData\Local\Temp\scoped_dir4972_17861}, takesHeapSnapshot=true, databaseEnabled=false, handlesAlerts=true, hasTouchScreen=false, version=44.0.2403.125, platform=XP, browserConnectionEnabled=false, nativeEvents=true, acceptSslCerts=true, locationContextEnabled=true, webStorageEnabled=true, browserName=chrome, takesScreenshot=true, javascriptEnabled=true, cssSelectorsEnabled=true}]
Session ID: 04e5c6bdce252752ef72d3e3fad62885">
      <![CDATA[org.openqa.selenium.WebDriverException: unknown error: Element is not clickable at point (1264, 77). Other element would receive the click: <div id="loading-overlay" style="opacity: 0.5;"></div>
  (Session info: chrome=44.0.2403.125)
  (Driver info: chromedriver=2.16.333243 (0bfa1d3575fc1044244f21ddb82bf870944ef961),platform=Windows NT 6.1 SP1 x86_64) (WARNING: The server did not provide any stacktrace information)
Command duration or timeout: 24 milliseconds
Build info: version: '2.46.0', revision: '61506a4624b13675f24581e453592342b7485d71', time: '2015-06-04 10:22:50'
System info: host: 'DS-38607723D16D', ip: '10.102.161.11', os.name: 'Windows 7', os.arch: 'amd64', os.version: '6.1', java.version: '1.8.0_40'
Driver info: org.openqa.selenium.chrome.ChromeDriver
Capabilities [{applicationCacheEnabled=false, rotatable=false, mobileEmulationEnabled=false, chrome={userDataDir=C:\Users\SACHIN~1.MAT\AppData\Local\Temp\scoped_dir4972_17861}, takesHeapSnapshot=true, databaseEnabled=false, handlesAlerts=true, hasTouchScreen=false, version=44.0.2403.125, platform=XP, browserConnectionEnabled=false, nativeEvents=true, acceptSslCerts=true, locationContextEnabled=true, webStorageEnabled=true, browserName=chrome, takesScreenshot=true, javascriptEnabled=true, cssSelectorsEnabled=true}]
Session ID: 04e5c6bdce252752ef72d3e3fad62885
	at org.openqa.selenium.remote.ErrorHandler.createThrowable(ErrorHandler.java:204)
	at org.openqa.selenium.remote.ErrorHandler.throwIfResponseFailed(ErrorHandler.java:156)
	at org.openqa.selenium.remote.RemoteWebDriver.execute(RemoteWebDriver.java:605)
	at org.openqa.selenium.remote.RemoteWebElement.execute(RemoteWebElement.java:269)
	at org.openqa.selenium.remote.RemoteWebElement.click(RemoteWebElement.java:80)
	at sac.dl.pageObject.CompleteLibraryPage.performSearch(CompleteLibraryPage.java:61)
	at test.java.CompleteLibraryTest.testSearchMyNotes(CompleteLibraryTest.java:101)
... Removed 31 stack frames]]>
    </failure>
  </testcase> <!-- testSearchMyNotes -->
  <testcase name="testSearchMyNotes" time="0.069" classname="test.java.CompleteLibraryTest">
    <failure type="org.openqa.selenium.WebDriverException" message="unknown error: Element is not clickable at point (557, 77). Other element would receive the click: &amp;lt;div id=&amp;quot;loading-overlay&amp;quot; style=&amp;quot;opacity: 0.5;&amp;quot;&amp;gt;&amp;lt;/div&amp;gt;
  (Session info: chrome=44.0.2403.125)
  (Driver info: chromedriver=2.16.333243 (0bfa1d3575fc1044244f21ddb82bf870944ef961),platform=Windows NT 6.1 SP1 x86_64) (WARNING: The server did not provide any stacktrace information)
Command duration or timeout: 37 milliseconds
Build info: version: &amp;apos;2.46.0&amp;apos;, revision: &amp;apos;61506a4624b13675f24581e453592342b7485d71&amp;apos;, time: &amp;apos;2015-06-04 10:22:50&amp;apos;
System info: host: &amp;apos;DS-38607723D16D&amp;apos;, ip: &amp;apos;10.102.161.11&amp;apos;, os.name: &amp;apos;Windows 7&amp;apos;, os.arch: &amp;apos;amd64&amp;apos;, os.version: &amp;apos;6.1&amp;apos;, java.version: &amp;apos;1.8.0_40&amp;apos;
Driver info: org.openqa.selenium.chrome.ChromeDriver
Capabilities [{applicationCacheEnabled=false, rotatable=false, mobileEmulationEnabled=false, chrome={userDataDir=C:\Users\SACHIN~1.MAT\AppData\Local\Temp\scoped_dir4972_17861}, takesHeapSnapshot=true, databaseEnabled=false, handlesAlerts=true, hasTouchScreen=false, version=44.0.2403.125, platform=XP, browserConnectionEnabled=false, nativeEvents=true, acceptSslCerts=true, locationContextEnabled=true, webStorageEnabled=true, browserName=chrome, takesScreenshot=true, javascriptEnabled=true, cssSelectorsEnabled=true}]
Session ID: 04e5c6bdce252752ef72d3e3fad62885">
      <![CDATA[org.openqa.selenium.WebDriverException: unknown error: Element is not clickable at point (557, 77). Other element would receive the click: <div id="loading-overlay" style="opacity: 0.5;"></div>
  (Session info: chrome=44.0.2403.125)
  (Driver info: chromedriver=2.16.333243 (0bfa1d3575fc1044244f21ddb82bf870944ef961),platform=Windows NT 6.1 SP1 x86_64) (WARNING: The server did not provide any stacktrace information)
Command duration or timeout: 37 milliseconds
Build info: version: '2.46.0', revision: '61506a4624b13675f24581e453592342b7485d71', time: '2015-06-04 10:22:50'
System info: host: 'DS-38607723D16D', ip: '10.102.161.11', os.name: 'Windows 7', os.arch: 'amd64', os.version: '6.1', java.version: '1.8.0_40'
Driver info: org.openqa.selenium.chrome.ChromeDriver
Capabilities [{applicationCacheEnabled=false, rotatable=false, mobileEmulationEnabled=false, chrome={userDataDir=C:\Users\SACHIN~1.MAT\AppData\Local\Temp\scoped_dir4972_17861}, takesHeapSnapshot=true, databaseEnabled=false, handlesAlerts=true, hasTouchScreen=false, version=44.0.2403.125, platform=XP, browserConnectionEnabled=false, nativeEvents=true, acceptSslCerts=true, locationContextEnabled=true, webStorageEnabled=true, browserName=chrome, takesScreenshot=true, javascriptEnabled=true, cssSelectorsEnabled=true}]
Session ID: 04e5c6bdce252752ef72d3e3fad62885
	at org.openqa.selenium.remote.ErrorHandler.createThrowable(ErrorHandler.java:204)
	at org.openqa.selenium.remote.ErrorHandler.throwIfResponseFailed(ErrorHandler.java:156)
	at org.openqa.selenium.remote.RemoteWebDriver.execute(RemoteWebDriver.java:605)
	at org.openqa.selenium.remote.RemoteWebElement.execute(RemoteWebElement.java:269)
	at org.openqa.selenium.remote.RemoteWebElement.click(RemoteWebElement.java:80)
	at sac.dl.pageObject.CompleteLibraryPage.performSearch(CompleteLibraryPage.java:35)
	at test.java.CompleteLibraryTest.testSearchMyNotes(CompleteLibraryTest.java:101)
... Removed 31 stack frames]]>
    </failure>
  </testcase> <!-- testSearchMyNotes -->
  <testcase name="testSearchMyNotes" time="0.046" classname="test.java.CompleteLibraryTest">
    <failure type="org.openqa.selenium.WebDriverException" message="unknown error: Element is not clickable at point (557, 77). Other element would receive the click: &amp;lt;div id=&amp;quot;loading-overlay&amp;quot; style=&amp;quot;opacity: 0.5;&amp;quot;&amp;gt;&amp;lt;/div&amp;gt;
  (Session info: chrome=44.0.2403.125)
  (Driver info: chromedriver=2.16.333243 (0bfa1d3575fc1044244f21ddb82bf870944ef961),platform=Windows NT 6.1 SP1 x86_64) (WARNING: The server did not provide any stacktrace information)
Command duration or timeout: 26 milliseconds
Build info: version: &amp;apos;2.46.0&amp;apos;, revision: &amp;apos;61506a4624b13675f24581e453592342b7485d71&amp;apos;, time: &amp;apos;2015-06-04 10:22:50&amp;apos;
System info: host: &amp;apos;DS-38607723D16D&amp;apos;, ip: &amp;apos;10.102.161.11&amp;apos;, os.name: &amp;apos;Windows 7&amp;apos;, os.arch: &amp;apos;amd64&amp;apos;, os.version: &amp;apos;6.1&amp;apos;, java.version: &amp;apos;1.8.0_40&amp;apos;
Driver info: org.openqa.selenium.chrome.ChromeDriver
Capabilities [{applicationCacheEnabled=false, rotatable=false, mobileEmulationEnabled=false, chrome={userDataDir=C:\Users\SACHIN~1.MAT\AppData\Local\Temp\scoped_dir4972_17861}, takesHeapSnapshot=true, databaseEnabled=false, handlesAlerts=true, hasTouchScreen=false, version=44.0.2403.125, platform=XP, browserConnectionEnabled=false, nativeEvents=true, acceptSslCerts=true, locationContextEnabled=true, webStorageEnabled=true, browserName=chrome, takesScreenshot=true, javascriptEnabled=true, cssSelectorsEnabled=true}]
Session ID: 04e5c6bdce252752ef72d3e3fad62885">
      <![CDATA[org.openqa.selenium.WebDriverException: unknown error: Element is not clickable at point (557, 77). Other element would receive the click: <div id="loading-overlay" style="opacity: 0.5;"></div>
  (Session info: chrome=44.0.2403.125)
  (Driver info: chromedriver=2.16.333243 (0bfa1d3575fc1044244f21ddb82bf870944ef961),platform=Windows NT 6.1 SP1 x86_64) (WARNING: The server did not provide any stacktrace information)
Command duration or timeout: 26 milliseconds
Build info: version: '2.46.0', revision: '61506a4624b13675f24581e453592342b7485d71', time: '2015-06-04 10:22:50'
System info: host: 'DS-38607723D16D', ip: '10.102.161.11', os.name: 'Windows 7', os.arch: 'amd64', os.version: '6.1', java.version: '1.8.0_40'
Driver info: org.openqa.selenium.chrome.ChromeDriver
Capabilities [{applicationCacheEnabled=false, rotatable=false, mobileEmulationEnabled=false, chrome={userDataDir=C:\Users\SACHIN~1.MAT\AppData\Local\Temp\scoped_dir4972_17861}, takesHeapSnapshot=true, databaseEnabled=false, handlesAlerts=true, hasTouchScreen=false, version=44.0.2403.125, platform=XP, browserConnectionEnabled=false, nativeEvents=true, acceptSslCerts=true, locationContextEnabled=true, webStorageEnabled=true, browserName=chrome, takesScreenshot=true, javascriptEnabled=true, cssSelectorsEnabled=true}]
Session ID: 04e5c6bdce252752ef72d3e3fad62885
	at org.openqa.selenium.remote.ErrorHandler.createThrowable(ErrorHandler.java:204)
	at org.openqa.selenium.remote.ErrorHandler.throwIfResponseFailed(ErrorHandler.java:156)
	at org.openqa.selenium.remote.RemoteWebDriver.execute(RemoteWebDriver.java:605)
	at org.openqa.selenium.remote.RemoteWebElement.execute(RemoteWebElement.java:269)
	at org.openqa.selenium.remote.RemoteWebElement.click(RemoteWebElement.java:80)
	at sac.dl.pageObject.CompleteLibraryPage.performSearch(CompleteLibraryPage.java:35)
	at test.java.CompleteLibraryTest.testSearchMyNotes(CompleteLibraryTest.java:101)
... Removed 31 stack frames]]>
    </failure>
  </testcase> <!-- testSearchMyNotes -->
  <testcase name="testverifyAlleTextNotesStack" time="4.466" classname="test.java.SearchResultsTest"/>
  <testcase name="testNavigateToSavedSearchesPage" time="0.075" classname="test.java.SavedSearchesTest">
    <failure type="org.openqa.selenium.WebDriverException" message="unknown error: Element is not clickable at point (217, 85). Other element would receive the click: &amp;lt;div id=&amp;quot;loading-overlay&amp;quot; style=&amp;quot;opacity: 0.5;&amp;quot;&amp;gt;&amp;lt;/div&amp;gt;
  (Session info: chrome=44.0.2403.125)
  (Driver info: chromedriver=2.16.333243 (0bfa1d3575fc1044244f21ddb82bf870944ef961),platform=Windows NT 6.1 SP1 x86_64) (WARNING: The server did not provide any stacktrace information)
Command duration or timeout: 49 milliseconds
Build info: version: &amp;apos;2.46.0&amp;apos;, revision: &amp;apos;61506a4624b13675f24581e453592342b7485d71&amp;apos;, time: &amp;apos;2015-06-04 10:22:50&amp;apos;
System info: host: &amp;apos;DS-38607723D16D&amp;apos;, ip: &amp;apos;10.102.161.11&amp;apos;, os.name: &amp;apos;Windows 7&amp;apos;, os.arch: &amp;apos;amd64&amp;apos;, os.version: &amp;apos;6.1&amp;apos;, java.version: &amp;apos;1.8.0_40&amp;apos;
Driver info: org.openqa.selenium.chrome.ChromeDriver
Capabilities [{applicationCacheEnabled=false, rotatable=false, mobileEmulationEnabled=false, chrome={userDataDir=C:\Users\SACHIN~1.MAT\AppData\Local\Temp\scoped_dir4972_17861}, takesHeapSnapshot=true, databaseEnabled=false, handlesAlerts=true, hasTouchScreen=false, version=44.0.2403.125, platform=XP, browserConnectionEnabled=false, nativeEvents=true, acceptSslCerts=true, locationContextEnabled=true, webStorageEnabled=true, browserName=chrome, takesScreenshot=true, javascriptEnabled=true, cssSelectorsEnabled=true}]
Session ID: 04e5c6bdce252752ef72d3e3fad62885">
      <![CDATA[org.openqa.selenium.WebDriverException: unknown error: Element is not clickable at point (217, 85). Other element would receive the click: <div id="loading-overlay" style="opacity: 0.5;"></div>
  (Session info: chrome=44.0.2403.125)
  (Driver info: chromedriver=2.16.333243 (0bfa1d3575fc1044244f21ddb82bf870944ef961),platform=Windows NT 6.1 SP1 x86_64) (WARNING: The server did not provide any stacktrace information)
Command duration or timeout: 49 milliseconds
Build info: version: '2.46.0', revision: '61506a4624b13675f24581e453592342b7485d71', time: '2015-06-04 10:22:50'
System info: host: 'DS-38607723D16D', ip: '10.102.161.11', os.name: 'Windows 7', os.arch: 'amd64', os.version: '6.1', java.version: '1.8.0_40'
Driver info: org.openqa.selenium.chrome.ChromeDriver
Capabilities [{applicationCacheEnabled=false, rotatable=false, mobileEmulationEnabled=false, chrome={userDataDir=C:\Users\SACHIN~1.MAT\AppData\Local\Temp\scoped_dir4972_17861}, takesHeapSnapshot=true, databaseEnabled=false, handlesAlerts=true, hasTouchScreen=false, version=44.0.2403.125, platform=XP, browserConnectionEnabled=false, nativeEvents=true, acceptSslCerts=true, locationContextEnabled=true, webStorageEnabled=true, browserName=chrome, takesScreenshot=true, javascriptEnabled=true, cssSelectorsEnabled=true}]
Session ID: 04e5c6bdce252752ef72d3e3fad62885
	at org.openqa.selenium.remote.ErrorHandler.createThrowable(ErrorHandler.java:204)
	at org.openqa.selenium.remote.ErrorHandler.throwIfResponseFailed(ErrorHandler.java:156)
	at org.openqa.selenium.remote.RemoteWebDriver.execute(RemoteWebDriver.java:605)
	at org.openqa.selenium.remote.RemoteWebElement.execute(RemoteWebElement.java:269)
	at org.openqa.selenium.remote.RemoteWebElement.click(RemoteWebElement.java:80)
	at sac.dl.pageObject.SavedSearchesPage.navigateToSavedSearchesPages(SavedSearchesPage.java:28)
	at test.java.SavedSearchesTest.testNavigateToSavedSearchesPage(SavedSearchesTest.java:44)
... Removed 31 stack frames]]>
    </failure>
  </testcase> <!-- testNavigateToSavedSearchesPage -->
  <testcase name="testClickOnSavedContentSearchTerm" time="5.026" classname="test.java.SavedSearchesTest">
    <failure type="org.openqa.selenium.NoSuchElementException" message="no such element
  (Session info: chrome=44.0.2403.125)
  (Driver info: chromedriver=2.16.333243 (0bfa1d3575fc1044244f21ddb82bf870944ef961),platform=Windows NT 6.1 SP1 x86_64) (WARNING: The server did not provide any stacktrace information)
Command duration or timeout: 5.02 seconds
For documentation on this error, please visit: http://seleniumhq.org/exceptions/no_such_element.html
Build info: version: &amp;apos;2.46.0&amp;apos;, revision: &amp;apos;61506a4624b13675f24581e453592342b7485d71&amp;apos;, time: &amp;apos;2015-06-04 10:22:50&amp;apos;
System info: host: &amp;apos;DS-38607723D16D&amp;apos;, ip: &amp;apos;10.102.161.11&amp;apos;, os.name: &amp;apos;Windows 7&amp;apos;, os.arch: &amp;apos;amd64&amp;apos;, os.version: &amp;apos;6.1&amp;apos;, java.version: &amp;apos;1.8.0_40&amp;apos;
Driver info: org.openqa.selenium.chrome.ChromeDriver
Capabilities [{applicationCacheEnabled=false, rotatable=false, mobileEmulationEnabled=false, chrome={userDataDir=C:\Users\SACHIN~1.MAT\AppData\Local\Temp\scoped_dir4972_17861}, takesHeapSnapshot=true, databaseEnabled=false, handlesAlerts=true, hasTouchScreen=false, version=44.0.2403.125, platform=XP, browserConnectionEnabled=false, nativeEvents=true, acceptSslCerts=true, locationContextEnabled=true, webStorageEnabled=true, browserName=chrome, takesScreenshot=true, javascriptEnabled=true, cssSelectorsEnabled=true}]
Session ID: 04e5c6bdce252752ef72d3e3fad62885
*** Element info: {Using=xpath, value=//div[@id=&amp;apos;searchForContentSavedSearch&amp;apos;]/ul/descendant::a[contains(.,&amp;apos;development&amp;apos;)]}">
      <![CDATA[org.openqa.selenium.NoSuchElementException: no such element
  (Session info: chrome=44.0.2403.125)
  (Driver info: chromedriver=2.16.333243 (0bfa1d3575fc1044244f21ddb82bf870944ef961),platform=Windows NT 6.1 SP1 x86_64) (WARNING: The server did not provide any stacktrace information)
Command duration or timeout: 5.02 seconds
For documentation on this error, please visit: http://seleniumhq.org/exceptions/no_such_element.html
Build info: version: '2.46.0', revision: '61506a4624b13675f24581e453592342b7485d71', time: '2015-06-04 10:22:50'
System info: host: 'DS-38607723D16D', ip: '10.102.161.11', os.name: 'Windows 7', os.arch: 'amd64', os.version: '6.1', java.version: '1.8.0_40'
Driver info: org.openqa.selenium.chrome.ChromeDriver
Capabilities [{applicationCacheEnabled=false, rotatable=false, mobileEmulationEnabled=false, chrome={userDataDir=C:\Users\SACHIN~1.MAT\AppData\Local\Temp\scoped_dir4972_17861}, takesHeapSnapshot=true, databaseEnabled=false, handlesAlerts=true, hasTouchScreen=false, version=44.0.2403.125, platform=XP, browserConnectionEnabled=false, nativeEvents=true, acceptSslCerts=true, locationContextEnabled=true, webStorageEnabled=true, browserName=chrome, takesScreenshot=true, javascriptEnabled=true, cssSelectorsEnabled=true}]
Session ID: 04e5c6bdce252752ef72d3e3fad62885
*** Element info: {Using=xpath, value=//div[@id='searchForContentSavedSearch']/ul/descendant::a[contains(.,'development')]}
	at org.openqa.selenium.remote.ErrorHandler.createThrowable(ErrorHandler.java:204)
	at org.openqa.selenium.remote.ErrorHandler.throwIfResponseFailed(ErrorHandler.java:156)
	at org.openqa.selenium.remote.RemoteWebDriver.execute(RemoteWebDriver.java:605)
	at org.openqa.selenium.remote.RemoteWebDriver.findElement(RemoteWebDriver.java:358)
	at org.openqa.selenium.remote.RemoteWebDriver.findElementByXPath(RemoteWebDriver.java:455)
	at org.openqa.selenium.By$ByXPath.findElement(By.java:358)
	at org.openqa.selenium.remote.RemoteWebDriver.findElement(RemoteWebDriver.java:350)
	at sac.dl.pageObject.SavedSearchesPage.clickOnSavedSearchTerm(SavedSearchesPage.java:53)
	at test.java.SavedSearchesTest.testClickOnSavedContentSearchTerm(SavedSearchesTest.java:52)
... Removed 31 stack frames]]>
    </failure>
  </testcase> <!-- testClickOnSavedContentSearchTerm -->
  <testcase name="testClickOnSavedeTextSearchTerm" time="5.02" classname="test.java.SavedSearchesTest">
    <failure type="org.openqa.selenium.NoSuchElementException" message="no such element
  (Session info: chrome=44.0.2403.125)
  (Driver info: chromedriver=2.16.333243 (0bfa1d3575fc1044244f21ddb82bf870944ef961),platform=Windows NT 6.1 SP1 x86_64) (WARNING: The server did not provide any stacktrace information)
Command duration or timeout: 5.02 seconds
For documentation on this error, please visit: http://seleniumhq.org/exceptions/no_such_element.html
Build info: version: &amp;apos;2.46.0&amp;apos;, revision: &amp;apos;61506a4624b13675f24581e453592342b7485d71&amp;apos;, time: &amp;apos;2015-06-04 10:22:50&amp;apos;
System info: host: &amp;apos;DS-38607723D16D&amp;apos;, ip: &amp;apos;10.102.161.11&amp;apos;, os.name: &amp;apos;Windows 7&amp;apos;, os.arch: &amp;apos;amd64&amp;apos;, os.version: &amp;apos;6.1&amp;apos;, java.version: &amp;apos;1.8.0_40&amp;apos;
Driver info: org.openqa.selenium.chrome.ChromeDriver
Capabilities [{applicationCacheEnabled=false, rotatable=false, mobileEmulationEnabled=false, chrome={userDataDir=C:\Users\SACHIN~1.MAT\AppData\Local\Temp\scoped_dir4972_17861}, takesHeapSnapshot=true, databaseEnabled=false, handlesAlerts=true, hasTouchScreen=false, version=44.0.2403.125, platform=XP, browserConnectionEnabled=false, nativeEvents=true, acceptSslCerts=true, locationContextEnabled=true, webStorageEnabled=true, browserName=chrome, takesScreenshot=true, javascriptEnabled=true, cssSelectorsEnabled=true}]
Session ID: 04e5c6bdce252752ef72d3e3fad62885
*** Element info: {Using=xpath, value=//div[@id=&amp;apos;searchForBookSavedSearch&amp;apos;]/ul/descendant::a[contains(.,&amp;apos;Counseling&amp;apos;)]}">
      <![CDATA[org.openqa.selenium.NoSuchElementException: no such element
  (Session info: chrome=44.0.2403.125)
  (Driver info: chromedriver=2.16.333243 (0bfa1d3575fc1044244f21ddb82bf870944ef961),platform=Windows NT 6.1 SP1 x86_64) (WARNING: The server did not provide any stacktrace information)
Command duration or timeout: 5.02 seconds
For documentation on this error, please visit: http://seleniumhq.org/exceptions/no_such_element.html
Build info: version: '2.46.0', revision: '61506a4624b13675f24581e453592342b7485d71', time: '2015-06-04 10:22:50'
System info: host: 'DS-38607723D16D', ip: '10.102.161.11', os.name: 'Windows 7', os.arch: 'amd64', os.version: '6.1', java.version: '1.8.0_40'
Driver info: org.openqa.selenium.chrome.ChromeDriver
Capabilities [{applicationCacheEnabled=false, rotatable=false, mobileEmulationEnabled=false, chrome={userDataDir=C:\Users\SACHIN~1.MAT\AppData\Local\Temp\scoped_dir4972_17861}, takesHeapSnapshot=true, databaseEnabled=false, handlesAlerts=true, hasTouchScreen=false, version=44.0.2403.125, platform=XP, browserConnectionEnabled=false, nativeEvents=true, acceptSslCerts=true, locationContextEnabled=true, webStorageEnabled=true, browserName=chrome, takesScreenshot=true, javascriptEnabled=true, cssSelectorsEnabled=true}]
Session ID: 04e5c6bdce252752ef72d3e3fad62885
*** Element info: {Using=xpath, value=//div[@id='searchForBookSavedSearch']/ul/descendant::a[contains(.,'Counseling')]}
	at org.openqa.selenium.remote.ErrorHandler.createThrowable(ErrorHandler.java:204)
	at org.openqa.selenium.remote.ErrorHandler.throwIfResponseFailed(ErrorHandler.java:156)
	at org.openqa.selenium.remote.RemoteWebDriver.execute(RemoteWebDriver.java:605)
	at org.openqa.selenium.remote.RemoteWebDriver.findElement(RemoteWebDriver.java:358)
	at org.openqa.selenium.remote.RemoteWebDriver.findElementByXPath(RemoteWebDriver.java:455)
	at org.openqa.selenium.By$ByXPath.findElement(By.java:358)
	at org.openqa.selenium.remote.RemoteWebDriver.findElement(RemoteWebDriver.java:350)
	at sac.dl.pageObject.SavedSearchesPage.clickOnSavedSearchTerm(SavedSearchesPage.java:53)
	at test.java.SavedSearchesTest.testClickOnSavedeTextSearchTerm(SavedSearchesTest.java:60)
... Removed 31 stack frames]]>
    </failure>
  </testcase> <!-- testClickOnSavedeTextSearchTerm -->
  <testcase name="testClickOnSavedNoteSearchTerm" time="5.063" classname="test.java.SavedSearchesTest">
    <failure type="org.openqa.selenium.NoSuchElementException" message="no such element
  (Session info: chrome=44.0.2403.125)
  (Driver info: chromedriver=2.16.333243 (0bfa1d3575fc1044244f21ddb82bf870944ef961),platform=Windows NT 6.1 SP1 x86_64) (WARNING: The server did not provide any stacktrace information)
Command duration or timeout: 5.06 seconds
For documentation on this error, please visit: http://seleniumhq.org/exceptions/no_such_element.html
Build info: version: &amp;apos;2.46.0&amp;apos;, revision: &amp;apos;61506a4624b13675f24581e453592342b7485d71&amp;apos;, time: &amp;apos;2015-06-04 10:22:50&amp;apos;
System info: host: &amp;apos;DS-38607723D16D&amp;apos;, ip: &amp;apos;10.102.161.11&amp;apos;, os.name: &amp;apos;Windows 7&amp;apos;, os.arch: &amp;apos;amd64&amp;apos;, os.version: &amp;apos;6.1&amp;apos;, java.version: &amp;apos;1.8.0_40&amp;apos;
Driver info: org.openqa.selenium.chrome.ChromeDriver
Capabilities [{applicationCacheEnabled=false, rotatable=false, mobileEmulationEnabled=false, chrome={userDataDir=C:\Users\SACHIN~1.MAT\AppData\Local\Temp\scoped_dir4972_17861}, takesHeapSnapshot=true, databaseEnabled=false, handlesAlerts=true, hasTouchScreen=false, version=44.0.2403.125, platform=XP, browserConnectionEnabled=false, nativeEvents=true, acceptSslCerts=true, locationContextEnabled=true, webStorageEnabled=true, browserName=chrome, takesScreenshot=true, javascriptEnabled=true, cssSelectorsEnabled=true}]
Session ID: 04e5c6bdce252752ef72d3e3fad62885
*** Element info: {Using=xpath, value=//div[@id=&amp;apos;personalJournalSavedSearch&amp;apos;]/ul/descendant::a[contains(.,&amp;apos;Note&amp;apos;)]}">
      <![CDATA[org.openqa.selenium.NoSuchElementException: no such element
  (Session info: chrome=44.0.2403.125)
  (Driver info: chromedriver=2.16.333243 (0bfa1d3575fc1044244f21ddb82bf870944ef961),platform=Windows NT 6.1 SP1 x86_64) (WARNING: The server did not provide any stacktrace information)
Command duration or timeout: 5.06 seconds
For documentation on this error, please visit: http://seleniumhq.org/exceptions/no_such_element.html
Build info: version: '2.46.0', revision: '61506a4624b13675f24581e453592342b7485d71', time: '2015-06-04 10:22:50'
System info: host: 'DS-38607723D16D', ip: '10.102.161.11', os.name: 'Windows 7', os.arch: 'amd64', os.version: '6.1', java.version: '1.8.0_40'
Driver info: org.openqa.selenium.chrome.ChromeDriver
Capabilities [{applicationCacheEnabled=false, rotatable=false, mobileEmulationEnabled=false, chrome={userDataDir=C:\Users\SACHIN~1.MAT\AppData\Local\Temp\scoped_dir4972_17861}, takesHeapSnapshot=true, databaseEnabled=false, handlesAlerts=true, hasTouchScreen=false, version=44.0.2403.125, platform=XP, browserConnectionEnabled=false, nativeEvents=true, acceptSslCerts=true, locationContextEnabled=true, webStorageEnabled=true, browserName=chrome, takesScreenshot=true, javascriptEnabled=true, cssSelectorsEnabled=true}]
Session ID: 04e5c6bdce252752ef72d3e3fad62885
*** Element info: {Using=xpath, value=//div[@id='personalJournalSavedSearch']/ul/descendant::a[contains(.,'Note')]}
	at org.openqa.selenium.remote.ErrorHandler.createThrowable(ErrorHandler.java:204)
	at org.openqa.selenium.remote.ErrorHandler.throwIfResponseFailed(ErrorHandler.java:156)
	at org.openqa.selenium.remote.RemoteWebDriver.execute(RemoteWebDriver.java:605)
	at org.openqa.selenium.remote.RemoteWebDriver.findElement(RemoteWebDriver.java:358)
	at org.openqa.selenium.remote.RemoteWebDriver.findElementByXPath(RemoteWebDriver.java:455)
	at org.openqa.selenium.By$ByXPath.findElement(By.java:358)
	at org.openqa.selenium.remote.RemoteWebDriver.findElement(RemoteWebDriver.java:350)
	at sac.dl.pageObject.SavedSearchesPage.clickOnSavedSearchTerm(SavedSearchesPage.java:53)
	at test.java.SavedSearchesTest.testClickOnSavedNoteSearchTerm(SavedSearchesTest.java:68)
... Removed 31 stack frames]]>
    </failure>
  </testcase> <!-- testClickOnSavedNoteSearchTerm -->
  <testcase name="testDeleteSavedContentSearchTerm" time="0.069" classname="test.java.SavedSearchesTest">
    <failure type="org.openqa.selenium.ElementNotVisibleException" message="element not visible
  (Session info: chrome=44.0.2403.125)
  (Driver info: chromedriver=2.16.333243 (0bfa1d3575fc1044244f21ddb82bf870944ef961),platform=Windows NT 6.1 SP1 x86_64) (WARNING: The server did not provide any stacktrace information)
Command duration or timeout: 21 milliseconds
Build info: version: &amp;apos;2.46.0&amp;apos;, revision: &amp;apos;61506a4624b13675f24581e453592342b7485d71&amp;apos;, time: &amp;apos;2015-06-04 10:22:50&amp;apos;
System info: host: &amp;apos;DS-38607723D16D&amp;apos;, ip: &amp;apos;10.102.161.11&amp;apos;, os.name: &amp;apos;Windows 7&amp;apos;, os.arch: &amp;apos;amd64&amp;apos;, os.version: &amp;apos;6.1&amp;apos;, java.version: &amp;apos;1.8.0_40&amp;apos;
Driver info: org.openqa.selenium.chrome.ChromeDriver
Capabilities [{applicationCacheEnabled=false, rotatable=false, mobileEmulationEnabled=false, chrome={userDataDir=C:\Users\SACHIN~1.MAT\AppData\Local\Temp\scoped_dir4972_17861}, takesHeapSnapshot=true, databaseEnabled=false, handlesAlerts=true, hasTouchScreen=false, version=44.0.2403.125, platform=XP, browserConnectionEnabled=false, nativeEvents=true, acceptSslCerts=true, locationContextEnabled=true, webStorageEnabled=true, browserName=chrome, takesScreenshot=true, javascriptEnabled=true, cssSelectorsEnabled=true}]
Session ID: 04e5c6bdce252752ef72d3e3fad62885">
      <![CDATA[org.openqa.selenium.ElementNotVisibleException: element not visible
  (Session info: chrome=44.0.2403.125)
  (Driver info: chromedriver=2.16.333243 (0bfa1d3575fc1044244f21ddb82bf870944ef961),platform=Windows NT 6.1 SP1 x86_64) (WARNING: The server did not provide any stacktrace information)
Command duration or timeout: 21 milliseconds
Build info: version: '2.46.0', revision: '61506a4624b13675f24581e453592342b7485d71', time: '2015-06-04 10:22:50'
System info: host: 'DS-38607723D16D', ip: '10.102.161.11', os.name: 'Windows 7', os.arch: 'amd64', os.version: '6.1', java.version: '1.8.0_40'
Driver info: org.openqa.selenium.chrome.ChromeDriver
Capabilities [{applicationCacheEnabled=false, rotatable=false, mobileEmulationEnabled=false, chrome={userDataDir=C:\Users\SACHIN~1.MAT\AppData\Local\Temp\scoped_dir4972_17861}, takesHeapSnapshot=true, databaseEnabled=false, handlesAlerts=true, hasTouchScreen=false, version=44.0.2403.125, platform=XP, browserConnectionEnabled=false, nativeEvents=true, acceptSslCerts=true, locationContextEnabled=true, webStorageEnabled=true, browserName=chrome, takesScreenshot=true, javascriptEnabled=true, cssSelectorsEnabled=true}]
Session ID: 04e5c6bdce252752ef72d3e3fad62885
	at org.openqa.selenium.remote.ErrorHandler.createThrowable(ErrorHandler.java:204)
	at org.openqa.selenium.remote.ErrorHandler.throwIfResponseFailed(ErrorHandler.java:156)
	at org.openqa.selenium.remote.RemoteWebDriver.execute(RemoteWebDriver.java:605)
	at org.openqa.selenium.remote.RemoteWebElement.execute(RemoteWebElement.java:269)
	at org.openqa.selenium.remote.RemoteWebElement.click(RemoteWebElement.java:80)
	at sac.dl.pageObject.SavedSearchesPage.deleteSavedSearchTerm(SavedSearchesPage.java:80)
	at test.java.SavedSearchesTest.testDeleteSavedContentSearchTerm(SavedSearchesTest.java:76)
... Removed 31 stack frames]]>
    </failure>
  </testcase> <!-- testDeleteSavedContentSearchTerm -->
  <testcase name="testDeleteSavedeTextSearchTerm" time="0.038" classname="test.java.SavedSearchesTest">
    <failure type="org.openqa.selenium.ElementNotVisibleException" message="element not visible
  (Session info: chrome=44.0.2403.125)
  (Driver info: chromedriver=2.16.333243 (0bfa1d3575fc1044244f21ddb82bf870944ef961),platform=Windows NT 6.1 SP1 x86_64) (WARNING: The server did not provide any stacktrace information)
Command duration or timeout: 19 milliseconds
Build info: version: &amp;apos;2.46.0&amp;apos;, revision: &amp;apos;61506a4624b13675f24581e453592342b7485d71&amp;apos;, time: &amp;apos;2015-06-04 10:22:50&amp;apos;
System info: host: &amp;apos;DS-38607723D16D&amp;apos;, ip: &amp;apos;10.102.161.11&amp;apos;, os.name: &amp;apos;Windows 7&amp;apos;, os.arch: &amp;apos;amd64&amp;apos;, os.version: &amp;apos;6.1&amp;apos;, java.version: &amp;apos;1.8.0_40&amp;apos;
Driver info: org.openqa.selenium.chrome.ChromeDriver
Capabilities [{applicationCacheEnabled=false, rotatable=false, mobileEmulationEnabled=false, chrome={userDataDir=C:\Users\SACHIN~1.MAT\AppData\Local\Temp\scoped_dir4972_17861}, takesHeapSnapshot=true, databaseEnabled=false, handlesAlerts=true, hasTouchScreen=false, version=44.0.2403.125, platform=XP, browserConnectionEnabled=false, nativeEvents=true, acceptSslCerts=true, locationContextEnabled=true, webStorageEnabled=true, browserName=chrome, takesScreenshot=true, javascriptEnabled=true, cssSelectorsEnabled=true}]
Session ID: 04e5c6bdce252752ef72d3e3fad62885">
      <![CDATA[org.openqa.selenium.ElementNotVisibleException: element not visible
  (Session info: chrome=44.0.2403.125)
  (Driver info: chromedriver=2.16.333243 (0bfa1d3575fc1044244f21ddb82bf870944ef961),platform=Windows NT 6.1 SP1 x86_64) (WARNING: The server did not provide any stacktrace information)
Command duration or timeout: 19 milliseconds
Build info: version: '2.46.0', revision: '61506a4624b13675f24581e453592342b7485d71', time: '2015-06-04 10:22:50'
System info: host: 'DS-38607723D16D', ip: '10.102.161.11', os.name: 'Windows 7', os.arch: 'amd64', os.version: '6.1', java.version: '1.8.0_40'
Driver info: org.openqa.selenium.chrome.ChromeDriver
Capabilities [{applicationCacheEnabled=false, rotatable=false, mobileEmulationEnabled=false, chrome={userDataDir=C:\Users\SACHIN~1.MAT\AppData\Local\Temp\scoped_dir4972_17861}, takesHeapSnapshot=true, databaseEnabled=false, handlesAlerts=true, hasTouchScreen=false, version=44.0.2403.125, platform=XP, browserConnectionEnabled=false, nativeEvents=true, acceptSslCerts=true, locationContextEnabled=true, webStorageEnabled=true, browserName=chrome, takesScreenshot=true, javascriptEnabled=true, cssSelectorsEnabled=true}]
Session ID: 04e5c6bdce252752ef72d3e3fad62885
	at org.openqa.selenium.remote.ErrorHandler.createThrowable(ErrorHandler.java:204)
	at org.openqa.selenium.remote.ErrorHandler.throwIfResponseFailed(ErrorHandler.java:156)
	at org.openqa.selenium.remote.RemoteWebDriver.execute(RemoteWebDriver.java:605)
	at org.openqa.selenium.remote.RemoteWebElement.execute(RemoteWebElement.java:269)
	at org.openqa.selenium.remote.RemoteWebElement.click(RemoteWebElement.java:80)
	at sac.dl.pageObject.SavedSearchesPage.deleteSavedSearchTerm(SavedSearchesPage.java:80)
	at test.java.SavedSearchesTest.testDeleteSavedeTextSearchTerm(SavedSearchesTest.java:84)
... Removed 31 stack frames]]>
    </failure>
  </testcase> <!-- testDeleteSavedeTextSearchTerm -->
  <testcase name="testDeleteSavedNoteSearchTerm" time="0.027" classname="test.java.SavedSearchesTest">
    <failure type="org.openqa.selenium.ElementNotVisibleException" message="element not visible
  (Session info: chrome=44.0.2403.125)
  (Driver info: chromedriver=2.16.333243 (0bfa1d3575fc1044244f21ddb82bf870944ef961),platform=Windows NT 6.1 SP1 x86_64) (WARNING: The server did not provide any stacktrace information)
Command duration or timeout: 14 milliseconds
Build info: version: &amp;apos;2.46.0&amp;apos;, revision: &amp;apos;61506a4624b13675f24581e453592342b7485d71&amp;apos;, time: &amp;apos;2015-06-04 10:22:50&amp;apos;
System info: host: &amp;apos;DS-38607723D16D&amp;apos;, ip: &amp;apos;10.102.161.11&amp;apos;, os.name: &amp;apos;Windows 7&amp;apos;, os.arch: &amp;apos;amd64&amp;apos;, os.version: &amp;apos;6.1&amp;apos;, java.version: &amp;apos;1.8.0_40&amp;apos;
Driver info: org.openqa.selenium.chrome.ChromeDriver
Capabilities [{applicationCacheEnabled=false, rotatable=false, mobileEmulationEnabled=false, chrome={userDataDir=C:\Users\SACHIN~1.MAT\AppData\Local\Temp\scoped_dir4972_17861}, takesHeapSnapshot=true, databaseEnabled=false, handlesAlerts=true, hasTouchScreen=false, version=44.0.2403.125, platform=XP, browserConnectionEnabled=false, nativeEvents=true, acceptSslCerts=true, locationContextEnabled=true, webStorageEnabled=true, browserName=chrome, takesScreenshot=true, javascriptEnabled=true, cssSelectorsEnabled=true}]
Session ID: 04e5c6bdce252752ef72d3e3fad62885">
      <![CDATA[org.openqa.selenium.ElementNotVisibleException: element not visible
  (Session info: chrome=44.0.2403.125)
  (Driver info: chromedriver=2.16.333243 (0bfa1d3575fc1044244f21ddb82bf870944ef961),platform=Windows NT 6.1 SP1 x86_64) (WARNING: The server did not provide any stacktrace information)
Command duration or timeout: 14 milliseconds
Build info: version: '2.46.0', revision: '61506a4624b13675f24581e453592342b7485d71', time: '2015-06-04 10:22:50'
System info: host: 'DS-38607723D16D', ip: '10.102.161.11', os.name: 'Windows 7', os.arch: 'amd64', os.version: '6.1', java.version: '1.8.0_40'
Driver info: org.openqa.selenium.chrome.ChromeDriver
Capabilities [{applicationCacheEnabled=false, rotatable=false, mobileEmulationEnabled=false, chrome={userDataDir=C:\Users\SACHIN~1.MAT\AppData\Local\Temp\scoped_dir4972_17861}, takesHeapSnapshot=true, databaseEnabled=false, handlesAlerts=true, hasTouchScreen=false, version=44.0.2403.125, platform=XP, browserConnectionEnabled=false, nativeEvents=true, acceptSslCerts=true, locationContextEnabled=true, webStorageEnabled=true, browserName=chrome, takesScreenshot=true, javascriptEnabled=true, cssSelectorsEnabled=true}]
Session ID: 04e5c6bdce252752ef72d3e3fad62885
	at org.openqa.selenium.remote.ErrorHandler.createThrowable(ErrorHandler.java:204)
	at org.openqa.selenium.remote.ErrorHandler.throwIfResponseFailed(ErrorHandler.java:156)
	at org.openqa.selenium.remote.RemoteWebDriver.execute(RemoteWebDriver.java:605)
	at org.openqa.selenium.remote.RemoteWebElement.execute(RemoteWebElement.java:269)
	at org.openqa.selenium.remote.RemoteWebElement.click(RemoteWebElement.java:80)
	at sac.dl.pageObject.SavedSearchesPage.deleteSavedSearchTerm(SavedSearchesPage.java:80)
	at test.java.SavedSearchesTest.testDeleteSavedNoteSearchTerm(SavedSearchesTest.java:92)
... Removed 31 stack frames]]>
    </failure>
  </testcase> <!-- testDeleteSavedNoteSearchTerm -->
  <testcase name="testSignOut" time="0.421" classname="test.java.SignOutTest"/>
  <testcase name="testclickSearchAndBrowseLibraryLink" time="37.63" classname="test.java.LoginPageTest">
    <failure type="org.openqa.selenium.NoSuchElementException" message="no such element
  (Session info: chrome=44.0.2403.125)
  (Driver info: chromedriver=2.16.333243 (0bfa1d3575fc1044244f21ddb82bf870944ef961),platform=Windows NT 6.1 SP1 x86_64) (WARNING: The server did not provide any stacktrace information)
Command duration or timeout: 37.56 seconds
For documentation on this error, please visit: http://seleniumhq.org/exceptions/no_such_element.html
Build info: version: &amp;apos;2.46.0&amp;apos;, revision: &amp;apos;61506a4624b13675f24581e453592342b7485d71&amp;apos;, time: &amp;apos;2015-06-04 10:22:50&amp;apos;
System info: host: &amp;apos;DS-38607723D16D&amp;apos;, ip: &amp;apos;10.102.161.11&amp;apos;, os.name: &amp;apos;Windows 7&amp;apos;, os.arch: &amp;apos;amd64&amp;apos;, os.version: &amp;apos;6.1&amp;apos;, java.version: &amp;apos;1.8.0_40&amp;apos;
Driver info: org.openqa.selenium.chrome.ChromeDriver
Capabilities [{applicationCacheEnabled=false, rotatable=false, mobileEmulationEnabled=false, chrome={userDataDir=C:\Users\SACHIN~1.MAT\AppData\Local\Temp\scoped_dir4972_17861}, takesHeapSnapshot=true, databaseEnabled=false, handlesAlerts=true, hasTouchScreen=false, version=44.0.2403.125, platform=XP, browserConnectionEnabled=false, nativeEvents=true, acceptSslCerts=true, locationContextEnabled=true, webStorageEnabled=true, browserName=chrome, takesScreenshot=true, javascriptEnabled=true, cssSelectorsEnabled=true}]
Session ID: 04e5c6bdce252752ef72d3e3fad62885
*** Element info: {Using=xpath, value=//div[@class=&amp;apos;searchBrowseLink&amp;apos;]/a[@title=&amp;apos;Search and browse Library&amp;apos;]}">
      <![CDATA[org.openqa.selenium.NoSuchElementException: no such element
  (Session info: chrome=44.0.2403.125)
  (Driver info: chromedriver=2.16.333243 (0bfa1d3575fc1044244f21ddb82bf870944ef961),platform=Windows NT 6.1 SP1 x86_64) (WARNING: The server did not provide any stacktrace information)
Command duration or timeout: 37.56 seconds
For documentation on this error, please visit: http://seleniumhq.org/exceptions/no_such_element.html
Build info: version: '2.46.0', revision: '61506a4624b13675f24581e453592342b7485d71', time: '2015-06-04 10:22:50'
System info: host: 'DS-38607723D16D', ip: '10.102.161.11', os.name: 'Windows 7', os.arch: 'amd64', os.version: '6.1', java.version: '1.8.0_40'
Driver info: org.openqa.selenium.chrome.ChromeDriver
Capabilities [{applicationCacheEnabled=false, rotatable=false, mobileEmulationEnabled=false, chrome={userDataDir=C:\Users\SACHIN~1.MAT\AppData\Local\Temp\scoped_dir4972_17861}, takesHeapSnapshot=true, databaseEnabled=false, handlesAlerts=true, hasTouchScreen=false, version=44.0.2403.125, platform=XP, browserConnectionEnabled=false, nativeEvents=true, acceptSslCerts=true, locationContextEnabled=true, webStorageEnabled=true, browserName=chrome, takesScreenshot=true, javascriptEnabled=true, cssSelectorsEnabled=true}]
Session ID: 04e5c6bdce252752ef72d3e3fad62885
*** Element info: {Using=xpath, value=//div[@class='searchBrowseLink']/a[@title='Search and browse Library']}
	at org.openqa.selenium.remote.ErrorHandler.createThrowable(ErrorHandler.java:204)
	at org.openqa.selenium.remote.ErrorHandler.throwIfResponseFailed(ErrorHandler.java:156)
	at org.openqa.selenium.remote.RemoteWebDriver.execute(RemoteWebDriver.java:605)
	at org.openqa.selenium.remote.RemoteWebDriver.findElement(RemoteWebDriver.java:358)
	at org.openqa.selenium.remote.RemoteWebDriver.findElementByXPath(RemoteWebDriver.java:455)
	at org.openqa.selenium.By$ByXPath.findElement(By.java:358)
	at org.openqa.selenium.remote.RemoteWebDriver.findElement(RemoteWebDriver.java:350)
	at sac.dl.utility.PageElements$SearchAndBrowseLibraryPageElements.searchAndBrowseLibraryLink(PageElements.java:386)
	at sac.dl.pageObject.LoginPage.clickSearchAndBrowseLibraryLink(LoginPage.java:67)
	at test.java.LoginPageTest.testclickSearchAndBrowseLibraryLink(LoginPageTest.java:94)
... Removed 31 stack frames]]>
    </failure>
  </testcase> <!-- testclickSearchAndBrowseLibraryLink -->
  <testcase name="testVerifyOptionsInDropdown" time="0.155" classname="test.java.SearchAndBrowseLibraryTest">
    <failure type="java.lang.AssertionError" message="expected [true] but found [false]">
      <![CDATA[java.lang.AssertionError: expected [true] but found [false]
	at test.java.SearchAndBrowseLibraryTest.testVerifyOptionsInDropdown(SearchAndBrowseLibraryTest.java:46)
... Removed 31 stack frames]]>
    </failure>
  </testcase> <!-- testVerifyOptionsInDropdown -->
  <testcase name="testVerifyBooksPresentInAlleTextStack" time="0.056" classname="test.java.SearchAndBrowseLibraryTest">
    <failure type="org.openqa.selenium.WebDriverException" message="unknown error: Element is not clickable at point (108, 253). Other element would receive the click: &amp;lt;div class=&amp;quot;iconText&amp;quot;&amp;gt;...&amp;lt;/div&amp;gt;
  (Session info: chrome=44.0.2403.125)
  (Driver info: chromedriver=2.16.333243 (0bfa1d3575fc1044244f21ddb82bf870944ef961),platform=Windows NT 6.1 SP1 x86_64) (WARNING: The server did not provide any stacktrace information)
Command duration or timeout: 36 milliseconds
Build info: version: &amp;apos;2.46.0&amp;apos;, revision: &amp;apos;61506a4624b13675f24581e453592342b7485d71&amp;apos;, time: &amp;apos;2015-06-04 10:22:50&amp;apos;
System info: host: &amp;apos;DS-38607723D16D&amp;apos;, ip: &amp;apos;10.102.161.11&amp;apos;, os.name: &amp;apos;Windows 7&amp;apos;, os.arch: &amp;apos;amd64&amp;apos;, os.version: &amp;apos;6.1&amp;apos;, java.version: &amp;apos;1.8.0_40&amp;apos;
Driver info: org.openqa.selenium.chrome.ChromeDriver
Capabilities [{applicationCacheEnabled=false, rotatable=false, mobileEmulationEnabled=false, chrome={userDataDir=C:\Users\SACHIN~1.MAT\AppData\Local\Temp\scoped_dir4972_17861}, takesHeapSnapshot=true, databaseEnabled=false, handlesAlerts=true, hasTouchScreen=false, version=44.0.2403.125, platform=XP, browserConnectionEnabled=false, nativeEvents=true, acceptSslCerts=true, locationContextEnabled=true, webStorageEnabled=true, browserName=chrome, takesScreenshot=true, javascriptEnabled=true, cssSelectorsEnabled=true}]
Session ID: 04e5c6bdce252752ef72d3e3fad62885">
      <![CDATA[org.openqa.selenium.WebDriverException: unknown error: Element is not clickable at point (108, 253). Other element would receive the click: <div class="iconText">...</div>
  (Session info: chrome=44.0.2403.125)
  (Driver info: chromedriver=2.16.333243 (0bfa1d3575fc1044244f21ddb82bf870944ef961),platform=Windows NT 6.1 SP1 x86_64) (WARNING: The server did not provide any stacktrace information)
Command duration or timeout: 36 milliseconds
Build info: version: '2.46.0', revision: '61506a4624b13675f24581e453592342b7485d71', time: '2015-06-04 10:22:50'
System info: host: 'DS-38607723D16D', ip: '10.102.161.11', os.name: 'Windows 7', os.arch: 'amd64', os.version: '6.1', java.version: '1.8.0_40'
Driver info: org.openqa.selenium.chrome.ChromeDriver
Capabilities [{applicationCacheEnabled=false, rotatable=false, mobileEmulationEnabled=false, chrome={userDataDir=C:\Users\SACHIN~1.MAT\AppData\Local\Temp\scoped_dir4972_17861}, takesHeapSnapshot=true, databaseEnabled=false, handlesAlerts=true, hasTouchScreen=false, version=44.0.2403.125, platform=XP, browserConnectionEnabled=false, nativeEvents=true, acceptSslCerts=true, locationContextEnabled=true, webStorageEnabled=true, browserName=chrome, takesScreenshot=true, javascriptEnabled=true, cssSelectorsEnabled=true}]
Session ID: 04e5c6bdce252752ef72d3e3fad62885
	at org.openqa.selenium.remote.ErrorHandler.createThrowable(ErrorHandler.java:204)
	at org.openqa.selenium.remote.ErrorHandler.throwIfResponseFailed(ErrorHandler.java:156)
	at org.openqa.selenium.remote.RemoteWebDriver.execute(RemoteWebDriver.java:605)
	at org.openqa.selenium.remote.RemoteWebElement.execute(RemoteWebElement.java:269)
	at org.openqa.selenium.remote.RemoteWebElement.click(RemoteWebElement.java:80)
	at sac.dl.pageObject.SearchAndBrowseLibraryPage.verifyBooksPresentInAlleTextStack(SearchAndBrowseLibraryPage.java:61)
	at test.java.SearchAndBrowseLibraryTest.testVerifyBooksPresentInAlleTextStack(SearchAndBrowseLibraryTest.java:54)
... Removed 30 stack frames]]>
    </failure>
  </testcase> <!-- testVerifyBooksPresentInAlleTextStack -->
  <testcase name="testVerifyUIOfMoreInfoPopUpUnknownUser" time="5.058" classname="test.java.SearchAndBrowseLibraryTest">
    <failure type="org.openqa.selenium.NoSuchElementException" message="no such element
  (Session info: chrome=44.0.2403.125)
  (Driver info: chromedriver=2.16.333243 (0bfa1d3575fc1044244f21ddb82bf870944ef961),platform=Windows NT 6.1 SP1 x86_64) (WARNING: The server did not provide any stacktrace information)
Command duration or timeout: 5.06 seconds
For documentation on this error, please visit: http://seleniumhq.org/exceptions/no_such_element.html
Build info: version: &amp;apos;2.46.0&amp;apos;, revision: &amp;apos;61506a4624b13675f24581e453592342b7485d71&amp;apos;, time: &amp;apos;2015-06-04 10:22:50&amp;apos;
System info: host: &amp;apos;DS-38607723D16D&amp;apos;, ip: &amp;apos;10.102.161.11&amp;apos;, os.name: &amp;apos;Windows 7&amp;apos;, os.arch: &amp;apos;amd64&amp;apos;, os.version: &amp;apos;6.1&amp;apos;, java.version: &amp;apos;1.8.0_40&amp;apos;
Driver info: org.openqa.selenium.chrome.ChromeDriver
Capabilities [{applicationCacheEnabled=false, rotatable=false, mobileEmulationEnabled=false, chrome={userDataDir=C:\Users\SACHIN~1.MAT\AppData\Local\Temp\scoped_dir4972_17861}, takesHeapSnapshot=true, databaseEnabled=false, handlesAlerts=true, hasTouchScreen=false, version=44.0.2403.125, platform=XP, browserConnectionEnabled=false, nativeEvents=true, acceptSslCerts=true, locationContextEnabled=true, webStorageEnabled=true, browserName=chrome, takesScreenshot=true, javascriptEnabled=true, cssSelectorsEnabled=true}]
Session ID: 04e5c6bdce252752ef72d3e3fad62885
*** Element info: {Using=xpath, value=//div[@class=&amp;apos;titleDiv&amp;apos;]/label[@title=&amp;apos;Counseling title 1&amp;apos;]/parent::div/following-sibling::div[@class=&amp;apos;favoritePanePostion&amp;apos;]/span/img}">
      <![CDATA[org.openqa.selenium.NoSuchElementException: no such element
  (Session info: chrome=44.0.2403.125)
  (Driver info: chromedriver=2.16.333243 (0bfa1d3575fc1044244f21ddb82bf870944ef961),platform=Windows NT 6.1 SP1 x86_64) (WARNING: The server did not provide any stacktrace information)
Command duration or timeout: 5.06 seconds
For documentation on this error, please visit: http://seleniumhq.org/exceptions/no_such_element.html
Build info: version: '2.46.0', revision: '61506a4624b13675f24581e453592342b7485d71', time: '2015-06-04 10:22:50'
System info: host: 'DS-38607723D16D', ip: '10.102.161.11', os.name: 'Windows 7', os.arch: 'amd64', os.version: '6.1', java.version: '1.8.0_40'
Driver info: org.openqa.selenium.chrome.ChromeDriver
Capabilities [{applicationCacheEnabled=false, rotatable=false, mobileEmulationEnabled=false, chrome={userDataDir=C:\Users\SACHIN~1.MAT\AppData\Local\Temp\scoped_dir4972_17861}, takesHeapSnapshot=true, databaseEnabled=false, handlesAlerts=true, hasTouchScreen=false, version=44.0.2403.125, platform=XP, browserConnectionEnabled=false, nativeEvents=true, acceptSslCerts=true, locationContextEnabled=true, webStorageEnabled=true, browserName=chrome, takesScreenshot=true, javascriptEnabled=true, cssSelectorsEnabled=true}]
Session ID: 04e5c6bdce252752ef72d3e3fad62885
*** Element info: {Using=xpath, value=//div[@class='titleDiv']/label[@title='Counseling title 1']/parent::div/following-sibling::div[@class='favoritePanePostion']/span/img}
	at org.openqa.selenium.remote.ErrorHandler.createThrowable(ErrorHandler.java:204)
	at org.openqa.selenium.remote.ErrorHandler.throwIfResponseFailed(ErrorHandler.java:156)
	at org.openqa.selenium.remote.RemoteWebDriver.execute(RemoteWebDriver.java:605)
	at org.openqa.selenium.remote.RemoteWebDriver.findElement(RemoteWebDriver.java:358)
	at org.openqa.selenium.remote.RemoteWebDriver.findElementByXPath(RemoteWebDriver.java:455)
	at org.openqa.selenium.By$ByXPath.findElement(By.java:358)
	at org.openqa.selenium.remote.RemoteWebDriver.findElement(RemoteWebDriver.java:350)
	at sac.dl.pageObject.SearchAndBrowseLibraryPage.openMoreInfoPopUpForUnknownUser(SearchAndBrowseLibraryPage.java:91)
	at test.java.SearchAndBrowseLibraryTest.testVerifyUIOfMoreInfoPopUpUnknownUser(SearchAndBrowseLibraryTest.java:62)
... Removed 31 stack frames]]>
    </failure>
  </testcase> <!-- testVerifyUIOfMoreInfoPopUpUnknownUser -->
  <testcase name="testVerifyOptionsInPreviewChapterDropdown" time="5.052" classname="test.java.SearchAndBrowseLibraryTest">
    <failure type="org.openqa.selenium.NoSuchElementException" message="no such element
  (Session info: chrome=44.0.2403.125)
  (Driver info: chromedriver=2.16.333243 (0bfa1d3575fc1044244f21ddb82bf870944ef961),platform=Windows NT 6.1 SP1 x86_64) (WARNING: The server did not provide any stacktrace information)
Command duration or timeout: 5.05 seconds
For documentation on this error, please visit: http://seleniumhq.org/exceptions/no_such_element.html
Build info: version: &amp;apos;2.46.0&amp;apos;, revision: &amp;apos;61506a4624b13675f24581e453592342b7485d71&amp;apos;, time: &amp;apos;2015-06-04 10:22:50&amp;apos;
System info: host: &amp;apos;DS-38607723D16D&amp;apos;, ip: &amp;apos;10.102.161.11&amp;apos;, os.name: &amp;apos;Windows 7&amp;apos;, os.arch: &amp;apos;amd64&amp;apos;, os.version: &amp;apos;6.1&amp;apos;, java.version: &amp;apos;1.8.0_40&amp;apos;
Driver info: org.openqa.selenium.chrome.ChromeDriver
Capabilities [{applicationCacheEnabled=false, rotatable=false, mobileEmulationEnabled=false, chrome={userDataDir=C:\Users\SACHIN~1.MAT\AppData\Local\Temp\scoped_dir4972_17861}, takesHeapSnapshot=true, databaseEnabled=false, handlesAlerts=true, hasTouchScreen=false, version=44.0.2403.125, platform=XP, browserConnectionEnabled=false, nativeEvents=true, acceptSslCerts=true, locationContextEnabled=true, webStorageEnabled=true, browserName=chrome, takesScreenshot=true, javascriptEnabled=true, cssSelectorsEnabled=true}]
Session ID: 04e5c6bdce252752ef72d3e3fad62885
*** Element info: {Using=xpath, value=//div[@class=&amp;apos;previewChapterOptionlabel&amp;apos;]/img}">
      <![CDATA[org.openqa.selenium.NoSuchElementException: no such element
  (Session info: chrome=44.0.2403.125)
  (Driver info: chromedriver=2.16.333243 (0bfa1d3575fc1044244f21ddb82bf870944ef961),platform=Windows NT 6.1 SP1 x86_64) (WARNING: The server did not provide any stacktrace information)
Command duration or timeout: 5.05 seconds
For documentation on this error, please visit: http://seleniumhq.org/exceptions/no_such_element.html
Build info: version: '2.46.0', revision: '61506a4624b13675f24581e453592342b7485d71', time: '2015-06-04 10:22:50'
System info: host: 'DS-38607723D16D', ip: '10.102.161.11', os.name: 'Windows 7', os.arch: 'amd64', os.version: '6.1', java.version: '1.8.0_40'
Driver info: org.openqa.selenium.chrome.ChromeDriver
Capabilities [{applicationCacheEnabled=false, rotatable=false, mobileEmulationEnabled=false, chrome={userDataDir=C:\Users\SACHIN~1.MAT\AppData\Local\Temp\scoped_dir4972_17861}, takesHeapSnapshot=true, databaseEnabled=false, handlesAlerts=true, hasTouchScreen=false, version=44.0.2403.125, platform=XP, browserConnectionEnabled=false, nativeEvents=true, acceptSslCerts=true, locationContextEnabled=true, webStorageEnabled=true, browserName=chrome, takesScreenshot=true, javascriptEnabled=true, cssSelectorsEnabled=true}]
Session ID: 04e5c6bdce252752ef72d3e3fad62885
*** Element info: {Using=xpath, value=//div[@class='previewChapterOptionlabel']/img}
	at org.openqa.selenium.remote.ErrorHandler.createThrowable(ErrorHandler.java:204)
	at org.openqa.selenium.remote.ErrorHandler.throwIfResponseFailed(ErrorHandler.java:156)
	at org.openqa.selenium.remote.RemoteWebDriver.execute(RemoteWebDriver.java:605)
	at org.openqa.selenium.remote.RemoteWebDriver.findElement(RemoteWebDriver.java:358)
	at org.openqa.selenium.remote.RemoteWebDriver.findElementByXPath(RemoteWebDriver.java:455)
	at org.openqa.selenium.By$ByXPath.findElement(By.java:358)
	at org.openqa.selenium.remote.RemoteWebDriver.findElement(RemoteWebDriver.java:350)
	at sac.dl.utility.PageElements$SearchAndBrowseLibraryPageElements.arrowPreviewChapterDropdown(PageElements.java:486)
	at sac.dl.pageObject.SearchAndBrowseLibraryPage.verifyOptionsInPreviewChapterDropdown(SearchAndBrowseLibraryPage.java:105)
	at test.java.SearchAndBrowseLibraryTest.testVerifyOptionsInPreviewChapterDropdown(SearchAndBrowseLibraryTest.java:82)
... Removed 31 stack frames]]>
    </failure>
  </testcase> <!-- testVerifyOptionsInPreviewChapterDropdown -->
  <testcase name="testLaunchChapterPreview" time="10.066" classname="test.java.SearchAndBrowseLibraryTest">
    <failure type="org.openqa.selenium.NoSuchElementException" message="no such element
  (Session info: chrome=44.0.2403.125)
  (Driver info: chromedriver=2.16.333243 (0bfa1d3575fc1044244f21ddb82bf870944ef961),platform=Windows NT 6.1 SP1 x86_64) (WARNING: The server did not provide any stacktrace information)
Command duration or timeout: 5.04 seconds
For documentation on this error, please visit: http://seleniumhq.org/exceptions/no_such_element.html
Build info: version: &amp;apos;2.46.0&amp;apos;, revision: &amp;apos;61506a4624b13675f24581e453592342b7485d71&amp;apos;, time: &amp;apos;2015-06-04 10:22:50&amp;apos;
System info: host: &amp;apos;DS-38607723D16D&amp;apos;, ip: &amp;apos;10.102.161.11&amp;apos;, os.name: &amp;apos;Windows 7&amp;apos;, os.arch: &amp;apos;amd64&amp;apos;, os.version: &amp;apos;6.1&amp;apos;, java.version: &amp;apos;1.8.0_40&amp;apos;
Driver info: org.openqa.selenium.chrome.ChromeDriver
Capabilities [{applicationCacheEnabled=false, rotatable=false, mobileEmulationEnabled=false, chrome={userDataDir=C:\Users\SACHIN~1.MAT\AppData\Local\Temp\scoped_dir4972_17861}, takesHeapSnapshot=true, databaseEnabled=false, handlesAlerts=true, hasTouchScreen=false, version=44.0.2403.125, platform=XP, browserConnectionEnabled=false, nativeEvents=true, acceptSslCerts=true, locationContextEnabled=true, webStorageEnabled=true, browserName=chrome, takesScreenshot=true, javascriptEnabled=true, cssSelectorsEnabled=true}]
Session ID: 04e5c6bdce252752ef72d3e3fad62885
*** Element info: {Using=xpath, value=//div[@id=&amp;apos;chapterPreviewOption&amp;apos;]/div/div[@id=&amp;apos;gobutton&amp;apos;]}">
      <![CDATA[org.openqa.selenium.NoSuchElementException: no such element
  (Session info: chrome=44.0.2403.125)
  (Driver info: chromedriver=2.16.333243 (0bfa1d3575fc1044244f21ddb82bf870944ef961),platform=Windows NT 6.1 SP1 x86_64) (WARNING: The server did not provide any stacktrace information)
Command duration or timeout: 5.04 seconds
For documentation on this error, please visit: http://seleniumhq.org/exceptions/no_such_element.html
Build info: version: '2.46.0', revision: '61506a4624b13675f24581e453592342b7485d71', time: '2015-06-04 10:22:50'
System info: host: 'DS-38607723D16D', ip: '10.102.161.11', os.name: 'Windows 7', os.arch: 'amd64', os.version: '6.1', java.version: '1.8.0_40'
Driver info: org.openqa.selenium.chrome.ChromeDriver
Capabilities [{applicationCacheEnabled=false, rotatable=false, mobileEmulationEnabled=false, chrome={userDataDir=C:\Users\SACHIN~1.MAT\AppData\Local\Temp\scoped_dir4972_17861}, takesHeapSnapshot=true, databaseEnabled=false, handlesAlerts=true, hasTouchScreen=false, version=44.0.2403.125, platform=XP, browserConnectionEnabled=false, nativeEvents=true, acceptSslCerts=true, locationContextEnabled=true, webStorageEnabled=true, browserName=chrome, takesScreenshot=true, javascriptEnabled=true, cssSelectorsEnabled=true}]
Session ID: 04e5c6bdce252752ef72d3e3fad62885
*** Element info: {Using=xpath, value=//div[@id='chapterPreviewOption']/div/div[@id='gobutton']}
	at org.openqa.selenium.remote.ErrorHandler.createThrowable(ErrorHandler.java:204)
	at org.openqa.selenium.remote.ErrorHandler.throwIfResponseFailed(ErrorHandler.java:156)
	at org.openqa.selenium.remote.RemoteWebDriver.execute(RemoteWebDriver.java:605)
	at org.openqa.selenium.remote.RemoteWebDriver.findElement(RemoteWebDriver.java:358)
	at org.openqa.selenium.remote.RemoteWebDriver.findElementByXPath(RemoteWebDriver.java:455)
	at org.openqa.selenium.By$ByXPath.findElement(By.java:358)
	at org.openqa.selenium.remote.RemoteWebDriver.findElement(RemoteWebDriver.java:350)
	at sac.dl.utility.PageElements$SearchAndBrowseLibraryPageElements.goButton(PageElements.java:492)
	at sac.dl.pageObject.SearchAndBrowseLibraryPage.launchChapterPreview(SearchAndBrowseLibraryPage.java:157)
	at test.java.SearchAndBrowseLibraryTest.testLaunchChapterPreview(SearchAndBrowseLibraryTest.java:90)
... Removed 31 stack frames]]>
    </failure>
  </testcase> <!-- testLaunchChapterPreview -->
  <testcase name="testVerifyUIOfChapterPreview" time="5.045" classname="test.java.SearchAndBrowseLibraryTest">
    <failure type="org.openqa.selenium.NoSuchElementException" message="no such element
  (Session info: chrome=44.0.2403.125)
  (Driver info: chromedriver=2.16.333243 (0bfa1d3575fc1044244f21ddb82bf870944ef961),platform=Windows NT 6.1 SP1 x86_64) (WARNING: The server did not provide any stacktrace information)
Command duration or timeout: 5.04 seconds
For documentation on this error, please visit: http://seleniumhq.org/exceptions/no_such_element.html
Build info: version: &amp;apos;2.46.0&amp;apos;, revision: &amp;apos;61506a4624b13675f24581e453592342b7485d71&amp;apos;, time: &amp;apos;2015-06-04 10:22:50&amp;apos;
System info: host: &amp;apos;DS-38607723D16D&amp;apos;, ip: &amp;apos;10.102.161.11&amp;apos;, os.name: &amp;apos;Windows 7&amp;apos;, os.arch: &amp;apos;amd64&amp;apos;, os.version: &amp;apos;6.1&amp;apos;, java.version: &amp;apos;1.8.0_40&amp;apos;
Driver info: org.openqa.selenium.chrome.ChromeDriver
Capabilities [{applicationCacheEnabled=false, rotatable=false, mobileEmulationEnabled=false, chrome={userDataDir=C:\Users\SACHIN~1.MAT\AppData\Local\Temp\scoped_dir4972_17861}, takesHeapSnapshot=true, databaseEnabled=false, handlesAlerts=true, hasTouchScreen=false, version=44.0.2403.125, platform=XP, browserConnectionEnabled=false, nativeEvents=true, acceptSslCerts=true, locationContextEnabled=true, webStorageEnabled=true, browserName=chrome, takesScreenshot=true, javascriptEnabled=true, cssSelectorsEnabled=true}]
Session ID: 04e5c6bdce252752ef72d3e3fad62885
*** Element info: {Using=xpath, value=//div[@class=&amp;apos;previewtitledetails&amp;apos;]/div[@id=&amp;apos;titledetails&amp;apos;]/label[@class=&amp;apos;previewtitle&amp;apos;]/span}">
      <![CDATA[org.openqa.selenium.NoSuchElementException: no such element
  (Session info: chrome=44.0.2403.125)
  (Driver info: chromedriver=2.16.333243 (0bfa1d3575fc1044244f21ddb82bf870944ef961),platform=Windows NT 6.1 SP1 x86_64) (WARNING: The server did not provide any stacktrace information)
Command duration or timeout: 5.04 seconds
For documentation on this error, please visit: http://seleniumhq.org/exceptions/no_such_element.html
Build info: version: '2.46.0', revision: '61506a4624b13675f24581e453592342b7485d71', time: '2015-06-04 10:22:50'
System info: host: 'DS-38607723D16D', ip: '10.102.161.11', os.name: 'Windows 7', os.arch: 'amd64', os.version: '6.1', java.version: '1.8.0_40'
Driver info: org.openqa.selenium.chrome.ChromeDriver
Capabilities [{applicationCacheEnabled=false, rotatable=false, mobileEmulationEnabled=false, chrome={userDataDir=C:\Users\SACHIN~1.MAT\AppData\Local\Temp\scoped_dir4972_17861}, takesHeapSnapshot=true, databaseEnabled=false, handlesAlerts=true, hasTouchScreen=false, version=44.0.2403.125, platform=XP, browserConnectionEnabled=false, nativeEvents=true, acceptSslCerts=true, locationContextEnabled=true, webStorageEnabled=true, browserName=chrome, takesScreenshot=true, javascriptEnabled=true, cssSelectorsEnabled=true}]
Session ID: 04e5c6bdce252752ef72d3e3fad62885
*** Element info: {Using=xpath, value=//div[@class='previewtitledetails']/div[@id='titledetails']/label[@class='previewtitle']/span}
	at org.openqa.selenium.remote.ErrorHandler.createThrowable(ErrorHandler.java:204)
	at org.openqa.selenium.remote.ErrorHandler.throwIfResponseFailed(ErrorHandler.java:156)
	at org.openqa.selenium.remote.RemoteWebDriver.execute(RemoteWebDriver.java:605)
	at org.openqa.selenium.remote.RemoteWebDriver.findElement(RemoteWebDriver.java:358)
	at org.openqa.selenium.remote.RemoteWebDriver.findElementByXPath(RemoteWebDriver.java:455)
	at org.openqa.selenium.By$ByXPath.findElement(By.java:358)
	at org.openqa.selenium.remote.RemoteWebDriver.findElement(RemoteWebDriver.java:350)
	at sac.dl.utility.PageElements$SearchAndBrowseLibraryPageElements.bookNameOnChapterPreview(PageElements.java:504)
	at test.java.SearchAndBrowseLibraryTest.testVerifyUIOfChapterPreview(SearchAndBrowseLibraryTest.java:98)
... Removed 31 stack frames]]>
    </failure>
  </testcase> <!-- testVerifyUIOfChapterPreview -->
</testsuite> <!-- DigitalLibraryFunctionalTest -->
