<?xml version="1.0" encoding="UTF-8"?>
<!-- Generated by org.testng.reporters.JUnitXMLReporter -->
<testsuite hostname="DS-38607723D16D" name="DigitalLibraryFunctionalTest" tests="31" failures="4" timestamp="31 Jul 2015 09:11:05 GMT" time="105.224" errors="0">
  <testcase name="testverifyUIOfLoginPage" time="0.156" classname="test.java.LoginPageTest">
    <failure type="java.lang.AssertionError" message="expected [false] but found [true]">
      <![CDATA[java.lang.AssertionError: expected [false] but found [true]
	at test.java.LoginPageTest.testverifyUIOfLoginPage(LoginPageTest.java:55)
... Removed 28 stack frames]]>
    </failure>
  </testcase> <!-- testverifyUIOfLoginPage -->
  <testcase name="testForgetUserNamePasswordLink" time="0.0" classname="test.java.LoginPageTest">
    <skipped/>
  </testcase> <!-- testForgetUserNamePasswordLink -->
  <testcase name="testLogin" time="20.363" classname="test.java.LoginPageTest"/>
  <testcase name="testVerifyUIOfCompleteLibraryPage" time="0.406" classname="test.java.CompleteLibraryTest"/>
  <testcase name="testSearchByContents" time="5.702" classname="test.java.CompleteLibraryTest"/>
  <testcase name="testSearchByContents" time="2.824" classname="test.java.CompleteLibraryTest"/>
  <testcase name="testSearchByContents" time="3.588" classname="test.java.CompleteLibraryTest"/>
  <testcase name="testverifyAlleTextPagesStack" time="0.25" classname="test.java.SearchResultsTest"/>
  <testcase name="testSearchByeText" time="2.952" classname="test.java.CompleteLibraryTest"/>
  <testcase name="testSearchByeText" time="3.112" classname="test.java.CompleteLibraryTest"/>
  <testcase name="testSearchByeText" time="1.868" classname="test.java.CompleteLibraryTest"/>
  <testcase name="testverifyAlleTextStack" time="0.171" classname="test.java.SearchResultsTest"/>
  <testcase name="testSearchMyNotes" time="3.697" classname="test.java.CompleteLibraryTest"/>
  <testcase name="testSearchMyNotes" time="3.887" classname="test.java.CompleteLibraryTest"/>
  <testcase name="testSearchMyNotes" time="1.936" classname="test.java.CompleteLibraryTest">
    <failure type="java.lang.AssertionError" message="expected [true] but found [false]">
      <![CDATA[java.lang.AssertionError: expected [true] but found [false]
	at test.java.CompleteLibraryTest.testSearchMyNotes(CompleteLibraryTest.java:106)
... Removed 28 stack frames]]>
    </failure>
  </testcase> <!-- testSearchMyNotes -->
  <testcase name="testverifyAlleTextNotesStack" time="0.218" classname="test.java.SearchResultsTest"/>
  <testcase name="testNavigateToSavedSearchesPage" time="0.842" classname="test.java.SavedSearchesTest"/>
  <testcase name="testClickOnSavedContentSearchTerm" time="2.697" classname="test.java.SavedSearchesTest"/>
  <testcase name="testClickOnSavedeTextSearchTerm" time="1.31" classname="test.java.SavedSearchesTest"/>
  <testcase name="testClickOnSavedNoteSearchTerm" time="1.324" classname="test.java.SavedSearchesTest"/>
  <testcase name="testDeleteSavedContentSearchTerm" time="7.51" classname="test.java.SavedSearchesTest"/>
  <testcase name="testDeleteSavedeTextSearchTerm" time="5.186" classname="test.java.SavedSearchesTest">
    <failure type="org.openqa.selenium.ElementNotVisibleException" message="Element is not currently visible and so may not be interacted with
Command duration or timeout: 5.05 seconds
Build info: version: &amp;apos;2.46.0&amp;apos;, revision: &amp;apos;61506a4624b13675f24581e453592342b7485d71&amp;apos;, time: &amp;apos;2015-06-04 10:22:50&amp;apos;
System info: host: &amp;apos;DS-38607723D16D&amp;apos;, ip: &amp;apos;10.102.149.151&amp;apos;, os.name: &amp;apos;Windows 7&amp;apos;, os.arch: &amp;apos;amd64&amp;apos;, os.version: &amp;apos;6.1&amp;apos;, java.version: &amp;apos;1.8.0_40&amp;apos;
Driver info: org.openqa.selenium.firefox.FirefoxDriver
Capabilities [{applicationCacheEnabled=true, rotatable=false, handlesAlerts=true, databaseEnabled=true, version=39.0, platform=WINDOWS, nativeEvents=false, acceptSslCerts=true, webStorageEnabled=true, locationContextEnabled=true, browserName=firefox, takesScreenshot=true, javascriptEnabled=true, cssSelectorsEnabled=true}]
Session ID: b967fc7d-3680-4839-a324-158ec851cc9b">
      <![CDATA[org.openqa.selenium.ElementNotVisibleException: Element is not currently visible and so may not be interacted with
Command duration or timeout: 5.05 seconds
Build info: version: '2.46.0', revision: '61506a4624b13675f24581e453592342b7485d71', time: '2015-06-04 10:22:50'
System info: host: 'DS-38607723D16D', ip: '10.102.149.151', os.name: 'Windows 7', os.arch: 'amd64', os.version: '6.1', java.version: '1.8.0_40'
Driver info: org.openqa.selenium.firefox.FirefoxDriver
Capabilities [{applicationCacheEnabled=true, rotatable=false, handlesAlerts=true, databaseEnabled=true, version=39.0, platform=WINDOWS, nativeEvents=false, acceptSslCerts=true, webStorageEnabled=true, locationContextEnabled=true, browserName=firefox, takesScreenshot=true, javascriptEnabled=true, cssSelectorsEnabled=true}]
Session ID: b967fc7d-3680-4839-a324-158ec851cc9b
	at org.openqa.selenium.remote.ErrorHandler.createThrowable(ErrorHandler.java:204)
	at org.openqa.selenium.remote.ErrorHandler.throwIfResponseFailed(ErrorHandler.java:156)
	at org.openqa.selenium.remote.RemoteWebDriver.execute(RemoteWebDriver.java:605)
	at org.openqa.selenium.remote.RemoteWebElement.execute(RemoteWebElement.java:269)
	at org.openqa.selenium.remote.RemoteWebElement.click(RemoteWebElement.java:80)
	at sac.dl.pageObject.SavedSearchesPage.deleteSavedSearchTerm(SavedSearchesPage.java:83)
	at test.java.SavedSearchesTest.testDeleteSavedeTextSearchTerm(SavedSearchesTest.java:84)
Caused by: org.openqa.selenium.ElementNotVisibleException: Element is not currently visible and so may not be interacted with
Build info: version: '2.46.0', revision: '61506a4624b13675f24581e453592342b7485d71', time: '2015-06-04 10:22:50'
System info: host: 'DS-38607723D16D', ip: '10.102.149.151', os.name: 'Windows 7', os.arch: 'amd64', os.version: '6.1', java.version: '1.8.0_40'
Driver info: driver.version: unknown
	at <anonymous class>.fxdriver.preconditions.visible(file:///C:/Users/SACHIN~1.MAT/AppData/Local/Temp/anonymous1696928086998877516webdriver-profile/extensions/fxdriver@googlecode.com/components/command-processor.js:9615)
	at <anonymous class>.DelayedCommand.prototype.checkPreconditions_(file:///C:/Users/SACHIN~1.MAT/AppData/Local/Temp/anonymous1696928086998877516webdriver-profile/extensions/fxdriver@googlecode.com/components/command-processor.js:12265)
	at <anonymous class>.DelayedCommand.prototype.executeInternal_/h(file:///C:/Users/SACHIN~1.MAT/AppData/Local/Temp/anonymous1696928086998877516webdriver-profile/extensions/fxdriver@googlecode.com/components/command-processor.js:12282)
	at <anonymous class>.fxdriver.Timer.prototype.setTimeout/<.notify(file:///C:/Users/SACHIN~1.MAT/AppData/Local/Temp/anonymous1696928086998877516webdriver-profile/extensions/fxdriver@googlecode.com/components/command-processor.js:603)
... Removed 28 stack frames]]>
    </failure>
  </testcase> <!-- testDeleteSavedeTextSearchTerm -->
  <testcase name="testDeleteSavedNoteSearchTerm" time="5.054" classname="test.java.SavedSearchesTest">
    <failure type="org.openqa.selenium.ElementNotVisibleException" message="Element is not currently visible and so may not be interacted with
Command duration or timeout: 5.04 seconds
Build info: version: &amp;apos;2.46.0&amp;apos;, revision: &amp;apos;61506a4624b13675f24581e453592342b7485d71&amp;apos;, time: &amp;apos;2015-06-04 10:22:50&amp;apos;
System info: host: &amp;apos;DS-38607723D16D&amp;apos;, ip: &amp;apos;10.102.149.151&amp;apos;, os.name: &amp;apos;Windows 7&amp;apos;, os.arch: &amp;apos;amd64&amp;apos;, os.version: &amp;apos;6.1&amp;apos;, java.version: &amp;apos;1.8.0_40&amp;apos;
Driver info: org.openqa.selenium.firefox.FirefoxDriver
Capabilities [{applicationCacheEnabled=true, rotatable=false, handlesAlerts=true, databaseEnabled=true, version=39.0, platform=WINDOWS, nativeEvents=false, acceptSslCerts=true, webStorageEnabled=true, locationContextEnabled=true, browserName=firefox, takesScreenshot=true, javascriptEnabled=true, cssSelectorsEnabled=true}]
Session ID: b967fc7d-3680-4839-a324-158ec851cc9b">
      <![CDATA[org.openqa.selenium.ElementNotVisibleException: Element is not currently visible and so may not be interacted with
Command duration or timeout: 5.04 seconds
Build info: version: '2.46.0', revision: '61506a4624b13675f24581e453592342b7485d71', time: '2015-06-04 10:22:50'
System info: host: 'DS-38607723D16D', ip: '10.102.149.151', os.name: 'Windows 7', os.arch: 'amd64', os.version: '6.1', java.version: '1.8.0_40'
Driver info: org.openqa.selenium.firefox.FirefoxDriver
Capabilities [{applicationCacheEnabled=true, rotatable=false, handlesAlerts=true, databaseEnabled=true, version=39.0, platform=WINDOWS, nativeEvents=false, acceptSslCerts=true, webStorageEnabled=true, locationContextEnabled=true, browserName=firefox, takesScreenshot=true, javascriptEnabled=true, cssSelectorsEnabled=true}]
Session ID: b967fc7d-3680-4839-a324-158ec851cc9b
	at org.openqa.selenium.remote.ErrorHandler.createThrowable(ErrorHandler.java:204)
	at org.openqa.selenium.remote.ErrorHandler.throwIfResponseFailed(ErrorHandler.java:156)
	at org.openqa.selenium.remote.RemoteWebDriver.execute(RemoteWebDriver.java:605)
	at org.openqa.selenium.remote.RemoteWebElement.execute(RemoteWebElement.java:269)
	at org.openqa.selenium.remote.RemoteWebElement.click(RemoteWebElement.java:80)
	at sac.dl.pageObject.SavedSearchesPage.deleteSavedSearchTerm(SavedSearchesPage.java:80)
	at test.java.SavedSearchesTest.testDeleteSavedNoteSearchTerm(SavedSearchesTest.java:92)
Caused by: org.openqa.selenium.ElementNotVisibleException: Element is not currently visible and so may not be interacted with
Build info: version: '2.46.0', revision: '61506a4624b13675f24581e453592342b7485d71', time: '2015-06-04 10:22:50'
System info: host: 'DS-38607723D16D', ip: '10.102.149.151', os.name: 'Windows 7', os.arch: 'amd64', os.version: '6.1', java.version: '1.8.0_40'
Driver info: driver.version: unknown
	at <anonymous class>.fxdriver.preconditions.visible(file:///C:/Users/SACHIN~1.MAT/AppData/Local/Temp/anonymous1696928086998877516webdriver-profile/extensions/fxdriver@googlecode.com/components/command-processor.js:9615)
	at <anonymous class>.DelayedCommand.prototype.checkPreconditions_(file:///C:/Users/SACHIN~1.MAT/AppData/Local/Temp/anonymous1696928086998877516webdriver-profile/extensions/fxdriver@googlecode.com/components/command-processor.js:12265)
	at <anonymous class>.DelayedCommand.prototype.executeInternal_/h(file:///C:/Users/SACHIN~1.MAT/AppData/Local/Temp/anonymous1696928086998877516webdriver-profile/extensions/fxdriver@googlecode.com/components/command-processor.js:12282)
	at <anonymous class>.fxdriver.Timer.prototype.setTimeout/<.notify(file:///C:/Users/SACHIN~1.MAT/AppData/Local/Temp/anonymous1696928086998877516webdriver-profile/extensions/fxdriver@googlecode.com/components/command-processor.js:603)
... Removed 28 stack frames]]>
    </failure>
  </testcase> <!-- testDeleteSavedNoteSearchTerm -->
  <testcase name="testSignOut" time="1.812" classname="test.java.SignOutTest"/>
  <testcase name="testclickSearchAndBrowseLibraryLink" time="5.6" classname="test.java.LoginPageTest"/>
  <testcase name="testVerifyOptionsInDropdown" time="0.141" classname="test.java.SearchAndBrowseLibraryTest"/>
  <testcase name="testVerifyBooksPresentInAlleTextStack" time="1.155" classname="test.java.SearchAndBrowseLibraryTest"/>
  <testcase name="testVerifyUIOfMoreInfoPopUpUnknownUser" time="2.246" classname="test.java.SearchAndBrowseLibraryTest"/>
  <testcase name="testVerifyOptionsInPreviewChapterDropdown" time="0.156" classname="test.java.SearchAndBrowseLibraryTest"/>
  <testcase name="testLaunchChapterPreview" time="5.477" classname="test.java.SearchAndBrowseLibraryTest"/>
  <testcase name="testVerifyUIOfChapterPreview" time="0.402" classname="test.java.SearchAndBrowseLibraryTest"/>
</testsuite> <!-- DigitalLibraryFunctionalTest -->
