<?xml version="1.0" encoding="UTF-8"?>
<testng-results skipped="0" failed="0" total="31" passed="31">
  <reporter-output>
  </reporter-output>
  <suite name="DigitalLibrary" duration-ms="106837" started-at="2015-08-05T08:48:20Z" finished-at="2015-08-05T08:50:07Z">
    <groups>
      <group name="ClickOnSavedSearchTerm">
        <method signature="SavedSearchesTest.testClickOnSavedContentSearchTerm(java.lang.String, java.lang.String)[pri:0, instance:test.java.SavedSearchesTest@38082d64]" name="testClickOnSavedContentSearchTerm" class="test.java.SavedSearchesTest"/>
        <method signature="SavedSearchesTest.testClickOnSavedeTextSearchTerm(java.lang.String, java.lang.String)[pri:0, instance:test.java.SavedSearchesTest@38082d64]" name="testClickOnSavedeTextSearchTerm" class="test.java.SavedSearchesTest"/>
        <method signature="SavedSearchesTest.testClickOnSavedNoteSearchTerm(java.lang.String, java.lang.String)[pri:0, instance:test.java.SavedSearchesTest@38082d64]" name="testClickOnSavedNoteSearchTerm" class="test.java.SavedSearchesTest"/>
      </group> <!-- ClickOnSavedSearchTerm -->
      <group name="SignOut">
        <method signature="SignOutTest.testSignOut()[pri:0, instance:test.java.SignOutTest@6b2fad11]" name="testSignOut" class="test.java.SignOutTest"/>
      </group> <!-- SignOut -->
      <group name="PerformSearchingByNotes">
        <method signature="CompleteLibraryTest.testSearchMyNotes(java.lang.String, java.lang.String, java.lang.String, java.lang.String)[pri:0, instance:test.java.CompleteLibraryTest@73f792cf]" name="testSearchMyNotes" class="test.java.CompleteLibraryTest"/>
      </group> <!-- PerformSearchingByNotes -->
      <group name="ClickOnAlleTextStack">
        <method signature="SearchResultsTest.testverifyAlleTextStack()[pri:0, instance:test.java.SearchResultsTest@2ed94a8b]" name="testverifyAlleTextStack" class="test.java.SearchResultsTest"/>
      </group> <!-- ClickOnAlleTextStack -->
      <group name="CompleteLibrary">
        <method signature="CompleteLibraryTest.testVerifyUIOfCompleteLibraryPage(java.lang.String, java.lang.String, java.lang.String, java.lang.String)[pri:0, instance:test.java.CompleteLibraryTest@73f792cf]" name="testVerifyUIOfCompleteLibraryPage" class="test.java.CompleteLibraryTest"/>
      </group> <!-- CompleteLibrary -->
      <group name="Login">
        <method signature="LoginPageTest.testverifyUIOfLoginPage(java.lang.String, java.lang.String, java.lang.String, java.lang.String, java.lang.String, java.lang.String, java.lang.String, java.lang.String)[pri:0, instance:test.java.LoginPageTest@13969fbe]" name="testverifyUIOfLoginPage" class="test.java.LoginPageTest"/>
        <method signature="LoginPageTest.testForgetUserNamePasswordLink()[pri:0, instance:test.java.LoginPageTest@13969fbe]" name="testForgetUserNamePasswordLink" class="test.java.LoginPageTest"/>
        <method signature="LoginPageTest.testLogin(java.lang.String, java.lang.String)[pri:0, instance:test.java.LoginPageTest@13969fbe]" name="testLogin" class="test.java.LoginPageTest"/>
      </group> <!-- Login -->
      <group name="PerformSearchingByeText">
        <method signature="CompleteLibraryTest.testSearchByeText(java.lang.String, java.lang.String, java.lang.String, java.lang.String)[pri:0, instance:test.java.CompleteLibraryTest@73f792cf]" name="testSearchByeText" class="test.java.CompleteLibraryTest"/>
      </group> <!-- PerformSearchingByeText -->
      <group name="LoginPage">
        <method signature="LoginPageTest.testclickSearchAndBrowseLibraryLink()[pri:0, instance:test.java.LoginPageTest@13969fbe]" name="testclickSearchAndBrowseLibraryLink" class="test.java.LoginPageTest"/>
      </group> <!-- LoginPage -->
      <group name="SearchAndBrowseLibrary">
        <method signature="SearchAndBrowseLibraryTest.testVerifyOptionsInDropdown(java.lang.String)[pri:0, instance:test.java.SearchAndBrowseLibraryTest@dfd3711]" name="testVerifyOptionsInDropdown" class="test.java.SearchAndBrowseLibraryTest"/>
        <method signature="SearchAndBrowseLibraryTest.testVerifyBooksPresentInAlleTextStack(java.lang.String)[pri:0, instance:test.java.SearchAndBrowseLibraryTest@dfd3711]" name="testVerifyBooksPresentInAlleTextStack" class="test.java.SearchAndBrowseLibraryTest"/>
        <method signature="SearchAndBrowseLibraryTest.testVerifyUIOfMoreInfoPopUpUnknownUser(java.lang.String, java.lang.String, java.lang.String, java.lang.String)[pri:0, instance:test.java.SearchAndBrowseLibraryTest@dfd3711]" name="testVerifyUIOfMoreInfoPopUpUnknownUser" class="test.java.SearchAndBrowseLibraryTest"/>
        <method signature="SearchAndBrowseLibraryTest.testVerifyOptionsInPreviewChapterDropdown(java.lang.String)[pri:0, instance:test.java.SearchAndBrowseLibraryTest@dfd3711]" name="testVerifyOptionsInPreviewChapterDropdown" class="test.java.SearchAndBrowseLibraryTest"/>
        <method signature="SearchAndBrowseLibraryTest.testLaunchChapterPreview(java.lang.String)[pri:0, instance:test.java.SearchAndBrowseLibraryTest@dfd3711]" name="testLaunchChapterPreview" class="test.java.SearchAndBrowseLibraryTest"/>
        <method signature="SearchAndBrowseLibraryTest.testVerifyUIOfChapterPreview(java.lang.String, java.lang.String, java.lang.String)[pri:0, instance:test.java.SearchAndBrowseLibraryTest@dfd3711]" name="testVerifyUIOfChapterPreview" class="test.java.SearchAndBrowseLibraryTest"/>
      </group> <!-- SearchAndBrowseLibrary -->
      <group name="PerformSearchingByeContents">
        <method signature="CompleteLibraryTest.testSearchByContents(java.lang.String, java.lang.String, java.lang.String, java.lang.String)[pri:0, instance:test.java.CompleteLibraryTest@73f792cf]" name="testSearchByContents" class="test.java.CompleteLibraryTest"/>
      </group> <!-- PerformSearchingByeContents -->
      <group name="ClickOnAlleTextPagesStack">
        <method signature="SearchResultsTest.testverifyAlleTextPagesStack()[pri:0, instance:test.java.SearchResultsTest@2ed94a8b]" name="testverifyAlleTextPagesStack" class="test.java.SearchResultsTest"/>
      </group> <!-- ClickOnAlleTextPagesStack -->
      <group name="ClickOnAlleTextNotesStack">
        <method signature="SearchResultsTest.testverifyAlleTextNotesStack()[pri:0, instance:test.java.SearchResultsTest@2ed94a8b]" name="testverifyAlleTextNotesStack" class="test.java.SearchResultsTest"/>
      </group> <!-- ClickOnAlleTextNotesStack -->
      <group name="DeleteSavedSearchTerm">
        <method signature="SavedSearchesTest.testDeleteSavedContentSearchTerm(java.lang.String)[pri:0, instance:test.java.SavedSearchesTest@38082d64]" name="testDeleteSavedContentSearchTerm" class="test.java.SavedSearchesTest"/>
        <method signature="SavedSearchesTest.testDeleteSavedeTextSearchTerm(java.lang.String)[pri:0, instance:test.java.SavedSearchesTest@38082d64]" name="testDeleteSavedeTextSearchTerm" class="test.java.SavedSearchesTest"/>
        <method signature="SavedSearchesTest.testDeleteSavedNoteSearchTerm(java.lang.String)[pri:0, instance:test.java.SavedSearchesTest@38082d64]" name="testDeleteSavedNoteSearchTerm" class="test.java.SavedSearchesTest"/>
      </group> <!-- DeleteSavedSearchTerm -->
      <group name="NavigateToSavedSearchesPage">
        <method signature="SavedSearchesTest.testNavigateToSavedSearchesPage()[pri:0, instance:test.java.SavedSearchesTest@38082d64]" name="testNavigateToSavedSearchesPage" class="test.java.SavedSearchesTest"/>
      </group> <!-- NavigateToSavedSearchesPage -->
    </groups>
    <test name="DigitalLibraryFunctionalTest" duration-ms="106837" started-at="2015-08-05T08:48:20Z" finished-at="2015-08-05T08:50:07Z">
      <class name="test.java.CompleteLibraryTest">
        <test-method status="PASS" signature="beforeClass()[pri:0, instance:test.java.CompleteLibraryTest@73f792cf]" name="beforeClass" is-config="true" duration-ms="1" started-at="2015-08-05T14:18:41Z" finished-at="2015-08-05T14:18:41Z">
          <reporter-output>
          </reporter-output>
        </test-method> <!-- beforeClass -->
        <test-method status="PASS" signature="waitBeforeCallingMethod()[pri:0, instance:test.java.CompleteLibraryTest@73f792cf]" name="waitBeforeCallingMethod" is-config="true" duration-ms="15" started-at="2015-08-05T14:18:41Z" finished-at="2015-08-05T14:18:41Z">
          <reporter-output>
          </reporter-output>
        </test-method> <!-- waitBeforeCallingMethod -->
        <test-method status="PASS" signature="testVerifyUIOfCompleteLibraryPage(java.lang.String, java.lang.String, java.lang.String, java.lang.String)[pri:0, instance:test.java.CompleteLibraryTest@73f792cf]" name="testVerifyUIOfCompleteLibraryPage" duration-ms="316" depends-on-groups="Login" started-at="2015-08-05T14:18:41Z" data-provider="ExcelDataProvider" finished-at="2015-08-05T14:18:41Z">
          <params>
            <param index="0">
              <value>
                <![CDATA[7 eTexts]]>
              </value>
            </param>
            <param index="1">
              <value>
                <![CDATA[2 Products]]>
              </value>
            </param>
            <param index="2">
              <value>
                <![CDATA[12 Videos]]>
              </value>
            </param>
            <param index="3">
              <value>
                <![CDATA[11 Resources]]>
              </value>
            </param>
          </params>
          <reporter-output>
          </reporter-output>
        </test-method> <!-- testVerifyUIOfCompleteLibraryPage -->
        <test-method status="PASS" signature="waitBeforeCallingMethod()[pri:0, instance:test.java.CompleteLibraryTest@73f792cf]" name="waitBeforeCallingMethod" is-config="true" duration-ms="13" started-at="2015-08-05T14:18:41Z" finished-at="2015-08-05T14:18:41Z">
          <reporter-output>
          </reporter-output>
        </test-method> <!-- waitBeforeCallingMethod -->
        <test-method status="PASS" signature="testSearchByContents(java.lang.String, java.lang.String, java.lang.String, java.lang.String)[pri:0, instance:test.java.CompleteLibraryTest@73f792cf]" name="testSearchByContents" duration-ms="5115" started-at="2015-08-05T14:18:41Z" data-provider="ExcelDataProvider" depends-on-methods="test.java.CompleteLibraryTest.testVerifyUIOfCompleteLibraryPage" finished-at="2015-08-05T14:18:46Z">
          <params>
            <param index="0">
              <value>
                <![CDATA[development]]>
              </value>
            </param>
            <param index="1">
              <value>
                <![CDATA[Complete Library, Subscribed, Favorites]]>
              </value>
            </param>
            <param index="2">
              <value>
                <![CDATA[All eText Pages, testing4_PROD, Test replica 11754]]>
              </value>
            </param>
            <param index="3">
              <value>
                <![CDATA[127 pages, 70 pages, 57 pages]]>
              </value>
            </param>
          </params>
          <reporter-output>
          </reporter-output>
        </test-method> <!-- testSearchByContents -->
        <test-method status="PASS" signature="waitBeforeCallingMethod()[pri:0, instance:test.java.CompleteLibraryTest@73f792cf]" name="waitBeforeCallingMethod" is-config="true" duration-ms="17" started-at="2015-08-05T14:18:46Z" finished-at="2015-08-05T14:18:46Z">
          <reporter-output>
          </reporter-output>
        </test-method> <!-- waitBeforeCallingMethod -->
        <test-method status="PASS" signature="testSearchByContents(java.lang.String, java.lang.String, java.lang.String, java.lang.String)[pri:0, instance:test.java.CompleteLibraryTest@73f792cf]" name="testSearchByContents" duration-ms="3253" started-at="2015-08-05T14:18:46Z" data-provider="ExcelDataProvider" depends-on-methods="test.java.CompleteLibraryTest.testVerifyUIOfCompleteLibraryPage" finished-at="2015-08-05T14:18:50Z">
          <params>
            <param index="0">
              <value>
                <![CDATA[Special]]>
              </value>
            </param>
            <param index="1">
              <value>
                <![CDATA[Complete Library, Subscribed, Favorites]]>
              </value>
            </param>
            <param index="2">
              <value>
                <![CDATA[All eText Pages, testing4_PROD, Test replica 11754]]>
              </value>
            </param>
            <param index="3">
              <value>
                <![CDATA[83 pages, 60 pages, 23 pages]]>
              </value>
            </param>
          </params>
          <reporter-output>
          </reporter-output>
        </test-method> <!-- testSearchByContents -->
        <test-method status="PASS" signature="waitBeforeCallingMethod()[pri:0, instance:test.java.CompleteLibraryTest@73f792cf]" name="waitBeforeCallingMethod" is-config="true" duration-ms="13" started-at="2015-08-05T14:18:50Z" finished-at="2015-08-05T14:18:50Z">
          <reporter-output>
          </reporter-output>
        </test-method> <!-- waitBeforeCallingMethod -->
        <test-method status="PASS" signature="testSearchByContents(java.lang.String, java.lang.String, java.lang.String, java.lang.String)[pri:0, instance:test.java.CompleteLibraryTest@73f792cf]" name="testSearchByContents" duration-ms="3642" started-at="2015-08-05T14:18:50Z" data-provider="ExcelDataProvider" depends-on-methods="test.java.CompleteLibraryTest.testVerifyUIOfCompleteLibraryPage" finished-at="2015-08-05T14:18:53Z">
          <params>
            <param index="0">
              <value>
                <![CDATA[science]]>
              </value>
            </param>
            <param index="1">
              <value>
                <![CDATA[Complete Library, Subscribed, Favorites]]>
              </value>
            </param>
            <param index="2">
              <value>
                <![CDATA[All eText Pages, Counseling title 1, std_existing_48, testing4_PROD, Test replica 11754]]>
              </value>
            </param>
            <param index="3">
              <value>
                <![CDATA[84 pages, 6 pages, 6 pages, 35 pages, 37 pages]]>
              </value>
            </param>
          </params>
          <reporter-output>
          </reporter-output>
        </test-method> <!-- testSearchByContents -->
        <test-method status="PASS" signature="waitBeforeCallingMethod()[pri:0, instance:test.java.CompleteLibraryTest@73f792cf]" name="waitBeforeCallingMethod" is-config="true" duration-ms="3034" started-at="2015-08-05T14:18:54Z" finished-at="2015-08-05T14:18:57Z">
          <reporter-output>
          </reporter-output>
        </test-method> <!-- waitBeforeCallingMethod -->
        <test-method status="PASS" signature="testSearchByeText(java.lang.String, java.lang.String, java.lang.String, java.lang.String)[pri:0, instance:test.java.CompleteLibraryTest@73f792cf]" name="testSearchByeText" duration-ms="2639" depends-on-groups="ClickOnAlleTextPagesStack" started-at="2015-08-05T14:18:57Z" data-provider="ExcelDataProvider" finished-at="2015-08-05T14:19:00Z">
          <params>
            <param index="0">
              <value>
                <![CDATA[Counseling]]>
              </value>
            </param>
            <param index="1">
              <value>
                <![CDATA[Complete Library, Subscribed, Favorites]]>
              </value>
            </param>
            <param index="2">
              <value>
                <![CDATA[All eTexts, people's Category, Sample, TECHNOLOGY AND STACKS, Test Category]]>
              </value>
            </param>
            <param index="3">
              <value>
                <![CDATA[2 eTexts, 1 eText, 1 eText, 1 eText, 1 eText]]>
              </value>
            </param>
          </params>
          <reporter-output>
          </reporter-output>
        </test-method> <!-- testSearchByeText -->
        <test-method status="PASS" signature="waitBeforeCallingMethod()[pri:0, instance:test.java.CompleteLibraryTest@73f792cf]" name="waitBeforeCallingMethod" is-config="true" duration-ms="13" started-at="2015-08-05T14:19:00Z" finished-at="2015-08-05T14:19:00Z">
          <reporter-output>
          </reporter-output>
        </test-method> <!-- waitBeforeCallingMethod -->
        <test-method status="PASS" signature="testSearchByeText(java.lang.String, java.lang.String, java.lang.String, java.lang.String)[pri:0, instance:test.java.CompleteLibraryTest@73f792cf]" name="testSearchByeText" duration-ms="2184" depends-on-groups="ClickOnAlleTextPagesStack" started-at="2015-08-05T14:19:00Z" data-provider="ExcelDataProvider" finished-at="2015-08-05T14:19:02Z">
          <params>
            <param index="0">
              <value>
                <![CDATA[Assessment]]>
              </value>
            </param>
            <param index="1">
              <value>
                <![CDATA[Complete Library, Subscribed, Favorites]]>
              </value>
            </param>
            <param index="2">
              <value>
                <![CDATA[All eTexts, people's Category, TECHNOLOGY AND STACKS]]>
              </value>
            </param>
            <param index="3">
              <value>
                <![CDATA[1 eText, 1 eText, 1 eText]]>
              </value>
            </param>
          </params>
          <reporter-output>
          </reporter-output>
        </test-method> <!-- testSearchByeText -->
        <test-method status="PASS" signature="waitBeforeCallingMethod()[pri:0, instance:test.java.CompleteLibraryTest@73f792cf]" name="waitBeforeCallingMethod" is-config="true" duration-ms="13" started-at="2015-08-05T14:19:02Z" finished-at="2015-08-05T14:19:02Z">
          <reporter-output>
          </reporter-output>
        </test-method> <!-- waitBeforeCallingMethod -->
        <test-method status="PASS" signature="testSearchByeText(java.lang.String, java.lang.String, java.lang.String, java.lang.String)[pri:0, instance:test.java.CompleteLibraryTest@73f792cf]" name="testSearchByeText" duration-ms="2342" depends-on-groups="ClickOnAlleTextPagesStack" started-at="2015-08-05T14:19:02Z" data-provider="ExcelDataProvider" finished-at="2015-08-05T14:19:05Z">
          <params>
            <param index="0">
              <value>
                <![CDATA[Audio]]>
              </value>
            </param>
            <param index="1">
              <value>
                <![CDATA[Complete Library, Subscribed, Favorites]]>
              </value>
            </param>
            <param index="2">
              <value>
                <![CDATA[All eTexts, captivity, Test Category]]>
              </value>
            </param>
            <param index="3">
              <value>
                <![CDATA[1 eText, 1 eText, 1 eText]]>
              </value>
            </param>
          </params>
          <reporter-output>
          </reporter-output>
        </test-method> <!-- testSearchByeText -->
        <test-method status="PASS" signature="waitBeforeCallingMethod()[pri:0, instance:test.java.CompleteLibraryTest@73f792cf]" name="waitBeforeCallingMethod" is-config="true" duration-ms="345" started-at="2015-08-05T14:19:05Z" finished-at="2015-08-05T14:19:05Z">
          <reporter-output>
          </reporter-output>
        </test-method> <!-- waitBeforeCallingMethod -->
        <test-method status="PASS" signature="testSearchMyNotes(java.lang.String, java.lang.String, java.lang.String, java.lang.String)[pri:0, instance:test.java.CompleteLibraryTest@73f792cf]" name="testSearchMyNotes" duration-ms="4217" depends-on-groups="ClickOnAlleTextStack" started-at="2015-08-05T14:19:05Z" data-provider="ExcelDataProvider" finished-at="2015-08-05T14:19:10Z">
          <params>
            <param index="0">
              <value>
                <![CDATA[Note]]>
              </value>
            </param>
            <param index="1">
              <value>
                <![CDATA[eTexts, Categories]]>
              </value>
            </param>
            <param index="2">
              <value>
                <![CDATA[All eText Notes, Counseling title 1, Test Audio_Std_R49]]>
              </value>
            </param>
            <param index="3">
              <value>
                <![CDATA[17 notes, 7 notes, 10 notes]]>
              </value>
            </param>
          </params>
          <reporter-output>
          </reporter-output>
        </test-method> <!-- testSearchMyNotes -->
        <test-method status="PASS" signature="waitBeforeCallingMethod()[pri:0, instance:test.java.CompleteLibraryTest@73f792cf]" name="waitBeforeCallingMethod" is-config="true" duration-ms="13" started-at="2015-08-05T14:19:10Z" finished-at="2015-08-05T14:19:10Z">
          <reporter-output>
          </reporter-output>
        </test-method> <!-- waitBeforeCallingMethod -->
        <test-method status="PASS" signature="testSearchMyNotes(java.lang.String, java.lang.String, java.lang.String, java.lang.String)[pri:0, instance:test.java.CompleteLibraryTest@73f792cf]" name="testSearchMyNotes" duration-ms="3542" depends-on-groups="ClickOnAlleTextStack" started-at="2015-08-05T14:19:10Z" data-provider="ExcelDataProvider" finished-at="2015-08-05T14:19:13Z">
          <params>
            <param index="0">
              <value>
                <![CDATA[Test]]>
              </value>
            </param>
            <param index="1">
              <value>
                <![CDATA[eTexts, Categories]]>
              </value>
            </param>
            <param index="2">
              <value>
                <![CDATA[All eText Notes, Counseling title 1]]>
              </value>
            </param>
            <param index="3">
              <value>
                <![CDATA[1 note, 1 note]]>
              </value>
            </param>
          </params>
          <reporter-output>
          </reporter-output>
        </test-method> <!-- testSearchMyNotes -->
        <test-method status="PASS" signature="waitBeforeCallingMethod()[pri:0, instance:test.java.CompleteLibraryTest@73f792cf]" name="waitBeforeCallingMethod" is-config="true" duration-ms="15" started-at="2015-08-05T14:19:13Z" finished-at="2015-08-05T14:19:13Z">
          <reporter-output>
          </reporter-output>
        </test-method> <!-- waitBeforeCallingMethod -->
        <test-method status="PASS" signature="testSearchMyNotes(java.lang.String, java.lang.String, java.lang.String, java.lang.String)[pri:0, instance:test.java.CompleteLibraryTest@73f792cf]" name="testSearchMyNotes" duration-ms="4917" depends-on-groups="ClickOnAlleTextStack" started-at="2015-08-05T14:19:13Z" data-provider="ExcelDataProvider" finished-at="2015-08-05T14:19:18Z">
          <params>
            <param index="0">
              <value>
                <![CDATA[Private]]>
              </value>
            </param>
            <param index="1">
              <value>
                <![CDATA[eTexts, Categories]]>
              </value>
            </param>
            <param index="2">
              <value>
                <![CDATA[All eText Notes, Counseling title 1, Test Audio_Std_R49]]>
              </value>
            </param>
            <param index="3">
              <value>
                <![CDATA[5 notes, 3 notes, 2 notes]]>
              </value>
            </param>
          </params>
          <reporter-output>
          </reporter-output>
        </test-method> <!-- testSearchMyNotes -->
      </class> <!-- test.java.CompleteLibraryTest -->
      <class name="test.java.LoginPageTest">
        <test-method status="PASS" signature="setUp(java.lang.String, java.lang.String, java.lang.String, java.lang.String, java.lang.String, org.testng.ITestContext)[pri:0, instance:test.java.LoginPageTest@13969fbe]" name="setUp" is-config="true" duration-ms="17591" started-at="2015-08-05T14:18:02Z" finished-at="2015-08-05T14:18:20Z">
          <params>
            <param index="0">
              <value>
                <![CDATA[http://library.pearsoncmg.com/library/index.do?libraryid=2821]]>
              </value>
            </param>
            <param index="1">
              <value>
                <![CDATA[firefox]]>
              </value>
            </param>
            <param index="2">
              <value>
                <![CDATA[1.4]]>
              </value>
            </param>
            <param index="3">
              <value>
                <![CDATA[3]]>
              </value>
            </param>
            <param index="4">
              <value>
                <![CDATA[1]]>
              </value>
            </param>
            <param index="5">
              <value>
                <![CDATA[org.testng.TestRunner@36060e]]>
              </value>
            </param>
          </params>
          <reporter-output>
          </reporter-output>
        </test-method> <!-- setUp -->
        <test-method status="PASS" signature="beforeClass()[pri:0, instance:test.java.LoginPageTest@13969fbe]" name="beforeClass" is-config="true" duration-ms="0" started-at="2015-08-05T14:18:20Z" finished-at="2015-08-05T14:18:20Z">
          <reporter-output>
          </reporter-output>
        </test-method> <!-- beforeClass -->
        <test-method status="PASS" signature="waitBeforeCallingMethod()[pri:0, instance:test.java.LoginPageTest@13969fbe]" name="waitBeforeCallingMethod" is-config="true" duration-ms="115" started-at="2015-08-05T14:18:20Z" finished-at="2015-08-05T14:18:20Z">
          <reporter-output>
          </reporter-output>
        </test-method> <!-- waitBeforeCallingMethod -->
        <test-method status="PASS" signature="testverifyUIOfLoginPage(java.lang.String, java.lang.String, java.lang.String, java.lang.String, java.lang.String, java.lang.String, java.lang.String, java.lang.String)[pri:0, instance:test.java.LoginPageTest@13969fbe]" name="testverifyUIOfLoginPage" duration-ms="681" started-at="2015-08-05T14:18:20Z" data-provider="ExcelDataProvider" finished-at="2015-08-05T14:18:21Z">
          <params>
            <param index="0">
              <value>
                <![CDATA[Sign In]]>
              </value>
            </param>
            <param index="1">
              <value>
                <![CDATA[username]]>
              </value>
            </param>
            <param index="2">
              <value>
                <![CDATA[password]]>
              </value>
            </param>
            <param index="3">
              <value>
                <![CDATA[Forgot your username/password?]]>
              </value>
            </param>
            <param index="4">
              <value>
                <![CDATA[Don't have an account?]]>
              </value>
            </param>
            <param index="5">
              <value>
                <![CDATA[Purchase Library]]>
              </value>
            </param>
            <param index="6">
              <value>
                <![CDATA[Register Now]]>
              </value>
            </param>
            <param index="7">
              <value>
                <![CDATA[Search and browse Library]]>
              </value>
            </param>
          </params>
          <reporter-output>
          </reporter-output>
        </test-method> <!-- testverifyUIOfLoginPage -->
        <test-method status="PASS" signature="waitBeforeCallingMethod()[pri:0, instance:test.java.LoginPageTest@13969fbe]" name="waitBeforeCallingMethod" is-config="true" duration-ms="17" started-at="2015-08-05T14:18:21Z" finished-at="2015-08-05T14:18:21Z">
          <reporter-output>
          </reporter-output>
        </test-method> <!-- waitBeforeCallingMethod -->
        <test-method status="PASS" signature="testForgetUserNamePasswordLink()[pri:0, instance:test.java.LoginPageTest@13969fbe]" name="testForgetUserNamePasswordLink" duration-ms="156" started-at="2015-08-05T14:18:21Z" depends-on-methods="test.java.LoginPageTest.testverifyUIOfLoginPage" finished-at="2015-08-05T14:18:21Z">
          <reporter-output>
          </reporter-output>
        </test-method> <!-- testForgetUserNamePasswordLink -->
        <test-method status="PASS" signature="waitBeforeCallingMethod()[pri:0, instance:test.java.LoginPageTest@13969fbe]" name="waitBeforeCallingMethod" is-config="true" duration-ms="28" started-at="2015-08-05T14:18:22Z" finished-at="2015-08-05T14:18:22Z">
          <reporter-output>
          </reporter-output>
        </test-method> <!-- waitBeforeCallingMethod -->
        <test-method status="PASS" signature="testLogin(java.lang.String, java.lang.String)[pri:0, instance:test.java.LoginPageTest@13969fbe]" name="testLogin" duration-ms="18650" started-at="2015-08-05T14:18:22Z" data-provider="ExcelDataProvider" depends-on-methods="test.java.LoginPageTest.testForgetUserNamePasswordLink" finished-at="2015-08-05T14:18:40Z">
          <params>
            <param index="0">
              <value>
                <![CDATA[library_edu_1]]>
              </value>
            </param>
            <param index="1">
              <value>
                <![CDATA[pa55word]]>
              </value>
            </param>
          </params>
          <reporter-output>
          </reporter-output>
        </test-method> <!-- testLogin -->
        <test-method status="PASS" signature="waitBeforeCallingMethod()[pri:0, instance:test.java.LoginPageTest@13969fbe]" name="waitBeforeCallingMethod" is-config="true" duration-ms="13" started-at="2015-08-05T14:19:53Z" finished-at="2015-08-05T14:19:53Z">
          <reporter-output>
          </reporter-output>
        </test-method> <!-- waitBeforeCallingMethod -->
        <test-method status="PASS" signature="testclickSearchAndBrowseLibraryLink()[pri:0, instance:test.java.LoginPageTest@13969fbe]" name="testclickSearchAndBrowseLibraryLink" duration-ms="4491" depends-on-groups="SignOut" started-at="2015-08-05T14:19:53Z" finished-at="2015-08-05T14:19:57Z">
          <reporter-output>
          </reporter-output>
        </test-method> <!-- testclickSearchAndBrowseLibraryLink -->
        <test-method status="PASS" signature="tearDown()[pri:0, instance:test.java.LoginPageTest@13969fbe]" name="tearDown" is-config="true" duration-ms="2306" started-at="2015-08-05T14:20:07Z" finished-at="2015-08-05T14:20:09Z">
          <reporter-output>
          </reporter-output>
        </test-method> <!-- tearDown -->
      </class> <!-- test.java.LoginPageTest -->
      <class name="test.java.SavedSearchesTest">
        <test-method status="PASS" signature="beforeClass()[pri:0, instance:test.java.SavedSearchesTest@38082d64]" name="beforeClass" is-config="true" duration-ms="0" started-at="2015-08-05T14:19:19Z" finished-at="2015-08-05T14:19:19Z">
          <reporter-output>
          </reporter-output>
        </test-method> <!-- beforeClass -->
        <test-method status="PASS" signature="waitBeforeCallingMethod()[pri:0, instance:test.java.SavedSearchesTest@38082d64]" name="waitBeforeCallingMethod" is-config="true" duration-ms="1522" started-at="2015-08-05T14:19:19Z" finished-at="2015-08-05T14:19:21Z">
          <reporter-output>
          </reporter-output>
        </test-method> <!-- waitBeforeCallingMethod -->
        <test-method status="PASS" signature="testNavigateToSavedSearchesPage()[pri:0, instance:test.java.SavedSearchesTest@38082d64]" name="testNavigateToSavedSearchesPage" duration-ms="1191" depends-on-groups="ClickOnAlleTextNotesStack" started-at="2015-08-05T14:19:21Z" finished-at="2015-08-05T14:19:22Z">
          <reporter-output>
          </reporter-output>
        </test-method> <!-- testNavigateToSavedSearchesPage -->
        <test-method status="PASS" signature="waitBeforeCallingMethod()[pri:0, instance:test.java.SavedSearchesTest@38082d64]" name="waitBeforeCallingMethod" is-config="true" duration-ms="15" started-at="2015-08-05T14:19:22Z" finished-at="2015-08-05T14:19:22Z">
          <reporter-output>
          </reporter-output>
        </test-method> <!-- waitBeforeCallingMethod -->
        <test-method status="PASS" signature="testClickOnSavedContentSearchTerm(java.lang.String, java.lang.String)[pri:0, instance:test.java.SavedSearchesTest@38082d64]" name="testClickOnSavedContentSearchTerm" duration-ms="2818" started-at="2015-08-05T14:19:22Z" data-provider="ExcelDataProvider" depends-on-methods="test.java.SavedSearchesTest.testNavigateToSavedSearchesPage" finished-at="2015-08-05T14:19:25Z">
          <params>
            <param index="0">
              <value>
                <![CDATA[development]]>
              </value>
            </param>
            <param index="1">
              <value>
                <![CDATA[All eText Notes]]>
              </value>
            </param>
          </params>
          <reporter-output>
          </reporter-output>
        </test-method> <!-- testClickOnSavedContentSearchTerm -->
        <test-method status="PASS" signature="waitBeforeCallingMethod()[pri:0, instance:test.java.SavedSearchesTest@38082d64]" name="waitBeforeCallingMethod" is-config="true" duration-ms="25" started-at="2015-08-05T14:19:25Z" finished-at="2015-08-05T14:19:25Z">
          <reporter-output>
          </reporter-output>
        </test-method> <!-- waitBeforeCallingMethod -->
        <test-method status="PASS" signature="testClickOnSavedeTextSearchTerm(java.lang.String, java.lang.String)[pri:0, instance:test.java.SavedSearchesTest@38082d64]" name="testClickOnSavedeTextSearchTerm" duration-ms="1389" started-at="2015-08-05T14:19:25Z" data-provider="ExcelDataProvider" depends-on-methods="test.java.SavedSearchesTest.testClickOnSavedContentSearchTerm" finished-at="2015-08-05T14:19:26Z">
          <params>
            <param index="0">
              <value>
                <![CDATA[Counseling]]>
              </value>
            </param>
            <param index="1">
              <value>
                <![CDATA[All eText]]>
              </value>
            </param>
          </params>
          <reporter-output>
          </reporter-output>
        </test-method> <!-- testClickOnSavedeTextSearchTerm -->
        <test-method status="PASS" signature="waitBeforeCallingMethod()[pri:0, instance:test.java.SavedSearchesTest@38082d64]" name="waitBeforeCallingMethod" is-config="true" duration-ms="15" started-at="2015-08-05T14:19:27Z" finished-at="2015-08-05T14:19:27Z">
          <reporter-output>
          </reporter-output>
        </test-method> <!-- waitBeforeCallingMethod -->
        <test-method status="PASS" signature="testClickOnSavedNoteSearchTerm(java.lang.String, java.lang.String)[pri:0, instance:test.java.SavedSearchesTest@38082d64]" name="testClickOnSavedNoteSearchTerm" duration-ms="2078" started-at="2015-08-05T14:19:27Z" data-provider="ExcelDataProvider" depends-on-methods="test.java.SavedSearchesTest.testClickOnSavedeTextSearchTerm" finished-at="2015-08-05T14:19:29Z">
          <params>
            <param index="0">
              <value>
                <![CDATA[Note]]>
              </value>
            </param>
            <param index="1">
              <value>
                <![CDATA[All eText Notes]]>
              </value>
            </param>
          </params>
          <reporter-output>
          </reporter-output>
        </test-method> <!-- testClickOnSavedNoteSearchTerm -->
        <test-method status="PASS" signature="waitBeforeCallingMethod()[pri:0, instance:test.java.SavedSearchesTest@38082d64]" name="waitBeforeCallingMethod" is-config="true" duration-ms="30" started-at="2015-08-05T14:19:29Z" finished-at="2015-08-05T14:19:29Z">
          <reporter-output>
          </reporter-output>
        </test-method> <!-- waitBeforeCallingMethod -->
        <test-method status="PASS" signature="testDeleteSavedContentSearchTerm(java.lang.String)[pri:0, instance:test.java.SavedSearchesTest@38082d64]" name="testDeleteSavedContentSearchTerm" duration-ms="7450" started-at="2015-08-05T14:19:29Z" data-provider="ExcelDataProvider" depends-on-methods="test.java.SavedSearchesTest.testClickOnSavedNoteSearchTerm" finished-at="2015-08-05T14:19:36Z">
          <params>
            <param index="0">
              <value>
                <![CDATA[development]]>
              </value>
            </param>
          </params>
          <reporter-output>
          </reporter-output>
        </test-method> <!-- testDeleteSavedContentSearchTerm -->
        <test-method status="PASS" signature="waitBeforeCallingMethod()[pri:0, instance:test.java.SavedSearchesTest@38082d64]" name="waitBeforeCallingMethod" is-config="true" duration-ms="12" started-at="2015-08-05T14:19:37Z" finished-at="2015-08-05T14:19:37Z">
          <reporter-output>
          </reporter-output>
        </test-method> <!-- waitBeforeCallingMethod -->
        <test-method status="PASS" signature="testDeleteSavedeTextSearchTerm(java.lang.String)[pri:0, instance:test.java.SavedSearchesTest@38082d64]" name="testDeleteSavedeTextSearchTerm" duration-ms="6849" started-at="2015-08-05T14:19:37Z" data-provider="ExcelDataProvider" depends-on-methods="test.java.SavedSearchesTest.testDeleteSavedContentSearchTerm" finished-at="2015-08-05T14:19:43Z">
          <params>
            <param index="0">
              <value>
                <![CDATA[Counseling]]>
              </value>
            </param>
          </params>
          <reporter-output>
          </reporter-output>
        </test-method> <!-- testDeleteSavedeTextSearchTerm -->
        <test-method status="PASS" signature="waitBeforeCallingMethod()[pri:0, instance:test.java.SavedSearchesTest@38082d64]" name="waitBeforeCallingMethod" is-config="true" duration-ms="15" started-at="2015-08-05T14:19:44Z" finished-at="2015-08-05T14:19:44Z">
          <reporter-output>
          </reporter-output>
        </test-method> <!-- waitBeforeCallingMethod -->
        <test-method status="PASS" signature="testDeleteSavedNoteSearchTerm(java.lang.String)[pri:0, instance:test.java.SavedSearchesTest@38082d64]" name="testDeleteSavedNoteSearchTerm" duration-ms="6949" started-at="2015-08-05T14:19:44Z" data-provider="ExcelDataProvider" depends-on-methods="test.java.SavedSearchesTest.testDeleteSavedeTextSearchTerm" finished-at="2015-08-05T14:19:51Z">
          <params>
            <param index="0">
              <value>
                <![CDATA[Note]]>
              </value>
            </param>
          </params>
          <reporter-output>
          </reporter-output>
        </test-method> <!-- testDeleteSavedNoteSearchTerm -->
      </class> <!-- test.java.SavedSearchesTest -->
      <class name="test.java.SignOutTest">
        <test-method status="PASS" signature="beforeClass()[pri:0, instance:test.java.SignOutTest@6b2fad11]" name="beforeClass" is-config="true" duration-ms="0" started-at="2015-08-05T14:19:51Z" finished-at="2015-08-05T14:19:51Z">
          <reporter-output>
          </reporter-output>
        </test-method> <!-- beforeClass -->
        <test-method status="PASS" signature="waitBeforeCallingMethod()[pri:0, instance:test.java.SignOutTest@6b2fad11]" name="waitBeforeCallingMethod" is-config="true" duration-ms="12" started-at="2015-08-05T14:19:51Z" finished-at="2015-08-05T14:19:51Z">
          <reporter-output>
          </reporter-output>
        </test-method> <!-- waitBeforeCallingMethod -->
        <test-method status="PASS" signature="testSignOut()[pri:0, instance:test.java.SignOutTest@6b2fad11]" name="testSignOut" duration-ms="1912" depends-on-groups="DeleteSavedSearchTerm" started-at="2015-08-05T14:19:51Z" finished-at="2015-08-05T14:19:53Z">
          <reporter-output>
          </reporter-output>
        </test-method> <!-- testSignOut -->
      </class> <!-- test.java.SignOutTest -->
      <class name="test.java.SearchResultsTest">
        <test-method status="PASS" signature="beforeClass()[pri:0, instance:test.java.SearchResultsTest@2ed94a8b]" name="beforeClass" is-config="true" duration-ms="0" started-at="2015-08-05T14:18:54Z" finished-at="2015-08-05T14:18:54Z">
          <reporter-output>
          </reporter-output>
        </test-method> <!-- beforeClass -->
        <test-method status="PASS" signature="waitBeforeCallingMethod()[pri:0, instance:test.java.SearchResultsTest@2ed94a8b]" name="waitBeforeCallingMethod" is-config="true" duration-ms="18" started-at="2015-08-05T14:18:54Z" finished-at="2015-08-05T14:18:54Z">
          <reporter-output>
          </reporter-output>
        </test-method> <!-- waitBeforeCallingMethod -->
        <test-method status="PASS" signature="testverifyAlleTextPagesStack()[pri:0, instance:test.java.SearchResultsTest@2ed94a8b]" name="testverifyAlleTextPagesStack" duration-ms="341" depends-on-groups="PerformSearchingByeContents" started-at="2015-08-05T14:18:54Z" finished-at="2015-08-05T14:18:54Z">
          <reporter-output>
          </reporter-output>
        </test-method> <!-- testverifyAlleTextPagesStack -->
        <test-method status="PASS" signature="waitBeforeCallingMethod()[pri:0, instance:test.java.SearchResultsTest@2ed94a8b]" name="waitBeforeCallingMethod" is-config="true" duration-ms="13" started-at="2015-08-05T14:19:05Z" finished-at="2015-08-05T14:19:05Z">
          <reporter-output>
          </reporter-output>
        </test-method> <!-- waitBeforeCallingMethod -->
        <test-method status="PASS" signature="testverifyAlleTextStack()[pri:0, instance:test.java.SearchResultsTest@2ed94a8b]" name="testverifyAlleTextStack" duration-ms="183" depends-on-groups="PerformSearchingByeText" started-at="2015-08-05T14:19:05Z" finished-at="2015-08-05T14:19:05Z">
          <reporter-output>
          </reporter-output>
        </test-method> <!-- testverifyAlleTextStack -->
        <test-method status="PASS" signature="waitBeforeCallingMethod()[pri:0, instance:test.java.SearchResultsTest@2ed94a8b]" name="waitBeforeCallingMethod" is-config="true" duration-ms="14" started-at="2015-08-05T14:19:18Z" finished-at="2015-08-05T14:19:18Z">
          <reporter-output>
          </reporter-output>
        </test-method> <!-- waitBeforeCallingMethod -->
        <test-method status="PASS" signature="testverifyAlleTextNotesStack()[pri:0, instance:test.java.SearchResultsTest@2ed94a8b]" name="testverifyAlleTextNotesStack" duration-ms="495" depends-on-groups="PerformSearchingByNotes" started-at="2015-08-05T14:19:18Z" finished-at="2015-08-05T14:19:19Z">
          <reporter-output>
          </reporter-output>
        </test-method> <!-- testverifyAlleTextNotesStack -->
      </class> <!-- test.java.SearchResultsTest -->
      <class name="test.java.SearchAndBrowseLibraryTest">
        <test-method status="PASS" signature="beforeClass()[pri:0, instance:test.java.SearchAndBrowseLibraryTest@dfd3711]" name="beforeClass" is-config="true" duration-ms="0" started-at="2015-08-05T14:19:57Z" finished-at="2015-08-05T14:19:57Z">
          <reporter-output>
          </reporter-output>
        </test-method> <!-- beforeClass -->
        <test-method status="PASS" signature="waitBeforeCallingMethod()[pri:0, instance:test.java.SearchAndBrowseLibraryTest@dfd3711]" name="waitBeforeCallingMethod" is-config="true" duration-ms="13" started-at="2015-08-05T14:19:57Z" finished-at="2015-08-05T14:19:58Z">
          <reporter-output>
          </reporter-output>
        </test-method> <!-- waitBeforeCallingMethod -->
        <test-method status="PASS" signature="testVerifyOptionsInDropdown(java.lang.String)[pri:0, instance:test.java.SearchAndBrowseLibraryTest@dfd3711]" name="testVerifyOptionsInDropdown" duration-ms="133" depends-on-groups="LoginPage" started-at="2015-08-05T14:19:58Z" data-provider="ExcelDataProvider" finished-at="2015-08-05T14:19:58Z">
          <params>
            <param index="0">
              <value>
                <![CDATA[Complete Library, MyLab]]>
              </value>
            </param>
          </params>
          <reporter-output>
          </reporter-output>
        </test-method> <!-- testVerifyOptionsInDropdown -->
        <test-method status="PASS" signature="waitBeforeCallingMethod()[pri:0, instance:test.java.SearchAndBrowseLibraryTest@dfd3711]" name="waitBeforeCallingMethod" is-config="true" duration-ms="13" started-at="2015-08-05T14:19:58Z" finished-at="2015-08-05T14:19:58Z">
          <reporter-output>
          </reporter-output>
        </test-method> <!-- waitBeforeCallingMethod -->
        <test-method status="PASS" signature="testVerifyBooksPresentInAlleTextStack(java.lang.String)[pri:0, instance:test.java.SearchAndBrowseLibraryTest@dfd3711]" name="testVerifyBooksPresentInAlleTextStack" duration-ms="1204" started-at="2015-08-05T14:19:58Z" data-provider="ExcelDataProvider" depends-on-methods="test.java.SearchAndBrowseLibraryTest.testVerifyOptionsInDropdown" finished-at="2015-08-05T14:19:59Z">
          <params>
            <param index="0">
              <value>
                <![CDATA[Counseling title 1, std_existing_48, Test Audio_Std_R49, testing4_PROD, 48sakshi, saudi_moe_relg_R48, Test replica 11754]]>
              </value>
            </param>
          </params>
          <reporter-output>
          </reporter-output>
        </test-method> <!-- testVerifyBooksPresentInAlleTextStack -->
        <test-method status="PASS" signature="waitBeforeCallingMethod()[pri:0, instance:test.java.SearchAndBrowseLibraryTest@dfd3711]" name="waitBeforeCallingMethod" is-config="true" duration-ms="17" started-at="2015-08-05T14:19:59Z" finished-at="2015-08-05T14:19:59Z">
          <reporter-output>
          </reporter-output>
        </test-method> <!-- waitBeforeCallingMethod -->
        <test-method status="PASS" signature="testVerifyUIOfMoreInfoPopUpUnknownUser(java.lang.String, java.lang.String, java.lang.String, java.lang.String)[pri:0, instance:test.java.SearchAndBrowseLibraryTest@dfd3711]" name="testVerifyUIOfMoreInfoPopUpUnknownUser" duration-ms="2011" started-at="2015-08-05T14:19:59Z" data-provider="ExcelDataProvider" depends-on-methods="test.java.SearchAndBrowseLibraryTest.testVerifyBooksPresentInAlleTextStack" finished-at="2015-08-05T14:20:01Z">
          <params>
            <param index="0">
              <value>
                <![CDATA[Counseling title 1]]>
              </value>
            </param>
            <param index="1">
              <value>
                <![CDATA[By AMIT TARAN, sourav Saha, pracheta , Badal Rai]]>
              </value>
            </param>
            <param index="2">
              <value>
                <![CDATA[Copyright © 2010]]>
              </value>
            </param>
            <param index="3">
              <value>
                <![CDATA[Most scientific inventions are purposely created and result from curiosity, persistence, and years of hard work.]]>
              </value>
            </param>
          </params>
          <reporter-output>
          </reporter-output>
        </test-method> <!-- testVerifyUIOfMoreInfoPopUpUnknownUser -->
        <test-method status="PASS" signature="waitBeforeCallingMethod()[pri:0, instance:test.java.SearchAndBrowseLibraryTest@dfd3711]" name="waitBeforeCallingMethod" is-config="true" duration-ms="15" started-at="2015-08-05T14:20:01Z" finished-at="2015-08-05T14:20:01Z">
          <reporter-output>
          </reporter-output>
        </test-method> <!-- waitBeforeCallingMethod -->
        <test-method status="PASS" signature="testVerifyOptionsInPreviewChapterDropdown(java.lang.String)[pri:0, instance:test.java.SearchAndBrowseLibraryTest@dfd3711]" name="testVerifyOptionsInPreviewChapterDropdown" duration-ms="141" started-at="2015-08-05T14:20:01Z" data-provider="ExcelDataProvider" depends-on-methods="test.java.SearchAndBrowseLibraryTest.testVerifyUIOfMoreInfoPopUpUnknownUser" finished-at="2015-08-05T14:20:02Z">
          <params>
            <param index="0">
              <value>
                <![CDATA[Table of Contents, Chapter 1]]>
              </value>
            </param>
          </params>
          <reporter-output>
          </reporter-output>
        </test-method> <!-- testVerifyOptionsInPreviewChapterDropdown -->
        <test-method status="PASS" signature="waitBeforeCallingMethod()[pri:0, instance:test.java.SearchAndBrowseLibraryTest@dfd3711]" name="waitBeforeCallingMethod" is-config="true" duration-ms="16" started-at="2015-08-05T14:20:02Z" finished-at="2015-08-05T14:20:02Z">
          <reporter-output>
          </reporter-output>
        </test-method> <!-- waitBeforeCallingMethod -->
        <test-method status="PASS" signature="testLaunchChapterPreview(java.lang.String)[pri:0, instance:test.java.SearchAndBrowseLibraryTest@dfd3711]" name="testLaunchChapterPreview" duration-ms="4362" started-at="2015-08-05T14:20:02Z" data-provider="ExcelDataProvider" depends-on-methods="test.java.SearchAndBrowseLibraryTest.testVerifyOptionsInPreviewChapterDropdown" finished-at="2015-08-05T14:20:06Z">
          <params>
            <param index="0">
              <value>
                <![CDATA[Chapter 1]]>
              </value>
            </param>
          </params>
          <reporter-output>
          </reporter-output>
        </test-method> <!-- testLaunchChapterPreview -->
        <test-method status="PASS" signature="waitBeforeCallingMethod()[pri:0, instance:test.java.SearchAndBrowseLibraryTest@dfd3711]" name="waitBeforeCallingMethod" is-config="true" duration-ms="16" started-at="2015-08-05T14:20:06Z" finished-at="2015-08-05T14:20:06Z">
          <reporter-output>
          </reporter-output>
        </test-method> <!-- waitBeforeCallingMethod -->
        <test-method status="PASS" signature="testVerifyUIOfChapterPreview(java.lang.String, java.lang.String, java.lang.String)[pri:0, instance:test.java.SearchAndBrowseLibraryTest@dfd3711]" name="testVerifyUIOfChapterPreview" duration-ms="277" started-at="2015-08-05T14:20:06Z" data-provider="ExcelDataProvider" depends-on-methods="test.java.SearchAndBrowseLibraryTest.testLaunchChapterPreview" finished-at="2015-08-05T14:20:07Z">
          <params>
            <param index="0">
              <value>
                <![CDATA[Counseling title 1]]>
              </value>
            </param>
            <param index="1">
              <value>
                <![CDATA[TARAN, Saha, , Rai]]>
              </value>
            </param>
            <param index="2">
              <value>
                <![CDATA[Page 13]]>
              </value>
            </param>
          </params>
          <reporter-output>
          </reporter-output>
        </test-method> <!-- testVerifyUIOfChapterPreview -->
      </class> <!-- test.java.SearchAndBrowseLibraryTest -->
    </test> <!-- DigitalLibraryFunctionalTest -->
  </suite> <!-- DigitalLibrary -->
</testng-results>
