<?xml version="1.0" encoding="UTF-8"?>
<testng-results skipped="1" failed="5" total="31" passed="25">
  <reporter-output>
  </reporter-output>
  <suite name="DigitalLibrary" duration-ms="236255" started-at="2015-07-31T10:16:44Z" finished-at="2015-07-31T10:20:40Z">
    <groups>
      <group name="ClickOnSavedSearchTerm">
        <method signature="SavedSearchesTest.testClickOnSavedContentSearchTerm(java.lang.String, java.lang.String)[pri:0, instance:test.java.SavedSearchesTest@38082d64]" name="testClickOnSavedContentSearchTerm" class="test.java.SavedSearchesTest"/>
        <method signature="SavedSearchesTest.testClickOnSavedeTextSearchTerm(java.lang.String, java.lang.String)[pri:0, instance:test.java.SavedSearchesTest@38082d64]" name="testClickOnSavedeTextSearchTerm" class="test.java.SavedSearchesTest"/>
        <method signature="SavedSearchesTest.testClickOnSavedNoteSearchTerm(java.lang.String, java.lang.String)[pri:0, instance:test.java.SavedSearchesTest@38082d64]" name="testClickOnSavedNoteSearchTerm" class="test.java.SavedSearchesTest"/>
      </group> <!-- ClickOnSavedSearchTerm -->
      <group name="SignOut">
        <method signature="SignOutTest.testSignOut()[pri:0, instance:test.java.SignOutTest@6b2fad11]" name="testSignOut" class="test.java.SignOutTest"/>
      </group> <!-- SignOut -->
      <group name="PerformSearchingByNotes">
        <method signature="CompleteLibraryTest.testSearchMyNotes(java.lang.String, java.lang.String, java.lang.String, java.lang.String)[pri:0, instance:test.java.CompleteLibraryTest@73f792cf]" name="testSearchMyNotes" class="test.java.CompleteLibraryTest"/>
      </group> <!-- PerformSearchingByNotes -->
      <group name="ClickOnAlleTextStack">
        <method signature="SearchResultsTest.testverifyAlleTextStack()[pri:0, instance:test.java.SearchResultsTest@2ed94a8b]" name="testverifyAlleTextStack" class="test.java.SearchResultsTest"/>
      </group> <!-- ClickOnAlleTextStack -->
      <group name="CompleteLibrary">
        <method signature="CompleteLibraryTest.testVerifyUIOfCompleteLibraryPage(java.lang.String, java.lang.String, java.lang.String, java.lang.String)[pri:0, instance:test.java.CompleteLibraryTest@73f792cf]" name="testVerifyUIOfCompleteLibraryPage" class="test.java.CompleteLibraryTest"/>
      </group> <!-- CompleteLibrary -->
      <group name="Login">
        <method signature="LoginPageTest.testverifyUIOfLoginPage(java.lang.String, java.lang.String, java.lang.String, java.lang.String, java.lang.String, java.lang.String, java.lang.String, java.lang.String)[pri:0, instance:test.java.LoginPageTest@13969fbe]" name="testverifyUIOfLoginPage" class="test.java.LoginPageTest"/>
        <method signature="LoginPageTest.testForgetUserNamePasswordLink()[pri:0, instance:test.java.LoginPageTest@13969fbe]" name="testForgetUserNamePasswordLink" class="test.java.LoginPageTest"/>
        <method signature="LoginPageTest.testLogin(java.lang.String, java.lang.String)[pri:0, instance:test.java.LoginPageTest@13969fbe]" name="testLogin" class="test.java.LoginPageTest"/>
      </group> <!-- Login -->
      <group name="PerformSearchingByeText">
        <method signature="CompleteLibraryTest.testSearchByeText(java.lang.String, java.lang.String, java.lang.String, java.lang.String)[pri:0, instance:test.java.CompleteLibraryTest@73f792cf]" name="testSearchByeText" class="test.java.CompleteLibraryTest"/>
      </group> <!-- PerformSearchingByeText -->
      <group name="LoginPage">
        <method signature="LoginPageTest.testclickSearchAndBrowseLibraryLink()[pri:0, instance:test.java.LoginPageTest@13969fbe]" name="testclickSearchAndBrowseLibraryLink" class="test.java.LoginPageTest"/>
      </group> <!-- LoginPage -->
      <group name="SearchAndBrowseLibrary">
        <method signature="SearchAndBrowseLibraryTest.testVerifyOptionsInDropdown(java.lang.String)[pri:0, instance:test.java.SearchAndBrowseLibraryTest@dfd3711]" name="testVerifyOptionsInDropdown" class="test.java.SearchAndBrowseLibraryTest"/>
        <method signature="SearchAndBrowseLibraryTest.testVerifyBooksPresentInAlleTextStack(java.lang.String)[pri:0, instance:test.java.SearchAndBrowseLibraryTest@dfd3711]" name="testVerifyBooksPresentInAlleTextStack" class="test.java.SearchAndBrowseLibraryTest"/>
        <method signature="SearchAndBrowseLibraryTest.testVerifyUIOfMoreInfoPopUpUnknownUser(java.lang.String, java.lang.String, java.lang.String, java.lang.String)[pri:0, instance:test.java.SearchAndBrowseLibraryTest@dfd3711]" name="testVerifyUIOfMoreInfoPopUpUnknownUser" class="test.java.SearchAndBrowseLibraryTest"/>
        <method signature="SearchAndBrowseLibraryTest.testVerifyOptionsInPreviewChapterDropdown(java.lang.String)[pri:0, instance:test.java.SearchAndBrowseLibraryTest@dfd3711]" name="testVerifyOptionsInPreviewChapterDropdown" class="test.java.SearchAndBrowseLibraryTest"/>
        <method signature="SearchAndBrowseLibraryTest.testLaunchChapterPreview(java.lang.String)[pri:0, instance:test.java.SearchAndBrowseLibraryTest@dfd3711]" name="testLaunchChapterPreview" class="test.java.SearchAndBrowseLibraryTest"/>
        <method signature="SearchAndBrowseLibraryTest.testVerifyUIOfChapterPreview(java.lang.String, java.lang.String, java.lang.String)[pri:0, instance:test.java.SearchAndBrowseLibraryTest@dfd3711]" name="testVerifyUIOfChapterPreview" class="test.java.SearchAndBrowseLibraryTest"/>
      </group> <!-- SearchAndBrowseLibrary -->
      <group name="PerformSearchingByeContents">
        <method signature="CompleteLibraryTest.testSearchByContents(java.lang.String, java.lang.String, java.lang.String, java.lang.String)[pri:0, instance:test.java.CompleteLibraryTest@73f792cf]" name="testSearchByContents" class="test.java.CompleteLibraryTest"/>
      </group> <!-- PerformSearchingByeContents -->
      <group name="ClickOnAlleTextPagesStack">
        <method signature="SearchResultsTest.testverifyAlleTextPagesStack()[pri:0, instance:test.java.SearchResultsTest@2ed94a8b]" name="testverifyAlleTextPagesStack" class="test.java.SearchResultsTest"/>
      </group> <!-- ClickOnAlleTextPagesStack -->
      <group name="ClickOnAlleTextNotesStack">
        <method signature="SearchResultsTest.testverifyAlleTextNotesStack()[pri:0, instance:test.java.SearchResultsTest@2ed94a8b]" name="testverifyAlleTextNotesStack" class="test.java.SearchResultsTest"/>
      </group> <!-- ClickOnAlleTextNotesStack -->
      <group name="DeleteSavedSearchTerm">
        <method signature="SavedSearchesTest.testDeleteSavedContentSearchTerm(java.lang.String)[pri:0, instance:test.java.SavedSearchesTest@38082d64]" name="testDeleteSavedContentSearchTerm" class="test.java.SavedSearchesTest"/>
        <method signature="SavedSearchesTest.testDeleteSavedeTextSearchTerm(java.lang.String)[pri:0, instance:test.java.SavedSearchesTest@38082d64]" name="testDeleteSavedeTextSearchTerm" class="test.java.SavedSearchesTest"/>
        <method signature="SavedSearchesTest.testDeleteSavedNoteSearchTerm(java.lang.String)[pri:0, instance:test.java.SavedSearchesTest@38082d64]" name="testDeleteSavedNoteSearchTerm" class="test.java.SavedSearchesTest"/>
      </group> <!-- DeleteSavedSearchTerm -->
      <group name="NavigateToSavedSearchesPage">
        <method signature="SavedSearchesTest.testNavigateToSavedSearchesPage()[pri:0, instance:test.java.SavedSearchesTest@38082d64]" name="testNavigateToSavedSearchesPage" class="test.java.SavedSearchesTest"/>
      </group> <!-- NavigateToSavedSearchesPage -->
    </groups>
    <test name="DigitalLibraryFunctionalTest" duration-ms="236255" started-at="2015-07-31T10:16:44Z" finished-at="2015-07-31T10:20:40Z">
      <class name="test.java.CompleteLibraryTest">
        <test-method status="PASS" signature="beforeClass()[pri:0, instance:test.java.CompleteLibraryTest@73f792cf]" name="beforeClass" is-config="true" duration-ms="1" started-at="2015-07-31T15:47:02Z" finished-at="2015-07-31T15:47:02Z">
          <reporter-output>
          </reporter-output>
        </test-method> <!-- beforeClass -->
        <test-method status="PASS" signature="waitBeforeCallingMethod()[pri:0, instance:test.java.CompleteLibraryTest@73f792cf]" name="waitBeforeCallingMethod" is-config="true" duration-ms="15" started-at="2015-07-31T15:47:02Z" finished-at="2015-07-31T15:47:02Z">
          <reporter-output>
          </reporter-output>
        </test-method> <!-- waitBeforeCallingMethod -->
        <test-method status="PASS" signature="testVerifyUIOfCompleteLibraryPage(java.lang.String, java.lang.String, java.lang.String, java.lang.String)[pri:0, instance:test.java.CompleteLibraryTest@73f792cf]" name="testVerifyUIOfCompleteLibraryPage" duration-ms="321" depends-on-groups="Login" started-at="2015-07-31T15:47:02Z" data-provider="ExcelDataProvider" finished-at="2015-07-31T15:47:03Z">
          <params>
            <param index="0">
              <value>
                <![CDATA[7 eTexts]]>
              </value>
            </param>
            <param index="1">
              <value>
                <![CDATA[2 Products]]>
              </value>
            </param>
            <param index="2">
              <value>
                <![CDATA[12 Videos]]>
              </value>
            </param>
            <param index="3">
              <value>
                <![CDATA[11 Resources]]>
              </value>
            </param>
          </params>
          <reporter-output>
          </reporter-output>
        </test-method> <!-- testVerifyUIOfCompleteLibraryPage -->
        <test-method status="PASS" signature="waitBeforeCallingMethod()[pri:0, instance:test.java.CompleteLibraryTest@73f792cf]" name="waitBeforeCallingMethod" is-config="true" duration-ms="16" started-at="2015-07-31T15:47:03Z" finished-at="2015-07-31T15:47:03Z">
          <reporter-output>
          </reporter-output>
        </test-method> <!-- waitBeforeCallingMethod -->
        <test-method status="PASS" signature="testSearchByContents(java.lang.String, java.lang.String, java.lang.String, java.lang.String)[pri:0, instance:test.java.CompleteLibraryTest@73f792cf]" name="testSearchByContents" duration-ms="4966" started-at="2015-07-31T15:47:03Z" data-provider="ExcelDataProvider" depends-on-methods="test.java.CompleteLibraryTest.testVerifyUIOfCompleteLibraryPage" finished-at="2015-07-31T15:47:08Z">
          <params>
            <param index="0">
              <value>
                <![CDATA[development]]>
              </value>
            </param>
            <param index="1">
              <value>
                <![CDATA[Complete Library, Subscribed, Favorites]]>
              </value>
            </param>
            <param index="2">
              <value>
                <![CDATA[All eText Pages, testing4_PROD, Test replica 11754]]>
              </value>
            </param>
            <param index="3">
              <value>
                <![CDATA[127 pages, 70 pages, 57 pages]]>
              </value>
            </param>
          </params>
          <reporter-output>
          </reporter-output>
        </test-method> <!-- testSearchByContents -->
        <test-method status="PASS" signature="waitBeforeCallingMethod()[pri:0, instance:test.java.CompleteLibraryTest@73f792cf]" name="waitBeforeCallingMethod" is-config="true" duration-ms="14" started-at="2015-07-31T15:47:08Z" finished-at="2015-07-31T15:47:08Z">
          <reporter-output>
          </reporter-output>
        </test-method> <!-- waitBeforeCallingMethod -->
        <test-method status="PASS" signature="testSearchByContents(java.lang.String, java.lang.String, java.lang.String, java.lang.String)[pri:0, instance:test.java.CompleteLibraryTest@73f792cf]" name="testSearchByContents" duration-ms="2831" started-at="2015-07-31T15:47:08Z" data-provider="ExcelDataProvider" depends-on-methods="test.java.CompleteLibraryTest.testVerifyUIOfCompleteLibraryPage" finished-at="2015-07-31T15:47:11Z">
          <params>
            <param index="0">
              <value>
                <![CDATA[Special]]>
              </value>
            </param>
            <param index="1">
              <value>
                <![CDATA[Complete Library, Subscribed, Favorites]]>
              </value>
            </param>
            <param index="2">
              <value>
                <![CDATA[All eText Pages, testing4_PROD, Test replica 11754]]>
              </value>
            </param>
            <param index="3">
              <value>
                <![CDATA[83 pages, 60 pages, 23 pages]]>
              </value>
            </param>
          </params>
          <reporter-output>
          </reporter-output>
        </test-method> <!-- testSearchByContents -->
        <test-method status="PASS" signature="waitBeforeCallingMethod()[pri:0, instance:test.java.CompleteLibraryTest@73f792cf]" name="waitBeforeCallingMethod" is-config="true" duration-ms="14" started-at="2015-07-31T15:47:11Z" finished-at="2015-07-31T15:47:11Z">
          <reporter-output>
          </reporter-output>
        </test-method> <!-- waitBeforeCallingMethod -->
        <test-method status="PASS" signature="testSearchByContents(java.lang.String, java.lang.String, java.lang.String, java.lang.String)[pri:0, instance:test.java.CompleteLibraryTest@73f792cf]" name="testSearchByContents" duration-ms="7080" started-at="2015-07-31T15:47:11Z" data-provider="ExcelDataProvider" depends-on-methods="test.java.CompleteLibraryTest.testVerifyUIOfCompleteLibraryPage" finished-at="2015-07-31T15:47:18Z">
          <params>
            <param index="0">
              <value>
                <![CDATA[science]]>
              </value>
            </param>
            <param index="1">
              <value>
                <![CDATA[Complete Library, Subscribed, Favorites]]>
              </value>
            </param>
            <param index="2">
              <value>
                <![CDATA[All eText Pages, Counseling title 1, std_existing_48, testing4_PROD, Test replica 11754]]>
              </value>
            </param>
            <param index="3">
              <value>
                <![CDATA[84 pages, 6 pages, 6 pages, 35 pages, 37 pages]]>
              </value>
            </param>
          </params>
          <reporter-output>
          </reporter-output>
        </test-method> <!-- testSearchByContents -->
        <test-method status="PASS" signature="waitBeforeCallingMethod()[pri:0, instance:test.java.CompleteLibraryTest@73f792cf]" name="waitBeforeCallingMethod" is-config="true" duration-ms="6907" started-at="2015-07-31T15:47:19Z" finished-at="2015-07-31T15:47:26Z">
          <reporter-output>
          </reporter-output>
        </test-method> <!-- waitBeforeCallingMethod -->
        <test-method status="PASS" signature="testSearchByeText(java.lang.String, java.lang.String, java.lang.String, java.lang.String)[pri:0, instance:test.java.CompleteLibraryTest@73f792cf]" name="testSearchByeText" duration-ms="4560" depends-on-groups="ClickOnAlleTextPagesStack" started-at="2015-07-31T15:47:26Z" data-provider="ExcelDataProvider" finished-at="2015-07-31T15:47:31Z">
          <params>
            <param index="0">
              <value>
                <![CDATA[Counseling]]>
              </value>
            </param>
            <param index="1">
              <value>
                <![CDATA[Complete Library, Subscribed, Favorites]]>
              </value>
            </param>
            <param index="2">
              <value>
                <![CDATA[All eTexts, people's Category, Sample, TECHNOLOGY AND STACKS, Test Category]]>
              </value>
            </param>
            <param index="3">
              <value>
                <![CDATA[2 eTexts, 1 eText, 1 eText, 1 eText, 1 eText]]>
              </value>
            </param>
          </params>
          <reporter-output>
          </reporter-output>
        </test-method> <!-- testSearchByeText -->
        <test-method status="PASS" signature="waitBeforeCallingMethod()[pri:0, instance:test.java.CompleteLibraryTest@73f792cf]" name="waitBeforeCallingMethod" is-config="true" duration-ms="14" started-at="2015-07-31T15:47:31Z" finished-at="2015-07-31T15:47:31Z">
          <reporter-output>
          </reporter-output>
        </test-method> <!-- waitBeforeCallingMethod -->
        <test-method status="PASS" signature="testSearchByeText(java.lang.String, java.lang.String, java.lang.String, java.lang.String)[pri:0, instance:test.java.CompleteLibraryTest@73f792cf]" name="testSearchByeText" duration-ms="3510" depends-on-groups="ClickOnAlleTextPagesStack" started-at="2015-07-31T15:47:31Z" data-provider="ExcelDataProvider" finished-at="2015-07-31T15:47:34Z">
          <params>
            <param index="0">
              <value>
                <![CDATA[Assessment]]>
              </value>
            </param>
            <param index="1">
              <value>
                <![CDATA[Complete Library, Subscribed, Favorites]]>
              </value>
            </param>
            <param index="2">
              <value>
                <![CDATA[All eTexts, people's Category, TECHNOLOGY AND STACKS]]>
              </value>
            </param>
            <param index="3">
              <value>
                <![CDATA[1 eText, 1 eText, 1 eText]]>
              </value>
            </param>
          </params>
          <reporter-output>
          </reporter-output>
        </test-method> <!-- testSearchByeText -->
        <test-method status="PASS" signature="waitBeforeCallingMethod()[pri:0, instance:test.java.CompleteLibraryTest@73f792cf]" name="waitBeforeCallingMethod" is-config="true" duration-ms="14" started-at="2015-07-31T15:47:34Z" finished-at="2015-07-31T15:47:34Z">
          <reporter-output>
          </reporter-output>
        </test-method> <!-- waitBeforeCallingMethod -->
        <test-method status="PASS" signature="testSearchByeText(java.lang.String, java.lang.String, java.lang.String, java.lang.String)[pri:0, instance:test.java.CompleteLibraryTest@73f792cf]" name="testSearchByeText" duration-ms="3501" depends-on-groups="ClickOnAlleTextPagesStack" started-at="2015-07-31T15:47:34Z" data-provider="ExcelDataProvider" finished-at="2015-07-31T15:47:38Z">
          <params>
            <param index="0">
              <value>
                <![CDATA[Audio]]>
              </value>
            </param>
            <param index="1">
              <value>
                <![CDATA[Complete Library, Subscribed, Favorites]]>
              </value>
            </param>
            <param index="2">
              <value>
                <![CDATA[All eTexts, captivity, Test Category]]>
              </value>
            </param>
            <param index="3">
              <value>
                <![CDATA[1 eText, 1 eText, 1 eText]]>
              </value>
            </param>
          </params>
          <reporter-output>
          </reporter-output>
        </test-method> <!-- testSearchByeText -->
        <test-method status="PASS" signature="waitBeforeCallingMethod()[pri:0, instance:test.java.CompleteLibraryTest@73f792cf]" name="waitBeforeCallingMethod" is-config="true" duration-ms="1326" started-at="2015-07-31T15:47:39Z" finished-at="2015-07-31T15:47:40Z">
          <reporter-output>
          </reporter-output>
        </test-method> <!-- waitBeforeCallingMethod -->
        <test-method status="PASS" signature="testSearchMyNotes(java.lang.String, java.lang.String, java.lang.String, java.lang.String)[pri:0, instance:test.java.CompleteLibraryTest@73f792cf]" name="testSearchMyNotes" duration-ms="5268" depends-on-groups="ClickOnAlleTextStack" started-at="2015-07-31T15:47:40Z" data-provider="ExcelDataProvider" finished-at="2015-07-31T15:47:45Z">
          <params>
            <param index="0">
              <value>
                <![CDATA[Note]]>
              </value>
            </param>
            <param index="1">
              <value>
                <![CDATA[eTexts, Categories]]>
              </value>
            </param>
            <param index="2">
              <value>
                <![CDATA[All eText Notes, Counseling title 1, Test Audio_Std_R49]]>
              </value>
            </param>
            <param index="3">
              <value>
                <![CDATA[17 notes, 7 notes, 10 notes]]>
              </value>
            </param>
          </params>
          <reporter-output>
          </reporter-output>
        </test-method> <!-- testSearchMyNotes -->
        <test-method status="PASS" signature="waitBeforeCallingMethod()[pri:0, instance:test.java.CompleteLibraryTest@73f792cf]" name="waitBeforeCallingMethod" is-config="true" duration-ms="16" started-at="2015-07-31T15:47:45Z" finished-at="2015-07-31T15:47:45Z">
          <reporter-output>
          </reporter-output>
        </test-method> <!-- waitBeforeCallingMethod -->
        <test-method status="FAIL" signature="testSearchMyNotes(java.lang.String, java.lang.String, java.lang.String, java.lang.String)[pri:0, instance:test.java.CompleteLibraryTest@73f792cf]" name="testSearchMyNotes" duration-ms="3409" depends-on-groups="ClickOnAlleTextStack" started-at="2015-07-31T15:47:45Z" data-provider="ExcelDataProvider" finished-at="2015-07-31T15:47:49Z">
          <params>
            <param index="0">
              <value>
                <![CDATA[Test]]>
              </value>
            </param>
            <param index="1">
              <value>
                <![CDATA[eTexts, Categories]]>
              </value>
            </param>
            <param index="2">
              <value>
                <![CDATA[All eText Notes, Counseling title 1]]>
              </value>
            </param>
            <param index="3">
              <value>
                <![CDATA[1 note, 1 note]]>
              </value>
            </param>
          </params>
          <exception class="java.lang.AssertionError">
            <message>
              <![CDATA[expected [true] but found [false]]]>
            </message>
            <full-stacktrace>
              <![CDATA[java.lang.AssertionError: expected [true] but found [false]
	at org.testng.Assert.fail(Assert.java:94)
	at org.testng.Assert.failNotEquals(Assert.java:496)
	at org.testng.Assert.assertTrue(Assert.java:42)
	at org.testng.Assert.assertTrue(Assert.java:52)
	at test.java.CompleteLibraryTest.testSearchMyNotes(CompleteLibraryTest.java:106)
	at sun.reflect.NativeMethodAccessorImpl.invoke0(Native Method)
	at sun.reflect.NativeMethodAccessorImpl.invoke(NativeMethodAccessorImpl.java:62)
	at sun.reflect.DelegatingMethodAccessorImpl.invoke(DelegatingMethodAccessorImpl.java:43)
	at java.lang.reflect.Method.invoke(Method.java:497)
	at org.testng.internal.MethodInvocationHelper.invokeMethod(MethodInvocationHelper.java:85)
	at org.testng.internal.Invoker.invokeMethod(Invoker.java:659)
	at org.testng.internal.Invoker.invokeTestMethod(Invoker.java:845)
	at org.testng.internal.Invoker.invokeTestMethods(Invoker.java:1153)
	at org.testng.internal.TestMethodWorker.invokeTestMethods(TestMethodWorker.java:125)
	at org.testng.internal.TestMethodWorker.run(TestMethodWorker.java:108)
	at org.testng.TestRunner.privateRun(TestRunner.java:771)
	at org.testng.TestRunner.run(TestRunner.java:621)
	at org.testng.SuiteRunner.runTest(SuiteRunner.java:357)
	at org.testng.SuiteRunner.runSequentially(SuiteRunner.java:352)
	at org.testng.SuiteRunner.privateRun(SuiteRunner.java:310)
	at org.testng.SuiteRunner.run(SuiteRunner.java:259)
	at org.testng.SuiteRunnerWorker.runSuite(SuiteRunnerWorker.java:52)
	at org.testng.SuiteRunnerWorker.run(SuiteRunnerWorker.java:86)
	at org.testng.TestNG.runSuitesSequentially(TestNG.java:1199)
	at org.testng.TestNG.runSuitesLocally(TestNG.java:1124)
	at org.testng.TestNG.run(TestNG.java:1032)
	at org.apache.maven.surefire.testng.TestNGExecutor.run(TestNGExecutor.java:295)
	at org.apache.maven.surefire.testng.TestNGXmlTestSuite.execute(TestNGXmlTestSuite.java:84)
	at org.apache.maven.surefire.testng.TestNGProvider.invoke(TestNGProvider.java:90)
	at org.apache.maven.surefire.booter.ForkedBooter.invokeProviderInSameClassLoader(ForkedBooter.java:203)
	at org.apache.maven.surefire.booter.ForkedBooter.runSuitesInProcess(ForkedBooter.java:155)
	at org.apache.maven.surefire.booter.ForkedBooter.main(ForkedBooter.java:103)
]]>
            </full-stacktrace>
          </exception> <!-- java.lang.AssertionError -->
          <reporter-output>
          </reporter-output>
        </test-method> <!-- testSearchMyNotes -->
        <test-method status="PASS" signature="waitBeforeCallingMethod()[pri:0, instance:test.java.CompleteLibraryTest@73f792cf]" name="waitBeforeCallingMethod" is-config="true" duration-ms="2739" started-at="2015-07-31T15:47:49Z" finished-at="2015-07-31T15:47:52Z">
          <reporter-output>
          </reporter-output>
        </test-method> <!-- waitBeforeCallingMethod -->
        <test-method status="PASS" signature="testSearchMyNotes(java.lang.String, java.lang.String, java.lang.String, java.lang.String)[pri:0, instance:test.java.CompleteLibraryTest@73f792cf]" name="testSearchMyNotes" duration-ms="6279" depends-on-groups="ClickOnAlleTextStack" started-at="2015-07-31T15:47:52Z" data-provider="ExcelDataProvider" finished-at="2015-07-31T15:47:58Z">
          <params>
            <param index="0">
              <value>
                <![CDATA[Private]]>
              </value>
            </param>
            <param index="1">
              <value>
                <![CDATA[eTexts, Categories]]>
              </value>
            </param>
            <param index="2">
              <value>
                <![CDATA[All eText Notes, Counseling title 1, Test Audio_Std_R49]]>
              </value>
            </param>
            <param index="3">
              <value>
                <![CDATA[5 notes, 3 notes, 2 notes]]>
              </value>
            </param>
          </params>
          <reporter-output>
          </reporter-output>
        </test-method> <!-- testSearchMyNotes -->
      </class> <!-- test.java.CompleteLibraryTest -->
      <class name="test.java.LoginPageTest">
        <test-method status="PASS" signature="setUp(java.lang.String, java.lang.String, java.lang.String, java.lang.String, java.lang.String, org.testng.ITestContext)[pri:0, instance:test.java.LoginPageTest@13969fbe]" name="setUp" is-config="true" duration-ms="15870" started-at="2015-07-31T15:46:28Z" finished-at="2015-07-31T15:46:44Z">
          <params>
            <param index="0">
              <value>
                <![CDATA[http://library.pearsoncmg.com/library/index.do?libraryid=2821]]>
              </value>
            </param>
            <param index="1">
              <value>
                <![CDATA[firefox]]>
              </value>
            </param>
            <param index="2">
              <value>
                <![CDATA[1.4]]>
              </value>
            </param>
            <param index="3">
              <value>
                <![CDATA[3]]>
              </value>
            </param>
            <param index="4">
              <value>
                <![CDATA[1]]>
              </value>
            </param>
            <param index="5">
              <value>
                <![CDATA[org.testng.TestRunner@36060e]]>
              </value>
            </param>
          </params>
          <reporter-output>
          </reporter-output>
        </test-method> <!-- setUp -->
        <test-method status="PASS" signature="beforeClass()[pri:0, instance:test.java.LoginPageTest@13969fbe]" name="beforeClass" is-config="true" duration-ms="1" started-at="2015-07-31T15:46:44Z" finished-at="2015-07-31T15:46:44Z">
          <reporter-output>
          </reporter-output>
        </test-method> <!-- beforeClass -->
        <test-method status="PASS" signature="waitBeforeCallingMethod()[pri:0, instance:test.java.LoginPageTest@13969fbe]" name="waitBeforeCallingMethod" is-config="true" duration-ms="69" started-at="2015-07-31T15:46:44Z" finished-at="2015-07-31T15:46:44Z">
          <reporter-output>
          </reporter-output>
        </test-method> <!-- waitBeforeCallingMethod -->
        <test-method status="FAIL" signature="testverifyUIOfLoginPage(java.lang.String, java.lang.String, java.lang.String, java.lang.String, java.lang.String, java.lang.String, java.lang.String, java.lang.String)[pri:0, instance:test.java.LoginPageTest@13969fbe]" name="testverifyUIOfLoginPage" duration-ms="161" started-at="2015-07-31T15:46:44Z" data-provider="ExcelDataProvider" finished-at="2015-07-31T15:46:44Z">
          <params>
            <param index="0">
              <value>
                <![CDATA[Sign In]]>
              </value>
            </param>
            <param index="1">
              <value>
                <![CDATA[username]]>
              </value>
            </param>
            <param index="2">
              <value>
                <![CDATA[password]]>
              </value>
            </param>
            <param index="3">
              <value>
                <![CDATA[Forgot your username/password?]]>
              </value>
            </param>
            <param index="4">
              <value>
                <![CDATA[Don't have an account?]]>
              </value>
            </param>
            <param index="5">
              <value>
                <![CDATA[Purchase Library]]>
              </value>
            </param>
            <param index="6">
              <value>
                <![CDATA[Register Now]]>
              </value>
            </param>
            <param index="7">
              <value>
                <![CDATA[Search and browse Library]]>
              </value>
            </param>
          </params>
          <exception class="java.lang.AssertionError">
            <message>
              <![CDATA[expected [false] but found [true]]]>
            </message>
            <full-stacktrace>
              <![CDATA[java.lang.AssertionError: expected [false] but found [true]
	at org.testng.Assert.fail(Assert.java:94)
	at org.testng.Assert.failNotEquals(Assert.java:496)
	at org.testng.Assert.assertFalse(Assert.java:63)
	at org.testng.Assert.assertFalse(Assert.java:73)
	at test.java.LoginPageTest.testverifyUIOfLoginPage(LoginPageTest.java:55)
	at sun.reflect.NativeMethodAccessorImpl.invoke0(Native Method)
	at sun.reflect.NativeMethodAccessorImpl.invoke(NativeMethodAccessorImpl.java:62)
	at sun.reflect.DelegatingMethodAccessorImpl.invoke(DelegatingMethodAccessorImpl.java:43)
	at java.lang.reflect.Method.invoke(Method.java:497)
	at org.testng.internal.MethodInvocationHelper.invokeMethod(MethodInvocationHelper.java:85)
	at org.testng.internal.Invoker.invokeMethod(Invoker.java:659)
	at org.testng.internal.Invoker.invokeTestMethod(Invoker.java:845)
	at org.testng.internal.Invoker.invokeTestMethods(Invoker.java:1153)
	at org.testng.internal.TestMethodWorker.invokeTestMethods(TestMethodWorker.java:125)
	at org.testng.internal.TestMethodWorker.run(TestMethodWorker.java:108)
	at org.testng.TestRunner.privateRun(TestRunner.java:771)
	at org.testng.TestRunner.run(TestRunner.java:621)
	at org.testng.SuiteRunner.runTest(SuiteRunner.java:357)
	at org.testng.SuiteRunner.runSequentially(SuiteRunner.java:352)
	at org.testng.SuiteRunner.privateRun(SuiteRunner.java:310)
	at org.testng.SuiteRunner.run(SuiteRunner.java:259)
	at org.testng.SuiteRunnerWorker.runSuite(SuiteRunnerWorker.java:52)
	at org.testng.SuiteRunnerWorker.run(SuiteRunnerWorker.java:86)
	at org.testng.TestNG.runSuitesSequentially(TestNG.java:1199)
	at org.testng.TestNG.runSuitesLocally(TestNG.java:1124)
	at org.testng.TestNG.run(TestNG.java:1032)
	at org.apache.maven.surefire.testng.TestNGExecutor.run(TestNGExecutor.java:295)
	at org.apache.maven.surefire.testng.TestNGXmlTestSuite.execute(TestNGXmlTestSuite.java:84)
	at org.apache.maven.surefire.testng.TestNGProvider.invoke(TestNGProvider.java:90)
	at org.apache.maven.surefire.booter.ForkedBooter.invokeProviderInSameClassLoader(ForkedBooter.java:203)
	at org.apache.maven.surefire.booter.ForkedBooter.runSuitesInProcess(ForkedBooter.java:155)
	at org.apache.maven.surefire.booter.ForkedBooter.main(ForkedBooter.java:103)
]]>
            </full-stacktrace>
          </exception> <!-- java.lang.AssertionError -->
          <reporter-output>
          </reporter-output>
        </test-method> <!-- testverifyUIOfLoginPage -->
        <test-method status="SKIP" signature="testForgetUserNamePasswordLink()[pri:0, instance:test.java.LoginPageTest@13969fbe]" name="testForgetUserNamePasswordLink" duration-ms="0" started-at="2015-07-31T15:46:45Z" depends-on-methods="test.java.LoginPageTest.testverifyUIOfLoginPage" finished-at="2015-07-31T15:46:45Z">
          <exception class="java.lang.Throwable">
            <message>
              <![CDATA[Method LoginPageTest.testForgetUserNamePasswordLink()[pri:0, instance:test.java.LoginPageTest@13969fbe] depends on not successfully finished methods]]>
            </message>
            <full-stacktrace>
              <![CDATA[java.lang.Throwable: Method LoginPageTest.testForgetUserNamePasswordLink()[pri:0, instance:test.java.LoginPageTest@13969fbe] depends on not successfully finished methods
	at org.testng.internal.Invoker.invokeTestMethods(Invoker.java:1063)
	at org.testng.internal.TestMethodWorker.invokeTestMethods(TestMethodWorker.java:125)
	at org.testng.internal.TestMethodWorker.run(TestMethodWorker.java:108)
	at org.testng.TestRunner.privateRun(TestRunner.java:771)
	at org.testng.TestRunner.run(TestRunner.java:621)
	at org.testng.SuiteRunner.runTest(SuiteRunner.java:357)
	at org.testng.SuiteRunner.runSequentially(SuiteRunner.java:352)
	at org.testng.SuiteRunner.privateRun(SuiteRunner.java:310)
	at org.testng.SuiteRunner.run(SuiteRunner.java:259)
	at org.testng.SuiteRunnerWorker.runSuite(SuiteRunnerWorker.java:52)
	at org.testng.SuiteRunnerWorker.run(SuiteRunnerWorker.java:86)
	at org.testng.TestNG.runSuitesSequentially(TestNG.java:1199)
	at org.testng.TestNG.runSuitesLocally(TestNG.java:1124)
	at org.testng.TestNG.run(TestNG.java:1032)
	at org.apache.maven.surefire.testng.TestNGExecutor.run(TestNGExecutor.java:295)
	at org.apache.maven.surefire.testng.TestNGXmlTestSuite.execute(TestNGXmlTestSuite.java:84)
	at org.apache.maven.surefire.testng.TestNGProvider.invoke(TestNGProvider.java:90)
	at org.apache.maven.surefire.booter.ForkedBooter.invokeProviderInSameClassLoader(ForkedBooter.java:203)
	at org.apache.maven.surefire.booter.ForkedBooter.runSuitesInProcess(ForkedBooter.java:155)
	at org.apache.maven.surefire.booter.ForkedBooter.main(ForkedBooter.java:103)
]]>
            </full-stacktrace>
          </exception> <!-- java.lang.Throwable -->
          <reporter-output>
          </reporter-output>
        </test-method> <!-- testForgetUserNamePasswordLink -->
        <test-method status="PASS" signature="waitBeforeCallingMethod()[pri:0, instance:test.java.LoginPageTest@13969fbe]" name="waitBeforeCallingMethod" is-config="true" duration-ms="18" started-at="2015-07-31T15:46:45Z" finished-at="2015-07-31T15:46:45Z">
          <reporter-output>
          </reporter-output>
        </test-method> <!-- waitBeforeCallingMethod -->
        <test-method status="PASS" signature="testLogin(java.lang.String, java.lang.String)[pri:0, instance:test.java.LoginPageTest@13969fbe]" name="testLogin" duration-ms="17487" started-at="2015-07-31T15:46:45Z" data-provider="ExcelDataProvider" depends-on-methods="test.java.LoginPageTest.testForgetUserNamePasswordLink" finished-at="2015-07-31T15:47:02Z">
          <params>
            <param index="0">
              <value>
                <![CDATA[library_edu_1]]>
              </value>
            </param>
            <param index="1">
              <value>
                <![CDATA[pa55word]]>
              </value>
            </param>
          </params>
          <reporter-output>
          </reporter-output>
        </test-method> <!-- testLogin -->
        <test-method status="PASS" signature="waitBeforeCallingMethod()[pri:0, instance:test.java.LoginPageTest@13969fbe]" name="waitBeforeCallingMethod" is-config="true" duration-ms="13" started-at="2015-07-31T15:48:31Z" finished-at="2015-07-31T15:48:31Z">
          <reporter-output>
          </reporter-output>
        </test-method> <!-- waitBeforeCallingMethod -->
        <test-method status="PASS" signature="testclickSearchAndBrowseLibraryLink()[pri:0, instance:test.java.LoginPageTest@13969fbe]" name="testclickSearchAndBrowseLibraryLink" duration-ms="12132" depends-on-groups="SignOut" started-at="2015-07-31T15:48:31Z" finished-at="2015-07-31T15:48:43Z">
          <reporter-output>
          </reporter-output>
        </test-method> <!-- testclickSearchAndBrowseLibraryLink -->
        <test-method status="PASS" signature="tearDown()[pri:0, instance:test.java.LoginPageTest@13969fbe]" name="tearDown" is-config="true" duration-ms="7300" started-at="2015-07-31T15:50:40Z" finished-at="2015-07-31T15:50:47Z">
          <reporter-output>
          </reporter-output>
        </test-method> <!-- tearDown -->
      </class> <!-- test.java.LoginPageTest -->
      <class name="test.java.SavedSearchesTest">
        <test-method status="PASS" signature="beforeClass()[pri:0, instance:test.java.SavedSearchesTest@38082d64]" name="beforeClass" is-config="true" duration-ms="0" started-at="2015-07-31T15:47:59Z" finished-at="2015-07-31T15:47:59Z">
          <reporter-output>
          </reporter-output>
        </test-method> <!-- beforeClass -->
        <test-method status="PASS" signature="waitBeforeCallingMethod()[pri:0, instance:test.java.SavedSearchesTest@38082d64]" name="waitBeforeCallingMethod" is-config="true" duration-ms="1123" started-at="2015-07-31T15:47:59Z" finished-at="2015-07-31T15:48:00Z">
          <reporter-output>
          </reporter-output>
        </test-method> <!-- waitBeforeCallingMethod -->
        <test-method status="PASS" signature="testNavigateToSavedSearchesPage()[pri:0, instance:test.java.SavedSearchesTest@38082d64]" name="testNavigateToSavedSearchesPage" duration-ms="603" depends-on-groups="ClickOnAlleTextNotesStack" started-at="2015-07-31T15:48:00Z" finished-at="2015-07-31T15:48:01Z">
          <reporter-output>
          </reporter-output>
        </test-method> <!-- testNavigateToSavedSearchesPage -->
        <test-method status="PASS" signature="waitBeforeCallingMethod()[pri:0, instance:test.java.SavedSearchesTest@38082d64]" name="waitBeforeCallingMethod" is-config="true" duration-ms="14" started-at="2015-07-31T15:48:01Z" finished-at="2015-07-31T15:48:01Z">
          <reporter-output>
          </reporter-output>
        </test-method> <!-- waitBeforeCallingMethod -->
        <test-method status="PASS" signature="testClickOnSavedContentSearchTerm(java.lang.String, java.lang.String)[pri:0, instance:test.java.SavedSearchesTest@38082d64]" name="testClickOnSavedContentSearchTerm" duration-ms="5282" started-at="2015-07-31T15:48:01Z" data-provider="ExcelDataProvider" depends-on-methods="test.java.SavedSearchesTest.testNavigateToSavedSearchesPage" finished-at="2015-07-31T15:48:06Z">
          <params>
            <param index="0">
              <value>
                <![CDATA[development]]>
              </value>
            </param>
            <param index="1">
              <value>
                <![CDATA[All eText Notes]]>
              </value>
            </param>
          </params>
          <reporter-output>
          </reporter-output>
        </test-method> <!-- testClickOnSavedContentSearchTerm -->
        <test-method status="PASS" signature="waitBeforeCallingMethod()[pri:0, instance:test.java.SavedSearchesTest@38082d64]" name="waitBeforeCallingMethod" is-config="true" duration-ms="16" started-at="2015-07-31T15:48:06Z" finished-at="2015-07-31T15:48:06Z">
          <reporter-output>
          </reporter-output>
        </test-method> <!-- waitBeforeCallingMethod -->
        <test-method status="PASS" signature="testClickOnSavedeTextSearchTerm(java.lang.String, java.lang.String)[pri:0, instance:test.java.SavedSearchesTest@38082d64]" name="testClickOnSavedeTextSearchTerm" duration-ms="1355" started-at="2015-07-31T15:48:06Z" data-provider="ExcelDataProvider" depends-on-methods="test.java.SavedSearchesTest.testClickOnSavedContentSearchTerm" finished-at="2015-07-31T15:48:08Z">
          <params>
            <param index="0">
              <value>
                <![CDATA[Counseling]]>
              </value>
            </param>
            <param index="1">
              <value>
                <![CDATA[All eText]]>
              </value>
            </param>
          </params>
          <reporter-output>
          </reporter-output>
        </test-method> <!-- testClickOnSavedeTextSearchTerm -->
        <test-method status="PASS" signature="waitBeforeCallingMethod()[pri:0, instance:test.java.SavedSearchesTest@38082d64]" name="waitBeforeCallingMethod" is-config="true" duration-ms="14" started-at="2015-07-31T15:48:08Z" finished-at="2015-07-31T15:48:08Z">
          <reporter-output>
          </reporter-output>
        </test-method> <!-- waitBeforeCallingMethod -->
        <test-method status="PASS" signature="testClickOnSavedNoteSearchTerm(java.lang.String, java.lang.String)[pri:0, instance:test.java.SavedSearchesTest@38082d64]" name="testClickOnSavedNoteSearchTerm" duration-ms="1259" started-at="2015-07-31T15:48:08Z" data-provider="ExcelDataProvider" depends-on-methods="test.java.SavedSearchesTest.testClickOnSavedeTextSearchTerm" finished-at="2015-07-31T15:48:09Z">
          <params>
            <param index="0">
              <value>
                <![CDATA[Note]]>
              </value>
            </param>
            <param index="1">
              <value>
                <![CDATA[All eText Notes]]>
              </value>
            </param>
          </params>
          <reporter-output>
          </reporter-output>
        </test-method> <!-- testClickOnSavedNoteSearchTerm -->
        <test-method status="PASS" signature="waitBeforeCallingMethod()[pri:0, instance:test.java.SavedSearchesTest@38082d64]" name="waitBeforeCallingMethod" is-config="true" duration-ms="12" started-at="2015-07-31T15:48:09Z" finished-at="2015-07-31T15:48:09Z">
          <reporter-output>
          </reporter-output>
        </test-method> <!-- waitBeforeCallingMethod -->
        <test-method status="PASS" signature="testDeleteSavedContentSearchTerm(java.lang.String)[pri:0, instance:test.java.SavedSearchesTest@38082d64]" name="testDeleteSavedContentSearchTerm" duration-ms="7188" started-at="2015-07-31T15:48:09Z" data-provider="ExcelDataProvider" depends-on-methods="test.java.SavedSearchesTest.testClickOnSavedNoteSearchTerm" finished-at="2015-07-31T15:48:17Z">
          <params>
            <param index="0">
              <value>
                <![CDATA[development]]>
              </value>
            </param>
          </params>
          <reporter-output>
          </reporter-output>
        </test-method> <!-- testDeleteSavedContentSearchTerm -->
        <test-method status="PASS" signature="waitBeforeCallingMethod()[pri:0, instance:test.java.SavedSearchesTest@38082d64]" name="waitBeforeCallingMethod" is-config="true" duration-ms="13" started-at="2015-07-31T15:48:17Z" finished-at="2015-07-31T15:48:17Z">
          <reporter-output>
          </reporter-output>
        </test-method> <!-- waitBeforeCallingMethod -->
        <test-method status="PASS" signature="testDeleteSavedeTextSearchTerm(java.lang.String)[pri:0, instance:test.java.SavedSearchesTest@38082d64]" name="testDeleteSavedeTextSearchTerm" duration-ms="2761" started-at="2015-07-31T15:48:17Z" data-provider="ExcelDataProvider" depends-on-methods="test.java.SavedSearchesTest.testDeleteSavedContentSearchTerm" finished-at="2015-07-31T15:48:20Z">
          <params>
            <param index="0">
              <value>
                <![CDATA[Counseling]]>
              </value>
            </param>
          </params>
          <reporter-output>
          </reporter-output>
        </test-method> <!-- testDeleteSavedeTextSearchTerm -->
        <test-method status="PASS" signature="waitBeforeCallingMethod()[pri:0, instance:test.java.SavedSearchesTest@38082d64]" name="waitBeforeCallingMethod" is-config="true" duration-ms="15" started-at="2015-07-31T15:48:20Z" finished-at="2015-07-31T15:48:20Z">
          <reporter-output>
          </reporter-output>
        </test-method> <!-- waitBeforeCallingMethod -->
        <test-method status="FAIL" signature="testDeleteSavedNoteSearchTerm(java.lang.String)[pri:0, instance:test.java.SavedSearchesTest@38082d64]" name="testDeleteSavedNoteSearchTerm" duration-ms="5785" started-at="2015-07-31T15:48:20Z" data-provider="ExcelDataProvider" depends-on-methods="test.java.SavedSearchesTest.testDeleteSavedeTextSearchTerm" finished-at="2015-07-31T15:48:26Z">
          <params>
            <param index="0">
              <value>
                <![CDATA[Note]]>
              </value>
            </param>
          </params>
          <exception class="org.openqa.selenium.StaleElementReferenceException">
            <message>
              <![CDATA[Element not found in the cache - perhaps the page has changed since it was looked up
Command duration or timeout: 5.08 seconds
For documentation on this error, please visit: http://seleniumhq.org/exceptions/stale_element_reference.html
Build info: version: '2.46.0', revision: '61506a4624b13675f24581e453592342b7485d71', time: '2015-06-04 10:22:50'
System info: host: 'DS-38607723D16D', ip: '10.102.149.151', os.name: 'Windows 7', os.arch: 'amd64', os.version: '6.1', java.version: '1.8.0_40'
Driver info: org.openqa.selenium.firefox.FirefoxDriver
Capabilities [{applicationCacheEnabled=true, rotatable=false, handlesAlerts=true, databaseEnabled=true, version=39.0, platform=WINDOWS, nativeEvents=false, acceptSslCerts=true, webStorageEnabled=true, locationContextEnabled=true, browserName=firefox, takesScreenshot=true, javascriptEnabled=true, cssSelectorsEnabled=true}]
Session ID: 5eb53769-2948-461a-a60f-e0e782ea5488]]>
            </message>
            <full-stacktrace>
              <![CDATA[org.openqa.selenium.StaleElementReferenceException: Element not found in the cache - perhaps the page has changed since it was looked up
Command duration or timeout: 5.08 seconds
For documentation on this error, please visit: http://seleniumhq.org/exceptions/stale_element_reference.html
Build info: version: '2.46.0', revision: '61506a4624b13675f24581e453592342b7485d71', time: '2015-06-04 10:22:50'
System info: host: 'DS-38607723D16D', ip: '10.102.149.151', os.name: 'Windows 7', os.arch: 'amd64', os.version: '6.1', java.version: '1.8.0_40'
Driver info: org.openqa.selenium.firefox.FirefoxDriver
Capabilities [{applicationCacheEnabled=true, rotatable=false, handlesAlerts=true, databaseEnabled=true, version=39.0, platform=WINDOWS, nativeEvents=false, acceptSslCerts=true, webStorageEnabled=true, locationContextEnabled=true, browserName=firefox, takesScreenshot=true, javascriptEnabled=true, cssSelectorsEnabled=true}]
Session ID: 5eb53769-2948-461a-a60f-e0e782ea5488
	at sun.reflect.NativeConstructorAccessorImpl.newInstance0(Native Method)
	at sun.reflect.NativeConstructorAccessorImpl.newInstance(NativeConstructorAccessorImpl.java:62)
	at sun.reflect.DelegatingConstructorAccessorImpl.newInstance(DelegatingConstructorAccessorImpl.java:45)
	at java.lang.reflect.Constructor.newInstance(Constructor.java:422)
	at org.openqa.selenium.remote.ErrorHandler.createThrowable(ErrorHandler.java:204)
	at org.openqa.selenium.remote.ErrorHandler.throwIfResponseFailed(ErrorHandler.java:156)
	at org.openqa.selenium.remote.RemoteWebDriver.execute(RemoteWebDriver.java:605)
	at org.openqa.selenium.remote.RemoteWebElement.execute(RemoteWebElement.java:269)
	at org.openqa.selenium.remote.RemoteWebElement.isDisplayed(RemoteWebElement.java:310)
	at org.openqa.selenium.support.ui.ExpectedConditions.elementIfVisible(ExpectedConditions.java:302)
	at org.openqa.selenium.support.ui.ExpectedConditions.access$100(ExpectedConditions.java:41)
	at org.openqa.selenium.support.ui.ExpectedConditions$10.apply(ExpectedConditions.java:288)
	at org.openqa.selenium.support.ui.ExpectedConditions$10.apply(ExpectedConditions.java:285)
	at org.openqa.selenium.support.ui.ExpectedConditions$21.apply(ExpectedConditions.java:638)
	at org.openqa.selenium.support.ui.ExpectedConditions$21.apply(ExpectedConditions.java:631)
	at org.openqa.selenium.support.ui.FluentWait.until(FluentWait.java:209)
	at sac.dl.pageObject.SavedSearchesPage.waitForElementToBeClickable(SavedSearchesPage.java:113)
	at sac.dl.pageObject.SavedSearchesPage.deleteSavedSearchTerm(SavedSearchesPage.java:85)
	at test.java.SavedSearchesTest.testDeleteSavedNoteSearchTerm(SavedSearchesTest.java:92)
	at sun.reflect.NativeMethodAccessorImpl.invoke0(Native Method)
	at sun.reflect.NativeMethodAccessorImpl.invoke(NativeMethodAccessorImpl.java:62)
	at sun.reflect.DelegatingMethodAccessorImpl.invoke(DelegatingMethodAccessorImpl.java:43)
	at java.lang.reflect.Method.invoke(Method.java:497)
	at org.testng.internal.MethodInvocationHelper.invokeMethod(MethodInvocationHelper.java:85)
	at org.testng.internal.Invoker.invokeMethod(Invoker.java:659)
	at org.testng.internal.Invoker.invokeTestMethod(Invoker.java:845)
	at org.testng.internal.Invoker.invokeTestMethods(Invoker.java:1153)
	at org.testng.internal.TestMethodWorker.invokeTestMethods(TestMethodWorker.java:125)
	at org.testng.internal.TestMethodWorker.run(TestMethodWorker.java:108)
	at org.testng.TestRunner.privateRun(TestRunner.java:771)
	at org.testng.TestRunner.run(TestRunner.java:621)
	at org.testng.SuiteRunner.runTest(SuiteRunner.java:357)
	at org.testng.SuiteRunner.runSequentially(SuiteRunner.java:352)
	at org.testng.SuiteRunner.privateRun(SuiteRunner.java:310)
	at org.testng.SuiteRunner.run(SuiteRunner.java:259)
	at org.testng.SuiteRunnerWorker.runSuite(SuiteRunnerWorker.java:52)
	at org.testng.SuiteRunnerWorker.run(SuiteRunnerWorker.java:86)
	at org.testng.TestNG.runSuitesSequentially(TestNG.java:1199)
	at org.testng.TestNG.runSuitesLocally(TestNG.java:1124)
	at org.testng.TestNG.run(TestNG.java:1032)
	at org.apache.maven.surefire.testng.TestNGExecutor.run(TestNGExecutor.java:295)
	at org.apache.maven.surefire.testng.TestNGXmlTestSuite.execute(TestNGXmlTestSuite.java:84)
	at org.apache.maven.surefire.testng.TestNGProvider.invoke(TestNGProvider.java:90)
	at org.apache.maven.surefire.booter.ForkedBooter.invokeProviderInSameClassLoader(ForkedBooter.java:203)
	at org.apache.maven.surefire.booter.ForkedBooter.runSuitesInProcess(ForkedBooter.java:155)
	at org.apache.maven.surefire.booter.ForkedBooter.main(ForkedBooter.java:103)
Caused by: org.openqa.selenium.StaleElementReferenceException: Element not found in the cache - perhaps the page has changed since it was looked up
For documentation on this error, please visit: http://seleniumhq.org/exceptions/stale_element_reference.html
Build info: version: '2.46.0', revision: '61506a4624b13675f24581e453592342b7485d71', time: '2015-06-04 10:22:50'
System info: host: 'DS-38607723D16D', ip: '10.102.149.151', os.name: 'Windows 7', os.arch: 'amd64', os.version: '6.1', java.version: '1.8.0_40'
Driver info: driver.version: unknown
	at <anonymous class>.fxdriver.cache.getElementAt(resource://fxdriver/modules/web-element-cache.js:8981)
	at <anonymous class>.Utils.getElementAt(file:///C:/Users/SACHIN~1.MAT/AppData/Local/Temp/anonymous3227385139531201112webdriver-profile/extensions/fxdriver@googlecode.com/components/command-processor.js:8574)
	at <anonymous class>.WebElement.isElementDisplayed(file:///C:/Users/SACHIN~1.MAT/AppData/Local/Temp/anonymous3227385139531201112webdriver-profile/extensions/fxdriver@googlecode.com/components/command-processor.js:11807)
	at <anonymous class>.DelayedCommand.prototype.executeInternal_/h(file:///C:/Users/SACHIN~1.MAT/AppData/Local/Temp/anonymous3227385139531201112webdriver-profile/extensions/fxdriver@googlecode.com/components/command-processor.js:12282)
	at <anonymous class>.fxdriver.Timer.prototype.setTimeout/<.notify(file:///C:/Users/SACHIN~1.MAT/AppData/Local/Temp/anonymous3227385139531201112webdriver-profile/extensions/fxdriver@googlecode.com/components/command-processor.js:603)
]]>
            </full-stacktrace>
          </exception> <!-- org.openqa.selenium.StaleElementReferenceException -->
          <reporter-output>
          </reporter-output>
        </test-method> <!-- testDeleteSavedNoteSearchTerm -->
      </class> <!-- test.java.SavedSearchesTest -->
      <class name="test.java.SignOutTest">
        <test-method status="PASS" signature="beforeClass()[pri:0, instance:test.java.SignOutTest@6b2fad11]" name="beforeClass" is-config="true" duration-ms="0" started-at="2015-07-31T15:48:26Z" finished-at="2015-07-31T15:48:26Z">
          <reporter-output>
          </reporter-output>
        </test-method> <!-- beforeClass -->
        <test-method status="PASS" signature="waitBeforeCallingMethod()[pri:0, instance:test.java.SignOutTest@6b2fad11]" name="waitBeforeCallingMethod" is-config="true" duration-ms="12" started-at="2015-07-31T15:48:26Z" finished-at="2015-07-31T15:48:26Z">
          <reporter-output>
          </reporter-output>
        </test-method> <!-- waitBeforeCallingMethod -->
        <test-method status="PASS" signature="testSignOut()[pri:0, instance:test.java.SignOutTest@6b2fad11]" name="testSignOut" duration-ms="4998" depends-on-groups="DeleteSavedSearchTerm" started-at="2015-07-31T15:48:26Z" finished-at="2015-07-31T15:48:31Z">
          <reporter-output>
          </reporter-output>
        </test-method> <!-- testSignOut -->
      </class> <!-- test.java.SignOutTest -->
      <class name="test.java.SearchResultsTest">
        <test-method status="PASS" signature="waitBeforeCallingMethod()[pri:0, instance:test.java.SearchResultsTest@2ed94a8b]" name="waitBeforeCallingMethod" is-config="true" duration-ms="13" started-at="2015-07-31T15:47:18Z" finished-at="2015-07-31T15:47:18Z">
          <reporter-output>
          </reporter-output>
        </test-method> <!-- waitBeforeCallingMethod -->
        <test-method status="PASS" signature="beforeClass()[pri:0, instance:test.java.SearchResultsTest@2ed94a8b]" name="beforeClass" is-config="true" duration-ms="0" started-at="2015-07-31T15:47:18Z" finished-at="2015-07-31T15:47:18Z">
          <reporter-output>
          </reporter-output>
        </test-method> <!-- beforeClass -->
        <test-method status="PASS" signature="testverifyAlleTextPagesStack()[pri:0, instance:test.java.SearchResultsTest@2ed94a8b]" name="testverifyAlleTextPagesStack" duration-ms="540" depends-on-groups="PerformSearchingByeContents" started-at="2015-07-31T15:47:18Z" finished-at="2015-07-31T15:47:19Z">
          <reporter-output>
          </reporter-output>
        </test-method> <!-- testverifyAlleTextPagesStack -->
        <test-method status="PASS" signature="waitBeforeCallingMethod()[pri:0, instance:test.java.SearchResultsTest@2ed94a8b]" name="waitBeforeCallingMethod" is-config="true" duration-ms="14" started-at="2015-07-31T15:47:38Z" finished-at="2015-07-31T15:47:38Z">
          <reporter-output>
          </reporter-output>
        </test-method> <!-- waitBeforeCallingMethod -->
        <test-method status="PASS" signature="testverifyAlleTextStack()[pri:0, instance:test.java.SearchResultsTest@2ed94a8b]" name="testverifyAlleTextStack" duration-ms="184" depends-on-groups="PerformSearchingByeText" started-at="2015-07-31T15:47:38Z" finished-at="2015-07-31T15:47:38Z">
          <reporter-output>
          </reporter-output>
        </test-method> <!-- testverifyAlleTextStack -->
        <test-method status="PASS" signature="waitBeforeCallingMethod()[pri:0, instance:test.java.SearchResultsTest@2ed94a8b]" name="waitBeforeCallingMethod" is-config="true" duration-ms="14" started-at="2015-07-31T15:47:58Z" finished-at="2015-07-31T15:47:58Z">
          <reporter-output>
          </reporter-output>
        </test-method> <!-- waitBeforeCallingMethod -->
        <test-method status="PASS" signature="testverifyAlleTextNotesStack()[pri:0, instance:test.java.SearchResultsTest@2ed94a8b]" name="testverifyAlleTextNotesStack" duration-ms="533" depends-on-groups="PerformSearchingByNotes" started-at="2015-07-31T15:47:58Z" finished-at="2015-07-31T15:47:59Z">
          <reporter-output>
          </reporter-output>
        </test-method> <!-- testverifyAlleTextNotesStack -->
      </class> <!-- test.java.SearchResultsTest -->
      <class name="test.java.SearchAndBrowseLibraryTest">
        <test-method status="PASS" signature="beforeClass()[pri:0, instance:test.java.SearchAndBrowseLibraryTest@dfd3711]" name="beforeClass" is-config="true" duration-ms="0" started-at="2015-07-31T15:48:43Z" finished-at="2015-07-31T15:48:43Z">
          <reporter-output>
          </reporter-output>
        </test-method> <!-- beforeClass -->
        <test-method status="PASS" signature="waitBeforeCallingMethod()[pri:0, instance:test.java.SearchAndBrowseLibraryTest@dfd3711]" name="waitBeforeCallingMethod" is-config="true" duration-ms="14" started-at="2015-07-31T15:48:43Z" finished-at="2015-07-31T15:48:44Z">
          <reporter-output>
          </reporter-output>
        </test-method> <!-- waitBeforeCallingMethod -->
        <test-method status="PASS" signature="testVerifyOptionsInDropdown(java.lang.String)[pri:0, instance:test.java.SearchAndBrowseLibraryTest@dfd3711]" name="testVerifyOptionsInDropdown" duration-ms="140" depends-on-groups="LoginPage" started-at="2015-07-31T15:48:44Z" data-provider="ExcelDataProvider" finished-at="2015-07-31T15:48:44Z">
          <params>
            <param index="0">
              <value>
                <![CDATA[Complete Library, MyLab]]>
              </value>
            </param>
          </params>
          <reporter-output>
          </reporter-output>
        </test-method> <!-- testVerifyOptionsInDropdown -->
        <test-method status="PASS" signature="waitBeforeCallingMethod()[pri:0, instance:test.java.SearchAndBrowseLibraryTest@dfd3711]" name="waitBeforeCallingMethod" is-config="true" duration-ms="14" started-at="2015-07-31T15:48:44Z" finished-at="2015-07-31T15:48:44Z">
          <reporter-output>
          </reporter-output>
        </test-method> <!-- waitBeforeCallingMethod -->
        <test-method status="PASS" signature="testVerifyBooksPresentInAlleTextStack(java.lang.String)[pri:0, instance:test.java.SearchAndBrowseLibraryTest@dfd3711]" name="testVerifyBooksPresentInAlleTextStack" duration-ms="3912" started-at="2015-07-31T15:48:44Z" data-provider="ExcelDataProvider" depends-on-methods="test.java.SearchAndBrowseLibraryTest.testVerifyOptionsInDropdown" finished-at="2015-07-31T15:48:48Z">
          <params>
            <param index="0">
              <value>
                <![CDATA[Counseling title 1, std_existing_48, Test Audio_Std_R49, testing4_PROD, 48sakshi, saudi_moe_relg_R48, Test replica 11754]]>
              </value>
            </param>
          </params>
          <reporter-output>
          </reporter-output>
        </test-method> <!-- testVerifyBooksPresentInAlleTextStack -->
        <test-method status="PASS" signature="waitBeforeCallingMethod()[pri:0, instance:test.java.SearchAndBrowseLibraryTest@dfd3711]" name="waitBeforeCallingMethod" is-config="true" duration-ms="26" started-at="2015-07-31T15:48:48Z" finished-at="2015-07-31T15:48:48Z">
          <reporter-output>
          </reporter-output>
        </test-method> <!-- waitBeforeCallingMethod -->
        <test-method status="PASS" signature="testVerifyUIOfMoreInfoPopUpUnknownUser(java.lang.String, java.lang.String, java.lang.String, java.lang.String)[pri:0, instance:test.java.SearchAndBrowseLibraryTest@dfd3711]" name="testVerifyUIOfMoreInfoPopUpUnknownUser" duration-ms="48405" started-at="2015-07-31T15:48:48Z" data-provider="ExcelDataProvider" depends-on-methods="test.java.SearchAndBrowseLibraryTest.testVerifyBooksPresentInAlleTextStack" finished-at="2015-07-31T15:49:36Z">
          <params>
            <param index="0">
              <value>
                <![CDATA[Counseling title 1]]>
              </value>
            </param>
            <param index="1">
              <value>
                <![CDATA[By AMIT TARAN, sourav Saha, pracheta , Badal Rai]]>
              </value>
            </param>
            <param index="2">
              <value>
                <![CDATA[Copyright © 2010]]>
              </value>
            </param>
            <param index="3">
              <value>
                <![CDATA[Most scientific inventions are purposely created and result from curiosity, persistence, and years of hard work.]]>
              </value>
            </param>
          </params>
          <reporter-output>
          </reporter-output>
        </test-method> <!-- testVerifyUIOfMoreInfoPopUpUnknownUser -->
        <test-method status="PASS" signature="waitBeforeCallingMethod()[pri:0, instance:test.java.SearchAndBrowseLibraryTest@dfd3711]" name="waitBeforeCallingMethod" is-config="true" duration-ms="14" started-at="2015-07-31T15:49:37Z" finished-at="2015-07-31T15:49:37Z">
          <reporter-output>
          </reporter-output>
        </test-method> <!-- waitBeforeCallingMethod -->
        <test-method status="PASS" signature="testVerifyOptionsInPreviewChapterDropdown(java.lang.String)[pri:0, instance:test.java.SearchAndBrowseLibraryTest@dfd3711]" name="testVerifyOptionsInPreviewChapterDropdown" duration-ms="163" started-at="2015-07-31T15:49:37Z" data-provider="ExcelDataProvider" depends-on-methods="test.java.SearchAndBrowseLibraryTest.testVerifyUIOfMoreInfoPopUpUnknownUser" finished-at="2015-07-31T15:49:37Z">
          <params>
            <param index="0">
              <value>
                <![CDATA[Table of Contents, Chapter 1]]>
              </value>
            </param>
          </params>
          <reporter-output>
          </reporter-output>
        </test-method> <!-- testVerifyOptionsInPreviewChapterDropdown -->
        <test-method status="PASS" signature="waitBeforeCallingMethod()[pri:0, instance:test.java.SearchAndBrowseLibraryTest@dfd3711]" name="waitBeforeCallingMethod" is-config="true" duration-ms="12" started-at="2015-07-31T15:49:37Z" finished-at="2015-07-31T15:49:37Z">
          <reporter-output>
          </reporter-output>
        </test-method> <!-- waitBeforeCallingMethod -->
        <test-method status="FAIL" signature="testLaunchChapterPreview(java.lang.String)[pri:0, instance:test.java.SearchAndBrowseLibraryTest@dfd3711]" name="testLaunchChapterPreview" duration-ms="62032" started-at="2015-07-31T15:49:37Z" data-provider="ExcelDataProvider" depends-on-methods="test.java.SearchAndBrowseLibraryTest.testVerifyOptionsInPreviewChapterDropdown" finished-at="2015-07-31T15:50:39Z">
          <params>
            <param index="0">
              <value>
                <![CDATA[Chapter 1]]>
              </value>
            </param>
          </params>
          <exception class="org.openqa.selenium.TimeoutException">
            <message>
              <![CDATA[Timed out after 60 seconds waiting for visibility of element located by By.xpath: //div[@id='ChapterPreviewModal']
Build info: version: '2.46.0', revision: '61506a4624b13675f24581e453592342b7485d71', time: '2015-06-04 10:22:50'
System info: host: 'DS-38607723D16D', ip: '10.102.149.151', os.name: 'Windows 7', os.arch: 'amd64', os.version: '6.1', java.version: '1.8.0_40'
Driver info: org.openqa.selenium.firefox.FirefoxDriver
Capabilities [{applicationCacheEnabled=true, rotatable=false, handlesAlerts=true, databaseEnabled=true, version=39.0, platform=WINDOWS, nativeEvents=false, acceptSslCerts=true, webStorageEnabled=true, locationContextEnabled=true, browserName=firefox, takesScreenshot=true, javascriptEnabled=true, cssSelectorsEnabled=true}]
Session ID: 5eb53769-2948-461a-a60f-e0e782ea5488]]>
            </message>
            <full-stacktrace>
              <![CDATA[org.openqa.selenium.TimeoutException: Timed out after 60 seconds waiting for visibility of element located by By.xpath: //div[@id='ChapterPreviewModal']
Build info: version: '2.46.0', revision: '61506a4624b13675f24581e453592342b7485d71', time: '2015-06-04 10:22:50'
System info: host: 'DS-38607723D16D', ip: '10.102.149.151', os.name: 'Windows 7', os.arch: 'amd64', os.version: '6.1', java.version: '1.8.0_40'
Driver info: org.openqa.selenium.firefox.FirefoxDriver
Capabilities [{applicationCacheEnabled=true, rotatable=false, handlesAlerts=true, databaseEnabled=true, version=39.0, platform=WINDOWS, nativeEvents=false, acceptSslCerts=true, webStorageEnabled=true, locationContextEnabled=true, browserName=firefox, takesScreenshot=true, javascriptEnabled=true, cssSelectorsEnabled=true}]
Session ID: 5eb53769-2948-461a-a60f-e0e782ea5488
	at org.openqa.selenium.support.ui.WebDriverWait.timeoutException(WebDriverWait.java:80)
	at org.openqa.selenium.support.ui.FluentWait.until(FluentWait.java:229)
	at sac.dl.pageObject.SearchAndBrowseLibraryPage.launchChapterPreview(SearchAndBrowseLibraryPage.java:158)
	at test.java.SearchAndBrowseLibraryTest.testLaunchChapterPreview(SearchAndBrowseLibraryTest.java:90)
	at sun.reflect.NativeMethodAccessorImpl.invoke0(Native Method)
	at sun.reflect.NativeMethodAccessorImpl.invoke(NativeMethodAccessorImpl.java:62)
	at sun.reflect.DelegatingMethodAccessorImpl.invoke(DelegatingMethodAccessorImpl.java:43)
	at java.lang.reflect.Method.invoke(Method.java:497)
	at org.testng.internal.MethodInvocationHelper.invokeMethod(MethodInvocationHelper.java:85)
	at org.testng.internal.Invoker.invokeMethod(Invoker.java:659)
	at org.testng.internal.Invoker.invokeTestMethod(Invoker.java:845)
	at org.testng.internal.Invoker.invokeTestMethods(Invoker.java:1153)
	at org.testng.internal.TestMethodWorker.invokeTestMethods(TestMethodWorker.java:125)
	at org.testng.internal.TestMethodWorker.run(TestMethodWorker.java:108)
	at org.testng.TestRunner.privateRun(TestRunner.java:771)
	at org.testng.TestRunner.run(TestRunner.java:621)
	at org.testng.SuiteRunner.runTest(SuiteRunner.java:357)
	at org.testng.SuiteRunner.runSequentially(SuiteRunner.java:352)
	at org.testng.SuiteRunner.privateRun(SuiteRunner.java:310)
	at org.testng.SuiteRunner.run(SuiteRunner.java:259)
	at org.testng.SuiteRunnerWorker.runSuite(SuiteRunnerWorker.java:52)
	at org.testng.SuiteRunnerWorker.run(SuiteRunnerWorker.java:86)
	at org.testng.TestNG.runSuitesSequentially(TestNG.java:1199)
	at org.testng.TestNG.runSuitesLocally(TestNG.java:1124)
	at org.testng.TestNG.run(TestNG.java:1032)
	at org.apache.maven.surefire.testng.TestNGExecutor.run(TestNGExecutor.java:295)
	at org.apache.maven.surefire.testng.TestNGXmlTestSuite.execute(TestNGXmlTestSuite.java:84)
	at org.apache.maven.surefire.testng.TestNGProvider.invoke(TestNGProvider.java:90)
	at org.apache.maven.surefire.booter.ForkedBooter.invokeProviderInSameClassLoader(ForkedBooter.java:203)
	at org.apache.maven.surefire.booter.ForkedBooter.runSuitesInProcess(ForkedBooter.java:155)
	at org.apache.maven.surefire.booter.ForkedBooter.main(ForkedBooter.java:103)
]]>
            </full-stacktrace>
          </exception> <!-- org.openqa.selenium.TimeoutException -->
          <reporter-output>
          </reporter-output>
        </test-method> <!-- testLaunchChapterPreview -->
        <test-method status="PASS" signature="waitBeforeCallingMethod()[pri:0, instance:test.java.SearchAndBrowseLibraryTest@dfd3711]" name="waitBeforeCallingMethod" is-config="true" duration-ms="13" started-at="2015-07-31T15:50:39Z" finished-at="2015-07-31T15:50:39Z">
          <reporter-output>
          </reporter-output>
        </test-method> <!-- waitBeforeCallingMethod -->
        <test-method status="FAIL" signature="testVerifyUIOfChapterPreview(java.lang.String, java.lang.String, java.lang.String)[pri:0, instance:test.java.SearchAndBrowseLibraryTest@dfd3711]" name="testVerifyUIOfChapterPreview" duration-ms="33" started-at="2015-07-31T15:50:39Z" data-provider="ExcelDataProvider" depends-on-methods="test.java.SearchAndBrowseLibraryTest.testLaunchChapterPreview" finished-at="2015-07-31T15:50:40Z">
          <params>
            <param index="0">
              <value>
                <![CDATA[Counseling title 1]]>
              </value>
            </param>
            <param index="1">
              <value>
                <![CDATA[TARAN, Saha, , Rai]]>
              </value>
            </param>
            <param index="2">
              <value>
                <![CDATA[Page 13]]>
              </value>
            </param>
          </params>
          <exception class="java.lang.AssertionError">
            <message>
              <![CDATA[expected [Counseling title 1] but found []]]>
            </message>
            <full-stacktrace>
              <![CDATA[java.lang.AssertionError: expected [Counseling title 1] but found []
	at org.testng.Assert.fail(Assert.java:94)
	at org.testng.Assert.failNotEquals(Assert.java:496)
	at org.testng.Assert.assertEquals(Assert.java:125)
	at org.testng.Assert.assertEquals(Assert.java:178)
	at org.testng.Assert.assertEquals(Assert.java:188)
	at test.java.SearchAndBrowseLibraryTest.testVerifyUIOfChapterPreview(SearchAndBrowseLibraryTest.java:98)
	at sun.reflect.NativeMethodAccessorImpl.invoke0(Native Method)
	at sun.reflect.NativeMethodAccessorImpl.invoke(NativeMethodAccessorImpl.java:62)
	at sun.reflect.DelegatingMethodAccessorImpl.invoke(DelegatingMethodAccessorImpl.java:43)
	at java.lang.reflect.Method.invoke(Method.java:497)
	at org.testng.internal.MethodInvocationHelper.invokeMethod(MethodInvocationHelper.java:85)
	at org.testng.internal.Invoker.invokeMethod(Invoker.java:659)
	at org.testng.internal.Invoker.invokeTestMethod(Invoker.java:845)
	at org.testng.internal.Invoker.invokeTestMethods(Invoker.java:1153)
	at org.testng.internal.TestMethodWorker.invokeTestMethods(TestMethodWorker.java:125)
	at org.testng.internal.TestMethodWorker.run(TestMethodWorker.java:108)
	at org.testng.TestRunner.privateRun(TestRunner.java:771)
	at org.testng.TestRunner.run(TestRunner.java:621)
	at org.testng.SuiteRunner.runTest(SuiteRunner.java:357)
	at org.testng.SuiteRunner.runSequentially(SuiteRunner.java:352)
	at org.testng.SuiteRunner.privateRun(SuiteRunner.java:310)
	at org.testng.SuiteRunner.run(SuiteRunner.java:259)
	at org.testng.SuiteRunnerWorker.runSuite(SuiteRunnerWorker.java:52)
	at org.testng.SuiteRunnerWorker.run(SuiteRunnerWorker.java:86)
	at org.testng.TestNG.runSuitesSequentially(TestNG.java:1199)
	at org.testng.TestNG.runSuitesLocally(TestNG.java:1124)
	at org.testng.TestNG.run(TestNG.java:1032)
	at org.apache.maven.surefire.testng.TestNGExecutor.run(TestNGExecutor.java:295)
	at org.apache.maven.surefire.testng.TestNGXmlTestSuite.execute(TestNGXmlTestSuite.java:84)
	at org.apache.maven.surefire.testng.TestNGProvider.invoke(TestNGProvider.java:90)
	at org.apache.maven.surefire.booter.ForkedBooter.invokeProviderInSameClassLoader(ForkedBooter.java:203)
	at org.apache.maven.surefire.booter.ForkedBooter.runSuitesInProcess(ForkedBooter.java:155)
	at org.apache.maven.surefire.booter.ForkedBooter.main(ForkedBooter.java:103)
]]>
            </full-stacktrace>
          </exception> <!-- java.lang.AssertionError -->
          <reporter-output>
          </reporter-output>
        </test-method> <!-- testVerifyUIOfChapterPreview -->
      </class> <!-- test.java.SearchAndBrowseLibraryTest -->
    </test> <!-- DigitalLibraryFunctionalTest -->
  </suite> <!-- DigitalLibrary -->
</testng-results>
