<?xml version="1.0" encoding="UTF-8"?>
<testng-results skipped="1" failed="4" total="31" passed="26">
  <reporter-output>
  </reporter-output>
  <suite name="DigitalLibrary" duration-ms="163927" started-at="2015-08-03T11:50:54Z" finished-at="2015-08-03T11:53:38Z">
    <groups>
      <group name="ClickOnSavedSearchTerm">
        <method signature="SavedSearchesTest.testClickOnSavedContentSearchTerm(java.lang.String, java.lang.String)[pri:0, instance:test.java.SavedSearchesTest@38082d64]" name="testClickOnSavedContentSearchTerm" class="test.java.SavedSearchesTest"/>
        <method signature="SavedSearchesTest.testClickOnSavedeTextSearchTerm(java.lang.String, java.lang.String)[pri:0, instance:test.java.SavedSearchesTest@38082d64]" name="testClickOnSavedeTextSearchTerm" class="test.java.SavedSearchesTest"/>
        <method signature="SavedSearchesTest.testClickOnSavedNoteSearchTerm(java.lang.String, java.lang.String)[pri:0, instance:test.java.SavedSearchesTest@38082d64]" name="testClickOnSavedNoteSearchTerm" class="test.java.SavedSearchesTest"/>
      </group> <!-- ClickOnSavedSearchTerm -->
      <group name="SignOut">
        <method signature="SignOutTest.testSignOut()[pri:0, instance:test.java.SignOutTest@6b2fad11]" name="testSignOut" class="test.java.SignOutTest"/>
      </group> <!-- SignOut -->
      <group name="PerformSearchingByNotes">
        <method signature="CompleteLibraryTest.testSearchMyNotes(java.lang.String, java.lang.String, java.lang.String, java.lang.String)[pri:0, instance:test.java.CompleteLibraryTest@73f792cf]" name="testSearchMyNotes" class="test.java.CompleteLibraryTest"/>
      </group> <!-- PerformSearchingByNotes -->
      <group name="ClickOnAlleTextStack">
        <method signature="SearchResultsTest.testverifyAlleTextStack()[pri:0, instance:test.java.SearchResultsTest@2ed94a8b]" name="testverifyAlleTextStack" class="test.java.SearchResultsTest"/>
      </group> <!-- ClickOnAlleTextStack -->
      <group name="CompleteLibrary">
        <method signature="CompleteLibraryTest.testVerifyUIOfCompleteLibraryPage(java.lang.String, java.lang.String, java.lang.String, java.lang.String)[pri:0, instance:test.java.CompleteLibraryTest@73f792cf]" name="testVerifyUIOfCompleteLibraryPage" class="test.java.CompleteLibraryTest"/>
      </group> <!-- CompleteLibrary -->
      <group name="Login">
        <method signature="LoginPageTest.testverifyUIOfLoginPage(java.lang.String, java.lang.String, java.lang.String, java.lang.String, java.lang.String, java.lang.String, java.lang.String, java.lang.String)[pri:0, instance:test.java.LoginPageTest@13969fbe]" name="testverifyUIOfLoginPage" class="test.java.LoginPageTest"/>
        <method signature="LoginPageTest.testForgetUserNamePasswordLink()[pri:0, instance:test.java.LoginPageTest@13969fbe]" name="testForgetUserNamePasswordLink" class="test.java.LoginPageTest"/>
        <method signature="LoginPageTest.testLogin(java.lang.String, java.lang.String)[pri:0, instance:test.java.LoginPageTest@13969fbe]" name="testLogin" class="test.java.LoginPageTest"/>
      </group> <!-- Login -->
      <group name="PerformSearchingByeText">
        <method signature="CompleteLibraryTest.testSearchByeText(java.lang.String, java.lang.String, java.lang.String, java.lang.String)[pri:0, instance:test.java.CompleteLibraryTest@73f792cf]" name="testSearchByeText" class="test.java.CompleteLibraryTest"/>
      </group> <!-- PerformSearchingByeText -->
      <group name="LoginPage">
        <method signature="LoginPageTest.testclickSearchAndBrowseLibraryLink()[pri:0, instance:test.java.LoginPageTest@13969fbe]" name="testclickSearchAndBrowseLibraryLink" class="test.java.LoginPageTest"/>
      </group> <!-- LoginPage -->
      <group name="SearchAndBrowseLibrary">
        <method signature="SearchAndBrowseLibraryTest.testVerifyOptionsInDropdown(java.lang.String)[pri:0, instance:test.java.SearchAndBrowseLibraryTest@dfd3711]" name="testVerifyOptionsInDropdown" class="test.java.SearchAndBrowseLibraryTest"/>
        <method signature="SearchAndBrowseLibraryTest.testVerifyBooksPresentInAlleTextStack(java.lang.String)[pri:0, instance:test.java.SearchAndBrowseLibraryTest@dfd3711]" name="testVerifyBooksPresentInAlleTextStack" class="test.java.SearchAndBrowseLibraryTest"/>
        <method signature="SearchAndBrowseLibraryTest.testVerifyUIOfMoreInfoPopUpUnknownUser(java.lang.String, java.lang.String, java.lang.String, java.lang.String)[pri:0, instance:test.java.SearchAndBrowseLibraryTest@dfd3711]" name="testVerifyUIOfMoreInfoPopUpUnknownUser" class="test.java.SearchAndBrowseLibraryTest"/>
        <method signature="SearchAndBrowseLibraryTest.testVerifyOptionsInPreviewChapterDropdown(java.lang.String)[pri:0, instance:test.java.SearchAndBrowseLibraryTest@dfd3711]" name="testVerifyOptionsInPreviewChapterDropdown" class="test.java.SearchAndBrowseLibraryTest"/>
        <method signature="SearchAndBrowseLibraryTest.testLaunchChapterPreview(java.lang.String)[pri:0, instance:test.java.SearchAndBrowseLibraryTest@dfd3711]" name="testLaunchChapterPreview" class="test.java.SearchAndBrowseLibraryTest"/>
        <method signature="SearchAndBrowseLibraryTest.testVerifyUIOfChapterPreview(java.lang.String, java.lang.String, java.lang.String)[pri:0, instance:test.java.SearchAndBrowseLibraryTest@dfd3711]" name="testVerifyUIOfChapterPreview" class="test.java.SearchAndBrowseLibraryTest"/>
      </group> <!-- SearchAndBrowseLibrary -->
      <group name="PerformSearchingByeContents">
        <method signature="CompleteLibraryTest.testSearchByContents(java.lang.String, java.lang.String, java.lang.String, java.lang.String)[pri:0, instance:test.java.CompleteLibraryTest@73f792cf]" name="testSearchByContents" class="test.java.CompleteLibraryTest"/>
      </group> <!-- PerformSearchingByeContents -->
      <group name="ClickOnAlleTextPagesStack">
        <method signature="SearchResultsTest.testverifyAlleTextPagesStack()[pri:0, instance:test.java.SearchResultsTest@2ed94a8b]" name="testverifyAlleTextPagesStack" class="test.java.SearchResultsTest"/>
      </group> <!-- ClickOnAlleTextPagesStack -->
      <group name="ClickOnAlleTextNotesStack">
        <method signature="SearchResultsTest.testverifyAlleTextNotesStack()[pri:0, instance:test.java.SearchResultsTest@2ed94a8b]" name="testverifyAlleTextNotesStack" class="test.java.SearchResultsTest"/>
      </group> <!-- ClickOnAlleTextNotesStack -->
      <group name="DeleteSavedSearchTerm">
        <method signature="SavedSearchesTest.testDeleteSavedContentSearchTerm(java.lang.String)[pri:0, instance:test.java.SavedSearchesTest@38082d64]" name="testDeleteSavedContentSearchTerm" class="test.java.SavedSearchesTest"/>
        <method signature="SavedSearchesTest.testDeleteSavedeTextSearchTerm(java.lang.String)[pri:0, instance:test.java.SavedSearchesTest@38082d64]" name="testDeleteSavedeTextSearchTerm" class="test.java.SavedSearchesTest"/>
        <method signature="SavedSearchesTest.testDeleteSavedNoteSearchTerm(java.lang.String)[pri:0, instance:test.java.SavedSearchesTest@38082d64]" name="testDeleteSavedNoteSearchTerm" class="test.java.SavedSearchesTest"/>
      </group> <!-- DeleteSavedSearchTerm -->
      <group name="NavigateToSavedSearchesPage">
        <method signature="SavedSearchesTest.testNavigateToSavedSearchesPage()[pri:0, instance:test.java.SavedSearchesTest@38082d64]" name="testNavigateToSavedSearchesPage" class="test.java.SavedSearchesTest"/>
      </group> <!-- NavigateToSavedSearchesPage -->
    </groups>
    <test name="DigitalLibraryFunctionalTest" duration-ms="163927" started-at="2015-08-03T11:50:54Z" finished-at="2015-08-03T11:53:38Z">
      <class name="test.java.CompleteLibraryTest">
        <test-method status="PASS" signature="beforeClass()[pri:0, instance:test.java.CompleteLibraryTest@73f792cf]" name="beforeClass" is-config="true" duration-ms="0" started-at="2015-08-03T17:21:13Z" finished-at="2015-08-03T17:21:13Z">
          <reporter-output>
          </reporter-output>
        </test-method> <!-- beforeClass -->
        <test-method status="PASS" signature="waitBeforeCallingMethod()[pri:0, instance:test.java.CompleteLibraryTest@73f792cf]" name="waitBeforeCallingMethod" is-config="true" duration-ms="242" started-at="2015-08-03T17:21:13Z" finished-at="2015-08-03T17:21:14Z">
          <reporter-output>
          </reporter-output>
        </test-method> <!-- waitBeforeCallingMethod -->
        <test-method status="PASS" signature="testVerifyUIOfCompleteLibraryPage(java.lang.String, java.lang.String, java.lang.String, java.lang.String)[pri:0, instance:test.java.CompleteLibraryTest@73f792cf]" name="testVerifyUIOfCompleteLibraryPage" duration-ms="312" depends-on-groups="Login" started-at="2015-08-03T17:21:14Z" data-provider="ExcelDataProvider" finished-at="2015-08-03T17:21:14Z">
          <params>
            <param index="0">
              <value>
                <![CDATA[7 eTexts]]>
              </value>
            </param>
            <param index="1">
              <value>
                <![CDATA[2 Products]]>
              </value>
            </param>
            <param index="2">
              <value>
                <![CDATA[12 Videos]]>
              </value>
            </param>
            <param index="3">
              <value>
                <![CDATA[11 Resources]]>
              </value>
            </param>
          </params>
          <reporter-output>
          </reporter-output>
        </test-method> <!-- testVerifyUIOfCompleteLibraryPage -->
        <test-method status="PASS" signature="waitBeforeCallingMethod()[pri:0, instance:test.java.CompleteLibraryTest@73f792cf]" name="waitBeforeCallingMethod" is-config="true" duration-ms="117" started-at="2015-08-03T17:21:14Z" finished-at="2015-08-03T17:21:14Z">
          <reporter-output>
          </reporter-output>
        </test-method> <!-- waitBeforeCallingMethod -->
        <test-method status="PASS" signature="testSearchByContents(java.lang.String, java.lang.String, java.lang.String, java.lang.String)[pri:0, instance:test.java.CompleteLibraryTest@73f792cf]" name="testSearchByContents" duration-ms="7700" started-at="2015-08-03T17:21:14Z" data-provider="ExcelDataProvider" depends-on-methods="test.java.CompleteLibraryTest.testVerifyUIOfCompleteLibraryPage" finished-at="2015-08-03T17:21:22Z">
          <params>
            <param index="0">
              <value>
                <![CDATA[development]]>
              </value>
            </param>
            <param index="1">
              <value>
                <![CDATA[Complete Library, Subscribed, Favorites]]>
              </value>
            </param>
            <param index="2">
              <value>
                <![CDATA[All eText Pages, testing4_PROD, Test replica 11754]]>
              </value>
            </param>
            <param index="3">
              <value>
                <![CDATA[127 pages, 70 pages, 57 pages]]>
              </value>
            </param>
          </params>
          <reporter-output>
          </reporter-output>
        </test-method> <!-- testSearchByContents -->
        <test-method status="PASS" signature="waitBeforeCallingMethod()[pri:0, instance:test.java.CompleteLibraryTest@73f792cf]" name="waitBeforeCallingMethod" is-config="true" duration-ms="13" started-at="2015-08-03T17:21:22Z" finished-at="2015-08-03T17:21:22Z">
          <reporter-output>
          </reporter-output>
        </test-method> <!-- waitBeforeCallingMethod -->
        <test-method status="PASS" signature="testSearchByContents(java.lang.String, java.lang.String, java.lang.String, java.lang.String)[pri:0, instance:test.java.CompleteLibraryTest@73f792cf]" name="testSearchByContents" duration-ms="2636" started-at="2015-08-03T17:21:22Z" data-provider="ExcelDataProvider" depends-on-methods="test.java.CompleteLibraryTest.testVerifyUIOfCompleteLibraryPage" finished-at="2015-08-03T17:21:25Z">
          <params>
            <param index="0">
              <value>
                <![CDATA[Special]]>
              </value>
            </param>
            <param index="1">
              <value>
                <![CDATA[Complete Library, Subscribed, Favorites]]>
              </value>
            </param>
            <param index="2">
              <value>
                <![CDATA[All eText Pages, testing4_PROD, Test replica 11754]]>
              </value>
            </param>
            <param index="3">
              <value>
                <![CDATA[83 pages, 60 pages, 23 pages]]>
              </value>
            </param>
          </params>
          <reporter-output>
          </reporter-output>
        </test-method> <!-- testSearchByContents -->
        <test-method status="PASS" signature="waitBeforeCallingMethod()[pri:0, instance:test.java.CompleteLibraryTest@73f792cf]" name="waitBeforeCallingMethod" is-config="true" duration-ms="13" started-at="2015-08-03T17:21:25Z" finished-at="2015-08-03T17:21:25Z">
          <reporter-output>
          </reporter-output>
        </test-method> <!-- waitBeforeCallingMethod -->
        <test-method status="PASS" signature="testSearchByContents(java.lang.String, java.lang.String, java.lang.String, java.lang.String)[pri:0, instance:test.java.CompleteLibraryTest@73f792cf]" name="testSearchByContents" duration-ms="3002" started-at="2015-08-03T17:21:25Z" data-provider="ExcelDataProvider" depends-on-methods="test.java.CompleteLibraryTest.testVerifyUIOfCompleteLibraryPage" finished-at="2015-08-03T17:21:28Z">
          <params>
            <param index="0">
              <value>
                <![CDATA[science]]>
              </value>
            </param>
            <param index="1">
              <value>
                <![CDATA[Complete Library, Subscribed, Favorites]]>
              </value>
            </param>
            <param index="2">
              <value>
                <![CDATA[All eText Pages, Counseling title 1, std_existing_48, testing4_PROD, Test replica 11754]]>
              </value>
            </param>
            <param index="3">
              <value>
                <![CDATA[84 pages, 6 pages, 6 pages, 35 pages, 37 pages]]>
              </value>
            </param>
          </params>
          <reporter-output>
          </reporter-output>
        </test-method> <!-- testSearchByContents -->
        <test-method status="PASS" signature="waitBeforeCallingMethod()[pri:0, instance:test.java.CompleteLibraryTest@73f792cf]" name="waitBeforeCallingMethod" is-config="true" duration-ms="3046" started-at="2015-08-03T17:21:29Z" finished-at="2015-08-03T17:21:32Z">
          <reporter-output>
          </reporter-output>
        </test-method> <!-- waitBeforeCallingMethod -->
        <test-method status="PASS" signature="testSearchByeText(java.lang.String, java.lang.String, java.lang.String, java.lang.String)[pri:0, instance:test.java.CompleteLibraryTest@73f792cf]" name="testSearchByeText" duration-ms="3933" depends-on-groups="ClickOnAlleTextPagesStack" started-at="2015-08-03T17:21:32Z" data-provider="ExcelDataProvider" finished-at="2015-08-03T17:21:36Z">
          <params>
            <param index="0">
              <value>
                <![CDATA[Counseling]]>
              </value>
            </param>
            <param index="1">
              <value>
                <![CDATA[Complete Library, Subscribed, Favorites]]>
              </value>
            </param>
            <param index="2">
              <value>
                <![CDATA[All eTexts, people's Category, Sample, TECHNOLOGY AND STACKS, Test Category]]>
              </value>
            </param>
            <param index="3">
              <value>
                <![CDATA[2 eTexts, 1 eText, 1 eText, 1 eText, 1 eText]]>
              </value>
            </param>
          </params>
          <reporter-output>
          </reporter-output>
        </test-method> <!-- testSearchByeText -->
        <test-method status="PASS" signature="waitBeforeCallingMethod()[pri:0, instance:test.java.CompleteLibraryTest@73f792cf]" name="waitBeforeCallingMethod" is-config="true" duration-ms="12" started-at="2015-08-03T17:21:36Z" finished-at="2015-08-03T17:21:36Z">
          <reporter-output>
          </reporter-output>
        </test-method> <!-- waitBeforeCallingMethod -->
        <test-method status="PASS" signature="testSearchByeText(java.lang.String, java.lang.String, java.lang.String, java.lang.String)[pri:0, instance:test.java.CompleteLibraryTest@73f792cf]" name="testSearchByeText" duration-ms="4257" depends-on-groups="ClickOnAlleTextPagesStack" started-at="2015-08-03T17:21:36Z" data-provider="ExcelDataProvider" finished-at="2015-08-03T17:21:40Z">
          <params>
            <param index="0">
              <value>
                <![CDATA[Assessment]]>
              </value>
            </param>
            <param index="1">
              <value>
                <![CDATA[Complete Library, Subscribed, Favorites]]>
              </value>
            </param>
            <param index="2">
              <value>
                <![CDATA[All eTexts, people's Category, TECHNOLOGY AND STACKS]]>
              </value>
            </param>
            <param index="3">
              <value>
                <![CDATA[1 eText, 1 eText, 1 eText]]>
              </value>
            </param>
          </params>
          <reporter-output>
          </reporter-output>
        </test-method> <!-- testSearchByeText -->
        <test-method status="PASS" signature="waitBeforeCallingMethod()[pri:0, instance:test.java.CompleteLibraryTest@73f792cf]" name="waitBeforeCallingMethod" is-config="true" duration-ms="13" started-at="2015-08-03T17:21:40Z" finished-at="2015-08-03T17:21:40Z">
          <reporter-output>
          </reporter-output>
        </test-method> <!-- waitBeforeCallingMethod -->
        <test-method status="PASS" signature="testSearchByeText(java.lang.String, java.lang.String, java.lang.String, java.lang.String)[pri:0, instance:test.java.CompleteLibraryTest@73f792cf]" name="testSearchByeText" duration-ms="3631" depends-on-groups="ClickOnAlleTextPagesStack" started-at="2015-08-03T17:21:40Z" data-provider="ExcelDataProvider" finished-at="2015-08-03T17:21:44Z">
          <params>
            <param index="0">
              <value>
                <![CDATA[Audio]]>
              </value>
            </param>
            <param index="1">
              <value>
                <![CDATA[Complete Library, Subscribed, Favorites]]>
              </value>
            </param>
            <param index="2">
              <value>
                <![CDATA[All eTexts, captivity, Test Category]]>
              </value>
            </param>
            <param index="3">
              <value>
                <![CDATA[1 eText, 1 eText, 1 eText]]>
              </value>
            </param>
          </params>
          <reporter-output>
          </reporter-output>
        </test-method> <!-- testSearchByeText -->
        <test-method status="PASS" signature="waitBeforeCallingMethod()[pri:0, instance:test.java.CompleteLibraryTest@73f792cf]" name="waitBeforeCallingMethod" is-config="true" duration-ms="420" started-at="2015-08-03T17:21:44Z" finished-at="2015-08-03T17:21:45Z">
          <reporter-output>
          </reporter-output>
        </test-method> <!-- waitBeforeCallingMethod -->
        <test-method status="PASS" signature="testSearchMyNotes(java.lang.String, java.lang.String, java.lang.String, java.lang.String)[pri:0, instance:test.java.CompleteLibraryTest@73f792cf]" name="testSearchMyNotes" duration-ms="3761" depends-on-groups="ClickOnAlleTextStack" started-at="2015-08-03T17:21:45Z" data-provider="ExcelDataProvider" finished-at="2015-08-03T17:21:49Z">
          <params>
            <param index="0">
              <value>
                <![CDATA[Note]]>
              </value>
            </param>
            <param index="1">
              <value>
                <![CDATA[eTexts, Categories]]>
              </value>
            </param>
            <param index="2">
              <value>
                <![CDATA[All eText Notes, Counseling title 1, Test Audio_Std_R49]]>
              </value>
            </param>
            <param index="3">
              <value>
                <![CDATA[17 notes, 7 notes, 10 notes]]>
              </value>
            </param>
          </params>
          <reporter-output>
          </reporter-output>
        </test-method> <!-- testSearchMyNotes -->
        <test-method status="PASS" signature="waitBeforeCallingMethod()[pri:0, instance:test.java.CompleteLibraryTest@73f792cf]" name="waitBeforeCallingMethod" is-config="true" duration-ms="14" started-at="2015-08-03T17:21:49Z" finished-at="2015-08-03T17:21:49Z">
          <reporter-output>
          </reporter-output>
        </test-method> <!-- waitBeforeCallingMethod -->
        <test-method status="PASS" signature="testSearchMyNotes(java.lang.String, java.lang.String, java.lang.String, java.lang.String)[pri:0, instance:test.java.CompleteLibraryTest@73f792cf]" name="testSearchMyNotes" duration-ms="5570" depends-on-groups="ClickOnAlleTextStack" started-at="2015-08-03T17:21:49Z" data-provider="ExcelDataProvider" finished-at="2015-08-03T17:21:54Z">
          <params>
            <param index="0">
              <value>
                <![CDATA[Test]]>
              </value>
            </param>
            <param index="1">
              <value>
                <![CDATA[eTexts, Categories]]>
              </value>
            </param>
            <param index="2">
              <value>
                <![CDATA[All eText Notes, Counseling title 1]]>
              </value>
            </param>
            <param index="3">
              <value>
                <![CDATA[1 note, 1 note]]>
              </value>
            </param>
          </params>
          <reporter-output>
          </reporter-output>
        </test-method> <!-- testSearchMyNotes -->
        <test-method status="PASS" signature="waitBeforeCallingMethod()[pri:0, instance:test.java.CompleteLibraryTest@73f792cf]" name="waitBeforeCallingMethod" is-config="true" duration-ms="13" started-at="2015-08-03T17:21:54Z" finished-at="2015-08-03T17:21:54Z">
          <reporter-output>
          </reporter-output>
        </test-method> <!-- waitBeforeCallingMethod -->
        <test-method status="PASS" signature="testSearchMyNotes(java.lang.String, java.lang.String, java.lang.String, java.lang.String)[pri:0, instance:test.java.CompleteLibraryTest@73f792cf]" name="testSearchMyNotes" duration-ms="4986" depends-on-groups="ClickOnAlleTextStack" started-at="2015-08-03T17:21:54Z" data-provider="ExcelDataProvider" finished-at="2015-08-03T17:21:59Z">
          <params>
            <param index="0">
              <value>
                <![CDATA[Private]]>
              </value>
            </param>
            <param index="1">
              <value>
                <![CDATA[eTexts, Categories]]>
              </value>
            </param>
            <param index="2">
              <value>
                <![CDATA[All eText Notes, Counseling title 1, Test Audio_Std_R49]]>
              </value>
            </param>
            <param index="3">
              <value>
                <![CDATA[5 notes, 3 notes, 2 notes]]>
              </value>
            </param>
          </params>
          <reporter-output>
          </reporter-output>
        </test-method> <!-- testSearchMyNotes -->
      </class> <!-- test.java.CompleteLibraryTest -->
      <class name="test.java.LoginPageTest">
        <test-method status="PASS" signature="setUp(java.lang.String, java.lang.String, java.lang.String, java.lang.String, java.lang.String, org.testng.ITestContext)[pri:0, instance:test.java.LoginPageTest@13969fbe]" name="setUp" is-config="true" duration-ms="28879" started-at="2015-08-03T17:20:25Z" finished-at="2015-08-03T17:20:54Z">
          <params>
            <param index="0">
              <value>
                <![CDATA[http://library.pearsoncmg.com/library/index.do?libraryid=2821]]>
              </value>
            </param>
            <param index="1">
              <value>
                <![CDATA[firefox]]>
              </value>
            </param>
            <param index="2">
              <value>
                <![CDATA[1.4]]>
              </value>
            </param>
            <param index="3">
              <value>
                <![CDATA[3]]>
              </value>
            </param>
            <param index="4">
              <value>
                <![CDATA[1]]>
              </value>
            </param>
            <param index="5">
              <value>
                <![CDATA[org.testng.TestRunner@1583741e]]>
              </value>
            </param>
          </params>
          <reporter-output>
          </reporter-output>
        </test-method> <!-- setUp -->
        <test-method status="PASS" signature="beforeClass()[pri:0, instance:test.java.LoginPageTest@13969fbe]" name="beforeClass" is-config="true" duration-ms="0" started-at="2015-08-03T17:20:54Z" finished-at="2015-08-03T17:20:54Z">
          <reporter-output>
          </reporter-output>
        </test-method> <!-- beforeClass -->
        <test-method status="PASS" signature="waitBeforeCallingMethod()[pri:0, instance:test.java.LoginPageTest@13969fbe]" name="waitBeforeCallingMethod" is-config="true" duration-ms="83" started-at="2015-08-03T17:20:54Z" finished-at="2015-08-03T17:20:54Z">
          <reporter-output>
          </reporter-output>
        </test-method> <!-- waitBeforeCallingMethod -->
        <test-method status="FAIL" signature="testverifyUIOfLoginPage(java.lang.String, java.lang.String, java.lang.String, java.lang.String, java.lang.String, java.lang.String, java.lang.String, java.lang.String)[pri:0, instance:test.java.LoginPageTest@13969fbe]" name="testverifyUIOfLoginPage" duration-ms="206" started-at="2015-08-03T17:20:54Z" data-provider="ExcelDataProvider" finished-at="2015-08-03T17:20:55Z">
          <params>
            <param index="0">
              <value>
                <![CDATA[Sign In]]>
              </value>
            </param>
            <param index="1">
              <value>
                <![CDATA[username]]>
              </value>
            </param>
            <param index="2">
              <value>
                <![CDATA[password]]>
              </value>
            </param>
            <param index="3">
              <value>
                <![CDATA[Forgot your username/password?]]>
              </value>
            </param>
            <param index="4">
              <value>
                <![CDATA[Don't have an account?]]>
              </value>
            </param>
            <param index="5">
              <value>
                <![CDATA[Purchase Library]]>
              </value>
            </param>
            <param index="6">
              <value>
                <![CDATA[Register Now]]>
              </value>
            </param>
            <param index="7">
              <value>
                <![CDATA[Search and browse Library]]>
              </value>
            </param>
          </params>
          <exception class="java.lang.AssertionError">
            <message>
              <![CDATA[expected [false] but found [true]]]>
            </message>
            <full-stacktrace>
              <![CDATA[java.lang.AssertionError: expected [false] but found [true]
	at org.testng.Assert.fail(Assert.java:94)
	at org.testng.Assert.failNotEquals(Assert.java:496)
	at org.testng.Assert.assertFalse(Assert.java:63)
	at org.testng.Assert.assertFalse(Assert.java:73)
	at test.java.LoginPageTest.testverifyUIOfLoginPage(LoginPageTest.java:55)
	at sun.reflect.NativeMethodAccessorImpl.invoke0(Native Method)
	at sun.reflect.NativeMethodAccessorImpl.invoke(NativeMethodAccessorImpl.java:62)
	at sun.reflect.DelegatingMethodAccessorImpl.invoke(DelegatingMethodAccessorImpl.java:43)
	at java.lang.reflect.Method.invoke(Method.java:497)
	at org.testng.internal.MethodInvocationHelper.invokeMethod(MethodInvocationHelper.java:85)
	at org.testng.internal.Invoker.invokeMethod(Invoker.java:659)
	at org.testng.internal.Invoker.invokeTestMethod(Invoker.java:845)
	at org.testng.internal.Invoker.invokeTestMethods(Invoker.java:1153)
	at org.testng.internal.TestMethodWorker.invokeTestMethods(TestMethodWorker.java:125)
	at org.testng.internal.TestMethodWorker.run(TestMethodWorker.java:108)
	at org.testng.TestRunner.privateRun(TestRunner.java:771)
	at org.testng.TestRunner.run(TestRunner.java:621)
	at org.testng.SuiteRunner.runTest(SuiteRunner.java:357)
	at org.testng.SuiteRunner.runSequentially(SuiteRunner.java:352)
	at org.testng.SuiteRunner.privateRun(SuiteRunner.java:310)
	at org.testng.SuiteRunner.run(SuiteRunner.java:259)
	at org.testng.SuiteRunnerWorker.runSuite(SuiteRunnerWorker.java:52)
	at org.testng.SuiteRunnerWorker.run(SuiteRunnerWorker.java:86)
	at org.testng.TestNG.runSuitesSequentially(TestNG.java:1199)
	at org.testng.TestNG.runSuitesLocally(TestNG.java:1124)
	at org.testng.TestNG.run(TestNG.java:1032)
	at org.apache.maven.surefire.testng.TestNGExecutor.run(TestNGExecutor.java:295)
	at org.apache.maven.surefire.testng.TestNGXmlTestSuite.execute(TestNGXmlTestSuite.java:84)
	at org.apache.maven.surefire.testng.TestNGProvider.invoke(TestNGProvider.java:90)
	at org.apache.maven.surefire.booter.ForkedBooter.invokeProviderInSameClassLoader(ForkedBooter.java:203)
	at org.apache.maven.surefire.booter.ForkedBooter.runSuitesInProcess(ForkedBooter.java:155)
	at org.apache.maven.surefire.booter.ForkedBooter.main(ForkedBooter.java:103)
]]>
            </full-stacktrace>
          </exception> <!-- java.lang.AssertionError -->
          <reporter-output>
          </reporter-output>
        </test-method> <!-- testverifyUIOfLoginPage -->
        <test-method status="SKIP" signature="testForgetUserNamePasswordLink()[pri:0, instance:test.java.LoginPageTest@13969fbe]" name="testForgetUserNamePasswordLink" duration-ms="0" started-at="2015-08-03T17:20:55Z" depends-on-methods="test.java.LoginPageTest.testverifyUIOfLoginPage" finished-at="2015-08-03T17:20:55Z">
          <exception class="java.lang.Throwable">
            <message>
              <![CDATA[Method LoginPageTest.testForgetUserNamePasswordLink()[pri:0, instance:test.java.LoginPageTest@13969fbe] depends on not successfully finished methods]]>
            </message>
            <full-stacktrace>
              <![CDATA[java.lang.Throwable: Method LoginPageTest.testForgetUserNamePasswordLink()[pri:0, instance:test.java.LoginPageTest@13969fbe] depends on not successfully finished methods
	at org.testng.internal.Invoker.invokeTestMethods(Invoker.java:1063)
	at org.testng.internal.TestMethodWorker.invokeTestMethods(TestMethodWorker.java:125)
	at org.testng.internal.TestMethodWorker.run(TestMethodWorker.java:108)
	at org.testng.TestRunner.privateRun(TestRunner.java:771)
	at org.testng.TestRunner.run(TestRunner.java:621)
	at org.testng.SuiteRunner.runTest(SuiteRunner.java:357)
	at org.testng.SuiteRunner.runSequentially(SuiteRunner.java:352)
	at org.testng.SuiteRunner.privateRun(SuiteRunner.java:310)
	at org.testng.SuiteRunner.run(SuiteRunner.java:259)
	at org.testng.SuiteRunnerWorker.runSuite(SuiteRunnerWorker.java:52)
	at org.testng.SuiteRunnerWorker.run(SuiteRunnerWorker.java:86)
	at org.testng.TestNG.runSuitesSequentially(TestNG.java:1199)
	at org.testng.TestNG.runSuitesLocally(TestNG.java:1124)
	at org.testng.TestNG.run(TestNG.java:1032)
	at org.apache.maven.surefire.testng.TestNGExecutor.run(TestNGExecutor.java:295)
	at org.apache.maven.surefire.testng.TestNGXmlTestSuite.execute(TestNGXmlTestSuite.java:84)
	at org.apache.maven.surefire.testng.TestNGProvider.invoke(TestNGProvider.java:90)
	at org.apache.maven.surefire.booter.ForkedBooter.invokeProviderInSameClassLoader(ForkedBooter.java:203)
	at org.apache.maven.surefire.booter.ForkedBooter.runSuitesInProcess(ForkedBooter.java:155)
	at org.apache.maven.surefire.booter.ForkedBooter.main(ForkedBooter.java:103)
]]>
            </full-stacktrace>
          </exception> <!-- java.lang.Throwable -->
          <reporter-output>
          </reporter-output>
        </test-method> <!-- testForgetUserNamePasswordLink -->
        <test-method status="PASS" signature="waitBeforeCallingMethod()[pri:0, instance:test.java.LoginPageTest@13969fbe]" name="waitBeforeCallingMethod" is-config="true" duration-ms="18" started-at="2015-08-03T17:20:55Z" finished-at="2015-08-03T17:20:55Z">
          <reporter-output>
          </reporter-output>
        </test-method> <!-- waitBeforeCallingMethod -->
        <test-method status="PASS" signature="testLogin(java.lang.String, java.lang.String)[pri:0, instance:test.java.LoginPageTest@13969fbe]" name="testLogin" duration-ms="17766" started-at="2015-08-03T17:20:55Z" data-provider="ExcelDataProvider" depends-on-methods="test.java.LoginPageTest.testForgetUserNamePasswordLink" finished-at="2015-08-03T17:21:13Z">
          <params>
            <param index="0">
              <value>
                <![CDATA[library_edu_1]]>
              </value>
            </param>
            <param index="1">
              <value>
                <![CDATA[pa55word]]>
              </value>
            </param>
          </params>
          <reporter-output>
          </reporter-output>
        </test-method> <!-- testLogin -->
        <test-method status="PASS" signature="waitBeforeCallingMethod()[pri:0, instance:test.java.LoginPageTest@13969fbe]" name="waitBeforeCallingMethod" is-config="true" duration-ms="13" started-at="2015-08-03T17:22:31Z" finished-at="2015-08-03T17:22:31Z">
          <reporter-output>
          </reporter-output>
        </test-method> <!-- waitBeforeCallingMethod -->
        <test-method status="PASS" signature="testclickSearchAndBrowseLibraryLink()[pri:0, instance:test.java.LoginPageTest@13969fbe]" name="testclickSearchAndBrowseLibraryLink" duration-ms="5351" depends-on-groups="SignOut" started-at="2015-08-03T17:22:31Z" finished-at="2015-08-03T17:22:36Z">
          <reporter-output>
          </reporter-output>
        </test-method> <!-- testclickSearchAndBrowseLibraryLink -->
        <test-method status="PASS" signature="tearDown()[pri:0, instance:test.java.LoginPageTest@13969fbe]" name="tearDown" is-config="true" duration-ms="2569" started-at="2015-08-03T17:23:38Z" finished-at="2015-08-03T17:23:41Z">
          <reporter-output>
          </reporter-output>
        </test-method> <!-- tearDown -->
      </class> <!-- test.java.LoginPageTest -->
      <class name="test.java.SavedSearchesTest">
        <test-method status="PASS" signature="beforeClass()[pri:0, instance:test.java.SavedSearchesTest@38082d64]" name="beforeClass" is-config="true" duration-ms="1" started-at="2015-08-03T17:22:01Z" finished-at="2015-08-03T17:22:01Z">
          <reporter-output>
          </reporter-output>
        </test-method> <!-- beforeClass -->
        <test-method status="PASS" signature="waitBeforeCallingMethod()[pri:0, instance:test.java.SavedSearchesTest@38082d64]" name="waitBeforeCallingMethod" is-config="true" duration-ms="1193" started-at="2015-08-03T17:22:01Z" finished-at="2015-08-03T17:22:02Z">
          <reporter-output>
          </reporter-output>
        </test-method> <!-- waitBeforeCallingMethod -->
        <test-method status="PASS" signature="testNavigateToSavedSearchesPage()[pri:0, instance:test.java.SavedSearchesTest@38082d64]" name="testNavigateToSavedSearchesPage" duration-ms="1329" depends-on-groups="ClickOnAlleTextNotesStack" started-at="2015-08-03T17:22:02Z" finished-at="2015-08-03T17:22:04Z">
          <reporter-output>
          </reporter-output>
        </test-method> <!-- testNavigateToSavedSearchesPage -->
        <test-method status="PASS" signature="waitBeforeCallingMethod()[pri:0, instance:test.java.SavedSearchesTest@38082d64]" name="waitBeforeCallingMethod" is-config="true" duration-ms="14" started-at="2015-08-03T17:22:04Z" finished-at="2015-08-03T17:22:04Z">
          <reporter-output>
          </reporter-output>
        </test-method> <!-- waitBeforeCallingMethod -->
        <test-method status="PASS" signature="testClickOnSavedContentSearchTerm(java.lang.String, java.lang.String)[pri:0, instance:test.java.SavedSearchesTest@38082d64]" name="testClickOnSavedContentSearchTerm" duration-ms="2591" started-at="2015-08-03T17:22:04Z" data-provider="ExcelDataProvider" depends-on-methods="test.java.SavedSearchesTest.testNavigateToSavedSearchesPage" finished-at="2015-08-03T17:22:06Z">
          <params>
            <param index="0">
              <value>
                <![CDATA[development]]>
              </value>
            </param>
            <param index="1">
              <value>
                <![CDATA[All eText Notes]]>
              </value>
            </param>
          </params>
          <reporter-output>
          </reporter-output>
        </test-method> <!-- testClickOnSavedContentSearchTerm -->
        <test-method status="PASS" signature="waitBeforeCallingMethod()[pri:0, instance:test.java.SavedSearchesTest@38082d64]" name="waitBeforeCallingMethod" is-config="true" duration-ms="16" started-at="2015-08-03T17:22:07Z" finished-at="2015-08-03T17:22:07Z">
          <reporter-output>
          </reporter-output>
        </test-method> <!-- waitBeforeCallingMethod -->
        <test-method status="PASS" signature="testClickOnSavedeTextSearchTerm(java.lang.String, java.lang.String)[pri:0, instance:test.java.SavedSearchesTest@38082d64]" name="testClickOnSavedeTextSearchTerm" duration-ms="2324" started-at="2015-08-03T17:22:07Z" data-provider="ExcelDataProvider" depends-on-methods="test.java.SavedSearchesTest.testClickOnSavedContentSearchTerm" finished-at="2015-08-03T17:22:09Z">
          <params>
            <param index="0">
              <value>
                <![CDATA[Counseling]]>
              </value>
            </param>
            <param index="1">
              <value>
                <![CDATA[All eText]]>
              </value>
            </param>
          </params>
          <reporter-output>
          </reporter-output>
        </test-method> <!-- testClickOnSavedeTextSearchTerm -->
        <test-method status="PASS" signature="waitBeforeCallingMethod()[pri:0, instance:test.java.SavedSearchesTest@38082d64]" name="waitBeforeCallingMethod" is-config="true" duration-ms="13" started-at="2015-08-03T17:22:09Z" finished-at="2015-08-03T17:22:09Z">
          <reporter-output>
          </reporter-output>
        </test-method> <!-- waitBeforeCallingMethod -->
        <test-method status="PASS" signature="testClickOnSavedNoteSearchTerm(java.lang.String, java.lang.String)[pri:0, instance:test.java.SavedSearchesTest@38082d64]" name="testClickOnSavedNoteSearchTerm" duration-ms="1802" started-at="2015-08-03T17:22:09Z" data-provider="ExcelDataProvider" depends-on-methods="test.java.SavedSearchesTest.testClickOnSavedeTextSearchTerm" finished-at="2015-08-03T17:22:11Z">
          <params>
            <param index="0">
              <value>
                <![CDATA[Note]]>
              </value>
            </param>
            <param index="1">
              <value>
                <![CDATA[All eText Notes]]>
              </value>
            </param>
          </params>
          <reporter-output>
          </reporter-output>
        </test-method> <!-- testClickOnSavedNoteSearchTerm -->
        <test-method status="PASS" signature="waitBeforeCallingMethod()[pri:0, instance:test.java.SavedSearchesTest@38082d64]" name="waitBeforeCallingMethod" is-config="true" duration-ms="23" started-at="2015-08-03T17:22:11Z" finished-at="2015-08-03T17:22:11Z">
          <reporter-output>
          </reporter-output>
        </test-method> <!-- waitBeforeCallingMethod -->
        <test-method status="FAIL" signature="testDeleteSavedContentSearchTerm(java.lang.String)[pri:0, instance:test.java.SavedSearchesTest@38082d64]" name="testDeleteSavedContentSearchTerm" duration-ms="5166" started-at="2015-08-03T17:22:11Z" data-provider="ExcelDataProvider" depends-on-methods="test.java.SavedSearchesTest.testClickOnSavedNoteSearchTerm" finished-at="2015-08-03T17:22:16Z">
          <params>
            <param index="0">
              <value>
                <![CDATA[development]]>
              </value>
            </param>
          </params>
          <exception class="org.openqa.selenium.ElementNotVisibleException">
            <message>
              <![CDATA[Element is not currently visible and so may not be interacted with
Command duration or timeout: 5.04 seconds
Build info: version: '2.46.0', revision: '61506a4624b13675f24581e453592342b7485d71', time: '2015-06-04 10:22:50'
System info: host: 'DS-38607723D16D', ip: '10.102.116.173', os.name: 'Windows 7', os.arch: 'amd64', os.version: '6.1', java.version: '1.8.0_40'
Driver info: org.openqa.selenium.firefox.FirefoxDriver
Capabilities [{applicationCacheEnabled=true, rotatable=false, handlesAlerts=true, databaseEnabled=true, version=39.0, platform=WINDOWS, nativeEvents=false, acceptSslCerts=true, webStorageEnabled=true, locationContextEnabled=true, browserName=firefox, takesScreenshot=true, javascriptEnabled=true, cssSelectorsEnabled=true}]
Session ID: 356bd784-faef-4068-a0fa-926ba4dd200f]]>
            </message>
            <full-stacktrace>
              <![CDATA[org.openqa.selenium.ElementNotVisibleException: Element is not currently visible and so may not be interacted with
Command duration or timeout: 5.04 seconds
Build info: version: '2.46.0', revision: '61506a4624b13675f24581e453592342b7485d71', time: '2015-06-04 10:22:50'
System info: host: 'DS-38607723D16D', ip: '10.102.116.173', os.name: 'Windows 7', os.arch: 'amd64', os.version: '6.1', java.version: '1.8.0_40'
Driver info: org.openqa.selenium.firefox.FirefoxDriver
Capabilities [{applicationCacheEnabled=true, rotatable=false, handlesAlerts=true, databaseEnabled=true, version=39.0, platform=WINDOWS, nativeEvents=false, acceptSslCerts=true, webStorageEnabled=true, locationContextEnabled=true, browserName=firefox, takesScreenshot=true, javascriptEnabled=true, cssSelectorsEnabled=true}]
Session ID: 356bd784-faef-4068-a0fa-926ba4dd200f
	at sun.reflect.NativeConstructorAccessorImpl.newInstance0(Native Method)
	at sun.reflect.NativeConstructorAccessorImpl.newInstance(NativeConstructorAccessorImpl.java:62)
	at sun.reflect.DelegatingConstructorAccessorImpl.newInstance(DelegatingConstructorAccessorImpl.java:45)
	at java.lang.reflect.Constructor.newInstance(Constructor.java:422)
	at org.openqa.selenium.remote.ErrorHandler.createThrowable(ErrorHandler.java:204)
	at org.openqa.selenium.remote.ErrorHandler.throwIfResponseFailed(ErrorHandler.java:156)
	at org.openqa.selenium.remote.RemoteWebDriver.execute(RemoteWebDriver.java:605)
	at org.openqa.selenium.remote.RemoteWebElement.execute(RemoteWebElement.java:269)
	at org.openqa.selenium.remote.RemoteWebElement.click(RemoteWebElement.java:80)
	at sac.dl.pageObject.SavedSearchesPage.deleteSavedSearchTerm(SavedSearchesPage.java:83)
	at test.java.SavedSearchesTest.testDeleteSavedContentSearchTerm(SavedSearchesTest.java:76)
	at sun.reflect.NativeMethodAccessorImpl.invoke0(Native Method)
	at sun.reflect.NativeMethodAccessorImpl.invoke(NativeMethodAccessorImpl.java:62)
	at sun.reflect.DelegatingMethodAccessorImpl.invoke(DelegatingMethodAccessorImpl.java:43)
	at java.lang.reflect.Method.invoke(Method.java:497)
	at org.testng.internal.MethodInvocationHelper.invokeMethod(MethodInvocationHelper.java:85)
	at org.testng.internal.Invoker.invokeMethod(Invoker.java:659)
	at org.testng.internal.Invoker.invokeTestMethod(Invoker.java:845)
	at org.testng.internal.Invoker.invokeTestMethods(Invoker.java:1153)
	at org.testng.internal.TestMethodWorker.invokeTestMethods(TestMethodWorker.java:125)
	at org.testng.internal.TestMethodWorker.run(TestMethodWorker.java:108)
	at org.testng.TestRunner.privateRun(TestRunner.java:771)
	at org.testng.TestRunner.run(TestRunner.java:621)
	at org.testng.SuiteRunner.runTest(SuiteRunner.java:357)
	at org.testng.SuiteRunner.runSequentially(SuiteRunner.java:352)
	at org.testng.SuiteRunner.privateRun(SuiteRunner.java:310)
	at org.testng.SuiteRunner.run(SuiteRunner.java:259)
	at org.testng.SuiteRunnerWorker.runSuite(SuiteRunnerWorker.java:52)
	at org.testng.SuiteRunnerWorker.run(SuiteRunnerWorker.java:86)
	at org.testng.TestNG.runSuitesSequentially(TestNG.java:1199)
	at org.testng.TestNG.runSuitesLocally(TestNG.java:1124)
	at org.testng.TestNG.run(TestNG.java:1032)
	at org.apache.maven.surefire.testng.TestNGExecutor.run(TestNGExecutor.java:295)
	at org.apache.maven.surefire.testng.TestNGXmlTestSuite.execute(TestNGXmlTestSuite.java:84)
	at org.apache.maven.surefire.testng.TestNGProvider.invoke(TestNGProvider.java:90)
	at org.apache.maven.surefire.booter.ForkedBooter.invokeProviderInSameClassLoader(ForkedBooter.java:203)
	at org.apache.maven.surefire.booter.ForkedBooter.runSuitesInProcess(ForkedBooter.java:155)
	at org.apache.maven.surefire.booter.ForkedBooter.main(ForkedBooter.java:103)
Caused by: org.openqa.selenium.ElementNotVisibleException: Element is not currently visible and so may not be interacted with
Build info: version: '2.46.0', revision: '61506a4624b13675f24581e453592342b7485d71', time: '2015-06-04 10:22:50'
System info: host: 'DS-38607723D16D', ip: '10.102.116.173', os.name: 'Windows 7', os.arch: 'amd64', os.version: '6.1', java.version: '1.8.0_40'
Driver info: driver.version: unknown
	at <anonymous class>.fxdriver.preconditions.visible(file:///C:/Users/SACHIN~1.MAT/AppData/Local/Temp/anonymous4616658437583546647webdriver-profile/extensions/fxdriver@googlecode.com/components/command-processor.js:9615)
	at <anonymous class>.DelayedCommand.prototype.checkPreconditions_(file:///C:/Users/SACHIN~1.MAT/AppData/Local/Temp/anonymous4616658437583546647webdriver-profile/extensions/fxdriver@googlecode.com/components/command-processor.js:12265)
	at <anonymous class>.DelayedCommand.prototype.executeInternal_/h(file:///C:/Users/SACHIN~1.MAT/AppData/Local/Temp/anonymous4616658437583546647webdriver-profile/extensions/fxdriver@googlecode.com/components/command-processor.js:12282)
	at <anonymous class>.fxdriver.Timer.prototype.setTimeout/<.notify(file:///C:/Users/SACHIN~1.MAT/AppData/Local/Temp/anonymous4616658437583546647webdriver-profile/extensions/fxdriver@googlecode.com/components/command-processor.js:603)
]]>
            </full-stacktrace>
          </exception> <!-- org.openqa.selenium.ElementNotVisibleException -->
          <reporter-output>
          </reporter-output>
        </test-method> <!-- testDeleteSavedContentSearchTerm -->
        <test-method status="PASS" signature="waitBeforeCallingMethod()[pri:0, instance:test.java.SavedSearchesTest@38082d64]" name="waitBeforeCallingMethod" is-config="true" duration-ms="13" started-at="2015-08-03T17:22:17Z" finished-at="2015-08-03T17:22:18Z">
          <reporter-output>
          </reporter-output>
        </test-method> <!-- waitBeforeCallingMethod -->
        <test-method status="FAIL" signature="testDeleteSavedeTextSearchTerm(java.lang.String)[pri:0, instance:test.java.SavedSearchesTest@38082d64]" name="testDeleteSavedeTextSearchTerm" duration-ms="5125" started-at="2015-08-03T17:22:18Z" data-provider="ExcelDataProvider" depends-on-methods="test.java.SavedSearchesTest.testDeleteSavedContentSearchTerm" finished-at="2015-08-03T17:22:23Z">
          <params>
            <param index="0">
              <value>
                <![CDATA[Counseling]]>
              </value>
            </param>
          </params>
          <exception class="org.openqa.selenium.ElementNotVisibleException">
            <message>
              <![CDATA[Element is not currently visible and so may not be interacted with
Command duration or timeout: 5.11 seconds
Build info: version: '2.46.0', revision: '61506a4624b13675f24581e453592342b7485d71', time: '2015-06-04 10:22:50'
System info: host: 'DS-38607723D16D', ip: '10.102.116.173', os.name: 'Windows 7', os.arch: 'amd64', os.version: '6.1', java.version: '1.8.0_40'
Driver info: org.openqa.selenium.firefox.FirefoxDriver
Capabilities [{applicationCacheEnabled=true, rotatable=false, handlesAlerts=true, databaseEnabled=true, version=39.0, platform=WINDOWS, nativeEvents=false, acceptSslCerts=true, webStorageEnabled=true, locationContextEnabled=true, browserName=firefox, takesScreenshot=true, javascriptEnabled=true, cssSelectorsEnabled=true}]
Session ID: 356bd784-faef-4068-a0fa-926ba4dd200f]]>
            </message>
            <full-stacktrace>
              <![CDATA[org.openqa.selenium.ElementNotVisibleException: Element is not currently visible and so may not be interacted with
Command duration or timeout: 5.11 seconds
Build info: version: '2.46.0', revision: '61506a4624b13675f24581e453592342b7485d71', time: '2015-06-04 10:22:50'
System info: host: 'DS-38607723D16D', ip: '10.102.116.173', os.name: 'Windows 7', os.arch: 'amd64', os.version: '6.1', java.version: '1.8.0_40'
Driver info: org.openqa.selenium.firefox.FirefoxDriver
Capabilities [{applicationCacheEnabled=true, rotatable=false, handlesAlerts=true, databaseEnabled=true, version=39.0, platform=WINDOWS, nativeEvents=false, acceptSslCerts=true, webStorageEnabled=true, locationContextEnabled=true, browserName=firefox, takesScreenshot=true, javascriptEnabled=true, cssSelectorsEnabled=true}]
Session ID: 356bd784-faef-4068-a0fa-926ba4dd200f
	at sun.reflect.NativeConstructorAccessorImpl.newInstance0(Native Method)
	at sun.reflect.NativeConstructorAccessorImpl.newInstance(NativeConstructorAccessorImpl.java:62)
	at sun.reflect.DelegatingConstructorAccessorImpl.newInstance(DelegatingConstructorAccessorImpl.java:45)
	at java.lang.reflect.Constructor.newInstance(Constructor.java:422)
	at org.openqa.selenium.remote.ErrorHandler.createThrowable(ErrorHandler.java:204)
	at org.openqa.selenium.remote.ErrorHandler.throwIfResponseFailed(ErrorHandler.java:156)
	at org.openqa.selenium.remote.RemoteWebDriver.execute(RemoteWebDriver.java:605)
	at org.openqa.selenium.remote.RemoteWebElement.execute(RemoteWebElement.java:269)
	at org.openqa.selenium.remote.RemoteWebElement.click(RemoteWebElement.java:80)
	at sac.dl.pageObject.SavedSearchesPage.deleteSavedSearchTerm(SavedSearchesPage.java:80)
	at test.java.SavedSearchesTest.testDeleteSavedeTextSearchTerm(SavedSearchesTest.java:84)
	at sun.reflect.NativeMethodAccessorImpl.invoke0(Native Method)
	at sun.reflect.NativeMethodAccessorImpl.invoke(NativeMethodAccessorImpl.java:62)
	at sun.reflect.DelegatingMethodAccessorImpl.invoke(DelegatingMethodAccessorImpl.java:43)
	at java.lang.reflect.Method.invoke(Method.java:497)
	at org.testng.internal.MethodInvocationHelper.invokeMethod(MethodInvocationHelper.java:85)
	at org.testng.internal.Invoker.invokeMethod(Invoker.java:659)
	at org.testng.internal.Invoker.invokeTestMethod(Invoker.java:845)
	at org.testng.internal.Invoker.invokeTestMethods(Invoker.java:1153)
	at org.testng.internal.TestMethodWorker.invokeTestMethods(TestMethodWorker.java:125)
	at org.testng.internal.TestMethodWorker.run(TestMethodWorker.java:108)
	at org.testng.TestRunner.privateRun(TestRunner.java:771)
	at org.testng.TestRunner.run(TestRunner.java:621)
	at org.testng.SuiteRunner.runTest(SuiteRunner.java:357)
	at org.testng.SuiteRunner.runSequentially(SuiteRunner.java:352)
	at org.testng.SuiteRunner.privateRun(SuiteRunner.java:310)
	at org.testng.SuiteRunner.run(SuiteRunner.java:259)
	at org.testng.SuiteRunnerWorker.runSuite(SuiteRunnerWorker.java:52)
	at org.testng.SuiteRunnerWorker.run(SuiteRunnerWorker.java:86)
	at org.testng.TestNG.runSuitesSequentially(TestNG.java:1199)
	at org.testng.TestNG.runSuitesLocally(TestNG.java:1124)
	at org.testng.TestNG.run(TestNG.java:1032)
	at org.apache.maven.surefire.testng.TestNGExecutor.run(TestNGExecutor.java:295)
	at org.apache.maven.surefire.testng.TestNGXmlTestSuite.execute(TestNGXmlTestSuite.java:84)
	at org.apache.maven.surefire.testng.TestNGProvider.invoke(TestNGProvider.java:90)
	at org.apache.maven.surefire.booter.ForkedBooter.invokeProviderInSameClassLoader(ForkedBooter.java:203)
	at org.apache.maven.surefire.booter.ForkedBooter.runSuitesInProcess(ForkedBooter.java:155)
	at org.apache.maven.surefire.booter.ForkedBooter.main(ForkedBooter.java:103)
Caused by: org.openqa.selenium.ElementNotVisibleException: Element is not currently visible and so may not be interacted with
Build info: version: '2.46.0', revision: '61506a4624b13675f24581e453592342b7485d71', time: '2015-06-04 10:22:50'
System info: host: 'DS-38607723D16D', ip: '10.102.116.173', os.name: 'Windows 7', os.arch: 'amd64', os.version: '6.1', java.version: '1.8.0_40'
Driver info: driver.version: unknown
	at <anonymous class>.fxdriver.preconditions.visible(file:///C:/Users/SACHIN~1.MAT/AppData/Local/Temp/anonymous4616658437583546647webdriver-profile/extensions/fxdriver@googlecode.com/components/command-processor.js:9615)
	at <anonymous class>.DelayedCommand.prototype.checkPreconditions_(file:///C:/Users/SACHIN~1.MAT/AppData/Local/Temp/anonymous4616658437583546647webdriver-profile/extensions/fxdriver@googlecode.com/components/command-processor.js:12265)
	at <anonymous class>.DelayedCommand.prototype.executeInternal_/h(file:///C:/Users/SACHIN~1.MAT/AppData/Local/Temp/anonymous4616658437583546647webdriver-profile/extensions/fxdriver@googlecode.com/components/command-processor.js:12282)
	at <anonymous class>.fxdriver.Timer.prototype.setTimeout/<.notify(file:///C:/Users/SACHIN~1.MAT/AppData/Local/Temp/anonymous4616658437583546647webdriver-profile/extensions/fxdriver@googlecode.com/components/command-processor.js:603)
]]>
            </full-stacktrace>
          </exception> <!-- org.openqa.selenium.ElementNotVisibleException -->
          <reporter-output>
          </reporter-output>
        </test-method> <!-- testDeleteSavedeTextSearchTerm -->
        <test-method status="PASS" signature="waitBeforeCallingMethod()[pri:0, instance:test.java.SavedSearchesTest@38082d64]" name="waitBeforeCallingMethod" is-config="true" duration-ms="16" started-at="2015-08-03T17:22:23Z" finished-at="2015-08-03T17:22:23Z">
          <reporter-output>
          </reporter-output>
        </test-method> <!-- waitBeforeCallingMethod -->
        <test-method status="FAIL" signature="testDeleteSavedNoteSearchTerm(java.lang.String)[pri:0, instance:test.java.SavedSearchesTest@38082d64]" name="testDeleteSavedNoteSearchTerm" duration-ms="5120" started-at="2015-08-03T17:22:23Z" data-provider="ExcelDataProvider" depends-on-methods="test.java.SavedSearchesTest.testDeleteSavedeTextSearchTerm" finished-at="2015-08-03T17:22:28Z">
          <params>
            <param index="0">
              <value>
                <![CDATA[Note]]>
              </value>
            </param>
          </params>
          <exception class="org.openqa.selenium.ElementNotVisibleException">
            <message>
              <![CDATA[Element is not currently visible and so may not be interacted with
Command duration or timeout: 5.11 seconds
Build info: version: '2.46.0', revision: '61506a4624b13675f24581e453592342b7485d71', time: '2015-06-04 10:22:50'
System info: host: 'DS-38607723D16D', ip: '10.102.116.173', os.name: 'Windows 7', os.arch: 'amd64', os.version: '6.1', java.version: '1.8.0_40'
Driver info: org.openqa.selenium.firefox.FirefoxDriver
Capabilities [{applicationCacheEnabled=true, rotatable=false, handlesAlerts=true, databaseEnabled=true, version=39.0, platform=WINDOWS, nativeEvents=false, acceptSslCerts=true, webStorageEnabled=true, locationContextEnabled=true, browserName=firefox, takesScreenshot=true, javascriptEnabled=true, cssSelectorsEnabled=true}]
Session ID: 356bd784-faef-4068-a0fa-926ba4dd200f]]>
            </message>
            <full-stacktrace>
              <![CDATA[org.openqa.selenium.ElementNotVisibleException: Element is not currently visible and so may not be interacted with
Command duration or timeout: 5.11 seconds
Build info: version: '2.46.0', revision: '61506a4624b13675f24581e453592342b7485d71', time: '2015-06-04 10:22:50'
System info: host: 'DS-38607723D16D', ip: '10.102.116.173', os.name: 'Windows 7', os.arch: 'amd64', os.version: '6.1', java.version: '1.8.0_40'
Driver info: org.openqa.selenium.firefox.FirefoxDriver
Capabilities [{applicationCacheEnabled=true, rotatable=false, handlesAlerts=true, databaseEnabled=true, version=39.0, platform=WINDOWS, nativeEvents=false, acceptSslCerts=true, webStorageEnabled=true, locationContextEnabled=true, browserName=firefox, takesScreenshot=true, javascriptEnabled=true, cssSelectorsEnabled=true}]
Session ID: 356bd784-faef-4068-a0fa-926ba4dd200f
	at sun.reflect.NativeConstructorAccessorImpl.newInstance0(Native Method)
	at sun.reflect.NativeConstructorAccessorImpl.newInstance(NativeConstructorAccessorImpl.java:62)
	at sun.reflect.DelegatingConstructorAccessorImpl.newInstance(DelegatingConstructorAccessorImpl.java:45)
	at java.lang.reflect.Constructor.newInstance(Constructor.java:422)
	at org.openqa.selenium.remote.ErrorHandler.createThrowable(ErrorHandler.java:204)
	at org.openqa.selenium.remote.ErrorHandler.throwIfResponseFailed(ErrorHandler.java:156)
	at org.openqa.selenium.remote.RemoteWebDriver.execute(RemoteWebDriver.java:605)
	at org.openqa.selenium.remote.RemoteWebElement.execute(RemoteWebElement.java:269)
	at org.openqa.selenium.remote.RemoteWebElement.click(RemoteWebElement.java:80)
	at sac.dl.pageObject.SavedSearchesPage.deleteSavedSearchTerm(SavedSearchesPage.java:80)
	at test.java.SavedSearchesTest.testDeleteSavedNoteSearchTerm(SavedSearchesTest.java:92)
	at sun.reflect.NativeMethodAccessorImpl.invoke0(Native Method)
	at sun.reflect.NativeMethodAccessorImpl.invoke(NativeMethodAccessorImpl.java:62)
	at sun.reflect.DelegatingMethodAccessorImpl.invoke(DelegatingMethodAccessorImpl.java:43)
	at java.lang.reflect.Method.invoke(Method.java:497)
	at org.testng.internal.MethodInvocationHelper.invokeMethod(MethodInvocationHelper.java:85)
	at org.testng.internal.Invoker.invokeMethod(Invoker.java:659)
	at org.testng.internal.Invoker.invokeTestMethod(Invoker.java:845)
	at org.testng.internal.Invoker.invokeTestMethods(Invoker.java:1153)
	at org.testng.internal.TestMethodWorker.invokeTestMethods(TestMethodWorker.java:125)
	at org.testng.internal.TestMethodWorker.run(TestMethodWorker.java:108)
	at org.testng.TestRunner.privateRun(TestRunner.java:771)
	at org.testng.TestRunner.run(TestRunner.java:621)
	at org.testng.SuiteRunner.runTest(SuiteRunner.java:357)
	at org.testng.SuiteRunner.runSequentially(SuiteRunner.java:352)
	at org.testng.SuiteRunner.privateRun(SuiteRunner.java:310)
	at org.testng.SuiteRunner.run(SuiteRunner.java:259)
	at org.testng.SuiteRunnerWorker.runSuite(SuiteRunnerWorker.java:52)
	at org.testng.SuiteRunnerWorker.run(SuiteRunnerWorker.java:86)
	at org.testng.TestNG.runSuitesSequentially(TestNG.java:1199)
	at org.testng.TestNG.runSuitesLocally(TestNG.java:1124)
	at org.testng.TestNG.run(TestNG.java:1032)
	at org.apache.maven.surefire.testng.TestNGExecutor.run(TestNGExecutor.java:295)
	at org.apache.maven.surefire.testng.TestNGXmlTestSuite.execute(TestNGXmlTestSuite.java:84)
	at org.apache.maven.surefire.testng.TestNGProvider.invoke(TestNGProvider.java:90)
	at org.apache.maven.surefire.booter.ForkedBooter.invokeProviderInSameClassLoader(ForkedBooter.java:203)
	at org.apache.maven.surefire.booter.ForkedBooter.runSuitesInProcess(ForkedBooter.java:155)
	at org.apache.maven.surefire.booter.ForkedBooter.main(ForkedBooter.java:103)
Caused by: org.openqa.selenium.ElementNotVisibleException: Element is not currently visible and so may not be interacted with
Build info: version: '2.46.0', revision: '61506a4624b13675f24581e453592342b7485d71', time: '2015-06-04 10:22:50'
System info: host: 'DS-38607723D16D', ip: '10.102.116.173', os.name: 'Windows 7', os.arch: 'amd64', os.version: '6.1', java.version: '1.8.0_40'
Driver info: driver.version: unknown
	at <anonymous class>.fxdriver.preconditions.visible(file:///C:/Users/SACHIN~1.MAT/AppData/Local/Temp/anonymous4616658437583546647webdriver-profile/extensions/fxdriver@googlecode.com/components/command-processor.js:9615)
	at <anonymous class>.DelayedCommand.prototype.checkPreconditions_(file:///C:/Users/SACHIN~1.MAT/AppData/Local/Temp/anonymous4616658437583546647webdriver-profile/extensions/fxdriver@googlecode.com/components/command-processor.js:12265)
	at <anonymous class>.DelayedCommand.prototype.executeInternal_/h(file:///C:/Users/SACHIN~1.MAT/AppData/Local/Temp/anonymous4616658437583546647webdriver-profile/extensions/fxdriver@googlecode.com/components/command-processor.js:12282)
	at <anonymous class>.fxdriver.Timer.prototype.setTimeout/<.notify(file:///C:/Users/SACHIN~1.MAT/AppData/Local/Temp/anonymous4616658437583546647webdriver-profile/extensions/fxdriver@googlecode.com/components/command-processor.js:603)
]]>
            </full-stacktrace>
          </exception> <!-- org.openqa.selenium.ElementNotVisibleException -->
          <reporter-output>
          </reporter-output>
        </test-method> <!-- testDeleteSavedNoteSearchTerm -->
      </class> <!-- test.java.SavedSearchesTest -->
      <class name="test.java.SignOutTest">
        <test-method status="PASS" signature="beforeClass()[pri:0, instance:test.java.SignOutTest@6b2fad11]" name="beforeClass" is-config="true" duration-ms="1" started-at="2015-08-03T17:22:29Z" finished-at="2015-08-03T17:22:29Z">
          <reporter-output>
          </reporter-output>
        </test-method> <!-- beforeClass -->
        <test-method status="PASS" signature="waitBeforeCallingMethod()[pri:0, instance:test.java.SignOutTest@6b2fad11]" name="waitBeforeCallingMethod" is-config="true" duration-ms="13" started-at="2015-08-03T17:22:29Z" finished-at="2015-08-03T17:22:29Z">
          <reporter-output>
          </reporter-output>
        </test-method> <!-- waitBeforeCallingMethod -->
        <test-method status="PASS" signature="testSignOut()[pri:0, instance:test.java.SignOutTest@6b2fad11]" name="testSignOut" duration-ms="1886" depends-on-groups="DeleteSavedSearchTerm" started-at="2015-08-03T17:22:29Z" finished-at="2015-08-03T17:22:30Z">
          <reporter-output>
          </reporter-output>
        </test-method> <!-- testSignOut -->
      </class> <!-- test.java.SignOutTest -->
      <class name="test.java.SearchResultsTest">
        <test-method status="PASS" signature="waitBeforeCallingMethod()[pri:0, instance:test.java.SearchResultsTest@2ed94a8b]" name="waitBeforeCallingMethod" is-config="true" duration-ms="15" started-at="2015-08-03T17:21:28Z" finished-at="2015-08-03T17:21:28Z">
          <reporter-output>
          </reporter-output>
        </test-method> <!-- waitBeforeCallingMethod -->
        <test-method status="PASS" signature="beforeClass()[pri:0, instance:test.java.SearchResultsTest@2ed94a8b]" name="beforeClass" is-config="true" duration-ms="0" started-at="2015-08-03T17:21:28Z" finished-at="2015-08-03T17:21:28Z">
          <reporter-output>
          </reporter-output>
        </test-method> <!-- beforeClass -->
        <test-method status="PASS" signature="testverifyAlleTextPagesStack()[pri:0, instance:test.java.SearchResultsTest@2ed94a8b]" name="testverifyAlleTextPagesStack" duration-ms="532" depends-on-groups="PerformSearchingByeContents" started-at="2015-08-03T17:21:28Z" finished-at="2015-08-03T17:21:29Z">
          <reporter-output>
          </reporter-output>
        </test-method> <!-- testverifyAlleTextPagesStack -->
        <test-method status="PASS" signature="waitBeforeCallingMethod()[pri:0, instance:test.java.SearchResultsTest@2ed94a8b]" name="waitBeforeCallingMethod" is-config="true" duration-ms="12" started-at="2015-08-03T17:21:44Z" finished-at="2015-08-03T17:21:44Z">
          <reporter-output>
          </reporter-output>
        </test-method> <!-- waitBeforeCallingMethod -->
        <test-method status="PASS" signature="testverifyAlleTextStack()[pri:0, instance:test.java.SearchResultsTest@2ed94a8b]" name="testverifyAlleTextStack" duration-ms="176" depends-on-groups="PerformSearchingByeText" started-at="2015-08-03T17:21:44Z" finished-at="2015-08-03T17:21:44Z">
          <reporter-output>
          </reporter-output>
        </test-method> <!-- testverifyAlleTextStack -->
        <test-method status="PASS" signature="waitBeforeCallingMethod()[pri:0, instance:test.java.SearchResultsTest@2ed94a8b]" name="waitBeforeCallingMethod" is-config="true" duration-ms="14" started-at="2015-08-03T17:22:00Z" finished-at="2015-08-03T17:22:00Z">
          <reporter-output>
          </reporter-output>
        </test-method> <!-- waitBeforeCallingMethod -->
        <test-method status="PASS" signature="testverifyAlleTextNotesStack()[pri:0, instance:test.java.SearchResultsTest@2ed94a8b]" name="testverifyAlleTextNotesStack" duration-ms="1398" depends-on-groups="PerformSearchingByNotes" started-at="2015-08-03T17:22:00Z" finished-at="2015-08-03T17:22:01Z">
          <reporter-output>
          </reporter-output>
        </test-method> <!-- testverifyAlleTextNotesStack -->
      </class> <!-- test.java.SearchResultsTest -->
      <class name="test.java.SearchAndBrowseLibraryTest">
        <test-method status="PASS" signature="beforeClass()[pri:0, instance:test.java.SearchAndBrowseLibraryTest@dfd3711]" name="beforeClass" is-config="true" duration-ms="1" started-at="2015-08-03T17:22:36Z" finished-at="2015-08-03T17:22:36Z">
          <reporter-output>
          </reporter-output>
        </test-method> <!-- beforeClass -->
        <test-method status="PASS" signature="waitBeforeCallingMethod()[pri:0, instance:test.java.SearchAndBrowseLibraryTest@dfd3711]" name="waitBeforeCallingMethod" is-config="true" duration-ms="13" started-at="2015-08-03T17:22:36Z" finished-at="2015-08-03T17:22:36Z">
          <reporter-output>
          </reporter-output>
        </test-method> <!-- waitBeforeCallingMethod -->
        <test-method status="PASS" signature="testVerifyOptionsInDropdown(java.lang.String)[pri:0, instance:test.java.SearchAndBrowseLibraryTest@dfd3711]" name="testVerifyOptionsInDropdown" duration-ms="128" depends-on-groups="LoginPage" started-at="2015-08-03T17:22:36Z" data-provider="ExcelDataProvider" finished-at="2015-08-03T17:22:36Z">
          <params>
            <param index="0">
              <value>
                <![CDATA[Complete Library, MyLab]]>
              </value>
            </param>
          </params>
          <reporter-output>
          </reporter-output>
        </test-method> <!-- testVerifyOptionsInDropdown -->
        <test-method status="PASS" signature="waitBeforeCallingMethod()[pri:0, instance:test.java.SearchAndBrowseLibraryTest@dfd3711]" name="waitBeforeCallingMethod" is-config="true" duration-ms="14" started-at="2015-08-03T17:22:37Z" finished-at="2015-08-03T17:22:37Z">
          <reporter-output>
          </reporter-output>
        </test-method> <!-- waitBeforeCallingMethod -->
        <test-method status="PASS" signature="testVerifyBooksPresentInAlleTextStack(java.lang.String)[pri:0, instance:test.java.SearchAndBrowseLibraryTest@dfd3711]" name="testVerifyBooksPresentInAlleTextStack" duration-ms="1467" started-at="2015-08-03T17:22:37Z" data-provider="ExcelDataProvider" depends-on-methods="test.java.SearchAndBrowseLibraryTest.testVerifyOptionsInDropdown" finished-at="2015-08-03T17:22:38Z">
          <params>
            <param index="0">
              <value>
                <![CDATA[Counseling title 1, std_existing_48, Test Audio_Std_R49, testing4_PROD, 48sakshi, saudi_moe_relg_R48, Test replica 11754]]>
              </value>
            </param>
          </params>
          <reporter-output>
          </reporter-output>
        </test-method> <!-- testVerifyBooksPresentInAlleTextStack -->
        <test-method status="PASS" signature="waitBeforeCallingMethod()[pri:0, instance:test.java.SearchAndBrowseLibraryTest@dfd3711]" name="waitBeforeCallingMethod" is-config="true" duration-ms="41" started-at="2015-08-03T17:22:38Z" finished-at="2015-08-03T17:22:38Z">
          <reporter-output>
          </reporter-output>
        </test-method> <!-- waitBeforeCallingMethod -->
        <test-method status="PASS" signature="testVerifyUIOfMoreInfoPopUpUnknownUser(java.lang.String, java.lang.String, java.lang.String, java.lang.String)[pri:0, instance:test.java.SearchAndBrowseLibraryTest@dfd3711]" name="testVerifyUIOfMoreInfoPopUpUnknownUser" duration-ms="11419" started-at="2015-08-03T17:22:38Z" data-provider="ExcelDataProvider" depends-on-methods="test.java.SearchAndBrowseLibraryTest.testVerifyBooksPresentInAlleTextStack" finished-at="2015-08-03T17:22:50Z">
          <params>
            <param index="0">
              <value>
                <![CDATA[Counseling title 1]]>
              </value>
            </param>
            <param index="1">
              <value>
                <![CDATA[By AMIT TARAN, sourav Saha, pracheta , Badal Rai]]>
              </value>
            </param>
            <param index="2">
              <value>
                <![CDATA[Copyright © 2010]]>
              </value>
            </param>
            <param index="3">
              <value>
                <![CDATA[Most scientific inventions are purposely created and result from curiosity, persistence, and years of hard work.]]>
              </value>
            </param>
          </params>
          <reporter-output>
          </reporter-output>
        </test-method> <!-- testVerifyUIOfMoreInfoPopUpUnknownUser -->
        <test-method status="PASS" signature="waitBeforeCallingMethod()[pri:0, instance:test.java.SearchAndBrowseLibraryTest@dfd3711]" name="waitBeforeCallingMethod" is-config="true" duration-ms="15" started-at="2015-08-03T17:22:50Z" finished-at="2015-08-03T17:22:50Z">
          <reporter-output>
          </reporter-output>
        </test-method> <!-- waitBeforeCallingMethod -->
        <test-method status="PASS" signature="testVerifyOptionsInPreviewChapterDropdown(java.lang.String)[pri:0, instance:test.java.SearchAndBrowseLibraryTest@dfd3711]" name="testVerifyOptionsInPreviewChapterDropdown" duration-ms="165" started-at="2015-08-03T17:22:50Z" data-provider="ExcelDataProvider" depends-on-methods="test.java.SearchAndBrowseLibraryTest.testVerifyUIOfMoreInfoPopUpUnknownUser" finished-at="2015-08-03T17:22:50Z">
          <params>
            <param index="0">
              <value>
                <![CDATA[Table of Contents, Chapter 1]]>
              </value>
            </param>
          </params>
          <reporter-output>
          </reporter-output>
        </test-method> <!-- testVerifyOptionsInPreviewChapterDropdown -->
        <test-method status="PASS" signature="waitBeforeCallingMethod()[pri:0, instance:test.java.SearchAndBrowseLibraryTest@dfd3711]" name="waitBeforeCallingMethod" is-config="true" duration-ms="13" started-at="2015-08-03T17:22:50Z" finished-at="2015-08-03T17:22:50Z">
          <reporter-output>
          </reporter-output>
        </test-method> <!-- waitBeforeCallingMethod -->
        <test-method status="PASS" signature="testLaunchChapterPreview(java.lang.String)[pri:0, instance:test.java.SearchAndBrowseLibraryTest@dfd3711]" name="testLaunchChapterPreview" duration-ms="47066" started-at="2015-08-03T17:22:50Z" data-provider="ExcelDataProvider" depends-on-methods="test.java.SearchAndBrowseLibraryTest.testVerifyOptionsInPreviewChapterDropdown" finished-at="2015-08-03T17:23:37Z">
          <params>
            <param index="0">
              <value>
                <![CDATA[Chapter 1]]>
              </value>
            </param>
          </params>
          <reporter-output>
          </reporter-output>
        </test-method> <!-- testLaunchChapterPreview -->
        <test-method status="PASS" signature="waitBeforeCallingMethod()[pri:0, instance:test.java.SearchAndBrowseLibraryTest@dfd3711]" name="waitBeforeCallingMethod" is-config="true" duration-ms="12" started-at="2015-08-03T17:23:38Z" finished-at="2015-08-03T17:23:38Z">
          <reporter-output>
          </reporter-output>
        </test-method> <!-- waitBeforeCallingMethod -->
        <test-method status="PASS" signature="testVerifyUIOfChapterPreview(java.lang.String, java.lang.String, java.lang.String)[pri:0, instance:test.java.SearchAndBrowseLibraryTest@dfd3711]" name="testVerifyUIOfChapterPreview" duration-ms="307" started-at="2015-08-03T17:23:38Z" data-provider="ExcelDataProvider" depends-on-methods="test.java.SearchAndBrowseLibraryTest.testLaunchChapterPreview" finished-at="2015-08-03T17:23:38Z">
          <params>
            <param index="0">
              <value>
                <![CDATA[Counseling title 1]]>
              </value>
            </param>
            <param index="1">
              <value>
                <![CDATA[TARAN, Saha, , Rai]]>
              </value>
            </param>
            <param index="2">
              <value>
                <![CDATA[Page 13]]>
              </value>
            </param>
          </params>
          <reporter-output>
          </reporter-output>
        </test-method> <!-- testVerifyUIOfChapterPreview -->
      </class> <!-- test.java.SearchAndBrowseLibraryTest -->
    </test> <!-- DigitalLibraryFunctionalTest -->
  </suite> <!-- DigitalLibrary -->
</testng-results>
