<?xml version="1.0" encoding="UTF-8"?>
<testng-results skipped="1" failed="1" total="31" passed="29">
  <reporter-output>
  </reporter-output>
  <suite name="DigitalLibrary" duration-ms="224972" started-at="2015-08-05T11:14:31Z" finished-at="2015-08-05T11:18:16Z">
    <groups>
      <group name="ClickOnSavedSearchTerm">
        <method signature="SavedSearchesTest.testClickOnSavedContentSearchTerm(java.lang.String, java.lang.String)[pri:0, instance:test.java.SavedSearchesTest@42d3bd8b]" name="testClickOnSavedContentSearchTerm" class="test.java.SavedSearchesTest"/>
        <method signature="SavedSearchesTest.testClickOnSavedeTextSearchTerm(java.lang.String, java.lang.String)[pri:0, instance:test.java.SavedSearchesTest@42d3bd8b]" name="testClickOnSavedeTextSearchTerm" class="test.java.SavedSearchesTest"/>
        <method signature="SavedSearchesTest.testClickOnSavedNoteSearchTerm(java.lang.String, java.lang.String)[pri:0, instance:test.java.SavedSearchesTest@42d3bd8b]" name="testClickOnSavedNoteSearchTerm" class="test.java.SavedSearchesTest"/>
      </group> <!-- ClickOnSavedSearchTerm -->
      <group name="SignOut">
        <method signature="SignOutTest.testSignOut()[pri:0, instance:test.java.SignOutTest@73f792cf]" name="testSignOut" class="test.java.SignOutTest"/>
      </group> <!-- SignOut -->
      <group name="PerformSearchingByNotes">
        <method signature="CompleteLibraryTest.testSearchMyNotes(java.lang.String, java.lang.String, java.lang.String, java.lang.String)[pri:0, instance:test.java.CompleteLibraryTest@38082d64]" name="testSearchMyNotes" class="test.java.CompleteLibraryTest"/>
      </group> <!-- PerformSearchingByNotes -->
      <group name="ClickOnAlleTextStack">
        <method signature="SearchResultsTest.testverifyAlleTextStack()[pri:0, instance:test.java.SearchResultsTest@dfd3711]" name="testverifyAlleTextStack" class="test.java.SearchResultsTest"/>
      </group> <!-- ClickOnAlleTextStack -->
      <group name="CompleteLibrary">
        <method signature="CompleteLibraryTest.testVerifyUIOfCompleteLibraryPage(java.lang.String, java.lang.String, java.lang.String, java.lang.String)[pri:0, instance:test.java.CompleteLibraryTest@38082d64]" name="testVerifyUIOfCompleteLibraryPage" class="test.java.CompleteLibraryTest"/>
      </group> <!-- CompleteLibrary -->
      <group name="Login">
        <method signature="LoginPageTest.testverifyUIOfLoginPage(java.lang.String, java.lang.String, java.lang.String, java.lang.String, java.lang.String, java.lang.String, java.lang.String, java.lang.String)[pri:0, instance:test.java.LoginPageTest@3498ed]" name="testverifyUIOfLoginPage" class="test.java.LoginPageTest"/>
        <method signature="LoginPageTest.testForgetUserNamePasswordLink()[pri:0, instance:test.java.LoginPageTest@3498ed]" name="testForgetUserNamePasswordLink" class="test.java.LoginPageTest"/>
        <method signature="LoginPageTest.testLogin(java.lang.String, java.lang.String)[pri:0, instance:test.java.LoginPageTest@3498ed]" name="testLogin" class="test.java.LoginPageTest"/>
      </group> <!-- Login -->
      <group name="PerformSearchingByeText">
        <method signature="CompleteLibraryTest.testSearchByeText(java.lang.String, java.lang.String, java.lang.String, java.lang.String)[pri:0, instance:test.java.CompleteLibraryTest@38082d64]" name="testSearchByeText" class="test.java.CompleteLibraryTest"/>
      </group> <!-- PerformSearchingByeText -->
      <group name="LoginPage">
        <method signature="LoginPageTest.testclickSearchAndBrowseLibraryLink()[pri:0, instance:test.java.LoginPageTest@3498ed]" name="testclickSearchAndBrowseLibraryLink" class="test.java.LoginPageTest"/>
      </group> <!-- LoginPage -->
      <group name="SearchAndBrowseLibrary">
        <method signature="SearchAndBrowseLibraryTest.testVerifyOptionsInDropdown(java.lang.String)[pri:0, instance:test.java.SearchAndBrowseLibraryTest@26ba2a48]" name="testVerifyOptionsInDropdown" class="test.java.SearchAndBrowseLibraryTest"/>
        <method signature="SearchAndBrowseLibraryTest.testVerifyBooksPresentInAlleTextStack(java.lang.String)[pri:0, instance:test.java.SearchAndBrowseLibraryTest@26ba2a48]" name="testVerifyBooksPresentInAlleTextStack" class="test.java.SearchAndBrowseLibraryTest"/>
        <method signature="SearchAndBrowseLibraryTest.testVerifyUIOfMoreInfoPopUpUnknownUser(java.lang.String, java.lang.String, java.lang.String, java.lang.String)[pri:0, instance:test.java.SearchAndBrowseLibraryTest@26ba2a48]" name="testVerifyUIOfMoreInfoPopUpUnknownUser" class="test.java.SearchAndBrowseLibraryTest"/>
        <method signature="SearchAndBrowseLibraryTest.testVerifyOptionsInPreviewChapterDropdown(java.lang.String)[pri:0, instance:test.java.SearchAndBrowseLibraryTest@26ba2a48]" name="testVerifyOptionsInPreviewChapterDropdown" class="test.java.SearchAndBrowseLibraryTest"/>
        <method signature="SearchAndBrowseLibraryTest.testLaunchChapterPreview(java.lang.String)[pri:0, instance:test.java.SearchAndBrowseLibraryTest@26ba2a48]" name="testLaunchChapterPreview" class="test.java.SearchAndBrowseLibraryTest"/>
        <method signature="SearchAndBrowseLibraryTest.testVerifyUIOfChapterPreview(java.lang.String, java.lang.String, java.lang.String)[pri:0, instance:test.java.SearchAndBrowseLibraryTest@26ba2a48]" name="testVerifyUIOfChapterPreview" class="test.java.SearchAndBrowseLibraryTest"/>
      </group> <!-- SearchAndBrowseLibrary -->
      <group name="PerformSearchingByeContents">
        <method signature="CompleteLibraryTest.testSearchByContents(java.lang.String, java.lang.String, java.lang.String, java.lang.String)[pri:0, instance:test.java.CompleteLibraryTest@38082d64]" name="testSearchByContents" class="test.java.CompleteLibraryTest"/>
      </group> <!-- PerformSearchingByeContents -->
      <group name="ClickOnAlleTextPagesStack">
        <method signature="SearchResultsTest.testverifyAlleTextPagesStack()[pri:0, instance:test.java.SearchResultsTest@dfd3711]" name="testverifyAlleTextPagesStack" class="test.java.SearchResultsTest"/>
      </group> <!-- ClickOnAlleTextPagesStack -->
      <group name="ClickOnAlleTextNotesStack">
        <method signature="SearchResultsTest.testverifyAlleTextNotesStack()[pri:0, instance:test.java.SearchResultsTest@dfd3711]" name="testverifyAlleTextNotesStack" class="test.java.SearchResultsTest"/>
      </group> <!-- ClickOnAlleTextNotesStack -->
      <group name="DeleteSavedSearchTerm">
        <method signature="SavedSearchesTest.testDeleteSavedContentSearchTerm(java.lang.String)[pri:0, instance:test.java.SavedSearchesTest@42d3bd8b]" name="testDeleteSavedContentSearchTerm" class="test.java.SavedSearchesTest"/>
        <method signature="SavedSearchesTest.testDeleteSavedeTextSearchTerm(java.lang.String)[pri:0, instance:test.java.SavedSearchesTest@42d3bd8b]" name="testDeleteSavedeTextSearchTerm" class="test.java.SavedSearchesTest"/>
        <method signature="SavedSearchesTest.testDeleteSavedNoteSearchTerm(java.lang.String)[pri:0, instance:test.java.SavedSearchesTest@42d3bd8b]" name="testDeleteSavedNoteSearchTerm" class="test.java.SavedSearchesTest"/>
      </group> <!-- DeleteSavedSearchTerm -->
      <group name="NavigateToSavedSearchesPage">
        <method signature="SavedSearchesTest.testNavigateToSavedSearchesPage()[pri:0, instance:test.java.SavedSearchesTest@42d3bd8b]" name="testNavigateToSavedSearchesPage" class="test.java.SavedSearchesTest"/>
      </group> <!-- NavigateToSavedSearchesPage -->
    </groups>
    <test name="DigitalLibraryFunctionalTest" duration-ms="224972" started-at="2015-08-05T11:14:31Z" finished-at="2015-08-05T11:18:16Z">
      <class name="test.java.CompleteLibraryTest">
        <test-method status="PASS" signature="beforeClass()[pri:0, instance:test.java.CompleteLibraryTest@38082d64]" name="beforeClass" is-config="true" duration-ms="1" started-at="2015-08-05T16:45:54Z" finished-at="2015-08-05T16:45:54Z">
          <reporter-output>
          </reporter-output>
        </test-method> <!-- beforeClass -->
        <test-method status="PASS" signature="waitBeforeCallingMethod()[pri:0, instance:test.java.CompleteLibraryTest@38082d64]" name="waitBeforeCallingMethod" is-config="true" duration-ms="20" started-at="2015-08-05T16:45:54Z" finished-at="2015-08-05T16:45:54Z">
          <reporter-output>
          </reporter-output>
        </test-method> <!-- waitBeforeCallingMethod -->
        <test-method status="PASS" signature="testVerifyUIOfCompleteLibraryPage(java.lang.String, java.lang.String, java.lang.String, java.lang.String)[pri:0, instance:test.java.CompleteLibraryTest@38082d64]" name="testVerifyUIOfCompleteLibraryPage" duration-ms="1175" depends-on-groups="Login" started-at="2015-08-05T16:45:54Z" data-provider="ExcelDataProvider" finished-at="2015-08-05T16:45:55Z">
          <params>
            <param index="0">
              <value>
                <![CDATA[7 eTexts]]>
              </value>
            </param>
            <param index="1">
              <value>
                <![CDATA[2 Products]]>
              </value>
            </param>
            <param index="2">
              <value>
                <![CDATA[12 Videos]]>
              </value>
            </param>
            <param index="3">
              <value>
                <![CDATA[11 Resources]]>
              </value>
            </param>
          </params>
          <reporter-output>
          </reporter-output>
        </test-method> <!-- testVerifyUIOfCompleteLibraryPage -->
        <test-method status="PASS" signature="waitBeforeCallingMethod()[pri:0, instance:test.java.CompleteLibraryTest@38082d64]" name="waitBeforeCallingMethod" is-config="true" duration-ms="18" started-at="2015-08-05T16:45:56Z" finished-at="2015-08-05T16:45:56Z">
          <reporter-output>
          </reporter-output>
        </test-method> <!-- waitBeforeCallingMethod -->
        <test-method status="PASS" signature="testSearchByContents(java.lang.String, java.lang.String, java.lang.String, java.lang.String)[pri:0, instance:test.java.CompleteLibraryTest@38082d64]" name="testSearchByContents" duration-ms="8015" started-at="2015-08-05T16:45:56Z" data-provider="ExcelDataProvider" depends-on-methods="test.java.CompleteLibraryTest.testVerifyUIOfCompleteLibraryPage" finished-at="2015-08-05T16:46:04Z">
          <params>
            <param index="0">
              <value>
                <![CDATA[development]]>
              </value>
            </param>
            <param index="1">
              <value>
                <![CDATA[Complete Library, Subscribed, Favorites]]>
              </value>
            </param>
            <param index="2">
              <value>
                <![CDATA[All eText Pages, testing4_PROD, Test replica 11754]]>
              </value>
            </param>
            <param index="3">
              <value>
                <![CDATA[127 pages, 70 pages, 57 pages]]>
              </value>
            </param>
          </params>
          <reporter-output>
          </reporter-output>
        </test-method> <!-- testSearchByContents -->
        <test-method status="PASS" signature="waitBeforeCallingMethod()[pri:0, instance:test.java.CompleteLibraryTest@38082d64]" name="waitBeforeCallingMethod" is-config="true" duration-ms="18" started-at="2015-08-05T16:46:04Z" finished-at="2015-08-05T16:46:04Z">
          <reporter-output>
          </reporter-output>
        </test-method> <!-- waitBeforeCallingMethod -->
        <test-method status="PASS" signature="testSearchByContents(java.lang.String, java.lang.String, java.lang.String, java.lang.String)[pri:0, instance:test.java.CompleteLibraryTest@38082d64]" name="testSearchByContents" duration-ms="7034" started-at="2015-08-05T16:46:04Z" data-provider="ExcelDataProvider" depends-on-methods="test.java.CompleteLibraryTest.testVerifyUIOfCompleteLibraryPage" finished-at="2015-08-05T16:46:11Z">
          <params>
            <param index="0">
              <value>
                <![CDATA[Special]]>
              </value>
            </param>
            <param index="1">
              <value>
                <![CDATA[Complete Library, Subscribed, Favorites]]>
              </value>
            </param>
            <param index="2">
              <value>
                <![CDATA[All eText Pages, testing4_PROD, Test replica 11754]]>
              </value>
            </param>
            <param index="3">
              <value>
                <![CDATA[83 pages, 60 pages, 23 pages]]>
              </value>
            </param>
          </params>
          <reporter-output>
          </reporter-output>
        </test-method> <!-- testSearchByContents -->
        <test-method status="PASS" signature="waitBeforeCallingMethod()[pri:0, instance:test.java.CompleteLibraryTest@38082d64]" name="waitBeforeCallingMethod" is-config="true" duration-ms="16" started-at="2015-08-05T16:46:11Z" finished-at="2015-08-05T16:46:11Z">
          <reporter-output>
          </reporter-output>
        </test-method> <!-- waitBeforeCallingMethod -->
        <test-method status="PASS" signature="testSearchByContents(java.lang.String, java.lang.String, java.lang.String, java.lang.String)[pri:0, instance:test.java.CompleteLibraryTest@38082d64]" name="testSearchByContents" duration-ms="7449" started-at="2015-08-05T16:46:11Z" data-provider="ExcelDataProvider" depends-on-methods="test.java.CompleteLibraryTest.testVerifyUIOfCompleteLibraryPage" finished-at="2015-08-05T16:46:19Z">
          <params>
            <param index="0">
              <value>
                <![CDATA[science]]>
              </value>
            </param>
            <param index="1">
              <value>
                <![CDATA[Complete Library, Subscribed, Favorites]]>
              </value>
            </param>
            <param index="2">
              <value>
                <![CDATA[All eText Pages, Counseling title 1, std_existing_48, testing4_PROD, Test replica 11754]]>
              </value>
            </param>
            <param index="3">
              <value>
                <![CDATA[84 pages, 6 pages, 6 pages, 35 pages, 37 pages]]>
              </value>
            </param>
          </params>
          <reporter-output>
          </reporter-output>
        </test-method> <!-- testSearchByContents -->
        <test-method status="PASS" signature="waitBeforeCallingMethod()[pri:0, instance:test.java.CompleteLibraryTest@38082d64]" name="waitBeforeCallingMethod" is-config="true" duration-ms="328" started-at="2015-08-05T16:46:20Z" finished-at="2015-08-05T16:46:20Z">
          <reporter-output>
          </reporter-output>
        </test-method> <!-- waitBeforeCallingMethod -->
        <test-method status="PASS" signature="testSearchByeText(java.lang.String, java.lang.String, java.lang.String, java.lang.String)[pri:0, instance:test.java.CompleteLibraryTest@38082d64]" name="testSearchByeText" duration-ms="9850" depends-on-groups="ClickOnAlleTextPagesStack" started-at="2015-08-05T16:46:20Z" data-provider="ExcelDataProvider" finished-at="2015-08-05T16:46:30Z">
          <params>
            <param index="0">
              <value>
                <![CDATA[Counseling]]>
              </value>
            </param>
            <param index="1">
              <value>
                <![CDATA[Complete Library, Subscribed, Favorites]]>
              </value>
            </param>
            <param index="2">
              <value>
                <![CDATA[All eTexts, people's Category, Sample, TECHNOLOGY AND STACKS, Test Category]]>
              </value>
            </param>
            <param index="3">
              <value>
                <![CDATA[2 eTexts, 1 eText, 1 eText, 1 eText, 1 eText]]>
              </value>
            </param>
          </params>
          <reporter-output>
          </reporter-output>
        </test-method> <!-- testSearchByeText -->
        <test-method status="PASS" signature="waitBeforeCallingMethod()[pri:0, instance:test.java.CompleteLibraryTest@38082d64]" name="waitBeforeCallingMethod" is-config="true" duration-ms="17" started-at="2015-08-05T16:46:30Z" finished-at="2015-08-05T16:46:30Z">
          <reporter-output>
          </reporter-output>
        </test-method> <!-- waitBeforeCallingMethod -->
        <test-method status="PASS" signature="testSearchByeText(java.lang.String, java.lang.String, java.lang.String, java.lang.String)[pri:0, instance:test.java.CompleteLibraryTest@38082d64]" name="testSearchByeText" duration-ms="6760" depends-on-groups="ClickOnAlleTextPagesStack" started-at="2015-08-05T16:46:30Z" data-provider="ExcelDataProvider" finished-at="2015-08-05T16:46:37Z">
          <params>
            <param index="0">
              <value>
                <![CDATA[Assessment]]>
              </value>
            </param>
            <param index="1">
              <value>
                <![CDATA[Complete Library, Subscribed, Favorites]]>
              </value>
            </param>
            <param index="2">
              <value>
                <![CDATA[All eTexts, people's Category, TECHNOLOGY AND STACKS]]>
              </value>
            </param>
            <param index="3">
              <value>
                <![CDATA[1 eText, 1 eText, 1 eText]]>
              </value>
            </param>
          </params>
          <reporter-output>
          </reporter-output>
        </test-method> <!-- testSearchByeText -->
        <test-method status="PASS" signature="waitBeforeCallingMethod()[pri:0, instance:test.java.CompleteLibraryTest@38082d64]" name="waitBeforeCallingMethod" is-config="true" duration-ms="16" started-at="2015-08-05T16:46:37Z" finished-at="2015-08-05T16:46:37Z">
          <reporter-output>
          </reporter-output>
        </test-method> <!-- waitBeforeCallingMethod -->
        <test-method status="PASS" signature="testSearchByeText(java.lang.String, java.lang.String, java.lang.String, java.lang.String)[pri:0, instance:test.java.CompleteLibraryTest@38082d64]" name="testSearchByeText" duration-ms="6533" depends-on-groups="ClickOnAlleTextPagesStack" started-at="2015-08-05T16:46:37Z" data-provider="ExcelDataProvider" finished-at="2015-08-05T16:46:44Z">
          <params>
            <param index="0">
              <value>
                <![CDATA[Audio]]>
              </value>
            </param>
            <param index="1">
              <value>
                <![CDATA[Complete Library, Subscribed, Favorites]]>
              </value>
            </param>
            <param index="2">
              <value>
                <![CDATA[All eTexts, captivity, Test Category]]>
              </value>
            </param>
            <param index="3">
              <value>
                <![CDATA[1 eText, 1 eText, 1 eText]]>
              </value>
            </param>
          </params>
          <reporter-output>
          </reporter-output>
        </test-method> <!-- testSearchByeText -->
        <test-method status="PASS" signature="waitBeforeCallingMethod()[pri:0, instance:test.java.CompleteLibraryTest@38082d64]" name="waitBeforeCallingMethod" is-config="true" duration-ms="19" started-at="2015-08-05T16:46:45Z" finished-at="2015-08-05T16:46:45Z">
          <reporter-output>
          </reporter-output>
        </test-method> <!-- waitBeforeCallingMethod -->
        <test-method status="PASS" signature="testSearchMyNotes(java.lang.String, java.lang.String, java.lang.String, java.lang.String)[pri:0, instance:test.java.CompleteLibraryTest@38082d64]" name="testSearchMyNotes" duration-ms="7848" depends-on-groups="ClickOnAlleTextStack" started-at="2015-08-05T16:46:45Z" data-provider="ExcelDataProvider" finished-at="2015-08-05T16:46:53Z">
          <params>
            <param index="0">
              <value>
                <![CDATA[Note]]>
              </value>
            </param>
            <param index="1">
              <value>
                <![CDATA[eTexts, Categories]]>
              </value>
            </param>
            <param index="2">
              <value>
                <![CDATA[All eText Notes, Counseling title 1, Test Audio_Std_R49]]>
              </value>
            </param>
            <param index="3">
              <value>
                <![CDATA[17 notes, 7 notes, 10 notes]]>
              </value>
            </param>
          </params>
          <reporter-output>
          </reporter-output>
        </test-method> <!-- testSearchMyNotes -->
        <test-method status="PASS" signature="waitBeforeCallingMethod()[pri:0, instance:test.java.CompleteLibraryTest@38082d64]" name="waitBeforeCallingMethod" is-config="true" duration-ms="16" started-at="2015-08-05T16:46:53Z" finished-at="2015-08-05T16:46:53Z">
          <reporter-output>
          </reporter-output>
        </test-method> <!-- waitBeforeCallingMethod -->
        <test-method status="PASS" signature="testSearchMyNotes(java.lang.String, java.lang.String, java.lang.String, java.lang.String)[pri:0, instance:test.java.CompleteLibraryTest@38082d64]" name="testSearchMyNotes" duration-ms="8867" depends-on-groups="ClickOnAlleTextStack" started-at="2015-08-05T16:46:53Z" data-provider="ExcelDataProvider" finished-at="2015-08-05T16:47:02Z">
          <params>
            <param index="0">
              <value>
                <![CDATA[Test]]>
              </value>
            </param>
            <param index="1">
              <value>
                <![CDATA[eTexts, Categories]]>
              </value>
            </param>
            <param index="2">
              <value>
                <![CDATA[All eText Notes, Counseling title 1]]>
              </value>
            </param>
            <param index="3">
              <value>
                <![CDATA[1 note, 1 note]]>
              </value>
            </param>
          </params>
          <reporter-output>
          </reporter-output>
        </test-method> <!-- testSearchMyNotes -->
        <test-method status="PASS" signature="waitBeforeCallingMethod()[pri:0, instance:test.java.CompleteLibraryTest@38082d64]" name="waitBeforeCallingMethod" is-config="true" duration-ms="18" started-at="2015-08-05T16:47:02Z" finished-at="2015-08-05T16:47:02Z">
          <reporter-output>
          </reporter-output>
        </test-method> <!-- waitBeforeCallingMethod -->
        <test-method status="PASS" signature="testSearchMyNotes(java.lang.String, java.lang.String, java.lang.String, java.lang.String)[pri:0, instance:test.java.CompleteLibraryTest@38082d64]" name="testSearchMyNotes" duration-ms="8121" depends-on-groups="ClickOnAlleTextStack" started-at="2015-08-05T16:47:02Z" data-provider="ExcelDataProvider" finished-at="2015-08-05T16:47:11Z">
          <params>
            <param index="0">
              <value>
                <![CDATA[Private]]>
              </value>
            </param>
            <param index="1">
              <value>
                <![CDATA[eTexts, Categories]]>
              </value>
            </param>
            <param index="2">
              <value>
                <![CDATA[All eText Notes, Counseling title 1, Test Audio_Std_R49]]>
              </value>
            </param>
            <param index="3">
              <value>
                <![CDATA[5 notes, 3 notes, 2 notes]]>
              </value>
            </param>
          </params>
          <reporter-output>
          </reporter-output>
        </test-method> <!-- testSearchMyNotes -->
      </class> <!-- test.java.CompleteLibraryTest -->
      <class name="test.java.LoginPageTest">
        <test-method status="PASS" signature="setUp(java.lang.String, java.lang.String, java.lang.String, java.lang.String, java.lang.String, org.testng.ITestContext)[pri:0, instance:test.java.LoginPageTest@3498ed]" name="setUp" is-config="true" duration-ms="64197" started-at="2015-08-05T16:43:27Z" finished-at="2015-08-05T16:44:31Z">
          <params>
            <param index="0">
              <value>
                <![CDATA[http://library.pearsoncmg.com/library/index.do?libraryid=2821]]>
              </value>
            </param>
            <param index="1">
              <value>
                <![CDATA[chrome, firefox, ie]]>
              </value>
            </param>
            <param index="2">
              <value>
                <![CDATA[1.4]]>
              </value>
            </param>
            <param index="3">
              <value>
                <![CDATA[3]]>
              </value>
            </param>
            <param index="4">
              <value>
                <![CDATA[2]]>
              </value>
            </param>
            <param index="5">
              <value>
                <![CDATA[org.testng.TestRunner@5c2375a9]]>
              </value>
            </param>
          </params>
          <reporter-output>
          </reporter-output>
        </test-method> <!-- setUp -->
        <test-method status="PASS" signature="beforeClass()[pri:0, instance:test.java.LoginPageTest@3498ed]" name="beforeClass" is-config="true" duration-ms="1" started-at="2015-08-05T16:44:31Z" finished-at="2015-08-05T16:44:31Z">
          <reporter-output>
          </reporter-output>
        </test-method> <!-- beforeClass -->
        <test-method status="PASS" signature="waitBeforeCallingMethod()[pri:0, instance:test.java.LoginPageTest@3498ed]" name="waitBeforeCallingMethod" is-config="true" duration-ms="19" started-at="2015-08-05T16:44:31Z" finished-at="2015-08-05T16:44:31Z">
          <reporter-output>
          </reporter-output>
        </test-method> <!-- waitBeforeCallingMethod -->
        <test-method status="FAIL" signature="testverifyUIOfLoginPage(java.lang.String, java.lang.String, java.lang.String, java.lang.String, java.lang.String, java.lang.String, java.lang.String, java.lang.String)[pri:0, instance:test.java.LoginPageTest@3498ed]" name="testverifyUIOfLoginPage" duration-ms="393" started-at="2015-08-05T16:44:31Z" data-provider="ExcelDataProvider" finished-at="2015-08-05T16:44:31Z">
          <params>
            <param index="0">
              <value>
                <![CDATA[Sign In]]>
              </value>
            </param>
            <param index="1">
              <value>
                <![CDATA[username]]>
              </value>
            </param>
            <param index="2">
              <value>
                <![CDATA[password]]>
              </value>
            </param>
            <param index="3">
              <value>
                <![CDATA[Forgot your username/password?]]>
              </value>
            </param>
            <param index="4">
              <value>
                <![CDATA[Don't have an account?]]>
              </value>
            </param>
            <param index="5">
              <value>
                <![CDATA[Purchase Library]]>
              </value>
            </param>
            <param index="6">
              <value>
                <![CDATA[Register Now]]>
              </value>
            </param>
            <param index="7">
              <value>
                <![CDATA[Search and browse Library]]>
              </value>
            </param>
          </params>
          <exception class="java.lang.AssertionError">
            <message>
              <![CDATA[expected [false] but found [true]]]>
            </message>
            <full-stacktrace>
              <![CDATA[java.lang.AssertionError: expected [false] but found [true]
	at org.testng.Assert.fail(Assert.java:94)
	at org.testng.Assert.failNotEquals(Assert.java:496)
	at org.testng.Assert.assertFalse(Assert.java:63)
	at org.testng.Assert.assertFalse(Assert.java:73)
	at test.java.LoginPageTest.testverifyUIOfLoginPage(LoginPageTest.java:55)
	at sun.reflect.NativeMethodAccessorImpl.invoke0(Native Method)
	at sun.reflect.NativeMethodAccessorImpl.invoke(NativeMethodAccessorImpl.java:62)
	at sun.reflect.DelegatingMethodAccessorImpl.invoke(DelegatingMethodAccessorImpl.java:43)
	at java.lang.reflect.Method.invoke(Method.java:497)
	at org.testng.internal.MethodInvocationHelper.invokeMethod(MethodInvocationHelper.java:85)
	at org.testng.internal.Invoker.invokeMethod(Invoker.java:659)
	at org.testng.internal.Invoker.invokeTestMethod(Invoker.java:845)
	at org.testng.internal.Invoker.invokeTestMethods(Invoker.java:1153)
	at org.testng.internal.TestMethodWorker.invokeTestMethods(TestMethodWorker.java:125)
	at org.testng.internal.TestMethodWorker.run(TestMethodWorker.java:108)
	at org.testng.TestRunner.privateRun(TestRunner.java:771)
	at org.testng.TestRunner.run(TestRunner.java:621)
	at org.testng.SuiteRunner.runTest(SuiteRunner.java:357)
	at org.testng.SuiteRunner.runSequentially(SuiteRunner.java:352)
	at org.testng.SuiteRunner.privateRun(SuiteRunner.java:310)
	at org.testng.SuiteRunner.run(SuiteRunner.java:259)
	at org.testng.SuiteRunnerWorker.runSuite(SuiteRunnerWorker.java:52)
	at org.testng.SuiteRunnerWorker.run(SuiteRunnerWorker.java:86)
	at org.testng.TestNG.runSuitesSequentially(TestNG.java:1199)
	at org.testng.TestNG.runSuitesLocally(TestNG.java:1124)
	at org.testng.TestNG.run(TestNG.java:1032)
	at org.apache.maven.surefire.testng.TestNGExecutor.run(TestNGExecutor.java:295)
	at org.apache.maven.surefire.testng.TestNGXmlTestSuite.execute(TestNGXmlTestSuite.java:84)
	at org.apache.maven.surefire.testng.TestNGProvider.invoke(TestNGProvider.java:90)
	at org.apache.maven.surefire.booter.ForkedBooter.invokeProviderInSameClassLoader(ForkedBooter.java:203)
	at org.apache.maven.surefire.booter.ForkedBooter.runSuitesInProcess(ForkedBooter.java:155)
	at org.apache.maven.surefire.booter.ForkedBooter.main(ForkedBooter.java:103)
]]>
            </full-stacktrace>
          </exception> <!-- java.lang.AssertionError -->
          <reporter-output>
          </reporter-output>
        </test-method> <!-- testverifyUIOfLoginPage -->
        <test-method status="SKIP" signature="testForgetUserNamePasswordLink()[pri:0, instance:test.java.LoginPageTest@3498ed]" name="testForgetUserNamePasswordLink" duration-ms="0" started-at="2015-08-05T16:44:32Z" depends-on-methods="test.java.LoginPageTest.testverifyUIOfLoginPage" finished-at="2015-08-05T16:44:32Z">
          <exception class="java.lang.Throwable">
            <message>
              <![CDATA[Method LoginPageTest.testForgetUserNamePasswordLink()[pri:0, instance:test.java.LoginPageTest@3498ed] depends on not successfully finished methods]]>
            </message>
            <full-stacktrace>
              <![CDATA[java.lang.Throwable: Method LoginPageTest.testForgetUserNamePasswordLink()[pri:0, instance:test.java.LoginPageTest@3498ed] depends on not successfully finished methods
	at org.testng.internal.Invoker.invokeTestMethods(Invoker.java:1063)
	at org.testng.internal.TestMethodWorker.invokeTestMethods(TestMethodWorker.java:125)
	at org.testng.internal.TestMethodWorker.run(TestMethodWorker.java:108)
	at org.testng.TestRunner.privateRun(TestRunner.java:771)
	at org.testng.TestRunner.run(TestRunner.java:621)
	at org.testng.SuiteRunner.runTest(SuiteRunner.java:357)
	at org.testng.SuiteRunner.runSequentially(SuiteRunner.java:352)
	at org.testng.SuiteRunner.privateRun(SuiteRunner.java:310)
	at org.testng.SuiteRunner.run(SuiteRunner.java:259)
	at org.testng.SuiteRunnerWorker.runSuite(SuiteRunnerWorker.java:52)
	at org.testng.SuiteRunnerWorker.run(SuiteRunnerWorker.java:86)
	at org.testng.TestNG.runSuitesSequentially(TestNG.java:1199)
	at org.testng.TestNG.runSuitesLocally(TestNG.java:1124)
	at org.testng.TestNG.run(TestNG.java:1032)
	at org.apache.maven.surefire.testng.TestNGExecutor.run(TestNGExecutor.java:295)
	at org.apache.maven.surefire.testng.TestNGXmlTestSuite.execute(TestNGXmlTestSuite.java:84)
	at org.apache.maven.surefire.testng.TestNGProvider.invoke(TestNGProvider.java:90)
	at org.apache.maven.surefire.booter.ForkedBooter.invokeProviderInSameClassLoader(ForkedBooter.java:203)
	at org.apache.maven.surefire.booter.ForkedBooter.runSuitesInProcess(ForkedBooter.java:155)
	at org.apache.maven.surefire.booter.ForkedBooter.main(ForkedBooter.java:103)
]]>
            </full-stacktrace>
          </exception> <!-- java.lang.Throwable -->
          <reporter-output>
          </reporter-output>
        </test-method> <!-- testForgetUserNamePasswordLink -->
        <test-method status="PASS" signature="waitBeforeCallingMethod()[pri:0, instance:test.java.LoginPageTest@3498ed]" name="waitBeforeCallingMethod" is-config="true" duration-ms="10" started-at="2015-08-05T16:44:32Z" finished-at="2015-08-05T16:44:32Z">
          <reporter-output>
          </reporter-output>
        </test-method> <!-- waitBeforeCallingMethod -->
        <test-method status="PASS" signature="testLogin(java.lang.String, java.lang.String)[pri:0, instance:test.java.LoginPageTest@3498ed]" name="testLogin" duration-ms="81731" started-at="2015-08-05T16:44:32Z" data-provider="ExcelDataProvider" depends-on-methods="test.java.LoginPageTest.testForgetUserNamePasswordLink" finished-at="2015-08-05T16:45:54Z">
          <params>
            <param index="0">
              <value>
                <![CDATA[library_edu_1]]>
              </value>
            </param>
            <param index="1">
              <value>
                <![CDATA[pa55word]]>
              </value>
            </param>
          </params>
          <reporter-output>
          </reporter-output>
        </test-method> <!-- testLogin -->
        <test-method status="PASS" signature="waitBeforeCallingMethod()[pri:0, instance:test.java.LoginPageTest@3498ed]" name="waitBeforeCallingMethod" is-config="true" duration-ms="20" started-at="2015-08-05T16:47:57Z" finished-at="2015-08-05T16:47:57Z">
          <reporter-output>
          </reporter-output>
        </test-method> <!-- waitBeforeCallingMethod -->
        <test-method status="PASS" signature="testclickSearchAndBrowseLibraryLink()[pri:0, instance:test.java.LoginPageTest@3498ed]" name="testclickSearchAndBrowseLibraryLink" duration-ms="6620" depends-on-groups="SignOut" started-at="2015-08-05T16:47:57Z" finished-at="2015-08-05T16:48:04Z">
          <reporter-output>
          </reporter-output>
        </test-method> <!-- testclickSearchAndBrowseLibraryLink -->
        <test-method status="PASS" signature="tearDown()[pri:0, instance:test.java.LoginPageTest@3498ed]" name="tearDown" is-config="true" duration-ms="3960" started-at="2015-08-05T16:48:17Z" finished-at="2015-08-05T16:48:21Z">
          <reporter-output>
          </reporter-output>
        </test-method> <!-- tearDown -->
      </class> <!-- test.java.LoginPageTest -->
      <class name="test.java.SavedSearchesTest">
        <test-method status="PASS" signature="beforeClass()[pri:0, instance:test.java.SavedSearchesTest@42d3bd8b]" name="beforeClass" is-config="true" duration-ms="0" started-at="2015-08-05T16:47:13Z" finished-at="2015-08-05T16:47:13Z">
          <reporter-output>
          </reporter-output>
        </test-method> <!-- beforeClass -->
        <test-method status="PASS" signature="waitBeforeCallingMethod()[pri:0, instance:test.java.SavedSearchesTest@42d3bd8b]" name="waitBeforeCallingMethod" is-config="true" duration-ms="17" started-at="2015-08-05T16:47:13Z" finished-at="2015-08-05T16:47:13Z">
          <reporter-output>
          </reporter-output>
        </test-method> <!-- waitBeforeCallingMethod -->
        <test-method status="PASS" signature="testNavigateToSavedSearchesPage()[pri:0, instance:test.java.SavedSearchesTest@42d3bd8b]" name="testNavigateToSavedSearchesPage" duration-ms="2247" depends-on-groups="ClickOnAlleTextNotesStack" started-at="2015-08-05T16:47:13Z" finished-at="2015-08-05T16:47:15Z">
          <reporter-output>
          </reporter-output>
        </test-method> <!-- testNavigateToSavedSearchesPage -->
        <test-method status="PASS" signature="waitBeforeCallingMethod()[pri:0, instance:test.java.SavedSearchesTest@42d3bd8b]" name="waitBeforeCallingMethod" is-config="true" duration-ms="17" started-at="2015-08-05T16:47:15Z" finished-at="2015-08-05T16:47:15Z">
          <reporter-output>
          </reporter-output>
        </test-method> <!-- waitBeforeCallingMethod -->
        <test-method status="PASS" signature="testClickOnSavedContentSearchTerm(java.lang.String, java.lang.String)[pri:0, instance:test.java.SavedSearchesTest@42d3bd8b]" name="testClickOnSavedContentSearchTerm" duration-ms="4299" started-at="2015-08-05T16:47:15Z" data-provider="ExcelDataProvider" depends-on-methods="test.java.SavedSearchesTest.testNavigateToSavedSearchesPage" finished-at="2015-08-05T16:47:20Z">
          <params>
            <param index="0">
              <value>
                <![CDATA[development]]>
              </value>
            </param>
            <param index="1">
              <value>
                <![CDATA[All eText Notes]]>
              </value>
            </param>
          </params>
          <reporter-output>
          </reporter-output>
        </test-method> <!-- testClickOnSavedContentSearchTerm -->
        <test-method status="PASS" signature="waitBeforeCallingMethod()[pri:0, instance:test.java.SavedSearchesTest@42d3bd8b]" name="waitBeforeCallingMethod" is-config="true" duration-ms="16" started-at="2015-08-05T16:47:20Z" finished-at="2015-08-05T16:47:20Z">
          <reporter-output>
          </reporter-output>
        </test-method> <!-- waitBeforeCallingMethod -->
        <test-method status="PASS" signature="testClickOnSavedeTextSearchTerm(java.lang.String, java.lang.String)[pri:0, instance:test.java.SavedSearchesTest@42d3bd8b]" name="testClickOnSavedeTextSearchTerm" duration-ms="3301" started-at="2015-08-05T16:47:20Z" data-provider="ExcelDataProvider" depends-on-methods="test.java.SavedSearchesTest.testClickOnSavedContentSearchTerm" finished-at="2015-08-05T16:47:23Z">
          <params>
            <param index="0">
              <value>
                <![CDATA[Counseling]]>
              </value>
            </param>
            <param index="1">
              <value>
                <![CDATA[All eText]]>
              </value>
            </param>
          </params>
          <reporter-output>
          </reporter-output>
        </test-method> <!-- testClickOnSavedeTextSearchTerm -->
        <test-method status="PASS" signature="waitBeforeCallingMethod()[pri:0, instance:test.java.SavedSearchesTest@42d3bd8b]" name="waitBeforeCallingMethod" is-config="true" duration-ms="6" started-at="2015-08-05T16:47:23Z" finished-at="2015-08-05T16:47:23Z">
          <reporter-output>
          </reporter-output>
        </test-method> <!-- waitBeforeCallingMethod -->
        <test-method status="PASS" signature="testClickOnSavedNoteSearchTerm(java.lang.String, java.lang.String)[pri:0, instance:test.java.SavedSearchesTest@42d3bd8b]" name="testClickOnSavedNoteSearchTerm" duration-ms="4610" started-at="2015-08-05T16:47:23Z" data-provider="ExcelDataProvider" depends-on-methods="test.java.SavedSearchesTest.testClickOnSavedeTextSearchTerm" finished-at="2015-08-05T16:47:28Z">
          <params>
            <param index="0">
              <value>
                <![CDATA[Note]]>
              </value>
            </param>
            <param index="1">
              <value>
                <![CDATA[All eText Notes]]>
              </value>
            </param>
          </params>
          <reporter-output>
          </reporter-output>
        </test-method> <!-- testClickOnSavedNoteSearchTerm -->
        <test-method status="PASS" signature="waitBeforeCallingMethod()[pri:0, instance:test.java.SavedSearchesTest@42d3bd8b]" name="waitBeforeCallingMethod" is-config="true" duration-ms="17" started-at="2015-08-05T16:47:28Z" finished-at="2015-08-05T16:47:28Z">
          <reporter-output>
          </reporter-output>
        </test-method> <!-- waitBeforeCallingMethod -->
        <test-method status="PASS" signature="testDeleteSavedContentSearchTerm(java.lang.String)[pri:0, instance:test.java.SavedSearchesTest@42d3bd8b]" name="testDeleteSavedContentSearchTerm" duration-ms="7812" started-at="2015-08-05T16:47:28Z" data-provider="ExcelDataProvider" depends-on-methods="test.java.SavedSearchesTest.testClickOnSavedNoteSearchTerm" finished-at="2015-08-05T16:47:36Z">
          <params>
            <param index="0">
              <value>
                <![CDATA[development]]>
              </value>
            </param>
          </params>
          <reporter-output>
          </reporter-output>
        </test-method> <!-- testDeleteSavedContentSearchTerm -->
        <test-method status="PASS" signature="waitBeforeCallingMethod()[pri:0, instance:test.java.SavedSearchesTest@42d3bd8b]" name="waitBeforeCallingMethod" is-config="true" duration-ms="18" started-at="2015-08-05T16:47:36Z" finished-at="2015-08-05T16:47:36Z">
          <reporter-output>
          </reporter-output>
        </test-method> <!-- waitBeforeCallingMethod -->
        <test-method status="PASS" signature="testDeleteSavedeTextSearchTerm(java.lang.String)[pri:0, instance:test.java.SavedSearchesTest@42d3bd8b]" name="testDeleteSavedeTextSearchTerm" duration-ms="8275" started-at="2015-08-05T16:47:36Z" data-provider="ExcelDataProvider" depends-on-methods="test.java.SavedSearchesTest.testDeleteSavedContentSearchTerm" finished-at="2015-08-05T16:47:45Z">
          <params>
            <param index="0">
              <value>
                <![CDATA[Counseling]]>
              </value>
            </param>
          </params>
          <reporter-output>
          </reporter-output>
        </test-method> <!-- testDeleteSavedeTextSearchTerm -->
        <test-method status="PASS" signature="waitBeforeCallingMethod()[pri:0, instance:test.java.SavedSearchesTest@42d3bd8b]" name="waitBeforeCallingMethod" is-config="true" duration-ms="16" started-at="2015-08-05T16:47:45Z" finished-at="2015-08-05T16:47:45Z">
          <reporter-output>
          </reporter-output>
        </test-method> <!-- waitBeforeCallingMethod -->
        <test-method status="PASS" signature="testDeleteSavedNoteSearchTerm(java.lang.String)[pri:0, instance:test.java.SavedSearchesTest@42d3bd8b]" name="testDeleteSavedNoteSearchTerm" duration-ms="8308" started-at="2015-08-05T16:47:45Z" data-provider="ExcelDataProvider" depends-on-methods="test.java.SavedSearchesTest.testDeleteSavedeTextSearchTerm" finished-at="2015-08-05T16:47:53Z">
          <params>
            <param index="0">
              <value>
                <![CDATA[Note]]>
              </value>
            </param>
          </params>
          <reporter-output>
          </reporter-output>
        </test-method> <!-- testDeleteSavedNoteSearchTerm -->
      </class> <!-- test.java.SavedSearchesTest -->
      <class name="test.java.SignOutTest">
        <test-method status="PASS" signature="beforeClass()[pri:0, instance:test.java.SignOutTest@73f792cf]" name="beforeClass" is-config="true" duration-ms="0" started-at="2015-08-05T16:47:53Z" finished-at="2015-08-05T16:47:53Z">
          <reporter-output>
          </reporter-output>
        </test-method> <!-- beforeClass -->
        <test-method status="PASS" signature="waitBeforeCallingMethod()[pri:0, instance:test.java.SignOutTest@73f792cf]" name="waitBeforeCallingMethod" is-config="true" duration-ms="18" started-at="2015-08-05T16:47:53Z" finished-at="2015-08-05T16:47:53Z">
          <reporter-output>
          </reporter-output>
        </test-method> <!-- waitBeforeCallingMethod -->
        <test-method status="PASS" signature="testSignOut()[pri:0, instance:test.java.SignOutTest@73f792cf]" name="testSignOut" duration-ms="3597" depends-on-groups="DeleteSavedSearchTerm" started-at="2015-08-05T16:47:53Z" finished-at="2015-08-05T16:47:57Z">
          <reporter-output>
          </reporter-output>
        </test-method> <!-- testSignOut -->
      </class> <!-- test.java.SignOutTest -->
      <class name="test.java.SearchResultsTest">
        <test-method status="PASS" signature="beforeClass()[pri:0, instance:test.java.SearchResultsTest@dfd3711]" name="beforeClass" is-config="true" duration-ms="0" started-at="2015-08-05T16:46:19Z" finished-at="2015-08-05T16:46:19Z">
          <reporter-output>
          </reporter-output>
        </test-method> <!-- beforeClass -->
        <test-method status="PASS" signature="waitBeforeCallingMethod()[pri:0, instance:test.java.SearchResultsTest@dfd3711]" name="waitBeforeCallingMethod" is-config="true" duration-ms="17" started-at="2015-08-05T16:46:19Z" finished-at="2015-08-05T16:46:19Z">
          <reporter-output>
          </reporter-output>
        </test-method> <!-- waitBeforeCallingMethod -->
        <test-method status="PASS" signature="testverifyAlleTextPagesStack()[pri:0, instance:test.java.SearchResultsTest@dfd3711]" name="testverifyAlleTextPagesStack" duration-ms="895" depends-on-groups="PerformSearchingByeContents" started-at="2015-08-05T16:46:19Z" finished-at="2015-08-05T16:46:20Z">
          <reporter-output>
          </reporter-output>
        </test-method> <!-- testverifyAlleTextPagesStack -->
        <test-method status="PASS" signature="waitBeforeCallingMethod()[pri:0, instance:test.java.SearchResultsTest@dfd3711]" name="waitBeforeCallingMethod" is-config="true" duration-ms="17" started-at="2015-08-05T16:46:44Z" finished-at="2015-08-05T16:46:44Z">
          <reporter-output>
          </reporter-output>
        </test-method> <!-- waitBeforeCallingMethod -->
        <test-method status="PASS" signature="testverifyAlleTextStack()[pri:0, instance:test.java.SearchResultsTest@dfd3711]" name="testverifyAlleTextStack" duration-ms="1217" depends-on-groups="PerformSearchingByeText" started-at="2015-08-05T16:46:44Z" finished-at="2015-08-05T16:46:45Z">
          <reporter-output>
          </reporter-output>
        </test-method> <!-- testverifyAlleTextStack -->
        <test-method status="PASS" signature="waitBeforeCallingMethod()[pri:0, instance:test.java.SearchResultsTest@dfd3711]" name="waitBeforeCallingMethod" is-config="true" duration-ms="16" started-at="2015-08-05T16:47:11Z" finished-at="2015-08-05T16:47:11Z">
          <reporter-output>
          </reporter-output>
        </test-method> <!-- waitBeforeCallingMethod -->
        <test-method status="PASS" signature="testverifyAlleTextNotesStack()[pri:0, instance:test.java.SearchResultsTest@dfd3711]" name="testverifyAlleTextNotesStack" duration-ms="2015" depends-on-groups="PerformSearchingByNotes" started-at="2015-08-05T16:47:11Z" finished-at="2015-08-05T16:47:13Z">
          <reporter-output>
          </reporter-output>
        </test-method> <!-- testverifyAlleTextNotesStack -->
      </class> <!-- test.java.SearchResultsTest -->
      <class name="test.java.SearchAndBrowseLibraryTest">
        <test-method status="PASS" signature="beforeClass()[pri:0, instance:test.java.SearchAndBrowseLibraryTest@26ba2a48]" name="beforeClass" is-config="true" duration-ms="0" started-at="2015-08-05T16:48:04Z" finished-at="2015-08-05T16:48:04Z">
          <reporter-output>
          </reporter-output>
        </test-method> <!-- beforeClass -->
        <test-method status="PASS" signature="waitBeforeCallingMethod()[pri:0, instance:test.java.SearchAndBrowseLibraryTest@26ba2a48]" name="waitBeforeCallingMethod" is-config="true" duration-ms="16" started-at="2015-08-05T16:48:04Z" finished-at="2015-08-05T16:48:04Z">
          <reporter-output>
          </reporter-output>
        </test-method> <!-- waitBeforeCallingMethod -->
        <test-method status="PASS" signature="testVerifyOptionsInDropdown(java.lang.String)[pri:0, instance:test.java.SearchAndBrowseLibraryTest@26ba2a48]" name="testVerifyOptionsInDropdown" duration-ms="619" depends-on-groups="LoginPage" started-at="2015-08-05T16:48:04Z" data-provider="ExcelDataProvider" finished-at="2015-08-05T16:48:05Z">
          <params>
            <param index="0">
              <value>
                <![CDATA[Complete Library, MyLab]]>
              </value>
            </param>
          </params>
          <reporter-output>
          </reporter-output>
        </test-method> <!-- testVerifyOptionsInDropdown -->
        <test-method status="PASS" signature="waitBeforeCallingMethod()[pri:0, instance:test.java.SearchAndBrowseLibraryTest@26ba2a48]" name="waitBeforeCallingMethod" is-config="true" duration-ms="19" started-at="2015-08-05T16:48:05Z" finished-at="2015-08-05T16:48:05Z">
          <reporter-output>
          </reporter-output>
        </test-method> <!-- waitBeforeCallingMethod -->
        <test-method status="PASS" signature="testVerifyBooksPresentInAlleTextStack(java.lang.String)[pri:0, instance:test.java.SearchAndBrowseLibraryTest@26ba2a48]" name="testVerifyBooksPresentInAlleTextStack" duration-ms="1454" started-at="2015-08-05T16:48:05Z" data-provider="ExcelDataProvider" depends-on-methods="test.java.SearchAndBrowseLibraryTest.testVerifyOptionsInDropdown" finished-at="2015-08-05T16:48:06Z">
          <params>
            <param index="0">
              <value>
                <![CDATA[Counseling title 1, std_existing_48, Test Audio_Std_R49, testing4_PROD, 48sakshi, saudi_moe_relg_R48, Test replica 11754]]>
              </value>
            </param>
          </params>
          <reporter-output>
          </reporter-output>
        </test-method> <!-- testVerifyBooksPresentInAlleTextStack -->
        <test-method status="PASS" signature="waitBeforeCallingMethod()[pri:0, instance:test.java.SearchAndBrowseLibraryTest@26ba2a48]" name="waitBeforeCallingMethod" is-config="true" duration-ms="16" started-at="2015-08-05T16:48:06Z" finished-at="2015-08-05T16:48:06Z">
          <reporter-output>
          </reporter-output>
        </test-method> <!-- waitBeforeCallingMethod -->
        <test-method status="PASS" signature="testVerifyUIOfMoreInfoPopUpUnknownUser(java.lang.String, java.lang.String, java.lang.String, java.lang.String)[pri:0, instance:test.java.SearchAndBrowseLibraryTest@26ba2a48]" name="testVerifyUIOfMoreInfoPopUpUnknownUser" duration-ms="4109" started-at="2015-08-05T16:48:06Z" data-provider="ExcelDataProvider" depends-on-methods="test.java.SearchAndBrowseLibraryTest.testVerifyBooksPresentInAlleTextStack" finished-at="2015-08-05T16:48:11Z">
          <params>
            <param index="0">
              <value>
                <![CDATA[Counseling title 1]]>
              </value>
            </param>
            <param index="1">
              <value>
                <![CDATA[By AMIT TARAN, sourav Saha, pracheta , Badal Rai]]>
              </value>
            </param>
            <param index="2">
              <value>
                <![CDATA[Copyright © 2010]]>
              </value>
            </param>
            <param index="3">
              <value>
                <![CDATA[Most scientific inventions are purposely created and result from curiosity, persistence, and years of hard work.]]>
              </value>
            </param>
          </params>
          <reporter-output>
          </reporter-output>
        </test-method> <!-- testVerifyUIOfMoreInfoPopUpUnknownUser -->
        <test-method status="PASS" signature="waitBeforeCallingMethod()[pri:0, instance:test.java.SearchAndBrowseLibraryTest@26ba2a48]" name="waitBeforeCallingMethod" is-config="true" duration-ms="23" started-at="2015-08-05T16:48:11Z" finished-at="2015-08-05T16:48:11Z">
          <reporter-output>
          </reporter-output>
        </test-method> <!-- waitBeforeCallingMethod -->
        <test-method status="PASS" signature="testVerifyOptionsInPreviewChapterDropdown(java.lang.String)[pri:0, instance:test.java.SearchAndBrowseLibraryTest@26ba2a48]" name="testVerifyOptionsInPreviewChapterDropdown" duration-ms="829" started-at="2015-08-05T16:48:11Z" data-provider="ExcelDataProvider" depends-on-methods="test.java.SearchAndBrowseLibraryTest.testVerifyUIOfMoreInfoPopUpUnknownUser" finished-at="2015-08-05T16:48:12Z">
          <params>
            <param index="0">
              <value>
                <![CDATA[Table of Contents, Chapter 1]]>
              </value>
            </param>
          </params>
          <reporter-output>
          </reporter-output>
        </test-method> <!-- testVerifyOptionsInPreviewChapterDropdown -->
        <test-method status="PASS" signature="waitBeforeCallingMethod()[pri:0, instance:test.java.SearchAndBrowseLibraryTest@26ba2a48]" name="waitBeforeCallingMethod" is-config="true" duration-ms="16" started-at="2015-08-05T16:48:12Z" finished-at="2015-08-05T16:48:12Z">
          <reporter-output>
          </reporter-output>
        </test-method> <!-- waitBeforeCallingMethod -->
        <test-method status="PASS" signature="testLaunchChapterPreview(java.lang.String)[pri:0, instance:test.java.SearchAndBrowseLibraryTest@26ba2a48]" name="testLaunchChapterPreview" duration-ms="1786" started-at="2015-08-05T16:48:12Z" data-provider="ExcelDataProvider" depends-on-methods="test.java.SearchAndBrowseLibraryTest.testVerifyOptionsInPreviewChapterDropdown" finished-at="2015-08-05T16:48:14Z">
          <params>
            <param index="0">
              <value>
                <![CDATA[Chapter 1]]>
              </value>
            </param>
          </params>
          <reporter-output>
          </reporter-output>
        </test-method> <!-- testLaunchChapterPreview -->
        <test-method status="PASS" signature="waitBeforeCallingMethod()[pri:0, instance:test.java.SearchAndBrowseLibraryTest@26ba2a48]" name="waitBeforeCallingMethod" is-config="true" duration-ms="17" started-at="2015-08-05T16:48:14Z" finished-at="2015-08-05T16:48:14Z">
          <reporter-output>
          </reporter-output>
        </test-method> <!-- waitBeforeCallingMethod -->
        <test-method status="PASS" signature="testVerifyUIOfChapterPreview(java.lang.String, java.lang.String, java.lang.String)[pri:0, instance:test.java.SearchAndBrowseLibraryTest@26ba2a48]" name="testVerifyUIOfChapterPreview" duration-ms="1601" started-at="2015-08-05T16:48:14Z" data-provider="ExcelDataProvider" depends-on-methods="test.java.SearchAndBrowseLibraryTest.testLaunchChapterPreview" finished-at="2015-08-05T16:48:16Z">
          <params>
            <param index="0">
              <value>
                <![CDATA[Counseling title 1]]>
              </value>
            </param>
            <param index="1">
              <value>
                <![CDATA[TARAN, Saha, , Rai]]>
              </value>
            </param>
            <param index="2">
              <value>
                <![CDATA[Page 13]]>
              </value>
            </param>
          </params>
          <reporter-output>
          </reporter-output>
        </test-method> <!-- testVerifyUIOfChapterPreview -->
      </class> <!-- test.java.SearchAndBrowseLibraryTest -->
    </test> <!-- DigitalLibraryFunctionalTest -->
  </suite> <!-- DigitalLibrary -->
</testng-results>
