<?xml version="1.0" encoding="UTF-8"?>
<testng-results skipped="0" failed="0" total="31" passed="31">
  <reporter-output>
  </reporter-output>
  <suite name="DigitalLibrary" duration-ms="113659" started-at="2015-08-04T12:18:29Z" finished-at="2015-08-04T12:20:23Z">
    <groups>
      <group name="ClickOnSavedSearchTerm">
        <method signature="SavedSearchesTest.testClickOnSavedContentSearchTerm(java.lang.String, java.lang.String)[pri:0, instance:test.java.SavedSearchesTest@38082d64]" name="testClickOnSavedContentSearchTerm" class="test.java.SavedSearchesTest"/>
        <method signature="SavedSearchesTest.testClickOnSavedeTextSearchTerm(java.lang.String, java.lang.String)[pri:0, instance:test.java.SavedSearchesTest@38082d64]" name="testClickOnSavedeTextSearchTerm" class="test.java.SavedSearchesTest"/>
        <method signature="SavedSearchesTest.testClickOnSavedNoteSearchTerm(java.lang.String, java.lang.String)[pri:0, instance:test.java.SavedSearchesTest@38082d64]" name="testClickOnSavedNoteSearchTerm" class="test.java.SavedSearchesTest"/>
      </group> <!-- ClickOnSavedSearchTerm -->
      <group name="SignOut">
        <method signature="SignOutTest.testSignOut()[pri:0, instance:test.java.SignOutTest@6b2fad11]" name="testSignOut" class="test.java.SignOutTest"/>
      </group> <!-- SignOut -->
      <group name="PerformSearchingByNotes">
        <method signature="CompleteLibraryTest.testSearchMyNotes(java.lang.String, java.lang.String, java.lang.String, java.lang.String)[pri:0, instance:test.java.CompleteLibraryTest@73f792cf]" name="testSearchMyNotes" class="test.java.CompleteLibraryTest"/>
      </group> <!-- PerformSearchingByNotes -->
      <group name="ClickOnAlleTextStack">
        <method signature="SearchResultsTest.testverifyAlleTextStack()[pri:0, instance:test.java.SearchResultsTest@2ed94a8b]" name="testverifyAlleTextStack" class="test.java.SearchResultsTest"/>
      </group> <!-- ClickOnAlleTextStack -->
      <group name="CompleteLibrary">
        <method signature="CompleteLibraryTest.testVerifyUIOfCompleteLibraryPage(java.lang.String, java.lang.String, java.lang.String, java.lang.String)[pri:0, instance:test.java.CompleteLibraryTest@73f792cf]" name="testVerifyUIOfCompleteLibraryPage" class="test.java.CompleteLibraryTest"/>
      </group> <!-- CompleteLibrary -->
      <group name="Login">
        <method signature="LoginPageTest.testverifyUIOfLoginPage(java.lang.String, java.lang.String, java.lang.String, java.lang.String, java.lang.String, java.lang.String, java.lang.String, java.lang.String)[pri:0, instance:test.java.LoginPageTest@13969fbe]" name="testverifyUIOfLoginPage" class="test.java.LoginPageTest"/>
        <method signature="LoginPageTest.testForgetUserNamePasswordLink()[pri:0, instance:test.java.LoginPageTest@13969fbe]" name="testForgetUserNamePasswordLink" class="test.java.LoginPageTest"/>
        <method signature="LoginPageTest.testLogin(java.lang.String, java.lang.String)[pri:0, instance:test.java.LoginPageTest@13969fbe]" name="testLogin" class="test.java.LoginPageTest"/>
      </group> <!-- Login -->
      <group name="PerformSearchingByeText">
        <method signature="CompleteLibraryTest.testSearchByeText(java.lang.String, java.lang.String, java.lang.String, java.lang.String)[pri:0, instance:test.java.CompleteLibraryTest@73f792cf]" name="testSearchByeText" class="test.java.CompleteLibraryTest"/>
      </group> <!-- PerformSearchingByeText -->
      <group name="LoginPage">
        <method signature="LoginPageTest.testclickSearchAndBrowseLibraryLink()[pri:0, instance:test.java.LoginPageTest@13969fbe]" name="testclickSearchAndBrowseLibraryLink" class="test.java.LoginPageTest"/>
      </group> <!-- LoginPage -->
      <group name="SearchAndBrowseLibrary">
        <method signature="SearchAndBrowseLibraryTest.testVerifyOptionsInDropdown(java.lang.String)[pri:0, instance:test.java.SearchAndBrowseLibraryTest@dfd3711]" name="testVerifyOptionsInDropdown" class="test.java.SearchAndBrowseLibraryTest"/>
        <method signature="SearchAndBrowseLibraryTest.testVerifyBooksPresentInAlleTextStack(java.lang.String)[pri:0, instance:test.java.SearchAndBrowseLibraryTest@dfd3711]" name="testVerifyBooksPresentInAlleTextStack" class="test.java.SearchAndBrowseLibraryTest"/>
        <method signature="SearchAndBrowseLibraryTest.testVerifyUIOfMoreInfoPopUpUnknownUser(java.lang.String, java.lang.String, java.lang.String, java.lang.String)[pri:0, instance:test.java.SearchAndBrowseLibraryTest@dfd3711]" name="testVerifyUIOfMoreInfoPopUpUnknownUser" class="test.java.SearchAndBrowseLibraryTest"/>
        <method signature="SearchAndBrowseLibraryTest.testVerifyOptionsInPreviewChapterDropdown(java.lang.String)[pri:0, instance:test.java.SearchAndBrowseLibraryTest@dfd3711]" name="testVerifyOptionsInPreviewChapterDropdown" class="test.java.SearchAndBrowseLibraryTest"/>
        <method signature="SearchAndBrowseLibraryTest.testLaunchChapterPreview(java.lang.String)[pri:0, instance:test.java.SearchAndBrowseLibraryTest@dfd3711]" name="testLaunchChapterPreview" class="test.java.SearchAndBrowseLibraryTest"/>
        <method signature="SearchAndBrowseLibraryTest.testVerifyUIOfChapterPreview(java.lang.String, java.lang.String, java.lang.String)[pri:0, instance:test.java.SearchAndBrowseLibraryTest@dfd3711]" name="testVerifyUIOfChapterPreview" class="test.java.SearchAndBrowseLibraryTest"/>
      </group> <!-- SearchAndBrowseLibrary -->
      <group name="PerformSearchingByeContents">
        <method signature="CompleteLibraryTest.testSearchByContents(java.lang.String, java.lang.String, java.lang.String, java.lang.String)[pri:0, instance:test.java.CompleteLibraryTest@73f792cf]" name="testSearchByContents" class="test.java.CompleteLibraryTest"/>
      </group> <!-- PerformSearchingByeContents -->
      <group name="ClickOnAlleTextPagesStack">
        <method signature="SearchResultsTest.testverifyAlleTextPagesStack()[pri:0, instance:test.java.SearchResultsTest@2ed94a8b]" name="testverifyAlleTextPagesStack" class="test.java.SearchResultsTest"/>
      </group> <!-- ClickOnAlleTextPagesStack -->
      <group name="ClickOnAlleTextNotesStack">
        <method signature="SearchResultsTest.testverifyAlleTextNotesStack()[pri:0, instance:test.java.SearchResultsTest@2ed94a8b]" name="testverifyAlleTextNotesStack" class="test.java.SearchResultsTest"/>
      </group> <!-- ClickOnAlleTextNotesStack -->
      <group name="DeleteSavedSearchTerm">
        <method signature="SavedSearchesTest.testDeleteSavedContentSearchTerm(java.lang.String)[pri:0, instance:test.java.SavedSearchesTest@38082d64]" name="testDeleteSavedContentSearchTerm" class="test.java.SavedSearchesTest"/>
        <method signature="SavedSearchesTest.testDeleteSavedeTextSearchTerm(java.lang.String)[pri:0, instance:test.java.SavedSearchesTest@38082d64]" name="testDeleteSavedeTextSearchTerm" class="test.java.SavedSearchesTest"/>
        <method signature="SavedSearchesTest.testDeleteSavedNoteSearchTerm(java.lang.String)[pri:0, instance:test.java.SavedSearchesTest@38082d64]" name="testDeleteSavedNoteSearchTerm" class="test.java.SavedSearchesTest"/>
      </group> <!-- DeleteSavedSearchTerm -->
      <group name="NavigateToSavedSearchesPage">
        <method signature="SavedSearchesTest.testNavigateToSavedSearchesPage()[pri:0, instance:test.java.SavedSearchesTest@38082d64]" name="testNavigateToSavedSearchesPage" class="test.java.SavedSearchesTest"/>
      </group> <!-- NavigateToSavedSearchesPage -->
    </groups>
    <test name="DigitalLibraryFunctionalTest" duration-ms="113659" started-at="2015-08-04T12:18:29Z" finished-at="2015-08-04T12:20:23Z">
      <class name="test.java.CompleteLibraryTest">
        <test-method status="PASS" signature="beforeClass()[pri:0, instance:test.java.CompleteLibraryTest@73f792cf]" name="beforeClass" is-config="true" duration-ms="0" started-at="2015-08-04T17:48:49Z" finished-at="2015-08-04T17:48:49Z">
          <reporter-output>
          </reporter-output>
        </test-method> <!-- beforeClass -->
        <test-method status="PASS" signature="waitBeforeCallingMethod()[pri:0, instance:test.java.CompleteLibraryTest@73f792cf]" name="waitBeforeCallingMethod" is-config="true" duration-ms="16" started-at="2015-08-04T17:48:49Z" finished-at="2015-08-04T17:48:49Z">
          <reporter-output>
          </reporter-output>
        </test-method> <!-- waitBeforeCallingMethod -->
        <test-method status="PASS" signature="testVerifyUIOfCompleteLibraryPage(java.lang.String, java.lang.String, java.lang.String, java.lang.String)[pri:0, instance:test.java.CompleteLibraryTest@73f792cf]" name="testVerifyUIOfCompleteLibraryPage" duration-ms="323" depends-on-groups="Login" started-at="2015-08-04T17:48:49Z" data-provider="ExcelDataProvider" finished-at="2015-08-04T17:48:50Z">
          <params>
            <param index="0">
              <value>
                <![CDATA[7 eTexts]]>
              </value>
            </param>
            <param index="1">
              <value>
                <![CDATA[2 Products]]>
              </value>
            </param>
            <param index="2">
              <value>
                <![CDATA[12 Videos]]>
              </value>
            </param>
            <param index="3">
              <value>
                <![CDATA[11 Resources]]>
              </value>
            </param>
          </params>
          <reporter-output>
          </reporter-output>
        </test-method> <!-- testVerifyUIOfCompleteLibraryPage -->
        <test-method status="PASS" signature="waitBeforeCallingMethod()[pri:0, instance:test.java.CompleteLibraryTest@73f792cf]" name="waitBeforeCallingMethod" is-config="true" duration-ms="14" started-at="2015-08-04T17:48:50Z" finished-at="2015-08-04T17:48:50Z">
          <reporter-output>
          </reporter-output>
        </test-method> <!-- waitBeforeCallingMethod -->
        <test-method status="PASS" signature="testSearchByContents(java.lang.String, java.lang.String, java.lang.String, java.lang.String)[pri:0, instance:test.java.CompleteLibraryTest@73f792cf]" name="testSearchByContents" duration-ms="6947" started-at="2015-08-04T17:48:50Z" data-provider="ExcelDataProvider" depends-on-methods="test.java.CompleteLibraryTest.testVerifyUIOfCompleteLibraryPage" finished-at="2015-08-04T17:48:57Z">
          <params>
            <param index="0">
              <value>
                <![CDATA[development]]>
              </value>
            </param>
            <param index="1">
              <value>
                <![CDATA[Complete Library, Subscribed, Favorites]]>
              </value>
            </param>
            <param index="2">
              <value>
                <![CDATA[All eText Pages, testing4_PROD, Test replica 11754]]>
              </value>
            </param>
            <param index="3">
              <value>
                <![CDATA[127 pages, 70 pages, 57 pages]]>
              </value>
            </param>
          </params>
          <reporter-output>
          </reporter-output>
        </test-method> <!-- testSearchByContents -->
        <test-method status="PASS" signature="waitBeforeCallingMethod()[pri:0, instance:test.java.CompleteLibraryTest@73f792cf]" name="waitBeforeCallingMethod" is-config="true" duration-ms="16" started-at="2015-08-04T17:48:57Z" finished-at="2015-08-04T17:48:57Z">
          <reporter-output>
          </reporter-output>
        </test-method> <!-- waitBeforeCallingMethod -->
        <test-method status="PASS" signature="testSearchByContents(java.lang.String, java.lang.String, java.lang.String, java.lang.String)[pri:0, instance:test.java.CompleteLibraryTest@73f792cf]" name="testSearchByContents" duration-ms="2667" started-at="2015-08-04T17:48:57Z" data-provider="ExcelDataProvider" depends-on-methods="test.java.CompleteLibraryTest.testVerifyUIOfCompleteLibraryPage" finished-at="2015-08-04T17:48:59Z">
          <params>
            <param index="0">
              <value>
                <![CDATA[Special]]>
              </value>
            </param>
            <param index="1">
              <value>
                <![CDATA[Complete Library, Subscribed, Favorites]]>
              </value>
            </param>
            <param index="2">
              <value>
                <![CDATA[All eText Pages, testing4_PROD, Test replica 11754]]>
              </value>
            </param>
            <param index="3">
              <value>
                <![CDATA[83 pages, 60 pages, 23 pages]]>
              </value>
            </param>
          </params>
          <reporter-output>
          </reporter-output>
        </test-method> <!-- testSearchByContents -->
        <test-method status="PASS" signature="waitBeforeCallingMethod()[pri:0, instance:test.java.CompleteLibraryTest@73f792cf]" name="waitBeforeCallingMethod" is-config="true" duration-ms="16" started-at="2015-08-04T17:49:00Z" finished-at="2015-08-04T17:49:00Z">
          <reporter-output>
          </reporter-output>
        </test-method> <!-- waitBeforeCallingMethod -->
        <test-method status="PASS" signature="testSearchByContents(java.lang.String, java.lang.String, java.lang.String, java.lang.String)[pri:0, instance:test.java.CompleteLibraryTest@73f792cf]" name="testSearchByContents" duration-ms="3213" started-at="2015-08-04T17:49:00Z" data-provider="ExcelDataProvider" depends-on-methods="test.java.CompleteLibraryTest.testVerifyUIOfCompleteLibraryPage" finished-at="2015-08-04T17:49:03Z">
          <params>
            <param index="0">
              <value>
                <![CDATA[science]]>
              </value>
            </param>
            <param index="1">
              <value>
                <![CDATA[Complete Library, Subscribed, Favorites]]>
              </value>
            </param>
            <param index="2">
              <value>
                <![CDATA[All eText Pages, Counseling title 1, std_existing_48, testing4_PROD, Test replica 11754]]>
              </value>
            </param>
            <param index="3">
              <value>
                <![CDATA[84 pages, 6 pages, 6 pages, 35 pages, 37 pages]]>
              </value>
            </param>
          </params>
          <reporter-output>
          </reporter-output>
        </test-method> <!-- testSearchByContents -->
        <test-method status="PASS" signature="waitBeforeCallingMethod()[pri:0, instance:test.java.CompleteLibraryTest@73f792cf]" name="waitBeforeCallingMethod" is-config="true" duration-ms="4259" started-at="2015-08-04T17:49:04Z" finished-at="2015-08-04T17:49:08Z">
          <reporter-output>
          </reporter-output>
        </test-method> <!-- waitBeforeCallingMethod -->
        <test-method status="PASS" signature="testSearchByeText(java.lang.String, java.lang.String, java.lang.String, java.lang.String)[pri:0, instance:test.java.CompleteLibraryTest@73f792cf]" name="testSearchByeText" duration-ms="3770" depends-on-groups="ClickOnAlleTextPagesStack" started-at="2015-08-04T17:49:08Z" data-provider="ExcelDataProvider" finished-at="2015-08-04T17:49:12Z">
          <params>
            <param index="0">
              <value>
                <![CDATA[Counseling]]>
              </value>
            </param>
            <param index="1">
              <value>
                <![CDATA[Complete Library, Subscribed, Favorites]]>
              </value>
            </param>
            <param index="2">
              <value>
                <![CDATA[All eTexts, people's Category, Sample, TECHNOLOGY AND STACKS, Test Category]]>
              </value>
            </param>
            <param index="3">
              <value>
                <![CDATA[2 eTexts, 1 eText, 1 eText, 1 eText, 1 eText]]>
              </value>
            </param>
          </params>
          <reporter-output>
          </reporter-output>
        </test-method> <!-- testSearchByeText -->
        <test-method status="PASS" signature="waitBeforeCallingMethod()[pri:0, instance:test.java.CompleteLibraryTest@73f792cf]" name="waitBeforeCallingMethod" is-config="true" duration-ms="13" started-at="2015-08-04T17:49:12Z" finished-at="2015-08-04T17:49:12Z">
          <reporter-output>
          </reporter-output>
        </test-method> <!-- waitBeforeCallingMethod -->
        <test-method status="PASS" signature="testSearchByeText(java.lang.String, java.lang.String, java.lang.String, java.lang.String)[pri:0, instance:test.java.CompleteLibraryTest@73f792cf]" name="testSearchByeText" duration-ms="4083" depends-on-groups="ClickOnAlleTextPagesStack" started-at="2015-08-04T17:49:12Z" data-provider="ExcelDataProvider" finished-at="2015-08-04T17:49:16Z">
          <params>
            <param index="0">
              <value>
                <![CDATA[Assessment]]>
              </value>
            </param>
            <param index="1">
              <value>
                <![CDATA[Complete Library, Subscribed, Favorites]]>
              </value>
            </param>
            <param index="2">
              <value>
                <![CDATA[All eTexts, people's Category, TECHNOLOGY AND STACKS]]>
              </value>
            </param>
            <param index="3">
              <value>
                <![CDATA[1 eText, 1 eText, 1 eText]]>
              </value>
            </param>
          </params>
          <reporter-output>
          </reporter-output>
        </test-method> <!-- testSearchByeText -->
        <test-method status="PASS" signature="waitBeforeCallingMethod()[pri:0, instance:test.java.CompleteLibraryTest@73f792cf]" name="waitBeforeCallingMethod" is-config="true" duration-ms="12" started-at="2015-08-04T17:49:16Z" finished-at="2015-08-04T17:49:16Z">
          <reporter-output>
          </reporter-output>
        </test-method> <!-- waitBeforeCallingMethod -->
        <test-method status="PASS" signature="testSearchByeText(java.lang.String, java.lang.String, java.lang.String, java.lang.String)[pri:0, instance:test.java.CompleteLibraryTest@73f792cf]" name="testSearchByeText" duration-ms="4153" depends-on-groups="ClickOnAlleTextPagesStack" started-at="2015-08-04T17:49:16Z" data-provider="ExcelDataProvider" finished-at="2015-08-04T17:49:20Z">
          <params>
            <param index="0">
              <value>
                <![CDATA[Audio]]>
              </value>
            </param>
            <param index="1">
              <value>
                <![CDATA[Complete Library, Subscribed, Favorites]]>
              </value>
            </param>
            <param index="2">
              <value>
                <![CDATA[All eTexts, captivity, Test Category]]>
              </value>
            </param>
            <param index="3">
              <value>
                <![CDATA[1 eText, 1 eText, 1 eText]]>
              </value>
            </param>
          </params>
          <reporter-output>
          </reporter-output>
        </test-method> <!-- testSearchByeText -->
        <test-method status="PASS" signature="waitBeforeCallingMethod()[pri:0, instance:test.java.CompleteLibraryTest@73f792cf]" name="waitBeforeCallingMethod" is-config="true" duration-ms="421" started-at="2015-08-04T17:49:21Z" finished-at="2015-08-04T17:49:21Z">
          <reporter-output>
          </reporter-output>
        </test-method> <!-- waitBeforeCallingMethod -->
        <test-method status="PASS" signature="testSearchMyNotes(java.lang.String, java.lang.String, java.lang.String, java.lang.String)[pri:0, instance:test.java.CompleteLibraryTest@73f792cf]" name="testSearchMyNotes" duration-ms="4388" depends-on-groups="ClickOnAlleTextStack" started-at="2015-08-04T17:49:21Z" data-provider="ExcelDataProvider" finished-at="2015-08-04T17:49:25Z">
          <params>
            <param index="0">
              <value>
                <![CDATA[Note]]>
              </value>
            </param>
            <param index="1">
              <value>
                <![CDATA[eTexts, Categories]]>
              </value>
            </param>
            <param index="2">
              <value>
                <![CDATA[All eText Notes, Counseling title 1, Test Audio_Std_R49]]>
              </value>
            </param>
            <param index="3">
              <value>
                <![CDATA[17 notes, 7 notes, 10 notes]]>
              </value>
            </param>
          </params>
          <reporter-output>
          </reporter-output>
        </test-method> <!-- testSearchMyNotes -->
        <test-method status="PASS" signature="waitBeforeCallingMethod()[pri:0, instance:test.java.CompleteLibraryTest@73f792cf]" name="waitBeforeCallingMethod" is-config="true" duration-ms="17" started-at="2015-08-04T17:49:26Z" finished-at="2015-08-04T17:49:26Z">
          <reporter-output>
          </reporter-output>
        </test-method> <!-- waitBeforeCallingMethod -->
        <test-method status="PASS" signature="testSearchMyNotes(java.lang.String, java.lang.String, java.lang.String, java.lang.String)[pri:0, instance:test.java.CompleteLibraryTest@73f792cf]" name="testSearchMyNotes" duration-ms="4598" depends-on-groups="ClickOnAlleTextStack" started-at="2015-08-04T17:49:26Z" data-provider="ExcelDataProvider" finished-at="2015-08-04T17:49:30Z">
          <params>
            <param index="0">
              <value>
                <![CDATA[Test]]>
              </value>
            </param>
            <param index="1">
              <value>
                <![CDATA[eTexts, Categories]]>
              </value>
            </param>
            <param index="2">
              <value>
                <![CDATA[All eText Notes, Counseling title 1]]>
              </value>
            </param>
            <param index="3">
              <value>
                <![CDATA[1 note, 1 note]]>
              </value>
            </param>
          </params>
          <reporter-output>
          </reporter-output>
        </test-method> <!-- testSearchMyNotes -->
        <test-method status="PASS" signature="waitBeforeCallingMethod()[pri:0, instance:test.java.CompleteLibraryTest@73f792cf]" name="waitBeforeCallingMethod" is-config="true" duration-ms="14" started-at="2015-08-04T17:49:30Z" finished-at="2015-08-04T17:49:30Z">
          <reporter-output>
          </reporter-output>
        </test-method> <!-- waitBeforeCallingMethod -->
        <test-method status="PASS" signature="testSearchMyNotes(java.lang.String, java.lang.String, java.lang.String, java.lang.String)[pri:0, instance:test.java.CompleteLibraryTest@73f792cf]" name="testSearchMyNotes" duration-ms="4866" depends-on-groups="ClickOnAlleTextStack" started-at="2015-08-04T17:49:30Z" data-provider="ExcelDataProvider" finished-at="2015-08-04T17:49:35Z">
          <params>
            <param index="0">
              <value>
                <![CDATA[Private]]>
              </value>
            </param>
            <param index="1">
              <value>
                <![CDATA[eTexts, Categories]]>
              </value>
            </param>
            <param index="2">
              <value>
                <![CDATA[All eText Notes, Counseling title 1, Test Audio_Std_R49]]>
              </value>
            </param>
            <param index="3">
              <value>
                <![CDATA[5 notes, 3 notes, 2 notes]]>
              </value>
            </param>
          </params>
          <reporter-output>
          </reporter-output>
        </test-method> <!-- testSearchMyNotes -->
      </class> <!-- test.java.CompleteLibraryTest -->
      <class name="test.java.LoginPageTest">
        <test-method status="PASS" signature="setUp(java.lang.String, java.lang.String, java.lang.String, java.lang.String, java.lang.String, org.testng.ITestContext)[pri:0, instance:test.java.LoginPageTest@13969fbe]" name="setUp" is-config="true" duration-ms="15155" started-at="2015-08-04T17:48:14Z" finished-at="2015-08-04T17:48:29Z">
          <params>
            <param index="0">
              <value>
                <![CDATA[http://library.pearsoncmg.com/library/index.do?libraryid=2821]]>
              </value>
            </param>
            <param index="1">
              <value>
                <![CDATA[firefox]]>
              </value>
            </param>
            <param index="2">
              <value>
                <![CDATA[1.4]]>
              </value>
            </param>
            <param index="3">
              <value>
                <![CDATA[3]]>
              </value>
            </param>
            <param index="4">
              <value>
                <![CDATA[1]]>
              </value>
            </param>
            <param index="5">
              <value>
                <![CDATA[org.testng.TestRunner@36060e]]>
              </value>
            </param>
          </params>
          <reporter-output>
          </reporter-output>
        </test-method> <!-- setUp -->
        <test-method status="PASS" signature="beforeClass()[pri:0, instance:test.java.LoginPageTest@13969fbe]" name="beforeClass" is-config="true" duration-ms="1" started-at="2015-08-04T17:48:29Z" finished-at="2015-08-04T17:48:29Z">
          <reporter-output>
          </reporter-output>
        </test-method> <!-- beforeClass -->
        <test-method status="PASS" signature="waitBeforeCallingMethod()[pri:0, instance:test.java.LoginPageTest@13969fbe]" name="waitBeforeCallingMethod" is-config="true" duration-ms="43" started-at="2015-08-04T17:48:30Z" finished-at="2015-08-04T17:48:30Z">
          <reporter-output>
          </reporter-output>
        </test-method> <!-- waitBeforeCallingMethod -->
        <test-method status="PASS" signature="testverifyUIOfLoginPage(java.lang.String, java.lang.String, java.lang.String, java.lang.String, java.lang.String, java.lang.String, java.lang.String, java.lang.String)[pri:0, instance:test.java.LoginPageTest@13969fbe]" name="testverifyUIOfLoginPage" duration-ms="704" started-at="2015-08-04T17:48:30Z" data-provider="ExcelDataProvider" finished-at="2015-08-04T17:48:30Z">
          <params>
            <param index="0">
              <value>
                <![CDATA[Sign In]]>
              </value>
            </param>
            <param index="1">
              <value>
                <![CDATA[username]]>
              </value>
            </param>
            <param index="2">
              <value>
                <![CDATA[password]]>
              </value>
            </param>
            <param index="3">
              <value>
                <![CDATA[Forgot your username/password?]]>
              </value>
            </param>
            <param index="4">
              <value>
                <![CDATA[Don't have an account?]]>
              </value>
            </param>
            <param index="5">
              <value>
                <![CDATA[Purchase Library]]>
              </value>
            </param>
            <param index="6">
              <value>
                <![CDATA[Register Now]]>
              </value>
            </param>
            <param index="7">
              <value>
                <![CDATA[Search and browse Library]]>
              </value>
            </param>
          </params>
          <reporter-output>
          </reporter-output>
        </test-method> <!-- testverifyUIOfLoginPage -->
        <test-method status="PASS" signature="waitBeforeCallingMethod()[pri:0, instance:test.java.LoginPageTest@13969fbe]" name="waitBeforeCallingMethod" is-config="true" duration-ms="27" started-at="2015-08-04T17:48:31Z" finished-at="2015-08-04T17:48:31Z">
          <reporter-output>
          </reporter-output>
        </test-method> <!-- waitBeforeCallingMethod -->
        <test-method status="PASS" signature="testForgetUserNamePasswordLink()[pri:0, instance:test.java.LoginPageTest@13969fbe]" name="testForgetUserNamePasswordLink" duration-ms="262" started-at="2015-08-04T17:48:31Z" depends-on-methods="test.java.LoginPageTest.testverifyUIOfLoginPage" finished-at="2015-08-04T17:48:31Z">
          <reporter-output>
          </reporter-output>
        </test-method> <!-- testForgetUserNamePasswordLink -->
        <test-method status="PASS" signature="waitBeforeCallingMethod()[pri:0, instance:test.java.LoginPageTest@13969fbe]" name="waitBeforeCallingMethod" is-config="true" duration-ms="24" started-at="2015-08-04T17:48:31Z" finished-at="2015-08-04T17:48:31Z">
          <reporter-output>
          </reporter-output>
        </test-method> <!-- waitBeforeCallingMethod -->
        <test-method status="PASS" signature="testLogin(java.lang.String, java.lang.String)[pri:0, instance:test.java.LoginPageTest@13969fbe]" name="testLogin" duration-ms="17866" started-at="2015-08-04T17:48:31Z" data-provider="ExcelDataProvider" depends-on-methods="test.java.LoginPageTest.testForgetUserNamePasswordLink" finished-at="2015-08-04T17:48:49Z">
          <params>
            <param index="0">
              <value>
                <![CDATA[library_edu_1]]>
              </value>
            </param>
            <param index="1">
              <value>
                <![CDATA[pa55word]]>
              </value>
            </param>
          </params>
          <reporter-output>
          </reporter-output>
        </test-method> <!-- testLogin -->
        <test-method status="PASS" signature="waitBeforeCallingMethod()[pri:0, instance:test.java.LoginPageTest@13969fbe]" name="waitBeforeCallingMethod" is-config="true" duration-ms="14" started-at="2015-08-04T17:50:09Z" finished-at="2015-08-04T17:50:09Z">
          <reporter-output>
          </reporter-output>
        </test-method> <!-- waitBeforeCallingMethod -->
        <test-method status="PASS" signature="testclickSearchAndBrowseLibraryLink()[pri:0, instance:test.java.LoginPageTest@13969fbe]" name="testclickSearchAndBrowseLibraryLink" duration-ms="4830" depends-on-groups="SignOut" started-at="2015-08-04T17:50:09Z" finished-at="2015-08-04T17:50:14Z">
          <reporter-output>
          </reporter-output>
        </test-method> <!-- testclickSearchAndBrowseLibraryLink -->
        <test-method status="PASS" signature="tearDown()[pri:0, instance:test.java.LoginPageTest@13969fbe]" name="tearDown" is-config="true" duration-ms="2349" started-at="2015-08-04T17:50:23Z" finished-at="2015-08-04T17:50:26Z">
          <reporter-output>
          </reporter-output>
        </test-method> <!-- tearDown -->
      </class> <!-- test.java.LoginPageTest -->
      <class name="test.java.SavedSearchesTest">
        <test-method status="PASS" signature="beforeClass()[pri:0, instance:test.java.SavedSearchesTest@38082d64]" name="beforeClass" is-config="true" duration-ms="0" started-at="2015-08-04T17:49:37Z" finished-at="2015-08-04T17:49:37Z">
          <reporter-output>
          </reporter-output>
        </test-method> <!-- beforeClass -->
        <test-method status="PASS" signature="waitBeforeCallingMethod()[pri:0, instance:test.java.SavedSearchesTest@38082d64]" name="waitBeforeCallingMethod" is-config="true" duration-ms="1849" started-at="2015-08-04T17:49:37Z" finished-at="2015-08-04T17:49:38Z">
          <reporter-output>
          </reporter-output>
        </test-method> <!-- waitBeforeCallingMethod -->
        <test-method status="PASS" signature="testNavigateToSavedSearchesPage()[pri:0, instance:test.java.SavedSearchesTest@38082d64]" name="testNavigateToSavedSearchesPage" duration-ms="930" depends-on-groups="ClickOnAlleTextNotesStack" started-at="2015-08-04T17:49:38Z" finished-at="2015-08-04T17:49:39Z">
          <reporter-output>
          </reporter-output>
        </test-method> <!-- testNavigateToSavedSearchesPage -->
        <test-method status="PASS" signature="waitBeforeCallingMethod()[pri:0, instance:test.java.SavedSearchesTest@38082d64]" name="waitBeforeCallingMethod" is-config="true" duration-ms="16" started-at="2015-08-04T17:49:40Z" finished-at="2015-08-04T17:49:40Z">
          <reporter-output>
          </reporter-output>
        </test-method> <!-- waitBeforeCallingMethod -->
        <test-method status="PASS" signature="testClickOnSavedContentSearchTerm(java.lang.String, java.lang.String)[pri:0, instance:test.java.SavedSearchesTest@38082d64]" name="testClickOnSavedContentSearchTerm" duration-ms="2695" started-at="2015-08-04T17:49:40Z" data-provider="ExcelDataProvider" depends-on-methods="test.java.SavedSearchesTest.testNavigateToSavedSearchesPage" finished-at="2015-08-04T17:49:42Z">
          <params>
            <param index="0">
              <value>
                <![CDATA[development]]>
              </value>
            </param>
            <param index="1">
              <value>
                <![CDATA[All eText Notes]]>
              </value>
            </param>
          </params>
          <reporter-output>
          </reporter-output>
        </test-method> <!-- testClickOnSavedContentSearchTerm -->
        <test-method status="PASS" signature="waitBeforeCallingMethod()[pri:0, instance:test.java.SavedSearchesTest@38082d64]" name="waitBeforeCallingMethod" is-config="true" duration-ms="19" started-at="2015-08-04T17:49:43Z" finished-at="2015-08-04T17:49:43Z">
          <reporter-output>
          </reporter-output>
        </test-method> <!-- waitBeforeCallingMethod -->
        <test-method status="PASS" signature="testClickOnSavedeTextSearchTerm(java.lang.String, java.lang.String)[pri:0, instance:test.java.SavedSearchesTest@38082d64]" name="testClickOnSavedeTextSearchTerm" duration-ms="1219" started-at="2015-08-04T17:49:43Z" data-provider="ExcelDataProvider" depends-on-methods="test.java.SavedSearchesTest.testClickOnSavedContentSearchTerm" finished-at="2015-08-04T17:49:44Z">
          <params>
            <param index="0">
              <value>
                <![CDATA[Counseling]]>
              </value>
            </param>
            <param index="1">
              <value>
                <![CDATA[All eText]]>
              </value>
            </param>
          </params>
          <reporter-output>
          </reporter-output>
        </test-method> <!-- testClickOnSavedeTextSearchTerm -->
        <test-method status="PASS" signature="waitBeforeCallingMethod()[pri:0, instance:test.java.SavedSearchesTest@38082d64]" name="waitBeforeCallingMethod" is-config="true" duration-ms="26" started-at="2015-08-04T17:49:44Z" finished-at="2015-08-04T17:49:44Z">
          <reporter-output>
          </reporter-output>
        </test-method> <!-- waitBeforeCallingMethod -->
        <test-method status="PASS" signature="testClickOnSavedNoteSearchTerm(java.lang.String, java.lang.String)[pri:0, instance:test.java.SavedSearchesTest@38082d64]" name="testClickOnSavedNoteSearchTerm" duration-ms="811" started-at="2015-08-04T17:49:44Z" data-provider="ExcelDataProvider" depends-on-methods="test.java.SavedSearchesTest.testClickOnSavedeTextSearchTerm" finished-at="2015-08-04T17:49:45Z">
          <params>
            <param index="0">
              <value>
                <![CDATA[Note]]>
              </value>
            </param>
            <param index="1">
              <value>
                <![CDATA[All eText Notes]]>
              </value>
            </param>
          </params>
          <reporter-output>
          </reporter-output>
        </test-method> <!-- testClickOnSavedNoteSearchTerm -->
        <test-method status="PASS" signature="waitBeforeCallingMethod()[pri:0, instance:test.java.SavedSearchesTest@38082d64]" name="waitBeforeCallingMethod" is-config="true" duration-ms="14" started-at="2015-08-04T17:49:45Z" finished-at="2015-08-04T17:49:45Z">
          <reporter-output>
          </reporter-output>
        </test-method> <!-- waitBeforeCallingMethod -->
        <test-method status="PASS" signature="testDeleteSavedContentSearchTerm(java.lang.String)[pri:0, instance:test.java.SavedSearchesTest@38082d64]" name="testDeleteSavedContentSearchTerm" duration-ms="7108" started-at="2015-08-04T17:49:45Z" data-provider="ExcelDataProvider" depends-on-methods="test.java.SavedSearchesTest.testClickOnSavedNoteSearchTerm" finished-at="2015-08-04T17:49:52Z">
          <params>
            <param index="0">
              <value>
                <![CDATA[development]]>
              </value>
            </param>
          </params>
          <reporter-output>
          </reporter-output>
        </test-method> <!-- testDeleteSavedContentSearchTerm -->
        <test-method status="PASS" signature="waitBeforeCallingMethod()[pri:0, instance:test.java.SavedSearchesTest@38082d64]" name="waitBeforeCallingMethod" is-config="true" duration-ms="19" started-at="2015-08-04T17:49:53Z" finished-at="2015-08-04T17:49:53Z">
          <reporter-output>
          </reporter-output>
        </test-method> <!-- waitBeforeCallingMethod -->
        <test-method status="PASS" signature="testDeleteSavedeTextSearchTerm(java.lang.String)[pri:0, instance:test.java.SavedSearchesTest@38082d64]" name="testDeleteSavedeTextSearchTerm" duration-ms="6850" started-at="2015-08-04T17:49:53Z" data-provider="ExcelDataProvider" depends-on-methods="test.java.SavedSearchesTest.testDeleteSavedContentSearchTerm" finished-at="2015-08-04T17:49:59Z">
          <params>
            <param index="0">
              <value>
                <![CDATA[Counseling]]>
              </value>
            </param>
          </params>
          <reporter-output>
          </reporter-output>
        </test-method> <!-- testDeleteSavedeTextSearchTerm -->
        <test-method status="PASS" signature="waitBeforeCallingMethod()[pri:0, instance:test.java.SavedSearchesTest@38082d64]" name="waitBeforeCallingMethod" is-config="true" duration-ms="15" started-at="2015-08-04T17:50:00Z" finished-at="2015-08-04T17:50:00Z">
          <reporter-output>
          </reporter-output>
        </test-method> <!-- waitBeforeCallingMethod -->
        <test-method status="PASS" signature="testDeleteSavedNoteSearchTerm(java.lang.String)[pri:0, instance:test.java.SavedSearchesTest@38082d64]" name="testDeleteSavedNoteSearchTerm" duration-ms="6858" started-at="2015-08-04T17:50:00Z" data-provider="ExcelDataProvider" depends-on-methods="test.java.SavedSearchesTest.testDeleteSavedeTextSearchTerm" finished-at="2015-08-04T17:50:06Z">
          <params>
            <param index="0">
              <value>
                <![CDATA[Note]]>
              </value>
            </param>
          </params>
          <reporter-output>
          </reporter-output>
        </test-method> <!-- testDeleteSavedNoteSearchTerm -->
      </class> <!-- test.java.SavedSearchesTest -->
      <class name="test.java.SignOutTest">
        <test-method status="PASS" signature="beforeClass()[pri:0, instance:test.java.SignOutTest@6b2fad11]" name="beforeClass" is-config="true" duration-ms="1" started-at="2015-08-04T17:50:07Z" finished-at="2015-08-04T17:50:07Z">
          <reporter-output>
          </reporter-output>
        </test-method> <!-- beforeClass -->
        <test-method status="PASS" signature="waitBeforeCallingMethod()[pri:0, instance:test.java.SignOutTest@6b2fad11]" name="waitBeforeCallingMethod" is-config="true" duration-ms="13" started-at="2015-08-04T17:50:07Z" finished-at="2015-08-04T17:50:07Z">
          <reporter-output>
          </reporter-output>
        </test-method> <!-- waitBeforeCallingMethod -->
        <test-method status="PASS" signature="testSignOut()[pri:0, instance:test.java.SignOutTest@6b2fad11]" name="testSignOut" duration-ms="1902" depends-on-groups="DeleteSavedSearchTerm" started-at="2015-08-04T17:50:07Z" finished-at="2015-08-04T17:50:08Z">
          <reporter-output>
          </reporter-output>
        </test-method> <!-- testSignOut -->
      </class> <!-- test.java.SignOutTest -->
      <class name="test.java.SearchResultsTest">
        <test-method status="PASS" signature="waitBeforeCallingMethod()[pri:0, instance:test.java.SearchResultsTest@2ed94a8b]" name="waitBeforeCallingMethod" is-config="true" duration-ms="13" started-at="2015-08-04T17:49:03Z" finished-at="2015-08-04T17:49:03Z">
          <reporter-output>
          </reporter-output>
        </test-method> <!-- waitBeforeCallingMethod -->
        <test-method status="PASS" signature="beforeClass()[pri:0, instance:test.java.SearchResultsTest@2ed94a8b]" name="beforeClass" is-config="true" duration-ms="0" started-at="2015-08-04T17:49:03Z" finished-at="2015-08-04T17:49:03Z">
          <reporter-output>
          </reporter-output>
        </test-method> <!-- beforeClass -->
        <test-method status="PASS" signature="testverifyAlleTextPagesStack()[pri:0, instance:test.java.SearchResultsTest@2ed94a8b]" name="testverifyAlleTextPagesStack" duration-ms="473" depends-on-groups="PerformSearchingByeContents" started-at="2015-08-04T17:49:03Z" finished-at="2015-08-04T17:49:03Z">
          <reporter-output>
          </reporter-output>
        </test-method> <!-- testverifyAlleTextPagesStack -->
        <test-method status="PASS" signature="waitBeforeCallingMethod()[pri:0, instance:test.java.SearchResultsTest@2ed94a8b]" name="waitBeforeCallingMethod" is-config="true" duration-ms="17" started-at="2015-08-04T17:49:20Z" finished-at="2015-08-04T17:49:20Z">
          <reporter-output>
          </reporter-output>
        </test-method> <!-- waitBeforeCallingMethod -->
        <test-method status="PASS" signature="testverifyAlleTextStack()[pri:0, instance:test.java.SearchResultsTest@2ed94a8b]" name="testverifyAlleTextStack" duration-ms="194" depends-on-groups="PerformSearchingByeText" started-at="2015-08-04T17:49:20Z" finished-at="2015-08-04T17:49:20Z">
          <reporter-output>
          </reporter-output>
        </test-method> <!-- testverifyAlleTextStack -->
        <test-method status="PASS" signature="waitBeforeCallingMethod()[pri:0, instance:test.java.SearchResultsTest@2ed94a8b]" name="waitBeforeCallingMethod" is-config="true" duration-ms="16" started-at="2015-08-04T17:49:35Z" finished-at="2015-08-04T17:49:35Z">
          <reporter-output>
          </reporter-output>
        </test-method> <!-- waitBeforeCallingMethod -->
        <test-method status="PASS" signature="testverifyAlleTextNotesStack()[pri:0, instance:test.java.SearchResultsTest@2ed94a8b]" name="testverifyAlleTextNotesStack" duration-ms="1091" depends-on-groups="PerformSearchingByNotes" started-at="2015-08-04T17:49:35Z" finished-at="2015-08-04T17:49:36Z">
          <reporter-output>
          </reporter-output>
        </test-method> <!-- testverifyAlleTextNotesStack -->
      </class> <!-- test.java.SearchResultsTest -->
      <class name="test.java.SearchAndBrowseLibraryTest">
        <test-method status="PASS" signature="beforeClass()[pri:0, instance:test.java.SearchAndBrowseLibraryTest@dfd3711]" name="beforeClass" is-config="true" duration-ms="1" started-at="2015-08-04T17:50:14Z" finished-at="2015-08-04T17:50:14Z">
          <reporter-output>
          </reporter-output>
        </test-method> <!-- beforeClass -->
        <test-method status="PASS" signature="waitBeforeCallingMethod()[pri:0, instance:test.java.SearchAndBrowseLibraryTest@dfd3711]" name="waitBeforeCallingMethod" is-config="true" duration-ms="14" started-at="2015-08-04T17:50:14Z" finished-at="2015-08-04T17:50:14Z">
          <reporter-output>
          </reporter-output>
        </test-method> <!-- waitBeforeCallingMethod -->
        <test-method status="PASS" signature="testVerifyOptionsInDropdown(java.lang.String)[pri:0, instance:test.java.SearchAndBrowseLibraryTest@dfd3711]" name="testVerifyOptionsInDropdown" duration-ms="146" depends-on-groups="LoginPage" started-at="2015-08-04T17:50:14Z" data-provider="ExcelDataProvider" finished-at="2015-08-04T17:50:14Z">
          <params>
            <param index="0">
              <value>
                <![CDATA[Complete Library, MyLab]]>
              </value>
            </param>
          </params>
          <reporter-output>
          </reporter-output>
        </test-method> <!-- testVerifyOptionsInDropdown -->
        <test-method status="PASS" signature="waitBeforeCallingMethod()[pri:0, instance:test.java.SearchAndBrowseLibraryTest@dfd3711]" name="waitBeforeCallingMethod" is-config="true" duration-ms="14" started-at="2015-08-04T17:50:14Z" finished-at="2015-08-04T17:50:14Z">
          <reporter-output>
          </reporter-output>
        </test-method> <!-- waitBeforeCallingMethod -->
        <test-method status="PASS" signature="testVerifyBooksPresentInAlleTextStack(java.lang.String)[pri:0, instance:test.java.SearchAndBrowseLibraryTest@dfd3711]" name="testVerifyBooksPresentInAlleTextStack" duration-ms="1507" started-at="2015-08-04T17:50:14Z" data-provider="ExcelDataProvider" depends-on-methods="test.java.SearchAndBrowseLibraryTest.testVerifyOptionsInDropdown" finished-at="2015-08-04T17:50:16Z">
          <params>
            <param index="0">
              <value>
                <![CDATA[Counseling title 1, std_existing_48, Test Audio_Std_R49, testing4_PROD, 48sakshi, saudi_moe_relg_R48, Test replica 11754]]>
              </value>
            </param>
          </params>
          <reporter-output>
          </reporter-output>
        </test-method> <!-- testVerifyBooksPresentInAlleTextStack -->
        <test-method status="PASS" signature="waitBeforeCallingMethod()[pri:0, instance:test.java.SearchAndBrowseLibraryTest@dfd3711]" name="waitBeforeCallingMethod" is-config="true" duration-ms="18" started-at="2015-08-04T17:50:16Z" finished-at="2015-08-04T17:50:16Z">
          <reporter-output>
          </reporter-output>
        </test-method> <!-- waitBeforeCallingMethod -->
        <test-method status="PASS" signature="testVerifyUIOfMoreInfoPopUpUnknownUser(java.lang.String, java.lang.String, java.lang.String, java.lang.String)[pri:0, instance:test.java.SearchAndBrowseLibraryTest@dfd3711]" name="testVerifyUIOfMoreInfoPopUpUnknownUser" duration-ms="2091" started-at="2015-08-04T17:50:16Z" data-provider="ExcelDataProvider" depends-on-methods="test.java.SearchAndBrowseLibraryTest.testVerifyBooksPresentInAlleTextStack" finished-at="2015-08-04T17:50:18Z">
          <params>
            <param index="0">
              <value>
                <![CDATA[Counseling title 1]]>
              </value>
            </param>
            <param index="1">
              <value>
                <![CDATA[By AMIT TARAN, sourav Saha, pracheta , Badal Rai]]>
              </value>
            </param>
            <param index="2">
              <value>
                <![CDATA[Copyright © 2010]]>
              </value>
            </param>
            <param index="3">
              <value>
                <![CDATA[Most scientific inventions are purposely created and result from curiosity, persistence, and years of hard work.]]>
              </value>
            </param>
          </params>
          <reporter-output>
          </reporter-output>
        </test-method> <!-- testVerifyUIOfMoreInfoPopUpUnknownUser -->
        <test-method status="PASS" signature="waitBeforeCallingMethod()[pri:0, instance:test.java.SearchAndBrowseLibraryTest@dfd3711]" name="waitBeforeCallingMethod" is-config="true" duration-ms="16" started-at="2015-08-04T17:50:18Z" finished-at="2015-08-04T17:50:18Z">
          <reporter-output>
          </reporter-output>
        </test-method> <!-- waitBeforeCallingMethod -->
        <test-method status="PASS" signature="testVerifyOptionsInPreviewChapterDropdown(java.lang.String)[pri:0, instance:test.java.SearchAndBrowseLibraryTest@dfd3711]" name="testVerifyOptionsInPreviewChapterDropdown" duration-ms="153" started-at="2015-08-04T17:50:18Z" data-provider="ExcelDataProvider" depends-on-methods="test.java.SearchAndBrowseLibraryTest.testVerifyUIOfMoreInfoPopUpUnknownUser" finished-at="2015-08-04T17:50:18Z">
          <params>
            <param index="0">
              <value>
                <![CDATA[Table of Contents, Chapter 1]]>
              </value>
            </param>
          </params>
          <reporter-output>
          </reporter-output>
        </test-method> <!-- testVerifyOptionsInPreviewChapterDropdown -->
        <test-method status="PASS" signature="waitBeforeCallingMethod()[pri:0, instance:test.java.SearchAndBrowseLibraryTest@dfd3711]" name="waitBeforeCallingMethod" is-config="true" duration-ms="15" started-at="2015-08-04T17:50:18Z" finished-at="2015-08-04T17:50:18Z">
          <reporter-output>
          </reporter-output>
        </test-method> <!-- waitBeforeCallingMethod -->
        <test-method status="PASS" signature="testLaunchChapterPreview(java.lang.String)[pri:0, instance:test.java.SearchAndBrowseLibraryTest@dfd3711]" name="testLaunchChapterPreview" duration-ms="3950" started-at="2015-08-04T17:50:18Z" data-provider="ExcelDataProvider" depends-on-methods="test.java.SearchAndBrowseLibraryTest.testVerifyOptionsInPreviewChapterDropdown" finished-at="2015-08-04T17:50:22Z">
          <params>
            <param index="0">
              <value>
                <![CDATA[Chapter 1]]>
              </value>
            </param>
          </params>
          <reporter-output>
          </reporter-output>
        </test-method> <!-- testLaunchChapterPreview -->
        <test-method status="PASS" signature="waitBeforeCallingMethod()[pri:0, instance:test.java.SearchAndBrowseLibraryTest@dfd3711]" name="waitBeforeCallingMethod" is-config="true" duration-ms="13" started-at="2015-08-04T17:50:23Z" finished-at="2015-08-04T17:50:23Z">
          <reporter-output>
          </reporter-output>
        </test-method> <!-- waitBeforeCallingMethod -->
        <test-method status="PASS" signature="testVerifyUIOfChapterPreview(java.lang.String, java.lang.String, java.lang.String)[pri:0, instance:test.java.SearchAndBrowseLibraryTest@dfd3711]" name="testVerifyUIOfChapterPreview" duration-ms="323" started-at="2015-08-04T17:50:23Z" data-provider="ExcelDataProvider" depends-on-methods="test.java.SearchAndBrowseLibraryTest.testLaunchChapterPreview" finished-at="2015-08-04T17:50:23Z">
          <params>
            <param index="0">
              <value>
                <![CDATA[Counseling title 1]]>
              </value>
            </param>
            <param index="1">
              <value>
                <![CDATA[TARAN, Saha, , Rai]]>
              </value>
            </param>
            <param index="2">
              <value>
                <![CDATA[Page 13]]>
              </value>
            </param>
          </params>
          <reporter-output>
          </reporter-output>
        </test-method> <!-- testVerifyUIOfChapterPreview -->
      </class> <!-- test.java.SearchAndBrowseLibraryTest -->
    </test> <!-- DigitalLibraryFunctionalTest -->
  </suite> <!-- DigitalLibrary -->
</testng-results>
